#
# A fatal error has been detected by the Java Runtime Environment:
#
#  SIGSEGV (0xb) at pc=0x000000010e98f027, pid=3285, tid=0x0000000000005803
#
# JRE version: OpenJDK Runtime Environment (8.0_242) (build 1.8.0_242-release-1644-b3-6222593)
# Java VM: OpenJDK 64-Bit Server VM (25.242-b3-6222593 mixed mode bsd-amd64 compressed oops)
# Problematic frame:
# J 16585 C1 com.android.tools.r8.ir.conversion.o.<init>(Lcom/android/tools/r8/graph/l;Ljava/util/List;Lcom/android/tools/r8/graph/T;Lcom/android/tools/r8/graph/Z;Lcom/android/tools/r8/u/b/S0;Lcom/android/tools/r8/origin/Origin;Lcom/android/tools/r8/graph/f;)V (238 bytes) @ 0x000000010e98f027 [0x000000010e98ea00+0x627]
#
# Failed to write core dump. Core dumps have been disabled. To enable core dumping, try "ulimit -c unlimited" before starting Java again
#
# If you would like to submit a bug report, please visit:
#   http://bugreport.java.com/bugreport/crash.jsp
#

---------------  T H R E A D  ---------------

Current thread (0x00007fb182a55000):  JavaThread "Daemon worker" [_thread_in_Java, id=22531, stack(0x000070000a2ba000,0x000070000a3ba000)]

siginfo: si_signo: 11 (SIGSEGV), si_code: 1 (SEGV_MAPERR), si_addr: 0x0000000000000058

Registers:
RAX=0x00000007a83a4188, RBX=0x00000007aa3a3ff8, RCX=0x00000007c0c14890, RDX=0x0000000000000003
RSP=0x000070000a3b1d80, RBP=0x000070000a3b1fa8, RSI=0x0000000000000028, RDI=0x000000079d049be0
R8 =0x00000000f8002e46, R9 =0x0000000000000028, R10=0x00000000f5074831, R11=0x000000000000000f
R12=0x0000000000000000, R13=0x0000000000000001, R14=0x00000007aa3a3ff8, R15=0x00007fb182a55000
RIP=0x000000010e98f027, EFLAGS=0x0000000000010206, ERR=0x0000000000000004
  TRAPNO=0x000000000000000e

Top of Stack: (sp=0x000070000a3b1d80)
0x000070000a3b1d80:   000000079d03d848 000000079d0487f0
0x000070000a3b1d90:   0000000105c78000 000000079d048808
0x000070000a3b1da0:   000000079d033528 000000079d0335a0
0x000070000a3b1db0:   000000079d0489e8 000000079d048a48
0x000070000a3b1dc0:   0000000700000008 000000079d048be8
0x000070000a3b1dd0:   000000079d048c40 000000079d048c98
0x000070000a3b1de0:   0000000300000008 000000079d035548
0x000070000a3b1df0:   0000000400000008 000000079d0477d0
0x000070000a3b1e00:   000000079d033528 0000000000000000
0x000070000a3b1e10:   000070000a3b1fb8 000000080fe2c51c
0x000070000a3b1e20:   000000079d0494b8 0000000700000008
0x000070000a3b1e30:   000000079d033750 000000079d034980
0x000070000a3b1e40:   000070000a3b1ec8 000000079d0497e8
0x000070000a3b1e50:   000000079d0497d0 0000000000000000
0x000070000a3b1e60:   000000079d049840 0000000105c78000
0x000070000a3b1e70:   00000007aa3a3fd0 00000007aa3a3f48
0x000070000a3b1e80:   00000007a9d90828 000000079d0499b0
0x000070000a3b1e90:   000000079d049bb0 00000007aa3a3ff8
0x000070000a3b1ea0:   0000000100000003 000000079d049bc8
0x000070000a3b1eb0:   00000007aa3a3ff8 00000007aa3a41d0
0x000070000a3b1ec0:   00000001259bfa48 0000000000000000
0x000070000a3b1ed0:   000070000a3b1ee8 000070000a3b1f38
0x000070000a3b1ee0:   000000010db6f7d0 000000074346d450
0x000070000a3b1ef0:   0000000000000001 000070000a3b1ef8
0x000070000a3b1f00:   000070000a3b1fa8 000000010db6fffd
0x000070000a3b1f10:   00000007a956f1d8 00000007a983df58
0x000070000a3b1f20:   000000010db6fffd 00000007a983df58
0x000070000a3b1f30:   00000007a956f1d8 0000000000000000
0x000070000a3b1f40:   00000007a9d90828 00000007aa3a3f48
0x000070000a3b1f50:   000000079d0497d0 00000007aa3a3fd0
0x000070000a3b1f60:   000000079d0497e8 000070000a3b1f68
0x000070000a3b1f70:   0000000125a6f04d 000070000a3b1ff8 

Instructions: (pc=0x000000010e98f027)
0x000000010e98f007:   e8 f4 59 2e 01 48 83 f8 00 0f 84 20 00 00 00 48
0x000000010e98f017:   b9 90 48 c1 c0 07 00 00 00 8b 70 08 48 c1 e6 03
0x000000010e98f027:   48 3b 4e 30 0f 85 04 05 00 00 e9 00 00 00 00 48
0x000000010e98f037:   8b f8 48 83 ff 00 0f 84 1f 00 00 00 48 be 08 28 

Register to memory mapping:

RAX=0x00000007a83a4188 is an oop

[error occurred during error reporting (printing register info), id 0xb]

Stack: [0x000070000a2ba000,0x000070000a3ba000],  sp=0x000070000a3b1d80,  free space=991k
Native frames: (J=compiled Java code, j=interpreted, Vv=VM code, C=native code)
J 16585 C1 com.android.tools.r8.ir.conversion.o.<init>(Lcom/android/tools/r8/graph/l;Ljava/util/List;Lcom/android/tools/r8/graph/T;Lcom/android/tools/r8/graph/Z;Lcom/android/tools/r8/u/b/S0;Lcom/android/tools/r8/origin/Origin;Lcom/android/tools/r8/graph/f;)V (238 bytes) @ 0x000000010e98f027 [0x000000010e98ea00+0x627]
j  com.android.tools.r8.graph.l.a(Ljava/util/List;Lcom/android/tools/r8/graph/T;Lcom/android/tools/r8/graph/T;Lcom/android/tools/r8/graph/f;Lcom/android/tools/r8/u/b/n1;Lcom/android/tools/r8/u/b/S0;Lcom/android/tools/r8/origin/Origin;)Lcom/android/tools/r8/u/b/W;+29
j  com.android.tools.r8.graph.l.a(Lcom/android/tools/r8/graph/T;Lcom/android/tools/r8/graph/T;Lcom/android/tools/r8/graph/f;Lcom/android/tools/r8/u/b/n1;Lcom/android/tools/r8/u/b/S0;Lcom/android/tools/r8/origin/Origin;)Lcom/android/tools/r8/u/b/W;+45
j  com.android.tools.r8.graph.l.buildIR(Lcom/android/tools/r8/graph/T;Lcom/android/tools/r8/graph/f;Lcom/android/tools/r8/origin/Origin;)Lcom/android/tools/r8/u/b/W;+7
j  com.android.tools.r8.graph.C0.buildIR(Lcom/android/tools/r8/graph/T;Lcom/android/tools/r8/graph/f;Lcom/android/tools/r8/origin/Origin;)Lcom/android/tools/r8/u/b/W;+7
j  com.android.tools.r8.graph.T.a(Lcom/android/tools/r8/graph/f;Lcom/android/tools/r8/origin/Origin;)Lcom/android/tools/r8/u/b/W;+21
j  com.android.tools.r8.ir.conversion.O.a(Lcom/android/tools/r8/graph/T;Lcom/android/tools/r8/ir/optimize/info/k;Lcom/android/tools/r8/ir/conversion/U;Lcom/android/tools/r8/origin/Origin;)Ljava/lang/Object;+156
j  com.android.tools.r8.ir.conversion.O$$Lambda$915.get()Ljava/lang/Object;+20
j  com.android.tools.r8.ir.conversion.O.b(Lcom/android/tools/r8/graph/T;Lcom/android/tools/r8/ir/optimize/info/k;Lcom/android/tools/r8/ir/conversion/U;)V+40
j  com.android.tools.r8.ir.conversion.O.a(Lcom/android/tools/r8/graph/T;)V+369
j  com.android.tools.r8.ir.conversion.O.a(ZLcom/android/tools/r8/graph/T;)V+17
j  com.android.tools.r8.ir.conversion.O$$Lambda$914.accept(Ljava/lang/Object;)V+12
j  com.android.tools.r8.graph.C.b(Ljava/util/function/Consumer;)V+66
j  com.android.tools.r8.ir.conversion.O.b(Lcom/android/tools/r8/graph/b0;)V+71
j  com.android.tools.r8.ir.conversion.O$$Lambda$911.accept(Ljava/lang/Object;)V+8
j  com.android.tools.r8.utils.S0.a(Lcom/android/tools/r8/utils/V0;Ljava/lang/Object;)Ljava/lang/Object;+2
j  com.android.tools.r8.utils.S0$$Lambda$912.call()Ljava/lang/Object;+8
J 15925 C1 com.google.common.util.concurrent.TrustedListenableFutureTask$TrustedFutureInterruptibleTask.runInterruptibly()Ljava/lang/Object; (10 bytes) @ 0x0000000110206db4 [0x0000000110206d40+0x74]
J 15924 C1 com.google.common.util.concurrent.InterruptibleTask.run()V (461 bytes) @ 0x00000001101f7524 [0x00000001101f7400+0x124]
J 15936 C1 com.google.common.util.concurrent.TrustedListenableFutureTask.run()V (19 bytes) @ 0x000000011020857c [0x0000000110208500+0x7c]
J 15934 C1 com.google.common.util.concurrent.MoreExecutors$DirectExecutorService.execute(Ljava/lang/Runnable;)V (25 bytes) @ 0x000000011020796c [0x00000001102078e0+0x8c]
J 15926 C1 com.google.common.util.concurrent.AbstractListeningExecutorService.submit(Ljava/util/concurrent/Callable;)Ljava/util/concurrent/Future; (6 bytes) @ 0x00000001101fd0dc [0x00000001101fcf60+0x17c]
j  com.android.tools.r8.utils.S0.a(Ljava/lang/Iterable;Lcom/android/tools/r8/utils/V0;Ljava/util/concurrent/ExecutorService;)V+38
j  com.android.tools.r8.ir.conversion.O.a(Lcom/android/tools/r8/graph/y;Ljava/util/concurrent/ExecutorService;)Lcom/android/tools/r8/graph/y;+28
j  com.android.tools.r8.D8.d(Lcom/android/tools/r8/utils/e;Lcom/android/tools/r8/utils/f0;Ljava/util/concurrent/ExecutorService;)V+184
j  com.android.tools.r8.D8.b(Lcom/android/tools/r8/utils/e;Lcom/android/tools/r8/utils/f0;Ljava/util/concurrent/ExecutorService;)V+3
j  com.android.tools.r8.D8$$Lambda$709.run()V+12
j  com.android.tools.r8.utils.W.a(Lcom/android/tools/r8/utils/M0;Lcom/android/tools/r8/utils/W$a;)V+2
j  com.android.tools.r8.D8.run(Lcom/android/tools/r8/D8Command;Ljava/util/concurrent/ExecutorService;)V+22
j  com.android.builder.dexing.D8DexArchiveBuilder.convert(Ljava/util/stream/Stream;Ljava/nio/file/Path;Lcom/android/builder/dexing/DependencyGraphUpdater;)V+261
j  com.android.build.gradle.internal.dependency.BaseDexingTransform.process(Ljava/io/File;Lkotlin/jvm/functions/Function2;Ljava/io/File;Ljava/io/File;ZLcom/android/builder/dexing/DependencyGraphUpdater;)V+638
j  com.android.build.gradle.internal.dependency.BaseDexingTransform.processNonIncrementally(Ljava/io/File;Ljava/io/File;Ljava/io/File;ZLjava/io/File;)V+138
j  com.android.build.gradle.internal.dependency.BaseDexingTransform.doTransform(Lorg/gradle/api/artifacts/transform/TransformOutputs;)V+377
j  com.android.build.gradle.internal.dependency.BaseDexingTransform.access$doTransform(Lcom/android/build/gradle/internal/dependency/BaseDexingTransform;Lorg/gradle/api/artifacts/transform/TransformOutputs;)V+2
j  com.android.build.gradle.internal.dependency.BaseDexingTransform$transform$1.invoke()V+8
j  com.android.build.gradle.internal.dependency.BaseDexingTransform$transform$1.invoke()Ljava/lang/Object;+1
j  com.android.build.gradle.internal.tasks.BlocksUtilsKt.recordArtifactTransformSpan(Ljava/lang/String;Lcom/android/tools/build/gradle/internal/profile/GradleTransformExecutionType;Lkotlin/jvm/functions/Function0;)V+39
j  com.android.build.gradle.internal.dependency.BaseDexingTransform.transform(Lorg/gradle/api/artifacts/transform/TransformOutputs;)V+47
j  org.gradle.api.internal.artifacts.transform.DefaultTransformer.transform(Lorg/gradle/api/provider/Provider;Ljava/io/File;Lorg/gradle/api/internal/artifacts/transform/ArtifactTransformDependencies;Lorg/gradle/work/InputChanges;)Lcom/google/common/collect/ImmutableList;+42
j  org.gradle.api.internal.artifacts.transform.DefaultTransformerInvocationFactory$TransformerExecution.execute(Lorg/gradle/internal/execution/history/changes/InputChangesInternal;Lorg/gradle/internal/execution/InputChangesContext;)Lorg/gradle/internal/execution/UnitOfWork$WorkResult;+35
j  org.gradle.internal.execution.steps.ExecuteStep.lambda$execute$0(Lorg/gradle/internal/execution/UnitOfWork;Lorg/gradle/internal/execution/InputChangesContext;Lorg/gradle/internal/execution/history/changes/InputChangesInternal;)Lorg/gradle/internal/execution/ExecutionOutcome;+3
j  org.gradle.internal.execution.steps.ExecuteStep$$Lambda$404.apply(Ljava/lang/Object;)Ljava/lang/Object;+12
J 5677 C1 java.util.Optional.map(Ljava/util/function/Function;)Ljava/util/Optional; (30 bytes) @ 0x000000010ddd042c [0x000000010ddd0140+0x2ec]
j  org.gradle.internal.execution.steps.ExecuteStep.execute(Lorg/gradle/internal/execution/InputChangesContext;)Lorg/gradle/internal/execution/Result;+20
j  org.gradle.internal.execution.steps.ExecuteStep.execute(Lorg/gradle/internal/execution/Context;)Lorg/gradle/internal/execution/Result;+5
j  org.gradle.internal.execution.steps.CleanupOutputsStep.execute(Lorg/gradle/internal/execution/InputChangesContext;)Lorg/gradle/internal/execution/Result;+66
j  org.gradle.internal.execution.steps.CleanupOutputsStep.execute(Lorg/gradle/internal/execution/Context;)Lorg/gradle/internal/execution/Result;+5
j  org.gradle.internal.execution.steps.ResolveInputChangesStep.execute(Lorg/gradle/internal/execution/IncrementalChangesContext;)Lorg/gradle/internal/execution/Result;+50
j  org.gradle.internal.execution.steps.ResolveInputChangesStep.execute(Lorg/gradle/internal/execution/Context;)Lorg/gradle/internal/execution/Result;+5
j  org.gradle.internal.execution.steps.CancelExecutionStep.execute(Lorg/gradle/internal/execution/Context;)Lorg/gradle/internal/execution/Result;+32
j  org.gradle.internal.execution.steps.TimeoutStep.executeWithoutTimeout(Lorg/gradle/internal/execution/Context;)Lorg/gradle/internal/execution/Result;+5
j  org.gradle.internal.execution.steps.TimeoutStep.execute(Lorg/gradle/internal/execution/Context;)Lorg/gradle/internal/execution/Result;+97
j  org.gradle.internal.execution.steps.CatchExceptionStep.execute(Lorg/gradle/internal/execution/Context;)Lorg/gradle/internal/execution/Result;+5
j  org.gradle.internal.execution.steps.CreateOutputsStep.execute(Lorg/gradle/internal/execution/Context;)Lorg/gradle/internal/execution/Result;+21
j  org.gradle.internal.execution.steps.SnapshotOutputsStep.execute(Lorg/gradle/internal/execution/BeforeExecutionContext;)Lorg/gradle/internal/execution/CurrentSnapshotResult;+5
j  org.gradle.internal.execution.steps.SnapshotOutputsStep.execute(Lorg/gradle/internal/execution/Context;)Lorg/gradle/internal/execution/Result;+5
j  org.gradle.internal.execution.steps.BroadcastChangingOutputsStep.execute(Lorg/gradle/internal/execution/Context;)Lorg/gradle/internal/execution/Result;+53
j  org.gradle.internal.execution.steps.CacheStep.executeWithoutCache(Lorg/gradle/internal/execution/IncrementalChangesContext;)Lorg/gradle/internal/execution/CurrentSnapshotResult;+5
j  org.gradle.internal.execution.steps.CacheStep.execute(Lorg/gradle/internal/execution/IncrementalChangesContext;)Lorg/gradle/internal/execution/CurrentSnapshotResult;+41
j  org.gradle.internal.execution.steps.CacheStep.execute(Lorg/gradle/internal/execution/Context;)Lorg/gradle/internal/execution/Result;+5
j  org.gradle.internal.execution.steps.StoreExecutionStateStep.execute(Lorg/gradle/internal/execution/BeforeExecutionContext;)Lorg/gradle/internal/execution/CurrentSnapshotResult;+5
j  org.gradle.internal.execution.steps.StoreExecutionStateStep.execute(Lorg/gradle/internal/execution/Context;)Lorg/gradle/internal/execution/Result;+5
j  org.gradle.internal.execution.steps.RecordOutputsStep.execute(Lorg/gradle/internal/execution/Context;)Lorg/gradle/internal/execution/CurrentSnapshotResult;+5
j  org.gradle.internal.execution.steps.RecordOutputsStep.execute(Lorg/gradle/internal/execution/Context;)Lorg/gradle/internal/execution/Result;+2
j  org.gradle.internal.execution.steps.SkipUpToDateStep.executeBecause(Lcom/google/common/collect/ImmutableList;Lorg/gradle/internal/execution/IncrementalChangesContext;)Lorg/gradle/internal/execution/UpToDateResult;+16
j  org.gradle.internal.execution.steps.SkipUpToDateStep.lambda$execute$0(Lorg/gradle/internal/execution/IncrementalChangesContext;Lorg/gradle/internal/execution/history/changes/ExecutionStateChanges;)Lorg/gradle/internal/execution/UpToDateResult;+74
J 13982 C1 org.gradle.internal.execution.steps.SkipUpToDateStep$$Lambda$399.apply(Ljava/lang/Object;)Ljava/lang/Object; (16 bytes) @ 0x000000010f52c584 [0x000000010f52c4c0+0xc4]
J 5677 C1 java.util.Optional.map(Ljava/util/function/Function;)Ljava/util/Optional; (30 bytes) @ 0x000000010ddd042c [0x000000010ddd0140+0x2ec]
j  org.gradle.internal.execution.steps.SkipUpToDateStep.execute(Lorg/gradle/internal/execution/IncrementalChangesContext;)Lorg/gradle/internal/execution/UpToDateResult;+45
J 13973 C1 org.gradle.internal.execution.steps.SkipUpToDateStep.execute(Lorg/gradle/internal/execution/Context;)Lorg/gradle/internal/execution/Result; (9 bytes) @ 0x000000010fadfd64 [0x000000010fadfcc0+0xa4]
J 11877 C1 org.gradle.internal.execution.steps.ResolveChangesStep.execute(Lorg/gradle/internal/execution/CachingContext;)Lorg/gradle/internal/execution/Result; (70 bytes) @ 0x000000010f84362c [0x000000010f8430e0+0x54c]
J 11878 C1 org.gradle.internal.execution.steps.ResolveChangesStep.execute(Lorg/gradle/internal/execution/Context;)Lorg/gradle/internal/execution/Result; (9 bytes) @ 0x000000010f844364 [0x000000010f8442c0+0xa4]
J 12051 C1 org.gradle.internal.execution.steps.legacy.MarkSnapshottingInputsFinishedStep.execute(Lorg/gradle/internal/execution/Context;)Lorg/gradle/internal/execution/Result; (9 bytes) @ 0x000000010f37b2b4 [0x000000010f37b1a0+0x114]
J 13962 C1 org.gradle.internal.execution.steps.ResolveCachingStateStep.execute(Lorg/gradle/internal/execution/BeforeExecutionContext;)Lorg/gradle/internal/execution/CachingResult; (143 bytes) @ 0x000000010ef5dfa4 [0x000000010ef5da80+0x524]
J 12041 C1 org.gradle.internal.execution.steps.ResolveCachingStateStep.execute(Lorg/gradle/internal/execution/Context;)Lorg/gradle/internal/execution/Result; (9 bytes) @ 0x000000010f384ee4 [0x000000010f384e40+0xa4]
J 12048 C1 org.gradle.internal.execution.steps.CaptureStateBeforeExecutionStep.execute(Lorg/gradle/internal/execution/AfterPreviousExecutionContext;)Lorg/gradle/internal/execution/CachingResult; (45 bytes) @ 0x000000010f37dbac [0x000000010f37d8a0+0x30c]
J 12047 C1 org.gradle.internal.execution.steps.CaptureStateBeforeExecutionStep.execute(Lorg/gradle/internal/execution/Context;)Lorg/gradle/internal/execution/Result; (9 bytes) @ 0x000000010f37eba4 [0x000000010f37eb00+0xa4]
J 12054 C1 org.gradle.internal.execution.steps.ValidateStep.execute(Lorg/gradle/internal/execution/Context;)Lorg/gradle/internal/execution/Result; (181 bytes) @ 0x000000010f37c1dc [0x000000010f37b8c0+0x91c]
J 11870 C1 org.gradle.internal.execution.steps.SkipEmptyWorkStep.execute(Lorg/gradle/internal/execution/AfterPreviousExecutionContext;)Lorg/gradle/internal/execution/CachingResult; (62 bytes) @ 0x000000010f841584 [0x000000010f840f40+0x644]
J 12036 C1 org.gradle.internal.execution.steps.SkipEmptyWorkStep.execute(Lorg/gradle/internal/execution/Context;)Lorg/gradle/internal/execution/Result; (9 bytes) @ 0x000000010f385664 [0x000000010f3855c0+0xa4]
J 12032 C1 org.gradle.internal.execution.steps.legacy.MarkSnapshottingInputsStartedStep.execute(Lorg/gradle/internal/execution/Context;)Lorg/gradle/internal/execution/Result; (43 bytes) @ 0x000000010f0f16ec [0x000000010f0f1640+0xac]
J 12035 C1 org.gradle.internal.execution.steps.LoadExecutionStateStep.execute(Lorg/gradle/internal/execution/ExecutionRequestContext;)Lorg/gradle/internal/execution/Result; (44 bytes) @ 0x000000010f385e24 [0x000000010f385a40+0x3e4]
J 12043 C1 org.gradle.internal.execution.steps.LoadExecutionStateStep.execute(Lorg/gradle/internal/execution/Context;)Lorg/gradle/internal/execution/Result; (9 bytes) @ 0x000000010f384ae4 [0x000000010f384a40+0xa4]
J 12037 C1 org.gradle.internal.execution.impl.DefaultWorkExecutor.execute(Lorg/gradle/internal/execution/Context;)Lorg/gradle/internal/execution/Result; (11 bytes) @ 0x000000010f3869f4 [0x000000010f386980+0x74]
j  org.gradle.api.internal.artifacts.transform.DefaultTransformerInvocationFactory$2.lambda$call$2(Ljava/lang/String;Lorg/gradle/api/internal/artifacts/transform/CachingTransformationWorkspaceProvider;Lorg/gradle/api/internal/artifacts/transform/TransformationWorkspaceProvider$TransformationWorkspace;Lorg/gradle/api/internal/artifacts/transform/Transformer;Ljava/io/File;Lorg/gradle/internal/snapshot/CompleteFileSystemLocationSnapshot;Lorg/gradle/api/internal/artifacts/transform/ArtifactTransformDependencies;Lorg/gradle/internal/fingerprint/CurrentFileCollectionFingerprint;Lorg/gradle/internal/fingerprint/FileCollectionFingerprinter;Lorg/gradle/internal/fingerprint/FileCollectionFingerprinter;)Lorg/gradle/internal/Try;+110
j  org.gradle.api.internal.artifacts.transform.DefaultTransformerInvocationFactory$2$$Lambda$491.get()Ljava/lang/Object;+44
j  org.gradle.api.internal.artifacts.transform.DefaultTransformerInvocationFactory.fireTransformListeners(Lorg/gradle/api/internal/artifacts/transform/Transformer;Lorg/gradle/api/internal/artifacts/transform/TransformationSubject;Ljava/util/function/Supplier;)Lorg/gradle/internal/Try;+12
J 12069 C1 org.gradle.api.internal.artifacts.transform.DefaultTransformerInvocationFactory$2.call(Lorg/gradle/internal/operations/BuildOperationContext;)Lorg/gradle/internal/Try; (62 bytes) @ 0x000000010f1a2fac [0x000000010f1a2dc0+0x1ec]
J 12068 C1 org.gradle.api.internal.artifacts.transform.DefaultTransformerInvocationFactory$2.call(Lorg/gradle/internal/operations/BuildOperationContext;)Ljava/lang/Object; (6 bytes) @ 0x000000010f1a34e4 [0x000000010f1a3480+0x64]
J 7832 C1 org.gradle.internal.operations.DefaultBuildOperationExecutor$CallableBuildOperationWorker.execute(Lorg/gradle/internal/operations/BuildOperation;Lorg/gradle/internal/operations/BuildOperationContext;)V (10 bytes) @ 0x000000010e52b13c [0x000000010e52b080+0xbc]
J 4499 C1 org.gradle.internal.operations.DefaultBuildOperationExecutor$1.execute(Lorg/gradle/internal/operations/BuildOperationDescriptor;Lorg/gradle/internal/operations/DefaultBuildOperationExecutor$DefaultBuildOperationContext;Lorg/gradle/internal/operations/DefaultBuildOperationExecutor$BuildOperationExecutionListener;)Lorg/gradle/internal/operations/BuildOperation; (82 bytes) @ 0x000000010e8e28fc [0x000000010e8e2780+0x17c]
J 4514 C1 org.gradle.internal.operations.DefaultBuildOperationExecutor.execute(Lorg/gradle/internal/operations/BuildOperationDescriptor$Builder;Lorg/gradle/internal/operations/DefaultBuildOperationExecutor$BuildOperationState;Lorg/gradle/internal/operations/DefaultBuildOperationExecutor$BuildOperationExecution;)Lorg/gradle/internal/operations/BuildOperation; (111 bytes) @ 0x000000010e8ee98c [0x000000010e8eda00+0xf8c]
J 5947 C1 org.gradle.internal.operations.DefaultBuildOperationExecutor.call(Lorg/gradle/internal/operations/CallableBuildOperation;)Ljava/lang/Object; (38 bytes) @ 0x000000010eb1a33c [0x000000010eb19c20+0x71c]
J 5946 C1 org.gradle.internal.operations.DelegatingBuildOperationExecutor.call(Lorg/gradle/internal/operations/CallableBuildOperation;)Ljava/lang/Object; (11 bytes) @ 0x000000010eb1980c [0x000000010eb19700+0x10c]
J 12065 C1 org.gradle.api.internal.artifacts.transform.DefaultTransformerInvocationFactory.lambda$doTransform$0(Lorg/gradle/api/internal/artifacts/transform/Transformer;Lorg/gradle/api/internal/artifacts/transform/TransformationSubject;Lorg/gradle/api/internal/artifacts/transform/CachingTransformationWorkspaceProvider;Ljava/io/File;Lorg/gradle/internal/snapshot/CompleteFileSystemLocationSnapshot;Lorg/gradle/api/internal/artifacts/transform/ArtifactTransformDependencies;Lorg/gradle/internal/fingerprint/CurrentFileCollectionFingerprint;Lorg/gradle/internal/fingerprint/FileCollectionFingerprinter;Lorg/gradle/internal/fingerprint/FileCollectionFingerprinter;Ljava/lang/String;Lorg/gradle/api/internal/artifacts/transform/TransformationWorkspaceProvider$TransformationWorkspace;)Lorg/gradle/internal/Try; (40 bytes) @ 0x000000010f1a467c [0x000000010f1a4500+0x17c]
J 12064 C1 org.gradle.api.internal.artifacts.transform.DefaultTransformerInvocationFactory$$Lambda$480.useWorkspace(Ljava/lang/String;Lorg/gradle/api/internal/artifacts/transform/TransformationWorkspaceProvider$TransformationWorkspace;)Lorg/gradle/internal/Try; (46 bytes) @ 0x000000010f1a4ba4 [0x000000010f1a4ac0+0xe4]
j  org.gradle.api.internal.artifacts.transform.ImmutableTransformationWorkspaceProvider.lambda$withWorkspace$0(Lorg/gradle/api/internal/artifacts/transform/TransformationWorkspaceIdentity;Lorg/gradle/api/internal/artifacts/transform/TransformationWorkspaceProvider$TransformationWorkspaceAction;)Lorg/gradle/internal/Try;+60
j  org.gradle.api.internal.artifacts.transform.ImmutableTransformationWorkspaceProvider$$Lambda$488.create()Ljava/lang/Object;+12
J 5788 C1 org.gradle.cache.internal.LockOnDemandCrossProcessCacheAccess.withFileLock(Lorg/gradle/internal/Factory;)Ljava/lang/Object; (24 bytes) @ 0x000000010e1aba5c [0x000000010e1ab920+0x13c]
J 14117 C1 org.gradle.cache.internal.DefaultCacheAccess.withFileLock(Lorg/gradle/internal/Factory;)Ljava/lang/Object; (9 bytes) @ 0x000000010fe6db34 [0x000000010fe6dac0+0x74]
...<more frames>...


---------------  P R O C E S S  ---------------

Java Threads: ( => current thread )
  0x00007fb18704f000 JavaThread "Cache worker for Java compile cache (/Users/DREMO/AndroidStudioProjects/NewsLify/.gradle/6.1.1/javaCompile)" [_thread_blocked, id=83971, stack(0x000070000d34a000,0x000070000d44a000)]
  0x00007fb1842c2800 JavaThread "Cache worker for Java compile cache (/Users/DREMO/.gradle/caches/6.1.1/javaCompile)" [_thread_blocked, id=25615, stack(0x000070000cc35000,0x000070000cd35000)]
  0x00007fb18854b800 JavaThread "RMI TCP Connection(4)-127.0.0.1" daemon [_thread_in_native, id=44803, stack(0x000070000d247000,0x000070000d347000)]
  0x00007fb188682000 JavaThread "RMI TCP Connection(idle)" daemon [_thread_blocked, id=84227, stack(0x000070000d144000,0x000070000d244000)]
  0x00007fb187bc9800 JavaThread "stdout" [_thread_in_native, id=27143, stack(0x000070000ca2f000,0x000070000cb2f000)]
  0x00007fb18866e000 JavaThread "stderr" [_thread_in_native, id=26887, stack(0x000070000c92c000,0x000070000ca2c000)]
  0x00007fb1861d9000 JavaThread "stdout" [_thread_in_native, id=34571, stack(0x000070000c829000,0x000070000c929000)]
  0x00007fb18457e000 JavaThread "stderr" [_thread_in_native, id=29703, stack(0x000070000c726000,0x000070000c826000)]
  0x00007fb18457d000 JavaThread "stdout" [_thread_in_native, id=30215, stack(0x000070000c623000,0x000070000c723000)]
  0x00007fb187415000 JavaThread "stderr" [_thread_in_native, id=33287, stack(0x000070000c520000,0x000070000c620000)]
  0x00007fb185eac000 JavaThread "stdout" [_thread_in_native, id=33799, stack(0x000070000c41d000,0x000070000c51d000)]
  0x00007fb1828a0000 JavaThread "stderr" [_thread_in_native, id=31239, stack(0x000070000c31a000,0x000070000c41a000)]
  0x00007fb182b42000 JavaThread "pool-5-thread-1" [_thread_blocked, id=32519, stack(0x000070000c217000,0x000070000c317000)]
  0x00007fb1875be000 JavaThread "WorkerExecutor Queue Thread 4" [_thread_blocked, id=86791, stack(0x000070000bf0e000,0x000070000c00e000)]
  0x00007fb187d7d000 JavaThread "WorkerExecutor Queue Thread 3" [_thread_blocked, id=32007, stack(0x000070000be0b000,0x000070000bf0b000)]
  0x00007fb187443000 JavaThread "WorkerExecutor Queue Thread 2" [_thread_blocked, id=37131, stack(0x000070000bd08000,0x000070000be08000)]
  0x00007fb1847d0000 JavaThread "WorkerExecutor Queue" [_thread_blocked, id=86279, stack(0x000070000bc05000,0x000070000bd05000)]
  0x00007fb187052800 JavaThread "Cache worker for execution history cache (/Users/DREMO/AndroidStudioProjects/NewsLify/.gradle/6.1.1/executionHistory)" [_thread_blocked, id=26123, stack(0x000070000bb02000,0x000070000bc02000)]
  0x00007fb1870b4800 JavaThread "Execution worker for ':' Thread 3" [_thread_in_Java, id=26375, stack(0x000070000b9ff000,0x000070000baff000)]
  0x00007fb1872d2000 JavaThread "Execution worker for ':' Thread 2" [_thread_in_Java, id=39435, stack(0x000070000b8fc000,0x000070000b9fc000)]
  0x00007fb1863c2000 JavaThread "Execution worker for ':'" [_thread_in_Java, id=4367, stack(0x000070000b7f9000,0x000070000b8f9000)]
  0x00007fb18755c000 JavaThread "Cache worker for file content cache (/Users/DREMO/AndroidStudioProjects/NewsLify/.gradle/6.1.1/fileContent)" [_thread_blocked, id=40715, stack(0x000070000b6f6000,0x000070000b7f6000)]
  0x00007fb186207800 JavaThread "Cache worker for Build Output Cleanup Cache (/Users/DREMO/AndroidStudioProjects/NewsLify/.gradle/buildOutputCleanup)" [_thread_blocked, id=23307, stack(0x000070000b3ed000,0x000070000b4ed000)]
  0x00007fb183b53800 JavaThread "pool-4-thread-1" [_thread_blocked, id=38923, stack(0x000070000b2ea000,0x000070000b3ea000)]
  0x00007fb183968800 JavaThread "Build operations Thread 4" [_thread_blocked, id=35335, stack(0x000070000b1e7000,0x000070000b2e7000)]
  0x00007fb186267000 JavaThread "Build operations Thread 3" [_thread_blocked, id=35591, stack(0x000070000b0e4000,0x000070000b1e4000)]
  0x00007fb184291000 JavaThread "Build operations Thread 2" [_thread_blocked, id=27399, stack(0x000070000afe1000,0x000070000b0e1000)]
  0x00007fb1840d3000 JavaThread "Build operations" [_thread_blocked, id=36103, stack(0x000070000aede000,0x000070000afde000)]
  0x00007fb183403000 JavaThread "Cache worker for cache directory md-rule (/Users/DREMO/.gradle/caches/6.1.1/md-rule)" [_thread_blocked, id=24587, stack(0x000070000acd8000,0x000070000add8000)]
  0x00007fb188576000 JavaThread "Cache worker for cache directory md-supplier (/Users/DREMO/.gradle/caches/6.1.1/md-supplier)" [_thread_blocked, id=18959, stack(0x000070000abd5000,0x000070000acd5000)]
  0x00007fb18411e000 JavaThread "Cache worker for file hash cache (/Users/DREMO/AndroidStudioProjects/NewsLify/.gradle/6.1.1/fileHashes)" [_thread_blocked, id=24331, stack(0x000070000aad2000,0x000070000abd2000)]
  0x00007fb187ff3000 JavaThread "Cache worker for checksums cache (/Users/DREMO/AndroidStudioProjects/NewsLify/.gradle/checksums)" [_thread_blocked, id=40203, stack(0x000070000a9cf000,0x000070000aacf000)]
  0x00007fb183a7e800 JavaThread "Thread-55" [_thread_blocked, id=23051, stack(0x000070000a5c3000,0x000070000a6c3000)]
  0x00007fb187a39800 JavaThread "Stdin handler" [_thread_blocked, id=42763, stack(0x000070000a4c0000,0x000070000a5c0000)]
  0x00007fb187a4b000 JavaThread "Asynchronous log dispatcher for DefaultDaemonConnection: socket connection from /127.0.0.1:50173 to /127.0.0.1:50199" [_thread_blocked, id=22283, stack(0x000070000a3bd000,0x000070000a4bd000)]
  0x00007fb18831e800 JavaThread "Cancel handler" [_thread_blocked, id=21771, stack(0x000070000a1b7000,0x000070000a2b7000)]
  0x00007fb183d7e000 JavaThread "Handler for socket connection from /127.0.0.1:50173 to /127.0.0.1:50199" [_thread_in_native, id=25099, stack(0x000070000a0b4000,0x000070000a1b4000)]
  0x00007fb1872d2800 JavaThread "RMI TCP Connection(idle)" daemon [_thread_blocked, id=84483, stack(0x000070000d041000,0x000070000d141000)]
  0x00007fb188592800 JavaThread "RMI Reaper" [_thread_blocked, id=84995, stack(0x000070000cf3e000,0x000070000d03e000)]
  0x00007fb1862af000 JavaThread "RMI TCP Accept-0" daemon [_thread_in_native, id=85507, stack(0x000070000ce3b000,0x000070000cf3b000)]
  0x00007fb183fda000 JavaThread "GC Daemon" daemon [_thread_blocked, id=44035, stack(0x000070000cd38000,0x000070000ce38000)]
  0x00007fb183963800 JavaThread "RMI Scheduler(0)" daemon [_thread_blocked, id=43779, stack(0x000070000cb32000,0x000070000cc32000)]
  0x00007fb184033800 JavaThread "process reaper" daemon [_thread_in_native, id=32259, stack(0x0000700008dfb000,0x0000700008e23000)]
  0x00007fb187618800 JavaThread "process reaper" daemon [_thread_in_native, id=32771, stack(0x0000700008d4b000,0x0000700008d73000)]
  0x00007fb183969000 JavaThread "process reaper" daemon [_thread_in_native, id=29187, stack(0x0000700008d20000,0x0000700008d48000)]
  0x00007fb18616d800 JavaThread "process reaper" daemon [_thread_in_native, id=34307, stack(0x0000700008cf5000,0x0000700008d1d000)]
  0x00007fb18607b800 JavaThread "MarlinRenderer Disposer" daemon [_thread_blocked, id=28423, stack(0x000070000c114000,0x000070000c214000)]
  0x00007fb188400800 JavaThread "Java2D Disposer" daemon [_thread_blocked, id=27911, stack(0x000070000c011000,0x000070000c111000)]
  0x00007fb1832f0800 JavaThread "AWT-AppKit" daemon [_thread_in_native, id=775, stack(0x00007ffee7a24000,0x00007ffee8224000)]
  0x00007fb1841d6800 JavaThread "Cache worker for file content cache (/Users/DREMO/.gradle/caches/6.1.1/fileContent)" [_thread_blocked, id=37639, stack(0x000070000b5f3000,0x000070000b6f3000)]
  0x00007fb187dea800 JavaThread "Memory manager" [_thread_blocked, id=38151, stack(0x000070000b4f0000,0x000070000b5f0000)]
  0x00007fb18345d000 JavaThread "Cache worker for execution history cache (/Users/DREMO/.gradle/caches/6.1.1/executionHistory)" [_thread_blocked, id=24835, stack(0x000070000addb000,0x000070000aedb000)]
  0x00007fb183050000 JavaThread "Cache worker for file hash cache (/Users/DREMO/.gradle/caches/6.1.1/fileHashes)" [_thread_blocked, id=41731, stack(0x000070000a8cc000,0x000070000a9cc000)]
  0x00007fb18409b800 JavaThread "File lock request listener" [_thread_in_native, id=42243, stack(0x000070000a7c9000,0x000070000a8c9000)]
  0x00007fb183215000 JavaThread "Cache worker for journal cache (/Users/DREMO/.gradle/caches/journal-1)" [_thread_blocked, id=23811, stack(0x000070000a6c6000,0x000070000a7c6000)]
=>0x00007fb182a55000 JavaThread "Daemon worker" [_thread_in_Java, id=22531, stack(0x000070000a2ba000,0x000070000a3ba000)]
  0x00007fb1840c5800 JavaThread "Daemon" [_thread_blocked, id=15107, stack(0x0000700009fb1000,0x000070000a0b1000)]
  0x00007fb18442e000 JavaThread "Daemon periodic checks" [_thread_blocked, id=15619, stack(0x0000700009eae000,0x0000700009fae000)]
  0x00007fb18317d000 JavaThread "Incoming local TCP Connector on port 50173" [_thread_in_native, id=15875, stack(0x0000700009dab000,0x0000700009eab000)]
  0x00007fb184817800 JavaThread "Daemon health stats" [_thread_blocked, id=16131, stack(0x0000700009ca8000,0x0000700009da8000)]
  0x00007fb18303f000 JavaThread "Service Thread" daemon [_thread_blocked, id=13827, stack(0x0000700009aa2000,0x0000700009ba2000)]
  0x00007fb184015800 JavaThread "C1 CompilerThread2" daemon [_thread_in_native, id=13315, stack(0x000070000999f000,0x0000700009a9f000)]
  0x00007fb184014800 JavaThread "C2 CompilerThread1" daemon [_thread_in_native, id=17155, stack(0x000070000989c000,0x000070000999c000)]
  0x00007fb184013000 JavaThread "C2 CompilerThread0" daemon [_thread_in_native, id=17411, stack(0x0000700009799000,0x0000700009899000)]
  0x00007fb18400c000 JavaThread "Signal Dispatcher" daemon [_thread_blocked, id=12803, stack(0x0000700009696000,0x0000700009796000)]
  0x00007fb183829800 JavaThread "Finalizer" daemon [_thread_blocked, id=19715, stack(0x0000700009593000,0x0000700009693000)]
  0x00007fb18303e000 JavaThread "Reference Handler" daemon [_thread_blocked, id=20227, stack(0x0000700009490000,0x0000700009590000)]
  0x00007fb184005800 JavaThread "main" [_thread_blocked, id=9987, stack(0x0000700008e7e000,0x0000700008f7e000)]

Other Threads:
  0x00007fb183037800 VMThread [stack: 0x000070000938d000,0x000070000948d000] [id=20739]
  0x00007fb18303f800 WatcherThread [stack: 0x0000700009ba5000,0x0000700009ca5000] [id=16643]

VM state:not at safepoint (normal execution)

VM Mutex/Monitor currently owned by a thread: None

heap address: 0x0000000740000000, size: 2048 MB, Compressed Oops mode: Zero based, Oop shift amount: 3
Narrow klass base: 0x0000000000000000, Narrow klass shift: 3
Compressed class space size: 1073741824 Address: 0x00000007c0000000

Heap:
 PSYoungGen      total 382464K, used 161586K [0x0000000795580000, 0x00000007b4780000, 0x00000007c0000000)
  eden space 314880K, 41% used [0x0000000795580000,0x000000079d46e810,0x00000007a8900000)
  from space 67584K, 46% used [0x00000007a8900000,0x00000007aa7de3e8,0x00000007acb00000)
  to   space 64512K, 0% used [0x00000007b0880000,0x00000007b0880000,0x00000007b4780000)
 ParOldGen       total 245760K, used 89266K [0x0000000740000000, 0x000000074f000000, 0x0000000795580000)
  object space 245760K, 36% used [0x0000000740000000,0x000000074572c878,0x000000074f000000)
 Metaspace       used 96445K, capacity 100789K, committed 101144K, reserved 1136640K
  class space    used 12650K, capacity 13501K, committed 13616K, reserved 1048576K

Card table byte_map: [0x0000000109678000,0x0000000109a79000] byte_map_base: 0x0000000105c78000

Marking Bits: (ParMarkBitMap*) 0x0000000108c273f8
 Begin Bits: [0x000000011cb68000, 0x000000011eb68000)
 End Bits:   [0x000000011eb68000, 0x0000000120b68000)

Polling page: 0x0000000107a7a000

CodeCache: size=245760Kb used=44495Kb max_used=44495Kb free=201264Kb
 bounds [0x000000010db68000, 0x0000000110718000, 0x000000011cb68000]
 total_blobs=14770 nmethods=13745 adapters=936
 compilation: enabled

Compilation events (10 events):
Event: 149.606 Thread 0x00007fb184015800 nmethod 17227 0x00000001106e6010 code [0x00000001106e6540, 0x00000001106e8078]
Event: 149.606 Thread 0x00007fb184015800 17232       3       com.android.tools.r8.u.b.W::b (74 bytes)
Event: 149.609 Thread 0x00007fb184015800 nmethod 17232 0x00000001106ea950 code [0x00000001106eac00, 0x00000001106ebec8]
Event: 149.609 Thread 0x00007fb184015800 17235       3       com.android.tools.r8.graph.u0$d::a (126 bytes)
Event: 149.613 Thread 0x00007fb184015800 nmethod 17235 0x00000001106ec690 code [0x00000001106ec880, 0x00000001106ed178]
Event: 149.613 Thread 0x00007fb184015800 17231       2       com.android.tools.r8.ir.optimize.l::v (844 bytes)
Event: 149.644 Thread 0x00007fb184015800 nmethod 17231 0x00000001106ed590 code [0x00000001106edce0, 0x00000001106f0d18]
Event: 149.644 Thread 0x00007fb184015800 17273 %     3       com.android.tools.r8.ir.optimize.l::a @ 97 (244 bytes)
Event: 149.663 Thread 0x00007fb184015800 nmethod 17273% 0x00000001106f4a50 code [0x00000001106f4e80, 0x00000001106f7608]
Event: 149.663 Thread 0x00007fb184015800 17279       3       com.android.tools.r8.u.b.W::c (1138 bytes)

GC Heap History (10 events):
Event: 139.230 GC heap before
{Heap before GC invocations=21 (full 3):
 PSYoungGen      total 286208K, used 282296K [0x0000000795580000, 0x00000007ac400000, 0x00000007c0000000)
  eden space 238592K, 100% used [0x0000000795580000,0x00000007a3e80000,0x00000007a3e80000)
  from space 47616K, 91% used [0x00000007a3e80000,0x00000007a692e1d0,0x00000007a6d00000)
  to   space 53760K, 0% used [0x00000007a8f80000,0x00000007a8f80000,0x00000007ac400000)
 ParOldGen       total 158208K, used 52102K [0x0000000740000000, 0x0000000749a80000, 0x0000000795580000)
  object space 158208K, 32% used [0x0000000740000000,0x00000007432e1ab8,0x0000000749a80000)
 Metaspace       used 91023K, capacity 94855K, committed 95128K, reserved 1132544K
  class space    used 11861K, capacity 12616K, committed 12720K, reserved 1048576K
Event: 139.471 GC heap after
Heap after GC invocations=21 (full 3):
 PSYoungGen      total 310272K, used 53747K [0x0000000795580000, 0x00000007ae600000, 0x00000007c0000000)
  eden space 256512K, 0% used [0x0000000795580000,0x0000000795580000,0x00000007a5000000)
  from space 53760K, 99% used [0x00000007a8f80000,0x00000007ac3fce40,0x00000007ac400000)
  to   space 65024K, 0% used [0x00000007a5000000,0x00000007a5000000,0x00000007a8f80000)
 ParOldGen       total 158208K, used 60312K [0x0000000740000000, 0x0000000749a80000, 0x0000000795580000)
  object space 158208K, 38% used [0x0000000740000000,0x0000000743ae60e8,0x0000000749a80000)
 Metaspace       used 91023K, capacity 94855K, committed 95128K, reserved 1132544K
  class space    used 11861K, capacity 12616K, committed 12720K, reserved 1048576K
}
Event: 140.657 GC heap before
{Heap before GC invocations=22 (full 3):
 PSYoungGen      total 310272K, used 133842K [0x0000000795580000, 0x00000007ae600000, 0x00000007c0000000)
  eden space 256512K, 31% used [0x0000000795580000,0x000000079a3b7d28,0x00000007a5000000)
  from space 53760K, 99% used [0x00000007a8f80000,0x00000007ac3fce40,0x00000007ac400000)
  to   space 65024K, 0% used [0x00000007a5000000,0x00000007a5000000,0x00000007a8f80000)
 ParOldGen       total 158208K, used 60312K [0x0000000740000000, 0x0000000749a80000, 0x0000000795580000)
  object space 158208K, 38% used [0x0000000740000000,0x0000000743ae60e8,0x0000000749a80000)
 Metaspace       used 94366K, capacity 98543K, committed 98584K, reserved 1134592K
  class space    used 12451K, capacity 13320K, committed 13360K, reserved 1048576K
Event: 140.795 GC heap after
Heap after GC invocations=22 (full 3):
 PSYoungGen      total 321536K, used 52690K [0x0000000795580000, 0x00000007b1100000, 0x00000007c0000000)
  eden space 256512K, 0% used [0x0000000795580000,0x0000000795580000,0x00000007a5000000)
  from space 65024K, 81% used [0x00000007a5000000,0x00000007a8374868,0x00000007a8f80000)
  to   space 70656K, 0% used [0x00000007acc00000,0x00000007acc00000,0x00000007b1100000)
 ParOldGen       total 158208K, used 75626K [0x0000000740000000, 0x0000000749a80000, 0x0000000795580000)
  object space 158208K, 47% used [0x0000000740000000,0x00000007449dabf0,0x0000000749a80000)
 Metaspace       used 94366K, capacity 98543K, committed 98584K, reserved 1134592K
  class space    used 12451K, capacity 13320K, committed 13360K, reserved 1048576K
}
Event: 140.796 GC heap before
{Heap before GC invocations=23 (full 4):
 PSYoungGen      total 321536K, used 52690K [0x0000000795580000, 0x00000007b1100000, 0x00000007c0000000)
  eden space 256512K, 0% used [0x0000000795580000,0x0000000795580000,0x00000007a5000000)
  from space 65024K, 81% used [0x00000007a5000000,0x00000007a8374868,0x00000007a8f80000)
  to   space 70656K, 0% used [0x00000007acc00000,0x00000007acc00000,0x00000007b1100000)
 ParOldGen       total 158208K, used 75626K [0x0000000740000000, 0x0000000749a80000, 0x0000000795580000)
  object space 158208K, 47% used [0x0000000740000000,0x00000007449dabf0,0x0000000749a80000)
 Metaspace       used 94366K, capacity 98543K, committed 98584K, reserved 1134592K
  class space    used 12451K, capacity 13320K, committed 13360K, reserved 1048576K
Event: 141.488 GC heap after
Heap after GC invocations=23 (full 4):
 PSYoungGen      total 321536K, used 0K [0x0000000795580000, 0x00000007b1100000, 0x00000007c0000000)
  eden space 256512K, 0% used [0x0000000795580000,0x0000000795580000,0x00000007a5000000)
  from space 65024K, 0% used [0x00000007a5000000,0x00000007a5000000,0x00000007a8f80000)
  to   space 70656K, 0% used [0x00000007acc00000,0x00000007acc00000,0x00000007b1100000)
 ParOldGen       total 245760K, used 89258K [0x0000000740000000, 0x000000074f000000, 0x0000000795580000)
  object space 245760K, 36% used [0x0000000740000000,0x000000074572a878,0x000000074f000000)
 Metaspace       used 94152K, capacity 98031K, committed 98584K, reserved 1134592K
  class space    used 12376K, capacity 13184K, committed 13360K, reserved 1048576K
}
Event: 144.293 GC heap before
{Heap before GC invocations=24 (full 4):
 PSYoungGen      total 321536K, used 256512K [0x0000000795580000, 0x00000007b1100000, 0x00000007c0000000)
  eden space 256512K, 100% used [0x0000000795580000,0x00000007a5000000,0x00000007a5000000)
  from space 65024K, 0% used [0x00000007a5000000,0x00000007a5000000,0x00000007a8f80000)
  to   space 70656K, 0% used [0x00000007acc00000,0x00000007acc00000,0x00000007b1100000)
 ParOldGen       total 245760K, used 89258K [0x0000000740000000, 0x000000074f000000, 0x0000000795580000)
  object space 245760K, 36% used [0x0000000740000000,0x000000074572a878,0x000000074f000000)
 Metaspace       used 95691K, capacity 99967K, committed 100248K, reserved 1136640K
  class space    used 12603K, capacity 13452K, committed 13488K, reserved 1048576K
Event: 144.365 GC heap after
Heap after GC invocations=24 (full 4):
 PSYoungGen      total 381440K, used 24856K [0x0000000795580000, 0x00000007b0d00000, 0x00000007c0000000)
  eden space 314880K, 0% used [0x0000000795580000,0x0000000795580000,0x00000007a8900000)
  from space 66560K, 37% used [0x00000007acc00000,0x00000007ae446048,0x00000007b0d00000)
  to   space 67584K, 0% used [0x00000007a8900000,0x00000007a8900000,0x00000007acb00000)
 ParOldGen       total 245760K, used 89266K [0x0000000740000000, 0x000000074f000000, 0x0000000795580000)
  object space 245760K, 36% used [0x0000000740000000,0x000000074572c878,0x000000074f000000)
 Metaspace       used 95691K, capacity 99967K, committed 100248K, reserved 1136640K
  class space    used 12603K, capacity 13452K, committed 13488K, reserved 1048576K
}
Event: 148.608 GC heap before
{Heap before GC invocations=25 (full 4):
 PSYoungGen      total 381440K, used 339731K [0x0000000795580000, 0x00000007b0d00000, 0x00000007c0000000)
  eden space 314880K, 99% used [0x0000000795580000,0x00000007a88fed78,0x00000007a8900000)
  from space 66560K, 37% used [0x00000007acc00000,0x00000007ae446048,0x00000007b0d00000)
  to   space 67584K, 0% used [0x00000007a8900000,0x00000007a8900000,0x00000007acb00000)
 ParOldGen       total 245760K, used 89266K [0x0000000740000000, 0x000000074f000000, 0x0000000795580000)
  object space 245760K, 36% used [0x0000000740000000,0x000000074572c878,0x000000074f000000)
 Metaspace       used 96241K, capacity 100543K, committed 100760K, reserved 1136640K
  class space    used 12639K, capacity 13466K, committed 13488K, reserved 1048576K
Event: 148.676 GC heap after
Heap after GC invocations=25 (full 4):
 PSYoungGen      total 382464K, used 31608K [0x0000000795580000, 0x00000007b4780000, 0x00000007c0000000)
  eden space 314880K, 0% used [0x0000000795580000,0x0000000795580000,0x00000007a8900000)
  from space 67584K, 46% used [0x00000007a8900000,0x00000007aa7de3e8,0x00000007acb00000)
  to   space 64512K, 0% used [0x00000007b0880000,0x00000007b0880000,0x00000007b4780000)
 ParOldGen       total 245760K, used 89266K [0x0000000740000000, 0x000000074f000000, 0x0000000795580000)
  object space 245760K, 36% used [0x0000000740000000,0x000000074572c878,0x000000074f000000)
 Metaspace       used 96241K, capacity 100543K, committed 100760K, reserved 1136640K
  class space    used 12639K, capacity 13466K, committed 13488K, reserved 1048576K
}

Deoptimization events (10 events):
Event: 147.346 Thread 0x00007fb182a55000 Uncommon trap: reason=unstable_if action=reinterpret pc=0x00000001104cbad8 method=com.android.tools.r8.ir.conversion.o.i(I)[I @ 118
Event: 147.423 Thread 0x00007fb1872d2000 Uncommon trap: reason=predicate action=maybe_recompile pc=0x00000001104112f4 method=java.util.TimSort.binarySort([Ljava/lang/Object;IIILjava/util/Comparator;)V @ 37
Event: 147.469 Thread 0x00007fb1872d2000 Uncommon trap: reason=unstable_if action=reinterpret pc=0x000000011036a580 method=com.android.tools.r8.v.a.a.a.h.J0.a(Ljava/lang/Object;)I @ 52
Event: 147.584 Thread 0x00007fb1872d2000 Uncommon trap: reason=unstable_if action=reinterpret pc=0x000000010e70f2a0 method=java.util.Arrays.equals([Ljava/lang/Object;[Ljava/lang/Object;)Z @ 47
Event: 148.710 Thread 0x00007fb1872d2000 Uncommon trap: reason=array_check action=maybe_recompile pc=0x000000010f9b4230 method=java.util.TimSort.binarySort([Ljava/lang/Object;IIILjava/util/Comparator;)V @ 193
Event: 148.710 Thread 0x00007fb1872d2000 Uncommon trap: reason=array_check action=maybe_recompile pc=0x000000010f9b4230 method=java.util.TimSort.binarySort([Ljava/lang/Object;IIILjava/util/Comparator;)V @ 193
Event: 148.710 Thread 0x00007fb1872d2000 Uncommon trap: reason=array_check action=maybe_recompile pc=0x000000010f9b4230 method=java.util.TimSort.binarySort([Ljava/lang/Object;IIILjava/util/Comparator;)V @ 193
Event: 148.710 Thread 0x00007fb1872d2000 Uncommon trap: reason=array_check action=maybe_recompile pc=0x000000010f9b4230 method=java.util.TimSort.binarySort([Ljava/lang/Object;IIILjava/util/Comparator;)V @ 193
Event: 149.493 Thread 0x00007fb1870b4800 Uncommon trap: reason=bimorphic action=maybe_recompile pc=0x000000011063f4c4 method=com.android.tools.r8.u.b.p1.a(Lcom/android/tools/r8/ir/analysis/type/u;)Lcom/android/tools/r8/u/b/p1; @ 29
Event: 149.494 Thread 0x00007fb1870b4800 Uncommon trap: reason=bimorphic action=maybe_recompile pc=0x000000011063f4c4 method=com.android.tools.r8.u.b.p1.a(Lcom/android/tools/r8/ir/analysis/type/u;)Lcom/android/tools/r8/u/b/p1; @ 29

Classes redefined (0 events):
No events

Internal exceptions (10 events):
Event: 142.416 Thread 0x00007fb183968800 Exception <a 'sun/nio/fs/UnixException'> (0x0000000798842de0) thrown at [/Volumes/Android/buildbot/src/googleplex-android/openjdk/out/hotspot/src/share/vm/prims/jni.cpp, line 710]
Event: 142.455 Thread 0x00007fb183968800 Exception <a 'sun/nio/fs/UnixException'> (0x0000000798a5ed10) thrown at [/Volumes/Android/buildbot/src/googleplex-android/openjdk/out/hotspot/src/share/vm/prims/jni.cpp, line 710]
Event: 142.466 Thread 0x00007fb183968800 Exception <a 'sun/nio/fs/UnixException'> (0x0000000798a90b40) thrown at [/Volumes/Android/buildbot/src/googleplex-android/openjdk/out/hotspot/src/share/vm/prims/jni.cpp, line 710]
Event: 142.484 Thread 0x00007fb183968800 Exception <a 'sun/nio/fs/UnixException'> (0x0000000798b56b50) thrown at [/Volumes/Android/buildbot/src/googleplex-android/openjdk/out/hotspot/src/share/vm/prims/jni.cpp, line 710]
Event: 142.500 Thread 0x00007fb183968800 Exception <a 'sun/nio/fs/UnixException'> (0x0000000798e41c58) thrown at [/Volumes/Android/buildbot/src/googleplex-android/openjdk/out/hotspot/src/share/vm/prims/jni.cpp, line 710]
Event: 142.550 Thread 0x00007fb183968800 Exception <a 'sun/nio/fs/UnixException'> (0x0000000798e73118) thrown at [/Volumes/Android/buildbot/src/googleplex-android/openjdk/out/hotspot/src/share/vm/prims/jni.cpp, line 710]
Event: 142.584 Thread 0x00007fb1840d3000 Exception <a 'sun/nio/fs/UnixException'> (0x00000007968f7f08) thrown at [/Volumes/Android/buildbot/src/googleplex-android/openjdk/out/hotspot/src/share/vm/prims/jni.cpp, line 710]
Event: 148.164 Thread 0x00007fb1872d2000 Exception <a 'sun/nio/fs/UnixException'> (0x00000007a579cd30) thrown at [/Volumes/Android/buildbot/src/googleplex-android/openjdk/out/hotspot/src/share/vm/prims/jni.cpp, line 710]
Event: 148.742 Thread 0x00007fb1872d2000 Exception <a 'sun/nio/fs/UnixException'> (0x00000007955f98d8) thrown at [/Volumes/Android/buildbot/src/googleplex-android/openjdk/out/hotspot/src/share/vm/prims/jni.cpp, line 710]
Event: 149.675 Thread 0x00007fb182a55000 Implicit null exception at 0x000000010e98f027 to 0x0000000000000000

Events (10 events):
Event: 149.493 Thread 0x00007fb1870b4800 Uncommon trap: trap_request=0xffffffc6 fr.pc=0x000000011063f4c4
Event: 149.493 Thread 0x00007fb1870b4800 DEOPT PACKING pc=0x000000011063f4c4 sp=0x000070000baf9280
Event: 149.493 Thread 0x00007fb1870b4800 DEOPT UNPACKING pc=0x000000010dbad47a sp=0x000070000baf9250 mode 2
Event: 149.494 Thread 0x00007fb1870b4800 Uncommon trap: trap_request=0xffffffc6 fr.pc=0x000000011063f4c4
Event: 149.494 Thread 0x00007fb1870b4800 DEOPT PACKING pc=0x000000011063f4c4 sp=0x000070000baf9280
Event: 149.494 Thread 0x00007fb1870b4800 DEOPT UNPACKING pc=0x000000010dbad47a sp=0x000070000baf9250 mode 2
Event: 149.563 Thread 0x00007fb182a55000 DEOPT PACKING pc=0x000000010fdb0490 sp=0x000070000a3b1930
Event: 149.563 Thread 0x00007fb182a55000 DEOPT UNPACKING pc=0x000000010dbaf4c4 sp=0x000070000a3b16f0 mode 0
Event: 149.662 Thread 0x00007fb1872d2000 DEOPT PACKING pc=0x00000001104c5c77 sp=0x000070000b9f65e0
Event: 149.662 Thread 0x00007fb1872d2000 DEOPT UNPACKING pc=0x000000010dbaf4c4 sp=0x000070000b9f64c0 mode 0


Dynamic libraries:
0x00007fff3c2a4000 	/System/Library/Frameworks/Cocoa.framework/Versions/A/Cocoa
0x00007fff488f4000 	/System/Library/Frameworks/Security.framework/Versions/A/Security
0x00007fff3aee2000 	/System/Library/Frameworks/ApplicationServices.framework/Versions/A/ApplicationServices
0x00007fff648b4000 	/usr/lib/libz.1.dylib
0x00007fff62762000 	/usr/lib/libSystem.B.dylib
0x00007fff3ca65000 	/System/Library/Frameworks/CoreFoundation.framework/Versions/A/CoreFoundation
0x00007fff3ebe1000 	/System/Library/Frameworks/Foundation.framework/Versions/C/Foundation
0x00007fff63e9d000 	/usr/lib/libobjc.A.dylib
0x00007fff3a032000 	/System/Library/Frameworks/AppKit.framework/Versions/C/AppKit
0x00007fff3c61c000 	/System/Library/Frameworks/CoreData.framework/Versions/A/CoreData
0x00007fff5c015000 	/System/Library/PrivateFrameworks/RemoteViewServices.framework/Versions/A/RemoteViewServices
0x00007fff60793000 	/System/Library/PrivateFrameworks/UIFoundation.framework/Versions/A/UIFoundation
0x00007fff50e0d000 	/System/Library/PrivateFrameworks/DFRFoundation.framework/Versions/A/DFRFoundation
0x00007fff41252000 	/System/Library/Frameworks/Metal.framework/Versions/A/Metal
0x00007fff50faa000 	/System/Library/PrivateFrameworks/DesktopServicesPriv.framework/Versions/A/DesktopServicesPriv
0x00007fff633ea000 	/usr/lib/libenergytrace.dylib
0x00007fff5e7fd000 	/System/Library/PrivateFrameworks/SkyLight.framework/Versions/A/SkyLight
0x00007fff3cf03000 	/System/Library/Frameworks/CoreGraphics.framework/Versions/A/CoreGraphics
0x00007fff6275d000 	/usr/lib/libScreenReader.dylib
0x00007fff38d44000 	/System/Library/Frameworks/Accelerate.framework/Versions/A/Accelerate
0x00007fff3f35c000 	/System/Library/Frameworks/IOSurface.framework/Versions/A/IOSurface
0x00007fff3b42d000 	/System/Library/Frameworks/AudioToolbox.framework/Versions/A/AudioToolbox
0x00007fff3b6bd000 	/System/Library/Frameworks/AudioUnit.framework/Versions/A/AudioUnit
0x00007fff50ea5000 	/System/Library/PrivateFrameworks/DataDetectorsCore.framework/Versions/A/DataDetectorsCore
0x00007fff3bd97000 	/System/Library/Frameworks/Carbon.framework/Versions/A/Frameworks/HIToolbox.framework/Versions/A/HIToolbox
0x00007fff63544000 	/usr/lib/libicucore.A.dylib
0x00007fff47e6f000 	/System/Library/Frameworks/QuartzCore.framework/Versions/A/QuartzCore
0x00007fff5da9e000 	/System/Library/PrivateFrameworks/SignpostNotification.framework/Versions/A/SignpostNotification
0x00007fff3c17d000 	/System/Library/Frameworks/Carbon.framework/Versions/A/Frameworks/SpeechRecognition.framework/Versions/A/SpeechRecognition
0x00007fff62940000 	/usr/lib/libauto.dylib
0x00007fff647a3000 	/usr/lib/libxml2.2.dylib
0x00007fff50a5d000 	/System/Library/PrivateFrameworks/CoreUI.framework/Versions/A/CoreUI
0x00007fff3c4f8000 	/System/Library/Frameworks/CoreAudio.framework/Versions/A/CoreAudio
0x00007fff3ea1b000 	/System/Library/Frameworks/DiskArbitration.framework/Versions/A/DiskArbitration
0x00007fff637b8000 	/usr/lib/liblangid.dylib
0x00007fff58519000 	/System/Library/PrivateFrameworks/MultitouchSupport.framework/Versions/A/MultitouchSupport
0x00007fff3f2bf000 	/System/Library/Frameworks/IOKit.framework/Versions/A/IOKit
0x00007fff623ec000 	/usr/lib/libDiagnosticMessagesClient.dylib
0x00007fff3dbf8000 	/System/Library/Frameworks/CoreServices.framework/Versions/A/CoreServices
0x00007fff5a051000 	/System/Library/PrivateFrameworks/PerformanceAnalysis.framework/Versions/A/PerformanceAnalysis
0x00007fff4700c000 	/System/Library/Frameworks/OpenGL.framework/Versions/A/OpenGL
0x00007fff3c2b2000 	/System/Library/Frameworks/ColorSync.framework/Versions/A/ColorSync
0x00007fff3d534000 	/System/Library/Frameworks/CoreImage.framework/Versions/A/CoreImage
0x00007fff3e589000 	/System/Library/Frameworks/CoreText.framework/Versions/A/CoreText
0x00007fff3f3ba000 	/System/Library/Frameworks/ImageIO.framework/Versions/A/ImageIO
0x00007fff4d707000 	/System/Library/PrivateFrameworks/Backup.framework/Versions/A/Backup
0x00007fff6280e000 	/usr/lib/libarchive.2.dylib
0x00007fff3b9e0000 	/System/Library/Frameworks/CFNetwork.framework/Versions/A/CFNetwork
0x00007fff49087000 	/System/Library/Frameworks/SystemConfiguration.framework/Versions/A/SystemConfiguration
0x00007fff62315000 	/usr/lib/libCRFSuite.dylib
0x00007fff62a1a000 	/usr/lib/libc++.1.dylib
0x00007fff62a71000 	/usr/lib/libc++abi.dylib
0x00007fff64962000 	/usr/lib/system/libcache.dylib
0x00007fff64967000 	/usr/lib/system/libcommonCrypto.dylib
0x00007fff64972000 	/usr/lib/system/libcompiler_rt.dylib
0x00007fff6497a000 	/usr/lib/system/libcopyfile.dylib
0x00007fff64984000 	/usr/lib/system/libcorecrypto.dylib
0x00007fff64a91000 	/usr/lib/system/libdispatch.dylib
0x00007fff64acb000 	/usr/lib/system/libdyld.dylib
0x00007fff64ae9000 	/usr/lib/system/libkeymgr.dylib
0x00007fff64af7000 	/usr/lib/system/liblaunch.dylib
0x00007fff64af8000 	/usr/lib/system/libmacho.dylib
0x00007fff64afd000 	/usr/lib/system/libquarantine.dylib
0x00007fff64b00000 	/usr/lib/system/libremovefile.dylib
0x00007fff64b02000 	/usr/lib/system/libsystem_asl.dylib
0x00007fff64b1a000 	/usr/lib/system/libsystem_blocks.dylib
0x00007fff64b1b000 	/usr/lib/system/libsystem_c.dylib
0x00007fff64ba5000 	/usr/lib/system/libsystem_configuration.dylib
0x00007fff64ba9000 	/usr/lib/system/libsystem_coreservices.dylib
0x00007fff64bad000 	/usr/lib/system/libsystem_darwin.dylib
0x00007fff64baf000 	/usr/lib/system/libsystem_dnssd.dylib
0x00007fff64bb6000 	/usr/lib/system/libsystem_info.dylib
0x00007fff64c27000 	/usr/lib/system/libsystem_m.dylib
0x00007fff64c73000 	/usr/lib/system/libsystem_malloc.dylib
0x00007fff64c93000 	/usr/lib/system/libsystem_network.dylib
0x00007fff64dc4000 	/usr/lib/system/libsystem_networkextension.dylib
0x00007fff64dcf000 	/usr/lib/system/libsystem_notify.dylib
0x00007fff64ded000 	/usr/lib/system/libsystem_sandbox.dylib
0x00007fff64df1000 	/usr/lib/system/libsystem_secinit.dylib
0x00007fff64c00000 	/usr/lib/system/libsystem_kernel.dylib
0x00007fff64dd9000 	/usr/lib/system/libsystem_platform.dylib
0x00007fff64de1000 	/usr/lib/system/libsystem_pthread.dylib
0x00007fff64df3000 	/usr/lib/system/libsystem_symptoms.dylib
0x00007fff64dfb000 	/usr/lib/system/libsystem_trace.dylib
0x00007fff64e11000 	/usr/lib/system/libunwind.dylib
0x00007fff64e17000 	/usr/lib/system/libxpc.dylib
0x00007fff62228000 	/usr/lib/closure/libclosured.dylib
0x00007fff629fb000 	/usr/lib/libbsm.0.dylib
0x00007fff64aea000 	/usr/lib/system/libkxld.dylib
0x00007fff62626000 	/usr/lib/libOpenScriptingUtil.dylib
0x00007fff62d6a000 	/usr/lib/libcoretls.dylib
0x00007fff62d83000 	/usr/lib/libcoretls_cfhelpers.dylib
0x00007fff642a1000 	/usr/lib/libpam.2.dylib
0x00007fff643cc000 	/usr/lib/libsqlite3.dylib
0x00007fff64792000 	/usr/lib/libxar.1.dylib
0x00007fff62a0c000 	/usr/lib/libbz2.1.0.dylib
0x00007fff637ba000 	/usr/lib/liblzma.5.dylib
0x00007fff63c9b000 	/usr/lib/libnetwork.dylib
0x00007fff627f7000 	/usr/lib/libapple_nghttp2.dylib
0x00007fff642a8000 	/usr/lib/libpcap.A.dylib
0x00007fff62941000 	/usr/lib/libboringssl.dylib
0x00007fff6472d000 	/usr/lib/libusrtcp.dylib
0x00007fff627f6000 	/usr/lib/libapple_crypto.dylib
0x00007fff3df7b000 	/System/Library/Frameworks/CoreServices.framework/Versions/A/Frameworks/FSEvents.framework/Versions/A/FSEvents
0x00007fff3dc6e000 	/System/Library/Frameworks/CoreServices.framework/Versions/A/Frameworks/CarbonCore.framework/Versions/A/CarbonCore
0x00007fff3e143000 	/System/Library/Frameworks/CoreServices.framework/Versions/A/Frameworks/Metadata.framework/Versions/A/Metadata
0x00007fff3e1f4000 	/System/Library/Frameworks/CoreServices.framework/Versions/A/Frameworks/OSServices.framework/Versions/A/OSServices
0x00007fff3e255000 	/System/Library/Frameworks/CoreServices.framework/Versions/A/Frameworks/SearchKit.framework/Versions/A/SearchKit
0x00007fff3dbf9000 	/System/Library/Frameworks/CoreServices.framework/Versions/A/Frameworks/AE.framework/Versions/A/AE
0x00007fff3df84000 	/System/Library/Frameworks/CoreServices.framework/Versions/A/Frameworks/LaunchServices.framework/Versions/A/LaunchServices
0x00007fff3df46000 	/System/Library/Frameworks/CoreServices.framework/Versions/A/Frameworks/DictionaryServices.framework/Versions/A/DictionaryServices
0x00007fff3e2c4000 	/System/Library/Frameworks/CoreServices.framework/Versions/A/Frameworks/SharedFileList.framework/Versions/A/SharedFileList
0x00007fff42488000 	/System/Library/Frameworks/NetFS.framework/Versions/A/NetFS
0x00007fff587aa000 	/System/Library/PrivateFrameworks/NetAuth.framework/Versions/A/NetAuth
0x00007fff620bf000 	/System/Library/PrivateFrameworks/login.framework/Versions/A/Frameworks/loginsupport.framework/Versions/A/loginsupport
0x00007fff60410000 	/System/Library/PrivateFrameworks/TCC.framework/Versions/A/TCC
0x00007fff6389b000 	/usr/lib/libmecabra.dylib
0x00007fff3aee3000 	/System/Library/Frameworks/ApplicationServices.framework/Versions/A/Frameworks/ATS.framework/Versions/A/ATS
0x00007fff3b292000 	/System/Library/Frameworks/ApplicationServices.framework/Versions/A/Frameworks/ColorSyncLegacy.framework/Versions/A/ColorSyncLegacy
0x00007fff3b336000 	/System/Library/Frameworks/ApplicationServices.framework/Versions/A/Frameworks/HIServices.framework/Versions/A/HIServices
0x00007fff3b389000 	/System/Library/Frameworks/ApplicationServices.framework/Versions/A/Frameworks/LangAnalysis.framework/Versions/A/LangAnalysis
0x00007fff3b398000 	/System/Library/Frameworks/ApplicationServices.framework/Versions/A/Frameworks/PrintCore.framework/Versions/A/PrintCore
0x00007fff3b3e5000 	/System/Library/Frameworks/ApplicationServices.framework/Versions/A/Frameworks/QD.framework/Versions/A/QD
0x00007fff3b420000 	/System/Library/Frameworks/ApplicationServices.framework/Versions/A/Frameworks/SpeechSynthesis.framework/Versions/A/SpeechSynthesis
0x00007fff3c981000 	/System/Library/Frameworks/CoreDisplay.framework/Versions/A/CoreDisplay
0x00007fff38d5d000 	/System/Library/Frameworks/Accelerate.framework/Versions/A/Frameworks/vImage.framework/Versions/A/vImage
0x00007fff39d3e000 	/System/Library/Frameworks/Accelerate.framework/Versions/A/Frameworks/vecLib.framework/Versions/A/vecLib
0x00007fff39b13000 	/System/Library/Frameworks/Accelerate.framework/Versions/A/Frameworks/vecLib.framework/Versions/A/libvDSP.dylib
0x00007fff3964d000 	/System/Library/Frameworks/Accelerate.framework/Versions/A/Frameworks/vecLib.framework/Versions/A/libBNNS.dylib
0x00007fff39a79000 	/System/Library/Frameworks/Accelerate.framework/Versions/A/Frameworks/vecLib.framework/Versions/A/libQuadrature.dylib
0x00007fff39c87000 	/System/Library/Frameworks/Accelerate.framework/Versions/A/Frameworks/vecLib.framework/Versions/A/libvMisc.dylib
0x00007fff39688000 	/System/Library/Frameworks/Accelerate.framework/Versions/A/Frameworks/vecLib.framework/Versions/A/libLAPACK.dylib
0x00007fff394ac000 	/System/Library/Frameworks/Accelerate.framework/Versions/A/Frameworks/vecLib.framework/Versions/A/libBLAS.dylib
0x00007fff39a62000 	/System/Library/Frameworks/Accelerate.framework/Versions/A/Frameworks/vecLib.framework/Versions/A/libLinearAlgebra.dylib
0x00007fff39a7f000 	/System/Library/Frameworks/Accelerate.framework/Versions/A/Frameworks/vecLib.framework/Versions/A/libSparse.dylib
0x00007fff39b00000 	/System/Library/Frameworks/Accelerate.framework/Versions/A/Frameworks/vecLib.framework/Versions/A/libSparseBLAS.dylib
0x00007fff555e4000 	/System/Library/PrivateFrameworks/GPUWrangler.framework/Versions/A/GPUWrangler
0x00007fff56d78000 	/System/Library/PrivateFrameworks/IOAccelerator.framework/Versions/A/IOAccelerator
0x00007fff56d83000 	/System/Library/PrivateFrameworks/IOPresentment.framework/Versions/A/IOPresentment
0x00007fff50e1f000 	/System/Library/PrivateFrameworks/DSExternalDisplay.framework/Versions/A/DSExternalDisplay
0x00007fff4648b000 	/System/Library/Frameworks/OpenGL.framework/Versions/A/Libraries/libCoreFSCache.dylib
0x00007fff3e6da000 	/System/Library/Frameworks/CoreVideo.framework/Versions/A/CoreVideo
0x00007fff5635f000 	/System/Library/PrivateFrameworks/GraphVisualizer.framework/Versions/A/GraphVisualizer
0x00007fff41489000 	/System/Library/Frameworks/MetalPerformanceShaders.framework/Versions/A/MetalPerformanceShaders
0x00007fff62424000 	/usr/lib/libFosl_dynamic.dylib
0x00007fff51eee000 	/System/Library/PrivateFrameworks/FaceCore.framework/Versions/A/FaceCore
0x00007fff45286000 	/System/Library/Frameworks/OpenCL.framework/Versions/A/OpenCL
0x00007fff62aa8000 	/usr/lib/libcompression.dylib
0x00007fff3afe2000 	/System/Library/Frameworks/ApplicationServices.framework/Versions/A/Frameworks/ATS.framework/Versions/A/Resources/libFontParser.dylib
0x00007fff3b105000 	/System/Library/Frameworks/ApplicationServices.framework/Versions/A/Frameworks/ATS.framework/Versions/A/Resources/libFontRegistry.dylib
0x00007fff3f626000 	/System/Library/Frameworks/ImageIO.framework/Versions/A/Resources/libJPEG.dylib
0x00007fff3f950000 	/System/Library/Frameworks/ImageIO.framework/Versions/A/Resources/libTIFF.dylib
0x00007fff3f926000 	/System/Library/Frameworks/ImageIO.framework/Versions/A/Resources/libPng.dylib
0x00007fff3f539000 	/System/Library/Frameworks/ImageIO.framework/Versions/A/Resources/libGIF.dylib
0x00007fff3f53e000 	/System/Library/Frameworks/ImageIO.framework/Versions/A/Resources/libJP2.dylib
0x00007fff3f94d000 	/System/Library/Frameworks/ImageIO.framework/Versions/A/Resources/libRadiance.dylib
0x00007fff4ce31000 	/System/Library/PrivateFrameworks/AppleJPEG.framework/Versions/A/AppleJPEG
0x00007fff412f0000 	/System/Library/Frameworks/MetalPerformanceShaders.framework/Frameworks/MPSCore.framework/Versions/A/MPSCore
0x00007fff4130c000 	/System/Library/Frameworks/MetalPerformanceShaders.framework/Frameworks/MPSImage.framework/Versions/A/MPSImage
0x00007fff413a1000 	/System/Library/Frameworks/MetalPerformanceShaders.framework/Frameworks/MPSNeuralNetwork.framework/Versions/A/MPSNeuralNetwork
0x00007fff4137c000 	/System/Library/Frameworks/MetalPerformanceShaders.framework/Frameworks/MPSMatrix.framework/Versions/A/MPSMatrix
0x00007fff5827b000 	/System/Library/PrivateFrameworks/MetalTools.framework/Versions/A/MetalTools
0x00007fff46656000 	/System/Library/Frameworks/OpenGL.framework/Versions/A/Libraries/libGLU.dylib
0x00007fff46496000 	/System/Library/Frameworks/OpenGL.framework/Versions/A/Libraries/libGFXShared.dylib
0x00007fff464a0000 	/System/Library/Frameworks/OpenGL.framework/Versions/A/Libraries/libGL.dylib
0x00007fff464ac000 	/System/Library/Frameworks/OpenGL.framework/Versions/A/Libraries/libGLImage.dylib
0x00007fff46488000 	/System/Library/Frameworks/OpenGL.framework/Versions/A/Libraries/libCVMSPluginSupport.dylib
0x00007fff46491000 	/System/Library/Frameworks/OpenGL.framework/Versions/A/Libraries/libCoreVMClient.dylib
0x00007fff63255000 	/usr/lib/libcups.2.dylib
0x00007fff40857000 	/System/Library/Frameworks/Kerberos.framework/Versions/A/Kerberos
0x00007fff3f019000 	/System/Library/Frameworks/GSS.framework/Versions/A/GSS
0x00007fff6435f000 	/usr/lib/libresolv.9.dylib
0x00007fff63452000 	/usr/lib/libiconv.2.dylib
0x00007fff563f1000 	/System/Library/PrivateFrameworks/Heimdal.framework/Versions/A/Heimdal
0x00007fff63421000 	/usr/lib/libheimdal-asn1.dylib
0x00007fff452fe000 	/System/Library/Frameworks/OpenDirectory.framework/Versions/A/OpenDirectory
0x00007fff4f14a000 	/System/Library/PrivateFrameworks/CommonAuth.framework/Versions/A/CommonAuth
0x00007fff452e1000 	/System/Library/Frameworks/OpenDirectory.framework/Versions/A/Frameworks/CFOpenDirectory.framework/Versions/A/CFOpenDirectory
0x00007fff48c20000 	/System/Library/Frameworks/SecurityFoundation.framework/Versions/A/SecurityFoundation
0x00007fff4bff4000 	/System/Library/PrivateFrameworks/APFS.framework/Versions/A/APFS
0x00007fff6478e000 	/usr/lib/libutil.dylib
0x00007fff4ceb4000 	/System/Library/PrivateFrameworks/AppleSauce.framework/Versions/A/AppleSauce
0x00007fff57560000 	/System/Library/PrivateFrameworks/LinguisticData.framework/Versions/A/LinguisticData
0x00007fff637d4000 	/usr/lib/libmarisa.dylib
0x00007fff5751a000 	/System/Library/PrivateFrameworks/Lexicon.framework/Versions/A/Lexicon
0x00007fff6234f000 	/usr/lib/libChineseTokenizer.dylib
0x00007fff62a97000 	/usr/lib/libcmph.dylib
0x00007fff57424000 	/System/Library/PrivateFrameworks/LanguageModeling.framework/Versions/A/LanguageModeling
0x00007fff4fc67000 	/System/Library/PrivateFrameworks/CoreEmoji.framework/Versions/A/CoreEmoji
0x00007fff48cde000 	/System/Library/Frameworks/ServiceManagement.framework/Versions/A/ServiceManagement
0x00007fff4d6ff000 	/System/Library/PrivateFrameworks/BackgroundTaskManagement.framework/Versions/A/BackgroundTaskManagement
0x00007fff6488b000 	/usr/lib/libxslt.1.dylib
0x00007fff3c0a7000 	/System/Library/Frameworks/Carbon.framework/Versions/A/Frameworks/Ink.framework/Versions/A/Ink
0x00007fff60625000 	/System/Library/PrivateFrameworks/TextureIO.framework/Versions/A/TextureIO
0x00007fff62839000 	/usr/lib/libate.dylib
0x00007fff50d7e000 	/System/Library/PrivateFrameworks/CrashReporterSupport.framework/Versions/A/CrashReporterSupport
0x00007fff5d95e000 	/System/Library/PrivateFrameworks/Sharing.framework/Versions/A/Sharing
0x00007fff57165000 	/System/Library/PrivateFrameworks/IconServices.framework/Versions/A/IconServices
0x00007fff4d32f000 	/System/Library/PrivateFrameworks/AuthKit.framework/Versions/A/AuthKit
0x00007fff4ccb4000 	/System/Library/PrivateFrameworks/Apple80211.framework/Versions/A/Apple80211
0x00007fff50b93000 	/System/Library/PrivateFrameworks/CoreUtils.framework/Versions/A/CoreUtils
0x00007fff3e715000 	/System/Library/Frameworks/CoreWLAN.framework/Versions/A/CoreWLAN
0x00007fff3f15b000 	/System/Library/Frameworks/IOBluetooth.framework/Versions/A/IOBluetooth
0x00007fff5be20000 	/System/Library/PrivateFrameworks/ProtocolBuffer.framework/Versions/A/ProtocolBuffer
0x00007fff58474000 	/System/Library/PrivateFrameworks/MobileKeyBag.framework/Versions/A/MobileKeyBag
0x00007fff5040b000 	/System/Library/PrivateFrameworks/CorePhoneNumbers.framework/Versions/A/CorePhoneNumbers
0x00007fff4cdec000 	/System/Library/PrivateFrameworks/AppleIDAuthSupport.framework/Versions/A/AppleIDAuthSupport
0x00007fff57410000 	/System/Library/PrivateFrameworks/KeychainCircle.framework/Versions/A/KeychainCircle
0x00007fff50d19000 	/System/Library/PrivateFrameworks/CoreWiFi.framework/Versions/A/CoreWiFi
0x00007fff3c5f2000 	/System/Library/Frameworks/CoreBluetooth.framework/Versions/A/CoreBluetooth
0x00007fff50f69000 	/System/Library/PrivateFrameworks/DebugSymbols.framework/Versions/A/DebugSymbols
0x00007fff50949000 	/System/Library/PrivateFrameworks/CoreSymbolication.framework/Versions/A/CoreSymbolication
0x00007fff5fe16000 	/System/Library/PrivateFrameworks/Symbolication.framework/Versions/A/Symbolication
0x00007fff4ccde000 	/System/Library/PrivateFrameworks/AppleFSCompression.framework/Versions/A/AppleFSCompression
0x00007fff5f263000 	/System/Library/PrivateFrameworks/SpeechRecognitionCore.framework/Versions/A/SpeechRecognitionCore
0x0000000108400000 	/Applications/Android Studio.app/Contents/jre/jdk/Contents/Home/jre/lib/server/libjvm.dylib
0x00007fff6465b000 	/usr/lib/libstdc++.6.0.9.dylib
0x0000000107a1e000 	/Applications/Android Studio.app/Contents/jre/jdk/Contents/Home/jre/lib/libverify.dylib
0x0000000107a30000 	/Applications/Android Studio.app/Contents/jre/jdk/Contents/Home/jre/lib/libjava.dylib
0x0000000107ac4000 	/Applications/Android Studio.app/Contents/jre/jdk/Contents/Home/jre/lib/libzip.dylib
0x000000010bb00000 	/Applications/Android Studio.app/Contents/jre/jdk/Contents/Home/jre/lib/libnio.dylib
0x000000010bb1b000 	/Applications/Android Studio.app/Contents/jre/jdk/Contents/Home/jre/lib/./libnet.dylib
0x000000010c361000 	/Users/DREMO/.gradle/native/31/osx-amd64/libnative-platform.dylib
0x000000010c772000 	/Applications/Android Studio.app/Contents/jre/jdk/Contents/Home/jre/lib/libmanagement.dylib
0x00000001220f6000 	/Applications/Android Studio.app/Contents/jre/jdk/Contents/Home/jre/lib/libawt.dylib
0x00000001221b7000 	/Applications/Android Studio.app/Contents/jre/jdk/Contents/Home/jre/lib/./libmlib_image.dylib
0x00007fff40840000 	/System/Library/Frameworks/JavaVM.framework/Versions/A/Frameworks/JavaNativeFoundation.framework/Versions/A/JavaNativeFoundation
0x00007fff40849000 	/System/Library/Frameworks/JavaVM.framework/Versions/A/Frameworks/JavaRuntimeSupport.framework/Versions/A/JavaRuntimeSupport
0x00007fff40852000 	/System/Library/Frameworks/JavaVM.framework/Versions/A/JavaVM
0x00007fff57326000 	/System/Library/PrivateFrameworks/JavaLaunching.framework/Versions/A/JavaLaunching
0x00007fff3bd92000 	/System/Library/Frameworks/Carbon.framework/Versions/A/Carbon
0x00007fff3bd93000 	/System/Library/Frameworks/Carbon.framework/Versions/A/Frameworks/CommonPanels.framework/Versions/A/CommonPanels
0x00007fff3c09d000 	/System/Library/Frameworks/Carbon.framework/Versions/A/Frameworks/Help.framework/Versions/A/Help
0x00007fff3c0a1000 	/System/Library/Frameworks/Carbon.framework/Versions/A/Frameworks/ImageCapture.framework/Versions/A/ImageCapture
0x00007fff3c13d000 	/System/Library/Frameworks/Carbon.framework/Versions/A/Frameworks/OpenScripting.framework/Versions/A/OpenScripting
0x00007fff3c178000 	/System/Library/Frameworks/Carbon.framework/Versions/A/Frameworks/Print.framework/Versions/A/Print
0x00007fff3c17a000 	/System/Library/Frameworks/Carbon.framework/Versions/A/Frameworks/SecurityHI.framework/Versions/A/SecurityHI
0x0000000122f0a000 	/Applications/Android Studio.app/Contents/jre/jdk/Contents/Home/jre/lib/libawt_lwawt.dylib
0x000000010c294000 	/Applications/Android Studio.app/Contents/jre/jdk/Contents/Home/jre/lib/./libosxapp.dylib
0x00007fff3ebba000 	/System/Library/Frameworks/ExceptionHandling.framework/Versions/A/ExceptionHandling

VM Arguments:
jvm_args: -Xmx2048m -Dfile.encoding=UTF-8 -Duser.country=US -Duser.language=en -Duser.variant 
java_command: org.gradle.launcher.daemon.bootstrap.GradleDaemon 6.1.1
java_class_path (initial): /Users/DREMO/.gradle/wrapper/dists/gradle-6.1.1-all/cfmwm155h49vnt3hynmlrsdst/gradle-6.1.1/lib/gradle-launcher-6.1.1.jar
Launcher Type: SUN_STANDARD

Environment Variables:
PATH=/Users/DREMO/Documents/flutter/bin:/usr/bin:/bin:/usr/sbin:/sbin:/usr/local/bin:/Applications/VMware Fusion.app/Contents/Public
SHELL=/bin/bash

Signal Handlers:
SIGSEGV: [libjvm.dylib+0x565c43], sa_mask[0]=11111111011111110111111111111111, sa_flags=SA_ONSTACK|SA_RESTART|SA_SIGINFO
SIGBUS: [libjvm.dylib+0x565c43], sa_mask[0]=11111111011111110111111111111111, sa_flags=SA_RESTART|SA_SIGINFO
SIGFPE: [libjvm.dylib+0x45dd9d], sa_mask[0]=11111111011111110111111111111111, sa_flags=SA_RESTART|SA_SIGINFO
SIGPIPE: [libjvm.dylib+0x45dd9d], sa_mask[0]=11111111011111110111111111111111, sa_flags=SA_RESTART|SA_SIGINFO
SIGXFSZ: [libjvm.dylib+0x45dd9d], sa_mask[0]=11111111011111110111111111111111, sa_flags=SA_RESTART|SA_SIGINFO
SIGILL: [libjvm.dylib+0x45dd9d], sa_mask[0]=11111111011111110111111111111111, sa_flags=SA_RESTART|SA_SIGINFO
SIGUSR1: SIG_DFL, sa_mask[0]=00000000000000000000000000000000, sa_flags=none
SIGUSR2: [libjvm.dylib+0x45e69c], sa_mask[0]=00100000000000000000000000000000, sa_flags=SA_RESTART|SA_SIGINFO
SIGHUP: [libjvm.dylib+0x45c8c1], sa_mask[0]=11111111011111110111111111111111, sa_flags=SA_RESTART|SA_SIGINFO
SIGINT: [libjvm.dylib+0x45c8c1], sa_mask[0]=11111111011111110111111111111111, sa_flags=SA_RESTART|SA_SIGINFO
SIGTERM: [libjvm.dylib+0x45c8c1], sa_mask[0]=11111111011111110111111111111111, sa_flags=SA_RESTART|SA_SIGINFO
SIGQUIT: [libjvm.dylib+0x45c8c1], sa_mask[0]=11111111011111110111111111111111, sa_flags=SA_RESTART|SA_SIGINFO


---------------  S Y S T E M  ---------------

OS:Bsduname:Darwin 17.7.0 Darwin Kernel Version 17.7.0: Wed May 27 17:00:02 PDT 2020; root:xnu-4570.71.80.1~1/RELEASE_X86_64 x86_64
rlimit: STACK 8192k, CORE 0k, NPROC 709, NOFILE 10240, AS infinity
load average:8.64 7.92 6.28

CPU:total 4 (initial active 4) (2 cores per cpu, 2 threads per core) family 6 model 42 stepping 7, cmov, cx8, fxsr, mmx, sse, sse2, sse3, ssse3, sse4.1, sse4.2, popcnt, avx, aes, clmul, ht, tsc, tscinvbit

Memory: 4k page, physical 8388608k(50324k free)

/proc/meminfo:


vm_info: OpenJDK 64-Bit Server VM (25.242-b3-6222593) for bsd-amd64 JRE (1.8.0_242-release-1644-b3-6222593), built by "android-build" with gcc 4.2.1 Compatible Android (5484270 based on r353983c) Clang 9.0.3 (https://android.googlesource.com/toolchain/clang 745b335211bb9eadfa6aa6301f84715cee4b37c5) (https://android.googlesource.com/toolchain/llvm 60cf23e54e46c807513f7a36d0a7b777920b5881)

time: Tue Jun 30 02:13:58 2020
timezone: CST
elapsed time: 149 seconds (0d 0h 2m 29s)

