#
# A fatal error has been detected by the Java Runtime Environment:
#
#  SIGSEGV (0xb) at pc=0x00000001126bd5b5, pid=3038, tid=0x0000000000006e03
#
# JRE version: OpenJDK Runtime Environment (8.0_242) (build 1.8.0_242-release-1644-b3-6222593)
# Java VM: OpenJDK 64-Bit Server VM (25.242-b3-6222593 mixed mode bsd-amd64 compressed oops)
# Problematic frame:
# C  0x00000001126bd5b5
#
# Failed to write core dump. Core dumps have been disabled. To enable core dumping, try "ulimit -c unlimited" before starting Java again
#
# If you would like to submit a bug report, please visit:
#   http://bugreport.java.com/bugreport/crash.jsp
# The crash happened outside the Java Virtual Machine in native code.
# See problematic frame for where to report the bug.
#

---------------  T H R E A D  ---------------

Current thread (0x00007f9ef687e000):  JavaThread "WorkerExecutor Queue Thread 4" [_thread_in_native, id=28163, stack(0x000070000526e000,0x000070000536e000)]

siginfo: si_signo: 11 (SIGSEGV), si_code: 1 (SEGV_MAPERR), si_addr: 0x00000000000002af

Registers:
RAX=0x000000000000004f, RBX=0x0000000000000009, RCX=0x0000000000000009, RDX=0x00007f9efe10db10
RSP=0x000070000536a1a0, RBP=0x000070000536a1d0, RSI=0x00000000000000ee, RDI=0x00000001122feb80
R8 =0x0000000000000002, R9 =0x0000000000000000, R10=0x0000700005368490, R11=0x0000000000000001
R12=0x00000001122feb80, R13=0x00000000000000c9, R14=0x00000000000000ee, R15=0x000000011270df58
RIP=0x00000001126bd5b5, EFLAGS=0x0000000000010246, ERR=0x0000000000000004
  TRAPNO=0x000000000000000e

Top of Stack: (sp=0x000070000536a1a0)
0x000070000536a1a0:   00000001126f8250 000000000000000a
0x000070000536a1b0:   000000011270df58 00000000000000c7
0x000070000536a1c0:   00000000000000ee 000000011270a7b0
0x000070000536a1d0:   000070000536a210 00000001126bd5bb
0x000070000536a1e0:   00000001126f8250 000000000000000d
0x000070000536a1f0:   000000011270a7b0 00000000000000c4
0x000070000536a200:   00000000000000ee 00000001126ff3a8
0x000070000536a210:   000070000536a250 00000001126bd5bb
0x000070000536a220:   00000001126f8250 0000000000000004
0x000070000536a230:   00000001126ff3a8 00000000000000bc
0x000070000536a240:   00000000000000ee 00000001126fed38
0x000070000536a250:   000070000536a290 00000001126bd5bb
0x000070000536a260:   00000001126f8250 0000000000000000
0x000070000536a270:   00000001126fed38 00000000000000ee
0x000070000536a280:   00000000000000ee 00000001126fe5e8
0x000070000536a290:   000070000536a2d0 00000001126bd5bb
0x000070000536a2a0:   00000001126f8250 0000000000000003
0x000070000536a2b0:   00000001126fe5e8 00000000000000c9
0x000070000536a2c0:   00000000000000ee 00007f9efe10d010
0x000070000536a2d0:   000070000536a310 00000001126bd5bb
0x000070000536a2e0:   00000000000000ee 00000001126bd550
0x000070000536a2f0:   00000001126f9088 000070000536a3e8
0x000070000536a300:   0000000000000000 00007f9efe10d010
0x000070000536a310:   000070000536a390 00000001126bcbe9
0x000070000536a320:   00007f9efe10bb80 00000d3cedcc9191
0x000070000536a330:   00000d3ceddce5a4 00007fff3ca8ed60
0x000070000536a340:   00007f9e00001fa0 00000001099283d8
0x000070000536a350:   00000000000000a8 0000700000000000
0x000070000536a360:   0000000000000000 00007f9efe10d010
0x000070000536a370:   0000000000000000 0000000000000000
0x000070000536a380:   000070000536a3e8 0000000000000000
0x000070000536a390:   000070000536a3d0 00000001126b0f6a 

Instructions: (pc=0x00000001126bd5b5)
0x00000001126bd595:   85 e4 74 29 49 8b 07 4c 89 ff 89 de ff 90 48 02
0x00000001126bd5a5:   00 00 84 c0 75 17 49 8b 04 24 4c 89 e7 44 89 f6
0x00000001126bd5b5:   ff 90 60 02 00 00 44 39 e8 44 0f 42 e8 ff c3 41
0x00000001126bd5c5:   8b 47 44 c1 e8 08 25 ff 03 00 00 39 c3 72 af eb 

Register to memory mapping:

RAX=0x000000000000004f is an unknown value
RBX=0x0000000000000009 is an unknown value
RCX=0x0000000000000009 is an unknown value
RDX=0x00007f9efe10db10 is an unknown value
RSP=0x000070000536a1a0 is pointing into the stack for thread: 0x00007f9ef687e000
RBP=0x000070000536a1d0 is pointing into the stack for thread: 0x00007f9ef687e000
RSI=0x00000000000000ee is an unknown value
RDI=0x00000001122feb80 is pointing into metadata
R8 =0x0000000000000002 is an unknown value
R9 =0x0000000000000000 is an unknown value
R10=0x0000700005368490 is pointing into the stack for thread: 0x00007f9ef687e000
R11=0x0000000000000001 is an unknown value
R12=0x00000001122feb80 is pointing into metadata
R13=0x00000000000000c9 is an unknown value
R14=0x00000000000000ee is an unknown value
R15=0x000000011270df58 is an unknown value


Stack: [0x000070000526e000,0x000070000536e000],  sp=0x000070000536a1a0,  free space=1008k
Native frames: (J=compiled Java code, j=interpreted, Vv=VM code, C=native code)
C  0x00000001126bd5b5
C  0x00000001126bd5bb
C  0x00000001126bd5bb
C  0x00000001126bd5bb
C  0x00000001126bd5bb
C  0x00000001126bd5bb
C  0x00000001126bcbe9
C  0x00000001126b0f6a
C  0x00000001126ba046
C  [libdyld.dylib+0x2d86]  dlopen+0x56
V  [libjvm.dylib+0x45c39a]  os::dll_load(char const*, char*, int)+0x1a
V  [libjvm.dylib+0x31fd10]  JVM_LoadLibrary+0xf7
C  [libjava.dylib+0x1af3]  Java_java_lang_ClassLoader_00024NativeLibrary_load+0x6a
j  java.lang.ClassLoader$NativeLibrary.load(Ljava/lang/String;Z)V+0
j  java.lang.ClassLoader.loadLibrary0(Ljava/lang/Class;Ljava/io/File;)Z+328
j  java.lang.ClassLoader.loadLibrary(Ljava/lang/Class;Ljava/lang/String;Z)V+239
j  java.lang.Runtime.loadLibrary0(Ljava/lang/Class;Ljava/lang/String;)V+54
j  java.lang.System.loadLibrary(Ljava/lang/String;)V+7
j  java.awt.image.ColorModel$1.run()Ljava/lang/Void;+2
j  java.awt.image.ColorModel$1.run()Ljava/lang/Object;+1
v  ~StubRoutines::call_stub
V  [libjvm.dylib+0x2cc647]  JavaCalls::call_helper(JavaValue*, methodHandle*, JavaCallArguments*, Thread*)+0x69b
V  [libjvm.dylib+0x3126bf]  JVM_DoPrivileged+0x6cb
J 989  java.security.AccessController.doPrivileged(Ljava/security/PrivilegedAction;)Ljava/lang/Object; (0 bytes) @ 0x0000000112af6fbf [0x0000000112af6f00+0xbf]
j  java.awt.image.ColorModel.loadLibraries()V+13
j  java.awt.image.ColorModel.<clinit>()V+4
v  ~StubRoutines::call_stub
V  [libjvm.dylib+0x2cc647]  JavaCalls::call_helper(JavaValue*, methodHandle*, JavaCallArguments*, Thread*)+0x69b
V  [libjvm.dylib+0x295c4c]  InstanceKlass::call_class_initializer_impl(instanceKlassHandle, Thread*)+0xf0
V  [libjvm.dylib+0x2949cf]  InstanceKlass::initialize_impl(instanceKlassHandle, Thread*)+0x46f
V  [libjvm.dylib+0x29454c]  InstanceKlass::initialize(Thread*)+0x3a
V  [libjvm.dylib+0x3a7dd1]  LinkResolver::resolve_static_call(CallInfo&, KlassHandle&, Symbol*, Symbol*, KlassHandle, bool, bool, Thread*)+0x99
V  [libjvm.dylib+0x3ab1e3]  LinkResolver::resolve_invokestatic(CallInfo&, constantPoolHandle, int, Thread*)+0x13f
V  [libjvm.dylib+0x3aaf07]  LinkResolver::resolve_invoke(CallInfo&, Handle, constantPoolHandle, int, Bytecodes::Code, Thread*)+0x40d
V  [libjvm.dylib+0x2c5b54]  InterpreterRuntime::resolve_invoke(JavaThread*, Bytecodes::Code)+0x38a
j  java.awt.image.BufferedImage.<clinit>()V+0
v  ~StubRoutines::call_stub
V  [libjvm.dylib+0x2cc647]  JavaCalls::call_helper(JavaValue*, methodHandle*, JavaCallArguments*, Thread*)+0x69b
V  [libjvm.dylib+0x295c4c]  InstanceKlass::call_class_initializer_impl(instanceKlassHandle, Thread*)+0xf0
V  [libjvm.dylib+0x2949cf]  InstanceKlass::initialize_impl(instanceKlassHandle, Thread*)+0x46f
V  [libjvm.dylib+0x29454c]  InstanceKlass::initialize(Thread*)+0x3a
V  [libjvm.dylib+0x2c3f9a]  InterpreterRuntime::_new(JavaThread*, ConstantPool*, int)+0x5e
j  com.android.ide.common.util.AssetUtil.newArgbBufferedImage(II)Ljava/awt/image/BufferedImage;+0
j  com.android.ide.common.vectordrawable.VdPreview.getPreviewFromVectorTree(Lcom/android/ide/common/vectordrawable/VdPreview$TargetSize;Lcom/android/ide/common/vectordrawable/VdTree;Ljava/lang/StringBuilder;)Ljava/awt/image/BufferedImage;+145
j  com.android.ide.common.vectordrawable.VdPreview.getPreviewFromVectorXml(Lcom/android/ide/common/vectordrawable/VdPreview$TargetSize;Ljava/lang/String;Ljava/lang/StringBuilder;)Ljava/awt/image/BufferedImage;+35
j  com.android.builder.png.VectorDrawableRenderer.generateFile(Ljava/io/File;Ljava/io/File;)V+155
j  com.android.build.gradle.tasks.MergeResources$MergeResourcesVectorDrawableRenderer.generateFile(Ljava/io/File;Ljava/io/File;)V+3
j  com.android.ide.common.resources.MergedResourceWriter$FileGenerationWorkAction.run()V+33
j  com.android.build.gradle.internal.tasks.Workers$ActionFacade.run()V+129
j  org.gradle.workers.internal.AdapterWorkAction.execute()V+51
j  org.gradle.workers.internal.DefaultWorkerServer.execute(Lorg/gradle/workers/internal/ActionExecutionSpec;)Lorg/gradle/workers/internal/DefaultWorkResult;+107
j  org.gradle.workers.internal.NoIsolationWorkerFactory$1$1.create()Lorg/gradle/workers/internal/DefaultWorkResult;+8
j  org.gradle.workers.internal.NoIsolationWorkerFactory$1$1.create()Ljava/lang/Object;+1
j  org.gradle.internal.classloader.ClassLoaderUtils.executeInClassloader(Ljava/lang/ClassLoader;Lorg/gradle/internal/Factory;)Ljava/lang/Object;+15
j  org.gradle.workers.internal.NoIsolationWorkerFactory$1.lambda$execute$0(Lorg/gradle/workers/WorkerExecutor;Ljava/lang/ClassLoader;Lorg/gradle/workers/internal/ActionExecutionSpec;)Lorg/gradle/workers/internal/DefaultWorkResult;+77
j  org.gradle.workers.internal.NoIsolationWorkerFactory$1$$Lambda$676.execute(Lorg/gradle/workers/internal/ActionExecutionSpec;)Lorg/gradle/workers/internal/DefaultWorkResult;+13
j  org.gradle.workers.internal.AbstractWorker$1.call(Lorg/gradle/internal/operations/BuildOperationContext;)Lorg/gradle/workers/internal/DefaultWorkResult;+8
j  org.gradle.workers.internal.AbstractWorker$1.call(Lorg/gradle/internal/operations/BuildOperationContext;)Ljava/lang/Object;+2
J 12527 C2 org.gradle.internal.operations.DefaultBuildOperationExecutor$1.execute(Lorg/gradle/internal/operations/BuildOperationDescriptor;Lorg/gradle/internal/operations/DefaultBuildOperationExecutor$DefaultBuildOperationContext;Lorg/gradle/internal/operations/DefaultBuildOperationExecutor$BuildOperationExecutionListener;)Lorg/gradle/internal/operations/BuildOperation; (82 bytes) @ 0x00000001148de684 [0x00000001148ddc00+0xa84]
J 4413 C1 org.gradle.internal.operations.DefaultBuildOperationExecutor.execute(Lorg/gradle/internal/operations/BuildOperationDescriptor$Builder;Lorg/gradle/internal/operations/DefaultBuildOperationExecutor$BuildOperationState;Lorg/gradle/internal/operations/DefaultBuildOperationExecutor$BuildOperationExecution;)Lorg/gradle/internal/operations/BuildOperation; (111 bytes) @ 0x00000001134616cc [0x0000000113460740+0xf8c]
J 6603 C1 org.gradle.internal.operations.DefaultBuildOperationExecutor.call(Lorg/gradle/internal/operations/CallableBuildOperation;)Ljava/lang/Object; (38 bytes) @ 0x000000011398087c [0x0000000113980160+0x71c]
J 6602 C1 org.gradle.internal.operations.DelegatingBuildOperationExecutor.call(Lorg/gradle/internal/operations/CallableBuildOperation;)Ljava/lang/Object; (11 bytes) @ 0x000000011397fd4c [0x000000011397fc40+0x10c]
j  org.gradle.workers.internal.AbstractWorker.executeWrappedInBuildOperation(Lorg/gradle/workers/internal/ActionExecutionSpec;Lorg/gradle/internal/operations/BuildOperationRef;Lorg/gradle/workers/internal/AbstractWorker$Work;)Lorg/gradle/workers/internal/DefaultWorkResult;+15
j  org.gradle.workers.internal.NoIsolationWorkerFactory$1.execute(Lorg/gradle/workers/internal/ActionExecutionSpec;Lorg/gradle/internal/operations/BuildOperationRef;)Lorg/gradle/workers/internal/DefaultWorkResult;+17
j  org.gradle.workers.internal.DefaultWorkerExecutor.lambda$submitWork$2(Lorg/gradle/workers/internal/WorkerFactory;Lorg/gradle/workers/internal/WorkerRequirement;Lorg/gradle/workers/internal/ActionExecutionSpec;Lorg/gradle/internal/operations/BuildOperationRef;)Lorg/gradle/workers/internal/DefaultWorkResult;+13
j  org.gradle.workers.internal.DefaultWorkerExecutor$$Lambda$675.call()Ljava/lang/Object;+16
J 5857 C1 java.util.concurrent.FutureTask.run()V (126 bytes) @ 0x00000001131e6394 [0x00000001131e6140+0x254]
j  org.gradle.internal.work.DefaultConditionalExecutionQueue$ExecutionRunner.runExecution(Lorg/gradle/internal/work/ConditionalExecution;)V+6
j  org.gradle.internal.work.DefaultConditionalExecutionQueue$ExecutionRunner.runBatch(Lorg/gradle/internal/work/ConditionalExecution;)V+8
j  org.gradle.internal.work.DefaultConditionalExecutionQueue$ExecutionRunner.run()V+11
J 10464 C1 java.util.concurrent.Executors$RunnableAdapter.call()Ljava/lang/Object; (14 bytes) @ 0x0000000113d41494 [0x0000000113d41380+0x114]
J 5857 C1 java.util.concurrent.FutureTask.run()V (126 bytes) @ 0x00000001131e6394 [0x00000001131e6140+0x254]
J 9358 C1 org.gradle.internal.concurrent.ManagedExecutorImpl$1.run()V (59 bytes) @ 0x000000011419ff34 [0x000000011419fa20+0x514]
j  java.util.concurrent.ThreadPoolExecutor.runWorker(Ljava/util/concurrent/ThreadPoolExecutor$Worker;)V+95
j  java.util.concurrent.ThreadPoolExecutor$Worker.run()V+5
j  org.gradle.internal.concurrent.ThreadFactoryImpl$ManagedThreadRunnable.run()V+7
j  java.lang.Thread.run()V+11
v  ~StubRoutines::call_stub
V  [libjvm.dylib+0x2cc647]  JavaCalls::call_helper(JavaValue*, methodHandle*, JavaCallArguments*, Thread*)+0x69b
V  [libjvm.dylib+0x2cb4a2]  JavaCalls::call_virtual(JavaValue*, KlassHandle, Symbol*, Symbol*, JavaCallArguments*, Thread*)+0x14a
V  [libjvm.dylib+0x2cb680]  JavaCalls::call_virtual(JavaValue*, Handle, KlassHandle, Symbol*, Symbol*, Thread*)+0x54
V  [libjvm.dylib+0x31bcc4]  thread_entry(JavaThread*, Thread*)+0x78
V  [libjvm.dylib+0x527e84]  JavaThread::thread_main_inner()+0x82
V  [libjvm.dylib+0x527d49]  JavaThread::run()+0x199
V  [libjvm.dylib+0x45b9eb]  java_start(Thread*)+0xfa
C  [libsystem_pthread.dylib+0x3661]  _pthread_body+0x154
C  [libsystem_pthread.dylib+0x350d]  _pthread_body+0x0
C  [libsystem_pthread.dylib+0x2bf9]  thread_start+0xd
C  0x0000000000000000

Java frames: (J=compiled Java code, j=interpreted, Vv=VM code)
j  java.lang.ClassLoader$NativeLibrary.load(Ljava/lang/String;Z)V+0
j  java.lang.ClassLoader.loadLibrary0(Ljava/lang/Class;Ljava/io/File;)Z+328
j  java.lang.ClassLoader.loadLibrary(Ljava/lang/Class;Ljava/lang/String;Z)V+239
j  java.lang.Runtime.loadLibrary0(Ljava/lang/Class;Ljava/lang/String;)V+54
j  java.lang.System.loadLibrary(Ljava/lang/String;)V+7
j  java.awt.image.ColorModel$1.run()Ljava/lang/Void;+2
j  java.awt.image.ColorModel$1.run()Ljava/lang/Object;+1
v  ~StubRoutines::call_stub
J 989  java.security.AccessController.doPrivileged(Ljava/security/PrivilegedAction;)Ljava/lang/Object; (0 bytes) @ 0x0000000112af6f4f [0x0000000112af6f00+0x4f]
j  java.awt.image.ColorModel.loadLibraries()V+13
j  java.awt.image.ColorModel.<clinit>()V+4
v  ~StubRoutines::call_stub
j  java.awt.image.BufferedImage.<clinit>()V+0
v  ~StubRoutines::call_stub
j  com.android.ide.common.util.AssetUtil.newArgbBufferedImage(II)Ljava/awt/image/BufferedImage;+0
j  com.android.ide.common.vectordrawable.VdPreview.getPreviewFromVectorTree(Lcom/android/ide/common/vectordrawable/VdPreview$TargetSize;Lcom/android/ide/common/vectordrawable/VdTree;Ljava/lang/StringBuilder;)Ljava/awt/image/BufferedImage;+145
j  com.android.ide.common.vectordrawable.VdPreview.getPreviewFromVectorXml(Lcom/android/ide/common/vectordrawable/VdPreview$TargetSize;Ljava/lang/String;Ljava/lang/StringBuilder;)Ljava/awt/image/BufferedImage;+35
j  com.android.builder.png.VectorDrawableRenderer.generateFile(Ljava/io/File;Ljava/io/File;)V+155
j  com.android.build.gradle.tasks.MergeResources$MergeResourcesVectorDrawableRenderer.generateFile(Ljava/io/File;Ljava/io/File;)V+3
j  com.android.ide.common.resources.MergedResourceWriter$FileGenerationWorkAction.run()V+33
j  com.android.build.gradle.internal.tasks.Workers$ActionFacade.run()V+129
j  org.gradle.workers.internal.AdapterWorkAction.execute()V+51
j  org.gradle.workers.internal.DefaultWorkerServer.execute(Lorg/gradle/workers/internal/ActionExecutionSpec;)Lorg/gradle/workers/internal/DefaultWorkResult;+107
j  org.gradle.workers.internal.NoIsolationWorkerFactory$1$1.create()Lorg/gradle/workers/internal/DefaultWorkResult;+8
j  org.gradle.workers.internal.NoIsolationWorkerFactory$1$1.create()Ljava/lang/Object;+1
j  org.gradle.internal.classloader.ClassLoaderUtils.executeInClassloader(Ljava/lang/ClassLoader;Lorg/gradle/internal/Factory;)Ljava/lang/Object;+15
j  org.gradle.workers.internal.NoIsolationWorkerFactory$1.lambda$execute$0(Lorg/gradle/workers/WorkerExecutor;Ljava/lang/ClassLoader;Lorg/gradle/workers/internal/ActionExecutionSpec;)Lorg/gradle/workers/internal/DefaultWorkResult;+77
j  org.gradle.workers.internal.NoIsolationWorkerFactory$1$$Lambda$676.execute(Lorg/gradle/workers/internal/ActionExecutionSpec;)Lorg/gradle/workers/internal/DefaultWorkResult;+13
j  org.gradle.workers.internal.AbstractWorker$1.call(Lorg/gradle/internal/operations/BuildOperationContext;)Lorg/gradle/workers/internal/DefaultWorkResult;+8
j  org.gradle.workers.internal.AbstractWorker$1.call(Lorg/gradle/internal/operations/BuildOperationContext;)Ljava/lang/Object;+2
J 12527 C2 org.gradle.internal.operations.DefaultBuildOperationExecutor$1.execute(Lorg/gradle/internal/operations/BuildOperationDescriptor;Lorg/gradle/internal/operations/DefaultBuildOperationExecutor$DefaultBuildOperationContext;Lorg/gradle/internal/operations/DefaultBuildOperationExecutor$BuildOperationExecutionListener;)Lorg/gradle/internal/operations/BuildOperation; (82 bytes) @ 0x00000001148de684 [0x00000001148ddc00+0xa84]
J 4413 C1 org.gradle.internal.operations.DefaultBuildOperationExecutor.execute(Lorg/gradle/internal/operations/BuildOperationDescriptor$Builder;Lorg/gradle/internal/operations/DefaultBuildOperationExecutor$BuildOperationState;Lorg/gradle/internal/operations/DefaultBuildOperationExecutor$BuildOperationExecution;)Lorg/gradle/internal/operations/BuildOperation; (111 bytes) @ 0x00000001134616cc [0x0000000113460740+0xf8c]
J 6603 C1 org.gradle.internal.operations.DefaultBuildOperationExecutor.call(Lorg/gradle/internal/operations/CallableBuildOperation;)Ljava/lang/Object; (38 bytes) @ 0x000000011398087c [0x0000000113980160+0x71c]
J 6602 C1 org.gradle.internal.operations.DelegatingBuildOperationExecutor.call(Lorg/gradle/internal/operations/CallableBuildOperation;)Ljava/lang/Object; (11 bytes) @ 0x000000011397fd4c [0x000000011397fc40+0x10c]
j  org.gradle.workers.internal.AbstractWorker.executeWrappedInBuildOperation(Lorg/gradle/workers/internal/ActionExecutionSpec;Lorg/gradle/internal/operations/BuildOperationRef;Lorg/gradle/workers/internal/AbstractWorker$Work;)Lorg/gradle/workers/internal/DefaultWorkResult;+15
j  org.gradle.workers.internal.NoIsolationWorkerFactory$1.execute(Lorg/gradle/workers/internal/ActionExecutionSpec;Lorg/gradle/internal/operations/BuildOperationRef;)Lorg/gradle/workers/internal/DefaultWorkResult;+17
j  org.gradle.workers.internal.DefaultWorkerExecutor.lambda$submitWork$2(Lorg/gradle/workers/internal/WorkerFactory;Lorg/gradle/workers/internal/WorkerRequirement;Lorg/gradle/workers/internal/ActionExecutionSpec;Lorg/gradle/internal/operations/BuildOperationRef;)Lorg/gradle/workers/internal/DefaultWorkResult;+13
j  org.gradle.workers.internal.DefaultWorkerExecutor$$Lambda$675.call()Ljava/lang/Object;+16
J 5857 C1 java.util.concurrent.FutureTask.run()V (126 bytes) @ 0x00000001131e6394 [0x00000001131e6140+0x254]
j  org.gradle.internal.work.DefaultConditionalExecutionQueue$ExecutionRunner.runExecution(Lorg/gradle/internal/work/ConditionalExecution;)V+6
j  org.gradle.internal.work.DefaultConditionalExecutionQueue$ExecutionRunner.runBatch(Lorg/gradle/internal/work/ConditionalExecution;)V+8
j  org.gradle.internal.work.DefaultConditionalExecutionQueue$ExecutionRunner.run()V+11
J 10464 C1 java.util.concurrent.Executors$RunnableAdapter.call()Ljava/lang/Object; (14 bytes) @ 0x0000000113d41494 [0x0000000113d41380+0x114]
J 5857 C1 java.util.concurrent.FutureTask.run()V (126 bytes) @ 0x00000001131e6394 [0x00000001131e6140+0x254]
J 9358 C1 org.gradle.internal.concurrent.ManagedExecutorImpl$1.run()V (59 bytes) @ 0x000000011419ff34 [0x000000011419fa20+0x514]
j  java.util.concurrent.ThreadPoolExecutor.runWorker(Ljava/util/concurrent/ThreadPoolExecutor$Worker;)V+95
j  java.util.concurrent.ThreadPoolExecutor$Worker.run()V+5
j  org.gradle.internal.concurrent.ThreadFactoryImpl$ManagedThreadRunnable.run()V+7
j  java.lang.Thread.run()V+11
v  ~StubRoutines::call_stub

---------------  P R O C E S S  ---------------

Java Threads: ( => current thread )
=>0x00007f9ef687e000 JavaThread "WorkerExecutor Queue Thread 4" [_thread_in_native, id=28163, stack(0x000070000526e000,0x000070000536e000)]
  0x00007f9efcaa0000 JavaThread "WorkerExecutor Queue Thread 3" [_thread_blocked, id=27907, stack(0x000070000516b000,0x000070000526b000)]
  0x00007f9ef69ac800 JavaThread "WorkerExecutor Queue Thread 2" [_thread_blocked, id=27651, stack(0x0000700005068000,0x0000700005168000)]
  0x00007f9ef72a5800 JavaThread "WorkerExecutor Queue" [_thread_blocked, id=36099, stack(0x0000700004f65000,0x0000700005065000)]
  0x00007f9ef6e6a000 JavaThread "Cache worker for execution history cache (/Users/DREMO/AndroidStudioProjects/NewsLify/.gradle/6.1.1/executionHistory)" [_thread_blocked, id=36611, stack(0x0000700004e62000,0x0000700004f62000)]
  0x00007f9efb963000 JavaThread "Execution worker for ':' Thread 3" [_thread_blocked, id=37123, stack(0x0000700004d5f000,0x0000700004e5f000)]
  0x00007f9ef6e85800 JavaThread "Execution worker for ':' Thread 2" [_thread_blocked, id=27139, stack(0x0000700004c5c000,0x0000700004d5c000)]
  0x00007f9efb961000 JavaThread "Execution worker for ':'" [_thread_blocked, id=26375, stack(0x0000700004b59000,0x0000700004c59000)]
  0x00007f9efbf89000 JavaThread "Cache worker for file content cache (/Users/DREMO/AndroidStudioProjects/NewsLify/.gradle/6.1.1/fileContent)" [_thread_blocked, id=38407, stack(0x0000700004a56000,0x0000700004b56000)]
  0x00007f9ef75a1000 JavaThread "Cache worker for file content cache (/Users/DREMO/.gradle/caches/6.1.1/fileContent)" [_thread_blocked, id=37895, stack(0x0000700004953000,0x0000700004a53000)]
  0x00007f9efc8d1800 JavaThread "Memory manager" [_thread_blocked, id=25867, stack(0x0000700004850000,0x0000700004950000)]
  0x00007f9ef7404000 JavaThread "Cache worker for Build Output Cleanup Cache (/Users/DREMO/AndroidStudioProjects/NewsLify/.gradle/buildOutputCleanup)" [_thread_blocked, id=24335, stack(0x000070000474d000,0x000070000484d000)]
  0x00007f9ef6dda000 JavaThread "pool-6-thread-1" [_thread_blocked, id=5395, stack(0x000070000464a000,0x000070000474a000)]
  0x00007f9ef7ee1800 JavaThread "Build operations Thread 4" [_thread_blocked, id=26639, stack(0x0000700004547000,0x0000700004647000)]
  0x00007f9efb1ba000 JavaThread "Build operations Thread 3" [_thread_blocked, id=23311, stack(0x0000700004444000,0x0000700004544000)]
  0x00007f9efb662800 JavaThread "Build operations Thread 2" [_thread_blocked, id=40207, stack(0x0000700004341000,0x0000700004441000)]
  0x00007f9efb0a7800 JavaThread "Build operations" [_thread_blocked, id=41743, stack(0x000070000413b000,0x000070000423b000)]
  0x00007f9efbcc6000 JavaThread "Cache worker for cache directory md-rule (/Users/DREMO/.gradle/caches/6.1.1/md-rule)" [_thread_blocked, id=19731, stack(0x0000700004038000,0x0000700004138000)]
  0x00007f9ef6c37800 JavaThread "Cache worker for cache directory md-supplier (/Users/DREMO/.gradle/caches/6.1.1/md-supplier)" [_thread_blocked, id=39951, stack(0x0000700003f35000,0x0000700004035000)]
  0x00007f9efb996000 JavaThread "Cache worker for file hash cache (/Users/DREMO/AndroidStudioProjects/NewsLify/.gradle/6.1.1/fileHashes)" [_thread_blocked, id=24079, stack(0x0000700003e32000,0x0000700003f32000)]
  0x00007f9ef7089800 JavaThread "Cache worker for checksums cache (/Users/DREMO/AndroidStudioProjects/NewsLify/.gradle/checksums)" [_thread_blocked, id=42255, stack(0x0000700003a26000,0x0000700003b26000)]
  0x00007f9ef732e000 JavaThread "Thread-59" [_thread_blocked, id=42511, stack(0x0000700003923000,0x0000700003a23000)]
  0x00007f9ef716f000 JavaThread "Stdin handler" [_thread_blocked, id=43023, stack(0x0000700003820000,0x0000700003920000)]
  0x00007f9ef716d000 JavaThread "Asynchronous log dispatcher for DefaultDaemonConnection: socket connection from /127.0.0.1:50093 to /127.0.0.1:50143" [_thread_blocked, id=38927, stack(0x000070000371d000,0x000070000381d000)]
  0x00007f9efb2f7000 JavaThread "Cancel handler" [_thread_blocked, id=22283, stack(0x0000700003517000,0x0000700003617000)]
  0x00007f9ef830e800 JavaThread "Handler for socket connection from /127.0.0.1:50093 to /127.0.0.1:50143" [_thread_in_native, id=23567, stack(0x0000700003414000,0x0000700003514000)]
  0x00007f9efb18d000 JavaThread "Daemon worker Thread 2" [_thread_in_Java, id=21771, stack(0x000070000361a000,0x000070000371a000)]
  0x00007f9ef6bf5800 JavaThread "Daemon Thread 2" [_thread_blocked, id=16135, stack(0x0000700002158000,0x0000700002258000)]
  0x00007f9ef83b7800 JavaThread "Cache worker for execution history cache (/Users/DREMO/.gradle/caches/6.1.1/executionHistory)" [_thread_blocked, id=24835, stack(0x000070000423e000,0x000070000433e000)]
  0x00007f9ef782b800 JavaThread "Cache worker for file hash cache (/Users/DREMO/.gradle/caches/6.1.1/fileHashes)" [_thread_blocked, id=23043, stack(0x0000700003d2f000,0x0000700003e2f000)]
  0x00007f9ef75ff000 JavaThread "File lock request listener" [_thread_in_native, id=22787, stack(0x0000700003c2c000,0x0000700003d2c000)]
  0x00007f9ef6b6a800 JavaThread "Cache worker for journal cache (/Users/DREMO/.gradle/caches/journal-1)" [_thread_blocked, id=41219, stack(0x0000700003b29000,0x0000700003c29000)]
  0x00007f9ef682d800 JavaThread "Daemon periodic checks" [_thread_blocked, id=15619, stack(0x0000700003311000,0x0000700003411000)]
  0x00007f9ef71ad800 JavaThread "Incoming local TCP Connector on port 50093" [_thread_in_native, id=15107, stack(0x000070000320e000,0x000070000330e000)]
  0x00007f9ef7179000 JavaThread "Daemon health stats" [_thread_blocked, id=16899, stack(0x000070000310b000,0x000070000320b000)]
  0x00007f9ef6826000 JavaThread "Service Thread" daemon [_thread_blocked, id=17411, stack(0x0000700002f05000,0x0000700003005000)]
  0x00007f9ef6803800 JavaThread "C1 CompilerThread2" daemon [_thread_in_vm, id=17667, stack(0x0000700002e02000,0x0000700002f02000)]
  0x00007f9ef7838800 JavaThread "C2 CompilerThread1" daemon [_thread_in_native, id=17923, stack(0x0000700002cff000,0x0000700002dff000)]
  0x00007f9ef7017000 JavaThread "C2 CompilerThread0" daemon [_thread_in_native, id=13571, stack(0x0000700002bfc000,0x0000700002cfc000)]
  0x00007f9ef8020000 JavaThread "Signal Dispatcher" daemon [_thread_blocked, id=13059, stack(0x0000700002af9000,0x0000700002bf9000)]
  0x00007f9ef7016800 JavaThread "Finalizer" daemon [_thread_blocked, id=12291, stack(0x0000700002973000,0x0000700002a73000)]
  0x00007f9ef781b000 JavaThread "Reference Handler" daemon [_thread_blocked, id=21251, stack(0x0000700002870000,0x0000700002970000)]
  0x00007f9ef680a000 JavaThread "main" [_thread_blocked, id=6403, stack(0x000070000225e000,0x000070000235e000)]

Other Threads:
  0x00007f9ef7816800 VMThread [stack: 0x000070000276d000,0x000070000286d000] [id=11523]
  0x00007f9ef6827000 WatcherThread [stack: 0x0000700003008000,0x0000700003108000] [id=14595]

VM state:not at safepoint (normal execution)

VM Mutex/Monitor currently owned by a thread: None

heap address: 0x0000000740000000, size: 2048 MB, Compressed Oops mode: Zero based, Oop shift amount: 3
Narrow klass base: 0x0000000000000000, Narrow klass shift: 3
Compressed class space size: 1073741824 Address: 0x00000007c0000000

Heap:
 PSYoungGen      total 345600K, used 218933K [0x0000000795580000, 0x00000007b0700000, 0x00000007c0000000)
  eden space 310784K, 59% used [0x0000000795580000,0x00000007a0951090,0x00000007a8500000)
  from space 34816K, 99% used [0x00000007a8500000,0x00000007aa6fc5f0,0x00000007aa700000)
  to   space 44544K, 0% used [0x00000007adb80000,0x00000007adb80000,0x00000007b0700000)
 ParOldGen       total 158208K, used 54169K [0x0000000740000000, 0x0000000749a80000, 0x0000000795580000)
  object space 158208K, 34% used [0x0000000740000000,0x00000007434e66a8,0x0000000749a80000)
 Metaspace       used 93355K, capacity 98144K, committed 98328K, reserved 1134592K
  class space    used 12269K, capacity 13237K, committed 13360K, reserved 1048576K

Card table byte_map: [0x0000000104e78000,0x0000000105279000] byte_map_base: 0x0000000101478000

Marking Bits: (ParMarkBitMap*) 0x00000001044273f8
 Begin Bits: [0x0000000105524000, 0x0000000107524000)
 End Bits:   [0x0000000107524000, 0x0000000109524000)

Polling page: 0x0000000103322000

CodeCache: size=245760Kb used=37607Kb max_used=37607Kb free=208152Kb
 bounds [0x000000011274a000, 0x0000000114c2a000, 0x000000012174a000]
 total_blobs=12725 nmethods=11865 adapters=769
 compilation: enabled

Compilation events (10 events):
Event: 520.508 Thread 0x00007f9ef6803800 nmethod 13732 0x00000001138ffe50 code [0x00000001138fffa0, 0x00000001139000f0]
Event: 520.508 Thread 0x00007f9ef6803800 13729       1       com.android.ide.common.vectordrawable.PathParser$ExtractFloatResult::access$000 (5 bytes)
Event: 520.508 Thread 0x00007f9ef6803800 nmethod 13729 0x0000000112d540d0 code [0x0000000112d54220, 0x0000000112d54310]
Event: 520.508 Thread 0x00007f9ef6803800 13728       1       com.android.ide.common.vectordrawable.PathParser$ExtractFloatResult::access$100 (5 bytes)
Event: 520.508 Thread 0x00007f9ef6803800 nmethod 13728 0x0000000112d53d90 code [0x0000000112d53ee0, 0x0000000112d53fd0]
Event: 520.508 Thread 0x00007f9ef6803800 13726       3       java.io.ObjectStreamClass::isInstantiable (17 bytes)
Event: 520.509 Thread 0x00007f9ef6803800 nmethod 13726 0x0000000112d5ca50 code [0x0000000112d5cbe0, 0x0000000112d5cf08]
Event: 520.509 Thread 0x00007f9ef6803800 13727   !   3       java.io.ObjectStreamClass::newInstance (140 bytes)
Event: 520.510 Thread 0x00007f9ef7017000 13725       4       java.io.ObjectInputStream$PeekInputStream::read (115 bytes)
Event: 520.511 Thread 0x00007f9ef6803800 nmethod 13727 0x000000011384f510 code [0x000000011384f840, 0x00000001138511c8]

GC Heap History (10 events):
Event: 11.897 GC heap before
{Heap before GC invocations=10 (full 2):
 PSYoungGen      total 216576K, used 90509K [0x0000000795580000, 0x00000007a8c00000, 0x00000007c0000000)
  eden space 201216K, 37% used [0x0000000795580000,0x0000000799eea650,0x00000007a1a00000)
  from space 15360K, 99% used [0x00000007a1a00000,0x00000007a28f8e80,0x00000007a2900000)
  to   space 22016K, 0% used [0x00000007a7680000,0x00000007a7680000,0x00000007a8c00000)
 ParOldGen       total 107520K, used 24507K [0x0000000740000000, 0x0000000746900000, 0x0000000795580000)
  object space 107520K, 22% used [0x0000000740000000,0x00000007417eee00,0x0000000746900000)
 Metaspace       used 56966K, capacity 59096K, committed 59160K, reserved 1099776K
  class space    used 7753K, capacity 8234K, committed 8240K, reserved 1048576K
Event: 11.941 GC heap after
Heap after GC invocations=10 (full 2):
 PSYoungGen      total 293376K, used 20417K [0x0000000795580000, 0x00000007a9a00000, 0x00000007c0000000)
  eden space 271360K, 0% used [0x0000000795580000,0x0000000795580000,0x00000007a5e80000)
  from space 22016K, 92% used [0x00000007a7680000,0x00000007a8a70518,0x00000007a8c00000)
  to   space 24576K, 0% used [0x00000007a5e80000,0x00000007a5e80000,0x00000007a7680000)
 ParOldGen       total 107520K, used 24515K [0x0000000740000000, 0x0000000746900000, 0x0000000795580000)
  object space 107520K, 22% used [0x0000000740000000,0x00000007417f0e00,0x0000000746900000)
 Metaspace       used 56966K, capacity 59096K, committed 59160K, reserved 1099776K
  class space    used 7753K, capacity 8234K, committed 8240K, reserved 1048576K
}
Event: 11.941 GC heap before
{Heap before GC invocations=11 (full 3):
 PSYoungGen      total 293376K, used 20417K [0x0000000795580000, 0x00000007a9a00000, 0x00000007c0000000)
  eden space 271360K, 0% used [0x0000000795580000,0x0000000795580000,0x00000007a5e80000)
  from space 22016K, 92% used [0x00000007a7680000,0x00000007a8a70518,0x00000007a8c00000)
  to   space 24576K, 0% used [0x00000007a5e80000,0x00000007a5e80000,0x00000007a7680000)
 ParOldGen       total 107520K, used 24515K [0x0000000740000000, 0x0000000746900000, 0x0000000795580000)
  object space 107520K, 22% used [0x0000000740000000,0x00000007417f0e00,0x0000000746900000)
 Metaspace       used 56966K, capacity 59096K, committed 59160K, reserved 1099776K
  class space    used 7753K, capacity 8234K, committed 8240K, reserved 1048576K
Event: 12.242 GC heap after
Heap after GC invocations=11 (full 3):
 PSYoungGen      total 293376K, used 0K [0x0000000795580000, 0x00000007a9a00000, 0x00000007c0000000)
  eden space 271360K, 0% used [0x0000000795580000,0x0000000795580000,0x00000007a5e80000)
  from space 22016K, 0% used [0x00000007a7680000,0x00000007a7680000,0x00000007a8c00000)
  to   space 24576K, 0% used [0x00000007a5e80000,0x00000007a5e80000,0x00000007a7680000)
 ParOldGen       total 158208K, used 33504K [0x0000000740000000, 0x0000000749a80000, 0x0000000795580000)
  object space 158208K, 21% used [0x0000000740000000,0x00000007420b83b8,0x0000000749a80000)
 Metaspace       used 56937K, capacity 59000K, committed 59160K, reserved 1099776K
  class space    used 7745K, capacity 8218K, committed 8240K, reserved 1048576K
}
Event: 76.651 GC heap before
{Heap before GC invocations=12 (full 3):
 PSYoungGen      total 293376K, used 271360K [0x0000000795580000, 0x00000007a9a00000, 0x00000007c0000000)
  eden space 271360K, 100% used [0x0000000795580000,0x00000007a5e80000,0x00000007a5e80000)
  from space 22016K, 0% used [0x00000007a7680000,0x00000007a7680000,0x00000007a8c00000)
  to   space 24576K, 0% used [0x00000007a5e80000,0x00000007a5e80000,0x00000007a7680000)
 ParOldGen       total 158208K, used 33504K [0x0000000740000000, 0x0000000749a80000, 0x0000000795580000)
  object space 158208K, 21% used [0x0000000740000000,0x00000007420b83b8,0x0000000749a80000)
 Metaspace       used 71383K, capacity 74230K, committed 74392K, reserved 1114112K
  class space    used 9484K, capacity 10049K, committed 10160K, reserved 1048576K
Event: 76.698 GC heap after
Heap after GC invocations=12 (full 3):
 PSYoungGen      total 295936K, used 23013K [0x0000000795580000, 0x00000007ac200000, 0x00000007c0000000)
  eden space 271360K, 0% used [0x0000000795580000,0x0000000795580000,0x00000007a5e80000)
  from space 24576K, 93% used [0x00000007a5e80000,0x00000007a74f9498,0x00000007a7680000)
  to   space 27648K, 0% used [0x00000007aa700000,0x00000007aa700000,0x00000007ac200000)
 ParOldGen       total 158208K, used 33512K [0x0000000740000000, 0x0000000749a80000, 0x0000000795580000)
  object space 158208K, 21% used [0x0000000740000000,0x00000007420ba3b8,0x0000000749a80000)
 Metaspace       used 71383K, capacity 74230K, committed 74392K, reserved 1114112K
  class space    used 9484K, capacity 10049K, committed 10160K, reserved 1048576K
}
Event: 82.212 GC heap before
{Heap before GC invocations=13 (full 3):
 PSYoungGen      total 295936K, used 294373K [0x0000000795580000, 0x00000007ac200000, 0x00000007c0000000)
  eden space 271360K, 100% used [0x0000000795580000,0x00000007a5e80000,0x00000007a5e80000)
  from space 24576K, 93% used [0x00000007a5e80000,0x00000007a74f9498,0x00000007a7680000)
  to   space 27648K, 0% used [0x00000007aa700000,0x00000007aa700000,0x00000007ac200000)
 ParOldGen       total 158208K, used 33512K [0x0000000740000000, 0x0000000749a80000, 0x0000000795580000)
  object space 158208K, 21% used [0x0000000740000000,0x00000007420ba3b8,0x0000000749a80000)
 Metaspace       used 82276K, capacity 86042K, committed 86168K, reserved 1124352K
  class space    used 10947K, capacity 11676K, committed 11696K, reserved 1048576K
Event: 82.294 GC heap after
Heap after GC invocations=13 (full 3):
 PSYoungGen      total 338432K, used 27633K [0x0000000795580000, 0x00000007ad080000, 0x00000007c0000000)
  eden space 310784K, 0% used [0x0000000795580000,0x0000000795580000,0x00000007a8500000)
  from space 27648K, 99% used [0x00000007aa700000,0x00000007ac1fc7b0,0x00000007ac200000)
  to   space 34816K, 0% used [0x00000007a8500000,0x00000007a8500000,0x00000007aa700000)
 ParOldGen       total 158208K, used 41788K [0x0000000740000000, 0x0000000749a80000, 0x0000000795580000)
  object space 158208K, 26% used [0x0000000740000000,0x00000007428cf218,0x0000000749a80000)
 Metaspace       used 82276K, capacity 86042K, committed 86168K, reserved 1124352K
  class space    used 10947K, capacity 11676K, committed 11696K, reserved 1048576K
}
Event: 518.438 GC heap before
{Heap before GC invocations=14 (full 3):
 PSYoungGen      total 338432K, used 338417K [0x0000000795580000, 0x00000007ad080000, 0x00000007c0000000)
  eden space 310784K, 100% used [0x0000000795580000,0x00000007a8500000,0x00000007a8500000)
  from space 27648K, 99% used [0x00000007aa700000,0x00000007ac1fc7b0,0x00000007ac200000)
  to   space 34816K, 0% used [0x00000007a8500000,0x00000007a8500000,0x00000007aa700000)
 ParOldGen       total 158208K, used 41788K [0x0000000740000000, 0x0000000749a80000, 0x0000000795580000)
  object space 158208K, 26% used [0x0000000740000000,0x00000007428cf218,0x0000000749a80000)
 Metaspace       used 90927K, capacity 95524K, committed 95640K, reserved 1132544K
  class space    used 12004K, capacity 12945K, committed 12976K, reserved 1048576K
Event: 518.526 GC heap after
Heap after GC invocations=14 (full 3):
 PSYoungGen      total 345600K, used 34801K [0x0000000795580000, 0x00000007b0700000, 0x00000007c0000000)
  eden space 310784K, 0% used [0x0000000795580000,0x0000000795580000,0x00000007a8500000)
  from space 34816K, 99% used [0x00000007a8500000,0x00000007aa6fc5f0,0x00000007aa700000)
  to   space 44544K, 0% used [0x00000007adb80000,0x00000007adb80000,0x00000007b0700000)
 ParOldGen       total 158208K, used 54169K [0x0000000740000000, 0x0000000749a80000, 0x0000000795580000)
  object space 158208K, 34% used [0x0000000740000000,0x00000007434e66a8,0x0000000749a80000)
 Metaspace       used 90927K, capacity 95524K, committed 95640K, reserved 1132544K
  class space    used 12004K, capacity 12945K, committed 12976K, reserved 1048576K
}

Deoptimization events (10 events):
Event: 520.239 Thread 0x00007f9efb18d000 Uncommon trap: reason=bimorphic action=maybe_recompile pc=0x0000000114b733b4 method=com.sun.org.apache.xerces.internal.dom.NamedNodeMapImpl.findNamePoint(Ljava/lang/String;I)I @ 57
Event: 520.244 Thread 0x00007f9efb18d000 Uncommon trap: reason=unstable_if action=reinterpret pc=0x0000000114abd548 method=com.sun.org.apache.xerces.internal.impl.XMLEntityScanner.scanLiteral(ILcom/sun/org/apache/xerces/internal/xni/XMLString;Z)I @ 570
Event: 520.244 Thread 0x00007f9efb18d000 Uncommon trap: reason=unstable_if action=reinterpret pc=0x0000000114b827cc method=com.sun.org.apache.xerces.internal.impl.XMLScanner.scanAttributeValue(Lcom/sun/org/apache/xerces/internal/xni/XMLString;Lcom/sun/org/apache/xerces/internal/xni/XMLString;Lja
Event: 520.245 Thread 0x00007f9efb18d000 Uncommon trap: reason=unstable_if action=reinterpret pc=0x0000000114adfbc0 method=com.sun.org.apache.xerces.internal.utils.XMLLimitAnalyzer.addValue(ILjava/lang/String;I)V @ 78
Event: 520.348 Thread 0x00007f9efb18d000 Uncommon trap: reason=unstable_if action=reinterpret pc=0x0000000114b05d2c method=com.sun.org.apache.xerces.internal.impl.XMLEntityScanner.skipString(Ljava/lang/String;)Z @ 59
Event: 520.348 Thread 0x00007f9efb18d000 Uncommon trap: reason=unstable_if action=reinterpret pc=0x0000000114ad551c method=com.android.utils.PositionXmlParser$DomBuilder.findOpeningTag(Lcom/android/utils/PositionXmlParser$Position;)Lcom/android/utils/PositionXmlParser$Position; @ 81
Event: 520.491 Thread 0x00007f9ef72a5800 Uncommon trap: reason=bimorphic action=maybe_recompile pc=0x0000000114b733b4 method=com.sun.org.apache.xerces.internal.dom.NamedNodeMapImpl.findNamePoint(Ljava/lang/String;I)I @ 57
Event: 520.491 Thread 0x00007f9ef72a5800 Uncommon trap: reason=bimorphic action=maybe_recompile pc=0x0000000114b733b4 method=com.sun.org.apache.xerces.internal.dom.NamedNodeMapImpl.findNamePoint(Ljava/lang/String;I)I @ 57
Event: 520.491 Thread 0x00007f9ef72a5800 Uncommon trap: reason=bimorphic action=maybe_recompile pc=0x0000000114b733b4 method=com.sun.org.apache.xerces.internal.dom.NamedNodeMapImpl.findNamePoint(Ljava/lang/String;I)I @ 57
Event: 520.491 Thread 0x00007f9ef69ac800 Uncommon trap: reason=bimorphic action=maybe_recompile pc=0x0000000114b733b4 method=com.sun.org.apache.xerces.internal.dom.NamedNodeMapImpl.findNamePoint(Ljava/lang/String;I)I @ 57

Classes redefined (0 events):
No events

Internal exceptions (10 events):
Event: 520.423 Thread 0x00007f9efb18d000 Exception <a 'java/lang/NoSuchMethodError': <clinit>> (0x000000079ff44808) thrown at [/Volumes/Android/buildbot/src/googleplex-android/openjdk/out/hotspot/src/share/vm/prims/jni.cpp, line 1615]
Event: 520.428 Thread 0x00007f9efb18d000 Exception <a 'java/lang/NoSuchMethodError': <clinit>> (0x000000079ff9f780) thrown at [/Volumes/Android/buildbot/src/googleplex-android/openjdk/out/hotspot/src/share/vm/prims/jni.cpp, line 1615]
Event: 520.431 Thread 0x00007f9efb18d000 Exception <a 'java/lang/NoSuchMethodError': <clinit>> (0x000000079fffbfe8) thrown at [/Volumes/Android/buildbot/src/googleplex-android/openjdk/out/hotspot/src/share/vm/prims/jni.cpp, line 1615]
Event: 520.433 Thread 0x00007f9efb18d000 Exception <a 'java/lang/NoSuchMethodError': <clinit>> (0x00000007a002f858) thrown at [/Volumes/Android/buildbot/src/googleplex-android/openjdk/out/hotspot/src/share/vm/prims/jni.cpp, line 1615]
Event: 520.433 Thread 0x00007f9efb18d000 Exception <a 'java/lang/NoSuchMethodError': <clinit>> (0x00000007a0034c10) thrown at [/Volumes/Android/buildbot/src/googleplex-android/openjdk/out/hotspot/src/share/vm/prims/jni.cpp, line 1615]
Event: 520.433 Thread 0x00007f9efb18d000 Exception <a 'java/lang/NoSuchMethodError': <clinit>> (0x00000007a0038848) thrown at [/Volumes/Android/buildbot/src/googleplex-android/openjdk/out/hotspot/src/share/vm/prims/jni.cpp, line 1615]
Event: 520.435 Thread 0x00007f9efb18d000 Exception <a 'java/lang/NoSuchMethodError': <clinit>> (0x00000007a0054d60) thrown at [/Volumes/Android/buildbot/src/googleplex-android/openjdk/out/hotspot/src/share/vm/prims/jni.cpp, line 1615]
Event: 520.436 Thread 0x00007f9efb18d000 Exception <a 'java/lang/NoSuchMethodError': <clinit>> (0x00000007a006f788) thrown at [/Volumes/Android/buildbot/src/googleplex-android/openjdk/out/hotspot/src/share/vm/prims/jni.cpp, line 1615]
Event: 520.437 Thread 0x00007f9efb18d000 Exception <a 'java/lang/NoSuchMethodError': <clinit>> (0x00000007a0094430) thrown at [/Volumes/Android/buildbot/src/googleplex-android/openjdk/out/hotspot/src/share/vm/prims/jni.cpp, line 1615]
Event: 520.437 Thread 0x00007f9efb18d000 Exception <a 'java/lang/NoSuchMethodError': <clinit>> (0x00000007a00aafd8) thrown at [/Volumes/Android/buildbot/src/googleplex-android/openjdk/out/hotspot/src/share/vm/prims/jni.cpp, line 1615]

Events (10 events):
Event: 520.507 loading class com/android/ide/common/util/AssetUtil$Effect done
Event: 520.507 loading class java/awt/Image$1
Event: 520.508 loading class sun/awt/image/SurfaceManager$ImageAccessor
Event: 520.508 loading class sun/awt/image/SurfaceManager$ImageAccessor done
Event: 520.508 loading class java/awt/Image$1 done
Event: 520.508 loading class sun/awt/image/SurfaceManager
Event: 520.508 loading class sun/awt/image/SurfaceManager done
Event: 520.509 loading class java/awt/image/ColorModel$1
Event: 520.509 loading class java/awt/image/ColorModel$1 done
Event: 520.510 Thread 0x00007f9ef7017000 flushing nmethod 0x0000000113c3dd10


Dynamic libraries:
0x00007fff3c2a4000 	/System/Library/Frameworks/Cocoa.framework/Versions/A/Cocoa
0x00007fff488f4000 	/System/Library/Frameworks/Security.framework/Versions/A/Security
0x00007fff3aee2000 	/System/Library/Frameworks/ApplicationServices.framework/Versions/A/ApplicationServices
0x00007fff648b4000 	/usr/lib/libz.1.dylib
0x00007fff62762000 	/usr/lib/libSystem.B.dylib
0x00007fff3ca65000 	/System/Library/Frameworks/CoreFoundation.framework/Versions/A/CoreFoundation
0x00007fff3ebe1000 	/System/Library/Frameworks/Foundation.framework/Versions/C/Foundation
0x00007fff63e9d000 	/usr/lib/libobjc.A.dylib
0x00007fff3a032000 	/System/Library/Frameworks/AppKit.framework/Versions/C/AppKit
0x00007fff3c61c000 	/System/Library/Frameworks/CoreData.framework/Versions/A/CoreData
0x00007fff5c015000 	/System/Library/PrivateFrameworks/RemoteViewServices.framework/Versions/A/RemoteViewServices
0x00007fff60793000 	/System/Library/PrivateFrameworks/UIFoundation.framework/Versions/A/UIFoundation
0x00007fff50e0d000 	/System/Library/PrivateFrameworks/DFRFoundation.framework/Versions/A/DFRFoundation
0x00007fff41252000 	/System/Library/Frameworks/Metal.framework/Versions/A/Metal
0x00007fff50faa000 	/System/Library/PrivateFrameworks/DesktopServicesPriv.framework/Versions/A/DesktopServicesPriv
0x00007fff633ea000 	/usr/lib/libenergytrace.dylib
0x00007fff5e7fd000 	/System/Library/PrivateFrameworks/SkyLight.framework/Versions/A/SkyLight
0x00007fff3cf03000 	/System/Library/Frameworks/CoreGraphics.framework/Versions/A/CoreGraphics
0x00007fff6275d000 	/usr/lib/libScreenReader.dylib
0x00007fff38d44000 	/System/Library/Frameworks/Accelerate.framework/Versions/A/Accelerate
0x00007fff3f35c000 	/System/Library/Frameworks/IOSurface.framework/Versions/A/IOSurface
0x00007fff3b42d000 	/System/Library/Frameworks/AudioToolbox.framework/Versions/A/AudioToolbox
0x00007fff3b6bd000 	/System/Library/Frameworks/AudioUnit.framework/Versions/A/AudioUnit
0x00007fff50ea5000 	/System/Library/PrivateFrameworks/DataDetectorsCore.framework/Versions/A/DataDetectorsCore
0x00007fff3bd97000 	/System/Library/Frameworks/Carbon.framework/Versions/A/Frameworks/HIToolbox.framework/Versions/A/HIToolbox
0x00007fff63544000 	/usr/lib/libicucore.A.dylib
0x00007fff47e6f000 	/System/Library/Frameworks/QuartzCore.framework/Versions/A/QuartzCore
0x00007fff5da9e000 	/System/Library/PrivateFrameworks/SignpostNotification.framework/Versions/A/SignpostNotification
0x00007fff3c17d000 	/System/Library/Frameworks/Carbon.framework/Versions/A/Frameworks/SpeechRecognition.framework/Versions/A/SpeechRecognition
0x00007fff62940000 	/usr/lib/libauto.dylib
0x00007fff647a3000 	/usr/lib/libxml2.2.dylib
0x00007fff50a5d000 	/System/Library/PrivateFrameworks/CoreUI.framework/Versions/A/CoreUI
0x00007fff3c4f8000 	/System/Library/Frameworks/CoreAudio.framework/Versions/A/CoreAudio
0x00007fff3ea1b000 	/System/Library/Frameworks/DiskArbitration.framework/Versions/A/DiskArbitration
0x00007fff637b8000 	/usr/lib/liblangid.dylib
0x00007fff58519000 	/System/Library/PrivateFrameworks/MultitouchSupport.framework/Versions/A/MultitouchSupport
0x00007fff3f2bf000 	/System/Library/Frameworks/IOKit.framework/Versions/A/IOKit
0x00007fff623ec000 	/usr/lib/libDiagnosticMessagesClient.dylib
0x00007fff3dbf8000 	/System/Library/Frameworks/CoreServices.framework/Versions/A/CoreServices
0x00007fff5a051000 	/System/Library/PrivateFrameworks/PerformanceAnalysis.framework/Versions/A/PerformanceAnalysis
0x00007fff4700c000 	/System/Library/Frameworks/OpenGL.framework/Versions/A/OpenGL
0x00007fff3c2b2000 	/System/Library/Frameworks/ColorSync.framework/Versions/A/ColorSync
0x00007fff3d534000 	/System/Library/Frameworks/CoreImage.framework/Versions/A/CoreImage
0x00007fff3e589000 	/System/Library/Frameworks/CoreText.framework/Versions/A/CoreText
0x00007fff3f3ba000 	/System/Library/Frameworks/ImageIO.framework/Versions/A/ImageIO
0x00007fff4d707000 	/System/Library/PrivateFrameworks/Backup.framework/Versions/A/Backup
0x00007fff6280e000 	/usr/lib/libarchive.2.dylib
0x00007fff3b9e0000 	/System/Library/Frameworks/CFNetwork.framework/Versions/A/CFNetwork
0x00007fff49087000 	/System/Library/Frameworks/SystemConfiguration.framework/Versions/A/SystemConfiguration
0x00007fff62315000 	/usr/lib/libCRFSuite.dylib
0x00007fff62a1a000 	/usr/lib/libc++.1.dylib
0x00007fff62a71000 	/usr/lib/libc++abi.dylib
0x00007fff64962000 	/usr/lib/system/libcache.dylib
0x00007fff64967000 	/usr/lib/system/libcommonCrypto.dylib
0x00007fff64972000 	/usr/lib/system/libcompiler_rt.dylib
0x00007fff6497a000 	/usr/lib/system/libcopyfile.dylib
0x00007fff64984000 	/usr/lib/system/libcorecrypto.dylib
0x00007fff64a91000 	/usr/lib/system/libdispatch.dylib
0x00007fff64acb000 	/usr/lib/system/libdyld.dylib
0x00007fff64ae9000 	/usr/lib/system/libkeymgr.dylib
0x00007fff64af7000 	/usr/lib/system/liblaunch.dylib
0x00007fff64af8000 	/usr/lib/system/libmacho.dylib
0x00007fff64afd000 	/usr/lib/system/libquarantine.dylib
0x00007fff64b00000 	/usr/lib/system/libremovefile.dylib
0x00007fff64b02000 	/usr/lib/system/libsystem_asl.dylib
0x00007fff64b1a000 	/usr/lib/system/libsystem_blocks.dylib
0x00007fff64b1b000 	/usr/lib/system/libsystem_c.dylib
0x00007fff64ba5000 	/usr/lib/system/libsystem_configuration.dylib
0x00007fff64ba9000 	/usr/lib/system/libsystem_coreservices.dylib
0x00007fff64bad000 	/usr/lib/system/libsystem_darwin.dylib
0x00007fff64baf000 	/usr/lib/system/libsystem_dnssd.dylib
0x00007fff64bb6000 	/usr/lib/system/libsystem_info.dylib
0x00007fff64c27000 	/usr/lib/system/libsystem_m.dylib
0x00007fff64c73000 	/usr/lib/system/libsystem_malloc.dylib
0x00007fff64c93000 	/usr/lib/system/libsystem_network.dylib
0x00007fff64dc4000 	/usr/lib/system/libsystem_networkextension.dylib
0x00007fff64dcf000 	/usr/lib/system/libsystem_notify.dylib
0x00007fff64ded000 	/usr/lib/system/libsystem_sandbox.dylib
0x00007fff64df1000 	/usr/lib/system/libsystem_secinit.dylib
0x00007fff64c00000 	/usr/lib/system/libsystem_kernel.dylib
0x00007fff64dd9000 	/usr/lib/system/libsystem_platform.dylib
0x00007fff64de1000 	/usr/lib/system/libsystem_pthread.dylib
0x00007fff64df3000 	/usr/lib/system/libsystem_symptoms.dylib
0x00007fff64dfb000 	/usr/lib/system/libsystem_trace.dylib
0x00007fff64e11000 	/usr/lib/system/libunwind.dylib
0x00007fff64e17000 	/usr/lib/system/libxpc.dylib
0x00007fff62228000 	/usr/lib/closure/libclosured.dylib
0x00007fff629fb000 	/usr/lib/libbsm.0.dylib
0x00007fff64aea000 	/usr/lib/system/libkxld.dylib
0x00007fff62626000 	/usr/lib/libOpenScriptingUtil.dylib
0x00007fff62d6a000 	/usr/lib/libcoretls.dylib
0x00007fff62d83000 	/usr/lib/libcoretls_cfhelpers.dylib
0x00007fff642a1000 	/usr/lib/libpam.2.dylib
0x00007fff643cc000 	/usr/lib/libsqlite3.dylib
0x00007fff64792000 	/usr/lib/libxar.1.dylib
0x00007fff62a0c000 	/usr/lib/libbz2.1.0.dylib
0x00007fff637ba000 	/usr/lib/liblzma.5.dylib
0x00007fff63c9b000 	/usr/lib/libnetwork.dylib
0x00007fff627f7000 	/usr/lib/libapple_nghttp2.dylib
0x00007fff642a8000 	/usr/lib/libpcap.A.dylib
0x00007fff62941000 	/usr/lib/libboringssl.dylib
0x00007fff6472d000 	/usr/lib/libusrtcp.dylib
0x00007fff627f6000 	/usr/lib/libapple_crypto.dylib
0x00007fff3df7b000 	/System/Library/Frameworks/CoreServices.framework/Versions/A/Frameworks/FSEvents.framework/Versions/A/FSEvents
0x00007fff3dc6e000 	/System/Library/Frameworks/CoreServices.framework/Versions/A/Frameworks/CarbonCore.framework/Versions/A/CarbonCore
0x00007fff3e143000 	/System/Library/Frameworks/CoreServices.framework/Versions/A/Frameworks/Metadata.framework/Versions/A/Metadata
0x00007fff3e1f4000 	/System/Library/Frameworks/CoreServices.framework/Versions/A/Frameworks/OSServices.framework/Versions/A/OSServices
0x00007fff3e255000 	/System/Library/Frameworks/CoreServices.framework/Versions/A/Frameworks/SearchKit.framework/Versions/A/SearchKit
0x00007fff3dbf9000 	/System/Library/Frameworks/CoreServices.framework/Versions/A/Frameworks/AE.framework/Versions/A/AE
0x00007fff3df84000 	/System/Library/Frameworks/CoreServices.framework/Versions/A/Frameworks/LaunchServices.framework/Versions/A/LaunchServices
0x00007fff3df46000 	/System/Library/Frameworks/CoreServices.framework/Versions/A/Frameworks/DictionaryServices.framework/Versions/A/DictionaryServices
0x00007fff3e2c4000 	/System/Library/Frameworks/CoreServices.framework/Versions/A/Frameworks/SharedFileList.framework/Versions/A/SharedFileList
0x00007fff42488000 	/System/Library/Frameworks/NetFS.framework/Versions/A/NetFS
0x00007fff587aa000 	/System/Library/PrivateFrameworks/NetAuth.framework/Versions/A/NetAuth
0x00007fff620bf000 	/System/Library/PrivateFrameworks/login.framework/Versions/A/Frameworks/loginsupport.framework/Versions/A/loginsupport
0x00007fff60410000 	/System/Library/PrivateFrameworks/TCC.framework/Versions/A/TCC
0x00007fff6389b000 	/usr/lib/libmecabra.dylib
0x00007fff3aee3000 	/System/Library/Frameworks/ApplicationServices.framework/Versions/A/Frameworks/ATS.framework/Versions/A/ATS
0x00007fff3b292000 	/System/Library/Frameworks/ApplicationServices.framework/Versions/A/Frameworks/ColorSyncLegacy.framework/Versions/A/ColorSyncLegacy
0x00007fff3b336000 	/System/Library/Frameworks/ApplicationServices.framework/Versions/A/Frameworks/HIServices.framework/Versions/A/HIServices
0x00007fff3b389000 	/System/Library/Frameworks/ApplicationServices.framework/Versions/A/Frameworks/LangAnalysis.framework/Versions/A/LangAnalysis
0x00007fff3b398000 	/System/Library/Frameworks/ApplicationServices.framework/Versions/A/Frameworks/PrintCore.framework/Versions/A/PrintCore
0x00007fff3b3e5000 	/System/Library/Frameworks/ApplicationServices.framework/Versions/A/Frameworks/QD.framework/Versions/A/QD
0x00007fff3b420000 	/System/Library/Frameworks/ApplicationServices.framework/Versions/A/Frameworks/SpeechSynthesis.framework/Versions/A/SpeechSynthesis
0x00007fff3c981000 	/System/Library/Frameworks/CoreDisplay.framework/Versions/A/CoreDisplay
0x00007fff38d5d000 	/System/Library/Frameworks/Accelerate.framework/Versions/A/Frameworks/vImage.framework/Versions/A/vImage
0x00007fff39d3e000 	/System/Library/Frameworks/Accelerate.framework/Versions/A/Frameworks/vecLib.framework/Versions/A/vecLib
0x00007fff39b13000 	/System/Library/Frameworks/Accelerate.framework/Versions/A/Frameworks/vecLib.framework/Versions/A/libvDSP.dylib
0x00007fff3964d000 	/System/Library/Frameworks/Accelerate.framework/Versions/A/Frameworks/vecLib.framework/Versions/A/libBNNS.dylib
0x00007fff39a79000 	/System/Library/Frameworks/Accelerate.framework/Versions/A/Frameworks/vecLib.framework/Versions/A/libQuadrature.dylib
0x00007fff39c87000 	/System/Library/Frameworks/Accelerate.framework/Versions/A/Frameworks/vecLib.framework/Versions/A/libvMisc.dylib
0x00007fff39688000 	/System/Library/Frameworks/Accelerate.framework/Versions/A/Frameworks/vecLib.framework/Versions/A/libLAPACK.dylib
0x00007fff394ac000 	/System/Library/Frameworks/Accelerate.framework/Versions/A/Frameworks/vecLib.framework/Versions/A/libBLAS.dylib
0x00007fff39a62000 	/System/Library/Frameworks/Accelerate.framework/Versions/A/Frameworks/vecLib.framework/Versions/A/libLinearAlgebra.dylib
0x00007fff39a7f000 	/System/Library/Frameworks/Accelerate.framework/Versions/A/Frameworks/vecLib.framework/Versions/A/libSparse.dylib
0x00007fff39b00000 	/System/Library/Frameworks/Accelerate.framework/Versions/A/Frameworks/vecLib.framework/Versions/A/libSparseBLAS.dylib
0x00007fff555e4000 	/System/Library/PrivateFrameworks/GPUWrangler.framework/Versions/A/GPUWrangler
0x00007fff56d78000 	/System/Library/PrivateFrameworks/IOAccelerator.framework/Versions/A/IOAccelerator
0x00007fff56d83000 	/System/Library/PrivateFrameworks/IOPresentment.framework/Versions/A/IOPresentment
0x00007fff50e1f000 	/System/Library/PrivateFrameworks/DSExternalDisplay.framework/Versions/A/DSExternalDisplay
0x00007fff4648b000 	/System/Library/Frameworks/OpenGL.framework/Versions/A/Libraries/libCoreFSCache.dylib
0x00007fff3e6da000 	/System/Library/Frameworks/CoreVideo.framework/Versions/A/CoreVideo
0x00007fff5635f000 	/System/Library/PrivateFrameworks/GraphVisualizer.framework/Versions/A/GraphVisualizer
0x00007fff41489000 	/System/Library/Frameworks/MetalPerformanceShaders.framework/Versions/A/MetalPerformanceShaders
0x00007fff62424000 	/usr/lib/libFosl_dynamic.dylib
0x00007fff51eee000 	/System/Library/PrivateFrameworks/FaceCore.framework/Versions/A/FaceCore
0x00007fff45286000 	/System/Library/Frameworks/OpenCL.framework/Versions/A/OpenCL
0x00007fff62aa8000 	/usr/lib/libcompression.dylib
0x00007fff3afe2000 	/System/Library/Frameworks/ApplicationServices.framework/Versions/A/Frameworks/ATS.framework/Versions/A/Resources/libFontParser.dylib
0x00007fff3b105000 	/System/Library/Frameworks/ApplicationServices.framework/Versions/A/Frameworks/ATS.framework/Versions/A/Resources/libFontRegistry.dylib
0x00007fff3f626000 	/System/Library/Frameworks/ImageIO.framework/Versions/A/Resources/libJPEG.dylib
0x00007fff3f950000 	/System/Library/Frameworks/ImageIO.framework/Versions/A/Resources/libTIFF.dylib
0x00007fff3f926000 	/System/Library/Frameworks/ImageIO.framework/Versions/A/Resources/libPng.dylib
0x00007fff3f539000 	/System/Library/Frameworks/ImageIO.framework/Versions/A/Resources/libGIF.dylib
0x00007fff3f53e000 	/System/Library/Frameworks/ImageIO.framework/Versions/A/Resources/libJP2.dylib
0x00007fff3f94d000 	/System/Library/Frameworks/ImageIO.framework/Versions/A/Resources/libRadiance.dylib
0x00007fff4ce31000 	/System/Library/PrivateFrameworks/AppleJPEG.framework/Versions/A/AppleJPEG
0x00007fff412f0000 	/System/Library/Frameworks/MetalPerformanceShaders.framework/Frameworks/MPSCore.framework/Versions/A/MPSCore
0x00007fff4130c000 	/System/Library/Frameworks/MetalPerformanceShaders.framework/Frameworks/MPSImage.framework/Versions/A/MPSImage
0x00007fff413a1000 	/System/Library/Frameworks/MetalPerformanceShaders.framework/Frameworks/MPSNeuralNetwork.framework/Versions/A/MPSNeuralNetwork
0x00007fff4137c000 	/System/Library/Frameworks/MetalPerformanceShaders.framework/Frameworks/MPSMatrix.framework/Versions/A/MPSMatrix
0x00007fff5827b000 	/System/Library/PrivateFrameworks/MetalTools.framework/Versions/A/MetalTools
0x00007fff46656000 	/System/Library/Frameworks/OpenGL.framework/Versions/A/Libraries/libGLU.dylib
0x00007fff46496000 	/System/Library/Frameworks/OpenGL.framework/Versions/A/Libraries/libGFXShared.dylib
0x00007fff464a0000 	/System/Library/Frameworks/OpenGL.framework/Versions/A/Libraries/libGL.dylib
0x00007fff464ac000 	/System/Library/Frameworks/OpenGL.framework/Versions/A/Libraries/libGLImage.dylib
0x00007fff46488000 	/System/Library/Frameworks/OpenGL.framework/Versions/A/Libraries/libCVMSPluginSupport.dylib
0x00007fff46491000 	/System/Library/Frameworks/OpenGL.framework/Versions/A/Libraries/libCoreVMClient.dylib
0x00007fff63255000 	/usr/lib/libcups.2.dylib
0x00007fff40857000 	/System/Library/Frameworks/Kerberos.framework/Versions/A/Kerberos
0x00007fff3f019000 	/System/Library/Frameworks/GSS.framework/Versions/A/GSS
0x00007fff6435f000 	/usr/lib/libresolv.9.dylib
0x00007fff63452000 	/usr/lib/libiconv.2.dylib
0x00007fff563f1000 	/System/Library/PrivateFrameworks/Heimdal.framework/Versions/A/Heimdal
0x00007fff63421000 	/usr/lib/libheimdal-asn1.dylib
0x00007fff452fe000 	/System/Library/Frameworks/OpenDirectory.framework/Versions/A/OpenDirectory
0x00007fff4f14a000 	/System/Library/PrivateFrameworks/CommonAuth.framework/Versions/A/CommonAuth
0x00007fff452e1000 	/System/Library/Frameworks/OpenDirectory.framework/Versions/A/Frameworks/CFOpenDirectory.framework/Versions/A/CFOpenDirectory
0x00007fff48c20000 	/System/Library/Frameworks/SecurityFoundation.framework/Versions/A/SecurityFoundation
0x00007fff4bff4000 	/System/Library/PrivateFrameworks/APFS.framework/Versions/A/APFS
0x00007fff6478e000 	/usr/lib/libutil.dylib
0x00007fff4ceb4000 	/System/Library/PrivateFrameworks/AppleSauce.framework/Versions/A/AppleSauce
0x00007fff57560000 	/System/Library/PrivateFrameworks/LinguisticData.framework/Versions/A/LinguisticData
0x00007fff637d4000 	/usr/lib/libmarisa.dylib
0x00007fff5751a000 	/System/Library/PrivateFrameworks/Lexicon.framework/Versions/A/Lexicon
0x00007fff6234f000 	/usr/lib/libChineseTokenizer.dylib
0x00007fff62a97000 	/usr/lib/libcmph.dylib
0x00007fff57424000 	/System/Library/PrivateFrameworks/LanguageModeling.framework/Versions/A/LanguageModeling
0x00007fff4fc67000 	/System/Library/PrivateFrameworks/CoreEmoji.framework/Versions/A/CoreEmoji
0x00007fff48cde000 	/System/Library/Frameworks/ServiceManagement.framework/Versions/A/ServiceManagement
0x00007fff4d6ff000 	/System/Library/PrivateFrameworks/BackgroundTaskManagement.framework/Versions/A/BackgroundTaskManagement
0x00007fff6488b000 	/usr/lib/libxslt.1.dylib
0x00007fff3c0a7000 	/System/Library/Frameworks/Carbon.framework/Versions/A/Frameworks/Ink.framework/Versions/A/Ink
0x00007fff60625000 	/System/Library/PrivateFrameworks/TextureIO.framework/Versions/A/TextureIO
0x00007fff62839000 	/usr/lib/libate.dylib
0x00007fff50d7e000 	/System/Library/PrivateFrameworks/CrashReporterSupport.framework/Versions/A/CrashReporterSupport
0x00007fff5d95e000 	/System/Library/PrivateFrameworks/Sharing.framework/Versions/A/Sharing
0x00007fff57165000 	/System/Library/PrivateFrameworks/IconServices.framework/Versions/A/IconServices
0x00007fff4d32f000 	/System/Library/PrivateFrameworks/AuthKit.framework/Versions/A/AuthKit
0x00007fff4ccb4000 	/System/Library/PrivateFrameworks/Apple80211.framework/Versions/A/Apple80211
0x00007fff50b93000 	/System/Library/PrivateFrameworks/CoreUtils.framework/Versions/A/CoreUtils
0x00007fff3e715000 	/System/Library/Frameworks/CoreWLAN.framework/Versions/A/CoreWLAN
0x00007fff3f15b000 	/System/Library/Frameworks/IOBluetooth.framework/Versions/A/IOBluetooth
0x00007fff5be20000 	/System/Library/PrivateFrameworks/ProtocolBuffer.framework/Versions/A/ProtocolBuffer
0x00007fff58474000 	/System/Library/PrivateFrameworks/MobileKeyBag.framework/Versions/A/MobileKeyBag
0x00007fff5040b000 	/System/Library/PrivateFrameworks/CorePhoneNumbers.framework/Versions/A/CorePhoneNumbers
0x00007fff4cdec000 	/System/Library/PrivateFrameworks/AppleIDAuthSupport.framework/Versions/A/AppleIDAuthSupport
0x00007fff57410000 	/System/Library/PrivateFrameworks/KeychainCircle.framework/Versions/A/KeychainCircle
0x00007fff50d19000 	/System/Library/PrivateFrameworks/CoreWiFi.framework/Versions/A/CoreWiFi
0x00007fff3c5f2000 	/System/Library/Frameworks/CoreBluetooth.framework/Versions/A/CoreBluetooth
0x00007fff50f69000 	/System/Library/PrivateFrameworks/DebugSymbols.framework/Versions/A/DebugSymbols
0x00007fff50949000 	/System/Library/PrivateFrameworks/CoreSymbolication.framework/Versions/A/CoreSymbolication
0x00007fff5fe16000 	/System/Library/PrivateFrameworks/Symbolication.framework/Versions/A/Symbolication
0x00007fff4ccde000 	/System/Library/PrivateFrameworks/AppleFSCompression.framework/Versions/A/AppleFSCompression
0x00007fff5f263000 	/System/Library/PrivateFrameworks/SpeechRecognitionCore.framework/Versions/A/SpeechRecognitionCore
0x0000000103c00000 	/Applications/Android Studio.app/Contents/jre/jdk/Contents/Home/jre/lib/server/libjvm.dylib
0x00007fff6465b000 	/usr/lib/libstdc++.6.0.9.dylib
0x00000001032c6000 	/Applications/Android Studio.app/Contents/jre/jdk/Contents/Home/jre/lib/libverify.dylib
0x00000001032d8000 	/Applications/Android Studio.app/Contents/jre/jdk/Contents/Home/jre/lib/libjava.dylib
0x000000010336c000 	/Applications/Android Studio.app/Contents/jre/jdk/Contents/Home/jre/lib/libzip.dylib
0x000000010b3b1000 	/Applications/Android Studio.app/Contents/jre/jdk/Contents/Home/jre/lib/libnio.dylib
0x000000010b3cc000 	/Applications/Android Studio.app/Contents/jre/jdk/Contents/Home/jre/lib/./libnet.dylib
0x000000010bc0d000 	/Users/DREMO/.gradle/native/31/osx-amd64/libnative-platform.dylib
0x000000010c01a000 	/Applications/Android Studio.app/Contents/jre/jdk/Contents/Home/jre/lib/libmanagement.dylib
0x000000010daf8000 	/Applications/Android Studio.app/Contents/jre/jdk/Contents/Home/jre/lib/libawt.dylib
0x000000010e500000 	/Applications/Android Studio.app/Contents/jre/jdk/Contents/Home/jre/lib/./libmlib_image.dylib
0x00007fff40840000 	/System/Library/Frameworks/JavaVM.framework/Versions/A/Frameworks/JavaNativeFoundation.framework/Versions/A/JavaNativeFoundation
0x00007fff40849000 	/System/Library/Frameworks/JavaVM.framework/Versions/A/Frameworks/JavaRuntimeSupport.framework/Versions/A/JavaRuntimeSupport
0x00007fff40852000 	/System/Library/Frameworks/JavaVM.framework/Versions/A/JavaVM
0x00007fff57326000 	/System/Library/PrivateFrameworks/JavaLaunching.framework/Versions/A/JavaLaunching
0x00007fff3bd92000 	/System/Library/Frameworks/Carbon.framework/Versions/A/Carbon
0x00007fff3bd93000 	/System/Library/Frameworks/Carbon.framework/Versions/A/Frameworks/CommonPanels.framework/Versions/A/CommonPanels
0x00007fff3c09d000 	/System/Library/Frameworks/Carbon.framework/Versions/A/Frameworks/Help.framework/Versions/A/Help
0x00007fff3c0a1000 	/System/Library/Frameworks/Carbon.framework/Versions/A/Frameworks/ImageCapture.framework/Versions/A/ImageCapture
0x00007fff3c13d000 	/System/Library/Frameworks/Carbon.framework/Versions/A/Frameworks/OpenScripting.framework/Versions/A/OpenScripting
0x00007fff3c178000 	/System/Library/Frameworks/Carbon.framework/Versions/A/Frameworks/Print.framework/Versions/A/Print
0x00007fff3c17a000 	/System/Library/Frameworks/Carbon.framework/Versions/A/Frameworks/SecurityHI.framework/Versions/A/SecurityHI

VM Arguments:
jvm_args: -Xmx2048m -Dfile.encoding=UTF-8 -Duser.country=US -Duser.language=en -Duser.variant 
java_command: org.gradle.launcher.daemon.bootstrap.GradleDaemon 6.1.1
java_class_path (initial): /Users/DREMO/.gradle/wrapper/dists/gradle-6.1.1-all/cfmwm155h49vnt3hynmlrsdst/gradle-6.1.1/lib/gradle-launcher-6.1.1.jar
Launcher Type: SUN_STANDARD

Environment Variables:
PATH=/Users/DREMO/Documents/flutter/bin:/usr/bin:/bin:/usr/sbin:/sbin:/usr/local/bin:/Applications/VMware Fusion.app/Contents/Public
SHELL=/bin/bash

Signal Handlers:
SIGSEGV: [libjvm.dylib+0x565c43], sa_mask[0]=11111111011111110111111111111111, sa_flags=SA_ONSTACK|SA_RESTART|SA_SIGINFO
SIGBUS: [libjvm.dylib+0x565c43], sa_mask[0]=11111111011111110111111111111111, sa_flags=SA_RESTART|SA_SIGINFO
SIGFPE: [libjvm.dylib+0x45dd9d], sa_mask[0]=11111111011111110111111111111111, sa_flags=SA_RESTART|SA_SIGINFO
SIGPIPE: [libjvm.dylib+0x45dd9d], sa_mask[0]=11111111011111110111111111111111, sa_flags=SA_RESTART|SA_SIGINFO
SIGXFSZ: [libjvm.dylib+0x45dd9d], sa_mask[0]=11111111011111110111111111111111, sa_flags=SA_RESTART|SA_SIGINFO
SIGILL: [libjvm.dylib+0x45dd9d], sa_mask[0]=11111111011111110111111111111111, sa_flags=SA_RESTART|SA_SIGINFO
SIGUSR1: SIG_DFL, sa_mask[0]=00000000000000000000000000000000, sa_flags=none
SIGUSR2: [libjvm.dylib+0x45e69c], sa_mask[0]=00100000000000000000000000000000, sa_flags=SA_RESTART|SA_SIGINFO
SIGHUP: [libjvm.dylib+0x45c8c1], sa_mask[0]=11111111011111110111111111111111, sa_flags=SA_RESTART|SA_SIGINFO
SIGINT: [libjvm.dylib+0x45c8c1], sa_mask[0]=11111111011111110111111111111111, sa_flags=SA_RESTART|SA_SIGINFO
SIGTERM: [libjvm.dylib+0x45c8c1], sa_mask[0]=11111111011111110111111111111111, sa_flags=SA_RESTART|SA_SIGINFO
SIGQUIT: [libjvm.dylib+0x45c8c1], sa_mask[0]=11111111011111110111111111111111, sa_flags=SA_RESTART|SA_SIGINFO


---------------  S Y S T E M  ---------------

OS:Bsduname:Darwin 17.7.0 Darwin Kernel Version 17.7.0: Wed May 27 17:00:02 PDT 2020; root:xnu-4570.71.80.1~1/RELEASE_X86_64 x86_64
rlimit: STACK 8192k, CORE 0k, NPROC 709, NOFILE 10240, AS infinity
load average:5.49 6.07 5.23

CPU:total 4 (initial active 4) (2 cores per cpu, 2 threads per core) family 6 model 42 stepping 7, cmov, cx8, fxsr, mmx, sse, sse2, sse3, ssse3, sse4.1, sse4.2, popcnt, avx, aes, clmul, ht, tsc, tscinvbit

Memory: 4k page, physical 8388608k(254652k free)

/proc/meminfo:


vm_info: OpenJDK 64-Bit Server VM (25.242-b3-6222593) for bsd-amd64 JRE (1.8.0_242-release-1644-b3-6222593), built by "android-build" with gcc 4.2.1 Compatible Android (5484270 based on r353983c) Clang 9.0.3 (https://android.googlesource.com/toolchain/clang 745b335211bb9eadfa6aa6301f84715cee4b37c5) (https://android.googlesource.com/toolchain/llvm 60cf23e54e46c807513f7a36d0a7b777920b5881)

time: Tue Jun 30 02:08:56 2020
timezone: CST
elapsed time: 520 seconds (0d 0h 8m 40s)

