#
# A fatal error has been detected by the Java Runtime Environment:
#
#  SIGILL (0x4) at pc=0x000000010f393030, pid=3220, tid=0x000000000000a803
#
# JRE version: OpenJDK Runtime Environment (8.0_242) (build 1.8.0_242-release-1644-b3-6222593)
# Java VM: OpenJDK 64-Bit Server VM (25.242-b3-6222593 mixed mode bsd-amd64 compressed oops)
# Problematic frame:
# J 11992 C1 org.gradle.tooling.internal.provider.runner.TaskOriginTracker$$Lambda$62.apply(Ljava/lang/Object;)Ljava/lang/Object; (16 bytes) @ 0x000000010f393030 [0x000000010f392ee0+0x150]
#
# Failed to write core dump. Core dumps have been disabled. To enable core dumping, try "ulimit -c unlimited" before starting Java again
#
# If you would like to submit a bug report, please visit:
#   http://bugreport.java.com/bugreport/crash.jsp
#

---------------  T H R E A D  ---------------

Current thread (0x00007ff4fb9dc800):  JavaThread "Daemon worker" [_thread_in_Java, id=43011, stack(0x0000700004b94000,0x0000700004c94000)]

siginfo: si_signo: 4 (SIGILL), si_code: 1 (ILL_ILLOPC), si_addr: 0x000000010f393030

Registers:
RAX=0x00000007c0011118, RBX=0x000000010c85fbf8, RCX=0x00000007c0011118, RDX=0x00000007961036b0
RSP=0x0000700004c8f3c0, RBP=0x00000007961035d8, RSI=0x0000000796103528, RDI=0x0000000795b314f0
R8 =0x0000000000000048, R9 =0x000000000000000e, R10=0x00000007c042bc28, R11=0x0000000000000200
R12=0x0000000000000000, R13=0x00000000000001b8, R14=0x0000000000001b57, R15=0x00007ff4fb9dc800
RIP=0x000000010f393030, EFLAGS=0x0000000000010282, ERR=0x0000000000000000
  TRAPNO=0x0000000000000006

Top of Stack: (sp=0x0000700004c8f3c0)
0x0000700004c8f3c0:   0000000000000000 0000000000000000
0x0000700004c8f3d0:   0000700004c8faf0 00000001030babf5
0x0000700004c8f3e0:   000000000d034930 000070000c78e240
0x0000700004c8f3f0:   00007ff4fb9dc800 0000700004c8f590
0x0000700004c8f400:   0000000796102c38 0000700004c8f4a0
0x0000700004c8f410:   0000700004c8f470 000000010d5baffd
0x0000700004c8f420:   000000010d5baffd 0000000796102c38
0x0000700004c8f430:   00007ff4fb9dc800 0000000796103528
0x0000700004c8f440:   0000000795b31dc8 0000000000000000
0x0000700004c8f450:   0000000000000220 00000007c0032af0
0x0000700004c8f460:   0000000000000000 0000000795b314f0
0x0000700004c8f470:   00000007c0011118 00000007961036b0
0x0000700004c8f480:   0000700004c8f4c0 0000700004c8f4b0
0x0000700004c8f490:   00000001089cf1f8 00000007961036b0
0x0000700004c8f4a0:   00000007961036c8 0000000795b31508
0x0000700004c8f4b0:   000000010bc09b00 0000000000000206
0x0000700004c8f4c0:   00000007961035d8 000000010e1d6584
0x0000700004c8f4d0:   0000000100000000 0000700004c8fde0
0x0000700004c8f4e0:   0000700004c8f990 00007ff4faead640
0x0000700004c8f4f0:   00007ff4fac19f60 00007ff4fac19f70
0x0000700004c8f500:   00007ff4fac1a348 00000000000003d8
0x0000700004c8f510:   00000007c0000ea8 00000007c0001610
0x0000700004c8f520:   00000001089246e8 00007ff4fb9dc800
0x0000700004c8f530:   0000000108928618 00007ff4fb9dc800
0x0000700004c8f540:   0000000100000001 0000000000000000
0x0000700004c8f550:   0000000000000000 0000000108928618
0x0000700004c8f560:   0000000795b31508 00000007961036c8
0x0000700004c8f570:   00000007961036b0 000002ce00000000
0x0000700004c8f580:   0000000000000000 0000000000000048
0x0000700004c8f590:   00000007961036e0 000000010000000e
0x0000700004c8f5a0:   0000000796103730 00007ff4fb9dc800
0x0000700004c8f5b0:   0000000000000000 000000b6000000b6 

Instructions: (pc=0x000000010f393030)
0x000000010f393010:   00 00 48 bb f8 fb 85 0c 01 00 00 00 48 83 ab 08
0x000000010f393020:   01 00 00 01 e9 3f 07 00 00 e9 00 00 00 00 08 3b
0x000000010f393030:   07 48 8b d7 48 b8 f8 fb 85 0c 01 00 00 00 48 83
0x000000010f393040:   80 38 01 00 00 01 48 ba 48 51 8a 20 01 00 00 00 

Register to memory mapping:

RAX=0x00000007c0011118 is pointing into metadata
RBX=0x000000010c85fbf8 is pointing into metadata
RCX=0x00000007c0011118 is pointing into metadata
RDX=0x00000007961036b0 is an oop
java.lang.Long 
 - klass: 'java/lang/Long'
RSP=0x0000700004c8f3c0 is pointing into the stack for thread: 0x00007ff4fb9dc800
RBP=0x00000007961035d8 is an oop
org.gradle.internal.operations.OperationStartEvent 
 - klass: 'org/gradle/internal/operations/OperationStartEvent'
RSI=0x0000000796103528 is an oop
org.gradle.internal.operations.BuildOperationDescriptor 
 - klass: 'org/gradle/internal/operations/BuildOperationDescriptor'
RDI=0x0000000795b314f0 is an oop
org.gradle.tooling.internal.provider.runner.TaskOriginTracker 
 - klass: 'org/gradle/tooling/internal/provider/runner/TaskOriginTracker'
R8 =0x0000000000000048 is an unknown value
R9 =0x000000000000000e is an unknown value
R10=0x00000007c042bc28 is pointing into metadata
R11=0x0000000000000200 is an unknown value
R12=0x0000000000000000 is an unknown value
R13=0x00000000000001b8 is an unknown value
R14=0x0000000000001b57 is an unknown value
R15=0x00007ff4fb9dc800 is a thread


Stack: [0x0000700004b94000,0x0000700004c94000],  sp=0x0000700004c8f3c0,  free space=1004k
Native frames: (J=compiled Java code, j=interpreted, Vv=VM code, C=native code)
J 11992 C1 org.gradle.tooling.internal.provider.runner.TaskOriginTracker$$Lambda$62.apply(Ljava/lang/Object;)Ljava/lang/Object; (16 bytes) @ 0x000000010f393030 [0x000000010f392ee0+0x150]
J 4272 C1 java.util.concurrent.ConcurrentHashMap.computeIfAbsent(Ljava/lang/Object;Ljava/util/function/Function;)Ljava/lang/Object; (493 bytes) @ 0x000000010e1d6584 [0x000000010e1d5d60+0x824]
J 4523 C1 org.gradle.tooling.internal.provider.runner.TaskOriginTracker.started(Lorg/gradle/internal/operations/BuildOperationDescriptor;Lorg/gradle/internal/operations/OperationStartEvent;)V (62 bytes) @ 0x000000010e2a642c [0x000000010e2a59a0+0xa8c]
J 12013 C2 org.gradle.internal.operations.DefaultBuildOperationListenerManager$1.started(Lorg/gradle/internal/operations/BuildOperationDescriptor;Lorg/gradle/internal/operations/OperationStartEvent;)V (47 bytes) @ 0x000000010f3ab308 [0x000000010f3ab1c0+0x148]
J 4625 C1 org.gradle.internal.operations.DefaultBuildOperationExecutor$3.start()V (66 bytes) @ 0x000000010e2f15a4 [0x000000010e2f12c0+0x2e4]
J 4343 C1 org.gradle.internal.operations.DefaultBuildOperationExecutor$1.execute(Lorg/gradle/internal/operations/BuildOperationDescriptor;Lorg/gradle/internal/operations/DefaultBuildOperationExecutor$DefaultBuildOperationContext;Lorg/gradle/internal/operations/DefaultBuildOperationExecutor$BuildOperationExecutionListener;)Lorg/gradle/internal/operations/BuildOperation; (82 bytes) @ 0x000000010e2055bc [0x000000010e205500+0xbc]
J 4554 C1 org.gradle.internal.operations.DefaultBuildOperationExecutor.execute(Lorg/gradle/internal/operations/BuildOperationDescriptor$Builder;Lorg/gradle/internal/operations/DefaultBuildOperationExecutor$BuildOperationState;Lorg/gradle/internal/operations/DefaultBuildOperationExecutor$BuildOperationExecution;)Lorg/gradle/internal/operations/BuildOperation; (111 bytes) @ 0x000000010e2cc88c [0x000000010e2cb900+0xf8c]
J 7681 C1 org.gradle.internal.operations.DefaultBuildOperationExecutor.call(Lorg/gradle/internal/operations/CallableBuildOperation;)Ljava/lang/Object; (38 bytes) @ 0x000000010e9cbcfc [0x000000010e9cb5e0+0x71c]
J 5320 C1 org.gradle.internal.operations.DelegatingBuildOperationExecutor.call(Lorg/gradle/internal/operations/CallableBuildOperation;)Ljava/lang/Object; (11 bytes) @ 0x000000010ddbef4c [0x000000010ddbee40+0x10c]
J 12057 C1 org.gradle.api.internal.tasks.DefaultTaskContainer.registerTask(Ljava/lang/String;Ljava/lang/Class;Lorg/gradle/api/Action;[Ljava/lang/Object;)Lorg/gradle/api/tasks/TaskProvider; (69 bytes) @ 0x000000010f3b57dc [0x000000010f3b4ac0+0xd1c]
J 5839 C1 org.gradle.api.internal.tasks.DefaultTaskContainer.register(Ljava/lang/String;Ljava/lang/Class;Lorg/gradle/api/Action;)Lorg/gradle/api/tasks/TaskProvider; (17 bytes) @ 0x000000010e4b2574 [0x000000010e4b22a0+0x2d4]
j  org.gradle.api.plugins.HelpTasksPlugin.apply(Lorg/gradle/api/internal/project/ProjectInternal;)V+25
j  org.gradle.api.plugins.HelpTasksPlugin.apply(Ljava/lang/Object;)V+5
j  org.gradle.api.internal.plugins.ImperativeOnlyPluginTarget.applyImperative(Ljava/lang/String;Lorg/gradle/api/Plugin;)V+13
j  org.gradle.api.internal.plugins.RuleBasedPluginTarget.applyImperative(Ljava/lang/String;Lorg/gradle/api/Plugin;)V+6
j  org.gradle.api.internal.plugins.DefaultPluginManager.addPlugin(Ljava/lang/Runnable;Lorg/gradle/api/internal/plugins/PluginImplementation;Ljava/lang/String;Ljava/lang/Class;)V+52
j  org.gradle.api.internal.plugins.DefaultPluginManager.access$300(Lorg/gradle/api/internal/plugins/DefaultPluginManager;Ljava/lang/Runnable;Lorg/gradle/api/internal/plugins/PluginImplementation;Ljava/lang/String;Ljava/lang/Class;)V+6
j  org.gradle.api.internal.plugins.DefaultPluginManager$AddPluginBuildOperation.run(Lorg/gradle/internal/operations/BuildOperationContext;)V+20
J 4331 C1 org.gradle.internal.operations.DefaultBuildOperationExecutor$RunnableBuildOperationWorker.execute(Lorg/gradle/internal/operations/BuildOperation;Lorg/gradle/internal/operations/BuildOperationContext;)V (10 bytes) @ 0x000000010e1f7a3c [0x000000010e1f77e0+0x25c]
J 4343 C1 org.gradle.internal.operations.DefaultBuildOperationExecutor$1.execute(Lorg/gradle/internal/operations/BuildOperationDescriptor;Lorg/gradle/internal/operations/DefaultBuildOperationExecutor$DefaultBuildOperationContext;Lorg/gradle/internal/operations/DefaultBuildOperationExecutor$BuildOperationExecutionListener;)Lorg/gradle/internal/operations/BuildOperation; (82 bytes) @ 0x000000010e20567c [0x000000010e205500+0x17c]
J 4554 C1 org.gradle.internal.operations.DefaultBuildOperationExecutor.execute(Lorg/gradle/internal/operations/BuildOperationDescriptor$Builder;Lorg/gradle/internal/operations/DefaultBuildOperationExecutor$BuildOperationState;Lorg/gradle/internal/operations/DefaultBuildOperationExecutor$BuildOperationExecution;)Lorg/gradle/internal/operations/BuildOperation; (111 bytes) @ 0x000000010e2cc88c [0x000000010e2cb900+0xf8c]
J 4315 C1 org.gradle.internal.operations.DefaultBuildOperationExecutor.run(Lorg/gradle/internal/operations/RunnableBuildOperation;)V (28 bytes) @ 0x000000010e1ef24c [0x000000010e1eec40+0x60c]
J 11744 C1 org.gradle.internal.operations.DelegatingBuildOperationExecutor.run(Lorg/gradle/internal/operations/RunnableBuildOperation;)V (11 bytes) @ 0x000000010f2b65cc [0x000000010f2b64c0+0x10c]
j  org.gradle.api.internal.plugins.DefaultPluginManager$2.execute(Lorg/gradle/configuration/internal/UserCodeApplicationId;)V+36
j  org.gradle.api.internal.plugins.DefaultPluginManager$2.execute(Ljava/lang/Object;)V+5
j  org.gradle.configuration.internal.DefaultUserCodeApplicationContext.apply(Lorg/gradle/api/Action;)V+19
j  org.gradle.api.internal.plugins.DefaultPluginManager.doApply(Lorg/gradle/api/internal/plugins/PluginImplementation;)V+128
j  org.gradle.api.internal.plugins.DefaultPluginManager.apply(Ljava/lang/String;)V+52
j  org.gradle.api.plugins.internal.HelpTasksAutoApplyAction.execute(Lorg/gradle/api/internal/project/ProjectInternal;)V+8
j  org.gradle.api.plugins.internal.HelpTasksAutoApplyAction.execute(Ljava/lang/Object;)V+5
j  org.gradle.configuration.project.PluginsProjectConfigureActions.execute(Lorg/gradle/api/internal/project/ProjectInternal;)V+31
j  org.gradle.configuration.project.PluginsProjectConfigureActions.execute(Ljava/lang/Object;)V+5
j  org.gradle.configuration.project.ConfigureActionsProjectEvaluator.evaluate(Lorg/gradle/api/internal/project/ProjectInternal;Lorg/gradle/api/internal/project/ProjectStateInternal;)V+33
j  org.gradle.configuration.project.LifecycleProjectEvaluator$EvaluateProject$1.run()V+94
j  org.gradle.internal.Factories$1.create()Ljava/lang/Object;+4
j  org.gradle.internal.work.DefaultWorkerLeaseService.withLocks(Ljava/lang/Iterable;Lorg/gradle/internal/Factory;)Ljava/lang/Object;+26
j  org.gradle.internal.work.StopShieldingWorkerLeaseService.withLocks(Ljava/lang/Iterable;Lorg/gradle/internal/Factory;)Ljava/lang/Object;+6
j  org.gradle.api.internal.project.DefaultProjectStateRegistry$ProjectStateImpl.withProjectLock(Lorg/gradle/internal/resources/ResourceLock;Lorg/gradle/internal/Factory;)Ljava/lang/Object;+12
j  org.gradle.api.internal.project.DefaultProjectStateRegistry$ProjectStateImpl.withMutableState(Lorg/gradle/internal/Factory;)Ljava/lang/Object;+134
j  org.gradle.api.internal.project.DefaultProjectStateRegistry$ProjectStateImpl.withMutableState(Ljava/lang/Runnable;)V+5
j  org.gradle.configuration.project.LifecycleProjectEvaluator$EvaluateProject.run(Lorg/gradle/internal/operations/BuildOperationContext;)V+18
J 4331 C1 org.gradle.internal.operations.DefaultBuildOperationExecutor$RunnableBuildOperationWorker.execute(Lorg/gradle/internal/operations/BuildOperation;Lorg/gradle/internal/operations/BuildOperationContext;)V (10 bytes) @ 0x000000010e1f7a3c [0x000000010e1f77e0+0x25c]
J 4343 C1 org.gradle.internal.operations.DefaultBuildOperationExecutor$1.execute(Lorg/gradle/internal/operations/BuildOperationDescriptor;Lorg/gradle/internal/operations/DefaultBuildOperationExecutor$DefaultBuildOperationContext;Lorg/gradle/internal/operations/DefaultBuildOperationExecutor$BuildOperationExecutionListener;)Lorg/gradle/internal/operations/BuildOperation; (82 bytes) @ 0x000000010e20567c [0x000000010e205500+0x17c]
J 4554 C1 org.gradle.internal.operations.DefaultBuildOperationExecutor.execute(Lorg/gradle/internal/operations/BuildOperationDescriptor$Builder;Lorg/gradle/internal/operations/DefaultBuildOperationExecutor$BuildOperationState;Lorg/gradle/internal/operations/DefaultBuildOperationExecutor$BuildOperationExecution;)Lorg/gradle/internal/operations/BuildOperation; (111 bytes) @ 0x000000010e2cc88c [0x000000010e2cb900+0xf8c]
J 4315 C1 org.gradle.internal.operations.DefaultBuildOperationExecutor.run(Lorg/gradle/internal/operations/RunnableBuildOperation;)V (28 bytes) @ 0x000000010e1ef24c [0x000000010e1eec40+0x60c]
J 11744 C1 org.gradle.internal.operations.DelegatingBuildOperationExecutor.run(Lorg/gradle/internal/operations/RunnableBuildOperation;)V (11 bytes) @ 0x000000010f2b65cc [0x000000010f2b64c0+0x10c]
j  org.gradle.configuration.project.LifecycleProjectEvaluator.evaluate(Lorg/gradle/api/internal/project/ProjectInternal;Lorg/gradle/api/internal/project/ProjectStateInternal;)V+22
j  org.gradle.api.internal.project.DefaultProject.evaluate()Lorg/gradle/api/internal/project/DefaultProject;+9
j  org.gradle.api.internal.project.DefaultProject.evaluate()Lorg/gradle/api/Project;+1
j  org.gradle.execution.TaskPathProjectEvaluator.configure(Lorg/gradle/api/internal/project/ProjectInternal;)V+21
j  org.gradle.execution.TaskPathProjectEvaluator.configureHierarchy(Lorg/gradle/api/internal/project/ProjectInternal;)V+2
j  org.gradle.configuration.DefaultProjectsPreparer.prepareProjects(Lorg/gradle/api/internal/GradleInternal;)V+79
j  org.gradle.configuration.BuildOperatingFiringProjectsPreparer$ConfigureBuild.run(Lorg/gradle/internal/operations/BuildOperationContext;)V+11
J 4331 C1 org.gradle.internal.operations.DefaultBuildOperationExecutor$RunnableBuildOperationWorker.execute(Lorg/gradle/internal/operations/BuildOperation;Lorg/gradle/internal/operations/BuildOperationContext;)V (10 bytes) @ 0x000000010e1f7a3c [0x000000010e1f77e0+0x25c]
J 4343 C1 org.gradle.internal.operations.DefaultBuildOperationExecutor$1.execute(Lorg/gradle/internal/operations/BuildOperationDescriptor;Lorg/gradle/internal/operations/DefaultBuildOperationExecutor$DefaultBuildOperationContext;Lorg/gradle/internal/operations/DefaultBuildOperationExecutor$BuildOperationExecutionListener;)Lorg/gradle/internal/operations/BuildOperation; (82 bytes) @ 0x000000010e20567c [0x000000010e205500+0x17c]
J 4554 C1 org.gradle.internal.operations.DefaultBuildOperationExecutor.execute(Lorg/gradle/internal/operations/BuildOperationDescriptor$Builder;Lorg/gradle/internal/operations/DefaultBuildOperationExecutor$BuildOperationState;Lorg/gradle/internal/operations/DefaultBuildOperationExecutor$BuildOperationExecution;)Lorg/gradle/internal/operations/BuildOperation; (111 bytes) @ 0x000000010e2cc88c [0x000000010e2cb900+0xf8c]
J 4315 C1 org.gradle.internal.operations.DefaultBuildOperationExecutor.run(Lorg/gradle/internal/operations/RunnableBuildOperation;)V (28 bytes) @ 0x000000010e1ef24c [0x000000010e1eec40+0x60c]
J 11744 C1 org.gradle.internal.operations.DelegatingBuildOperationExecutor.run(Lorg/gradle/internal/operations/RunnableBuildOperation;)V (11 bytes) @ 0x000000010f2b65cc [0x000000010f2b64c0+0x10c]
j  org.gradle.configuration.BuildOperatingFiringProjectsPreparer.prepareProjects(Lorg/gradle/api/internal/GradleInternal;)V+13
j  org.gradle.initialization.DefaultGradleLauncher.prepareProjects()V+40
j  org.gradle.initialization.DefaultGradleLauncher.doClassicBuildStages(Lorg/gradle/initialization/DefaultGradleLauncher$Stage;)V+29
j  org.gradle.initialization.DefaultGradleLauncher.doBuildStages(Lorg/gradle/initialization/DefaultGradleLauncher$Stage;)V+45
j  org.gradle.initialization.DefaultGradleLauncher.executeTasks()Lorg/gradle/api/internal/GradleInternal;+4
j  org.gradle.internal.invocation.GradleBuildController$1.execute(Lorg/gradle/initialization/GradleLauncher;)V+1
j  org.gradle.internal.invocation.GradleBuildController$1.execute(Ljava/lang/Object;)V+5
j  org.gradle.internal.invocation.GradleBuildController$3.create()Lorg/gradle/api/internal/GradleInternal;+31
j  org.gradle.internal.invocation.GradleBuildController$3.create()Ljava/lang/Object;+1
j  org.gradle.internal.work.DefaultWorkerLeaseService.withLocks(Ljava/lang/Iterable;Lorg/gradle/internal/Factory;)Ljava/lang/Object;+26
j  org.gradle.internal.work.StopShieldingWorkerLeaseService.withLocks(Ljava/lang/Iterable;Lorg/gradle/internal/Factory;)Ljava/lang/Object;+6
j  org.gradle.internal.invocation.GradleBuildController.doBuild(Lorg/gradle/api/internal/GradleInternal$BuildType;Lorg/gradle/api/Action;)Lorg/gradle/api/internal/GradleInternal;+26
j  org.gradle.internal.invocation.GradleBuildController.run()Lorg/gradle/api/internal/GradleInternal;+12
j  org.gradle.tooling.internal.provider.runner.ClientProvidedBuildActionRunner.run(Lorg/gradle/internal/invocation/BuildAction;Lorg/gradle/internal/invocation/BuildController;)Lorg/gradle/internal/invocation/BuildActionRunner$Result;+89
j  org.gradle.launcher.exec.ChainingBuildActionRunner.run(Lorg/gradle/internal/invocation/BuildAction;Lorg/gradle/internal/invocation/BuildController;)Lorg/gradle/internal/invocation/BuildActionRunner$Result;+34
j  org.gradle.launcher.exec.ChainingBuildActionRunner.run(Lorg/gradle/internal/invocation/BuildAction;Lorg/gradle/internal/invocation/BuildController;)Lorg/gradle/internal/invocation/BuildActionRunner$Result;+34
j  org.gradle.launcher.exec.BuildOutcomeReportingBuildActionRunner.run(Lorg/gradle/internal/invocation/BuildAction;Lorg/gradle/internal/invocation/BuildController;)Lorg/gradle/internal/invocation/BuildActionRunner$Result;+143
j  org.gradle.tooling.internal.provider.ValidatingBuildActionRunner.run(Lorg/gradle/internal/invocation/BuildAction;Lorg/gradle/internal/invocation/BuildController;)Lorg/gradle/internal/invocation/BuildActionRunner$Result;+6
j  org.gradle.launcher.exec.BuildCompletionNotifyingBuildActionRunner.run(Lorg/gradle/internal/invocation/BuildAction;Lorg/gradle/internal/invocation/BuildController;)Lorg/gradle/internal/invocation/BuildActionRunner$Result;+28
j  org.gradle.launcher.exec.RunAsBuildOperationBuildActionRunner$3.call(Lorg/gradle/internal/operations/BuildOperationContext;)Lorg/gradle/internal/invocation/BuildActionRunner$Result;+95
j  org.gradle.launcher.exec.RunAsBuildOperationBuildActionRunner$3.call(Lorg/gradle/internal/operations/BuildOperationContext;)Ljava/lang/Object;+2
J 7843 C1 org.gradle.internal.operations.DefaultBuildOperationExecutor$CallableBuildOperationWorker.execute(Lorg/gradle/internal/operations/BuildOperation;Lorg/gradle/internal/operations/BuildOperationContext;)V (10 bytes) @ 0x000000010ea35634 [0x000000010ea353e0+0x254]
J 4343 C1 org.gradle.internal.operations.DefaultBuildOperationExecutor$1.execute(Lorg/gradle/internal/operations/BuildOperationDescriptor;Lorg/gradle/internal/operations/DefaultBuildOperationExecutor$DefaultBuildOperationContext;Lorg/gradle/internal/operations/DefaultBuildOperationExecutor$BuildOperationExecutionListener;)Lorg/gradle/internal/operations/BuildOperation; (82 bytes) @ 0x000000010e20567c [0x000000010e205500+0x17c]
J 4554 C1 org.gradle.internal.operations.DefaultBuildOperationExecutor.execute(Lorg/gradle/internal/operations/BuildOperationDescriptor$Builder;Lorg/gradle/internal/operations/DefaultBuildOperationExecutor$BuildOperationState;Lorg/gradle/internal/operations/DefaultBuildOperationExecutor$BuildOperationExecution;)Lorg/gradle/internal/operations/BuildOperation; (111 bytes) @ 0x000000010e2cc88c [0x000000010e2cb900+0xf8c]
J 7681 C1 org.gradle.internal.operations.DefaultBuildOperationExecutor.call(Lorg/gradle/internal/operations/CallableBuildOperation;)Ljava/lang/Object; (38 bytes) @ 0x000000010e9cbcfc [0x000000010e9cb5e0+0x71c]
J 5320 C1 org.gradle.internal.operations.DelegatingBuildOperationExecutor.call(Lorg/gradle/internal/operations/CallableBuildOperation;)Ljava/lang/Object; (11 bytes) @ 0x000000010ddbef4c [0x000000010ddbee40+0x10c]
j  org.gradle.launcher.exec.RunAsBuildOperationBuildActionRunner.run(Lorg/gradle/internal/invocation/BuildAction;Lorg/gradle/internal/invocation/BuildController;)Lorg/gradle/internal/invocation/BuildActionRunner$Result;+33
j  org.gradle.launcher.exec.InProcessBuildActionExecuter$1.transform(Lorg/gradle/internal/invocation/BuildController;)Lorg/gradle/launcher/exec/BuildActionResult;+12
j  org.gradle.launcher.exec.InProcessBuildActionExecuter$1.transform(Ljava/lang/Object;)Ljava/lang/Object;+5
j  org.gradle.composite.internal.DefaultRootBuildState.run(Lorg/gradle/api/Transformer;)Ljava/lang/Object;+43
j  org.gradle.launcher.exec.InProcessBuildActionExecuter.execute(Lorg/gradle/internal/invocation/BuildAction;Lorg/gradle/initialization/BuildRequestContext;Lorg/gradle/launcher/exec/BuildActionParameters;Lorg/gradle/internal/service/ServiceRegistry;)Lorg/gradle/launcher/exec/BuildActionResult;+82
j  org.gradle.launcher.exec.InProcessBuildActionExecuter.execute(Lorg/gradle/internal/invocation/BuildAction;Lorg/gradle/initialization/BuildRequestContext;Ljava/lang/Object;Lorg/gradle/internal/service/ServiceRegistry;)Lorg/gradle/launcher/exec/BuildActionResult;+9
j  org.gradle.launcher.exec.BuildTreeScopeBuildActionExecuter.execute(Lorg/gradle/internal/invocation/BuildAction;Lorg/gradle/initialization/BuildRequestContext;Lorg/gradle/launcher/exec/BuildActionParameters;Lorg/gradle/internal/service/ServiceRegistry;)Lorg/gradle/launcher/exec/BuildActionResult;+38
j  org.gradle.launcher.exec.BuildTreeScopeBuildActionExecuter.execute(Lorg/gradle/internal/invocation/BuildAction;Lorg/gradle/initialization/BuildRequestContext;Ljava/lang/Object;Lorg/gradle/internal/service/ServiceRegistry;)Lorg/gradle/launcher/exec/BuildActionResult;+9
j  org.gradle.tooling.internal.provider.ContinuousBuildActionExecuter.execute(Lorg/gradle/internal/invocation/BuildAction;Lorg/gradle/initialization/BuildRequestContext;Lorg/gradle/launcher/exec/BuildActionParameters;Lorg/gradle/internal/service/ServiceRegistry;)Lorg/gradle/launcher/exec/BuildActionResult;+58
j  org.gradle.tooling.internal.provider.ContinuousBuildActionExecuter.execute(Lorg/gradle/internal/invocation/BuildAction;Lorg/gradle/initialization/BuildRequestContext;Ljava/lang/Object;Lorg/gradle/internal/service/ServiceRegistry;)Lorg/gradle/launcher/exec/BuildActionResult;+9
j  org.gradle.tooling.internal.provider.SubscribableBuildActionExecuter.execute(Lorg/gradle/internal/invocation/BuildAction;Lorg/gradle/initialization/BuildRequestContext;Lorg/gradle/launcher/exec/BuildActionParameters;Lorg/gradle/internal/service/ServiceRegistry;)Lorg/gradle/launcher/exec/BuildActionResult;+41
j  org.gradle.tooling.internal.provider.SubscribableBuildActionExecuter.execute(Lorg/gradle/internal/invocation/BuildAction;Lorg/gradle/initialization/BuildRequestContext;Ljava/lang/Object;Lorg/gradle/internal/service/ServiceRegistry;)Lorg/gradle/launcher/exec/BuildActionResult;+9
j  org.gradle.tooling.internal.provider.SessionScopeBuildActionExecuter.execute(Lorg/gradle/internal/invocation/BuildAction;Lorg/gradle/initialization/BuildRequestContext;Lorg/gradle/launcher/exec/BuildActionParameters;Lorg/gradle/internal/service/ServiceRegistry;)Lorg/gradle/launcher/exec/BuildActionResult;+117
j  org.gradle.tooling.internal.provider.SessionScopeBuildActionExecuter.execute(Lorg/gradle/internal/invocation/BuildAction;Lorg/gradle/initialization/BuildRequestContext;Ljava/lang/Object;Lorg/gradle/internal/service/ServiceRegistry;)Lorg/gradle/launcher/exec/BuildActionResult;+9
j  org.gradle.tooling.internal.provider.GradleThreadBuildActionExecuter.execute(Lorg/gradle/internal/invocation/BuildAction;Lorg/gradle/initialization/BuildRequestContext;Lorg/gradle/launcher/exec/BuildActionParameters;Lorg/gradle/internal/service/ServiceRegistry;)Lorg/gradle/launcher/exec/BuildActionResult;+12
j  org.gradle.tooling.internal.provider.GradleThreadBuildActionExecuter.execute(Lorg/gradle/internal/invocation/BuildAction;Lorg/gradle/initialization/BuildRequestContext;Ljava/lang/Object;Lorg/gradle/internal/service/ServiceRegistry;)Lorg/gradle/launcher/exec/BuildActionResult;+9
...<more frames>...


---------------  P R O C E S S  ---------------

Java Threads: ( => current thread )
  0x00007ff500f49800 JavaThread "Cache worker for cache directory md-rule (/Users/DREMO/.gradle/caches/6.1.1/md-rule)" [_thread_blocked, id=40719, stack(0x00007000057b8000,0x00007000058b8000)]
  0x00007ff4ffe1f800 JavaThread "Cache worker for cache directory md-supplier (/Users/DREMO/.gradle/caches/6.1.1/md-supplier)" [_thread_blocked, id=24591, stack(0x00007000055b2000,0x00007000056b2000)]
  0x00007ff500bb1800 JavaThread "Cache worker for file hash cache (/Users/DREMO/AndroidStudioProjects/NewsLify/.gradle/6.1.1/fileHashes)" [_thread_blocked, id=37643, stack(0x00007000053ac000,0x00007000054ac000)]
  0x00007ff500bb0800 JavaThread "Cache worker for checksums cache (/Users/DREMO/AndroidStudioProjects/NewsLify/.gradle/checksums)" [_thread_blocked, id=42511, stack(0x00007000052a9000,0x00007000053a9000)]
  0x00007ff501c4d000 JavaThread "Thread-70" [_thread_blocked, id=22543, stack(0x0000700004e9d000,0x0000700004f9d000)]
  0x00007ff500ba4800 JavaThread "Stdin handler" [_thread_blocked, id=22031, stack(0x0000700004d9a000,0x0000700004e9a000)]
  0x00007ff500ed1000 JavaThread "Asynchronous log dispatcher for DefaultDaemonConnection: socket connection from /127.0.0.1:50144 to /127.0.0.1:50172" [_thread_blocked, id=15631, stack(0x0000700004c97000,0x0000700004d97000)]
  0x00007ff4ffc96000 JavaThread "Cancel handler" [_thread_blocked, id=39695, stack(0x0000700004a91000,0x0000700004b91000)]
  0x00007ff4fc747000 JavaThread "Handler for socket connection from /127.0.0.1:50144 to /127.0.0.1:50172" [_thread_in_native, id=85511, stack(0x000070000488b000,0x000070000498b000)]
  0x00007ff4fc1c3000 JavaThread "File lock release action executor" [_thread_blocked, id=24075, stack(0x00007000054af000,0x00007000055af000)]
  0x00007ff501acf000 JavaThread "RMI Reaper" [_thread_blocked, id=85763, stack(0x0000700007818000,0x0000700007918000)]
  0x00007ff4fb28b000 JavaThread "RMI TCP Accept-0" daemon [_thread_in_native, id=86019, stack(0x0000700007715000,0x0000700007815000)]
  0x00007ff501816800 JavaThread "GC Daemon" daemon [_thread_blocked, id=86275, stack(0x0000700007612000,0x0000700007712000)]
  0x00007ff4fb050800 JavaThread "RMI Scheduler(0)" daemon [_thread_blocked, id=44295, stack(0x000070000740c000,0x000070000750c000)]
  0x00007ff501ad0000 JavaThread "process reaper" daemon [_thread_in_native, id=87043, stack(0x0000700003f18000,0x0000700003f40000)]
  0x00007ff502213800 JavaThread "MarlinRenderer Disposer" daemon [_thread_blocked, id=35591, stack(0x00007000069ee000,0x0000700006aee000)]
  0x00007ff500a69000 JavaThread "Java2D Disposer" daemon [_thread_blocked, id=35847, stack(0x00007000068eb000,0x00007000069eb000)]
  0x00007ff4fcde7000 JavaThread "AWT-AppKit" daemon [_thread_in_native, id=775, stack(0x00007ffeed1d9000,0x00007ffeed9d9000)]
  0x00007ff4ffd7e000 JavaThread "Cache worker for file content cache (/Users/DREMO/.gradle/caches/6.1.1/fileContent)" [_thread_blocked, id=38663, stack(0x0000700005ecd000,0x0000700005fcd000)]
  0x00007ff4ffd7f000 JavaThread "Memory manager" [_thread_blocked, id=39431, stack(0x0000700005dca000,0x0000700005eca000)]
  0x00007ff4fde7a000 JavaThread "Cache worker for execution history cache (/Users/DREMO/.gradle/caches/6.1.1/executionHistory)" [_thread_blocked, id=40195, stack(0x00007000056b5000,0x00007000057b5000)]
  0x00007ff4fbb4a000 JavaThread "Cache worker for file hash cache (/Users/DREMO/.gradle/caches/6.1.1/fileHashes)" [_thread_blocked, id=23555, stack(0x00007000051a6000,0x00007000052a6000)]
  0x00007ff4fbab9000 JavaThread "File lock request listener" [_thread_in_native, id=23043, stack(0x00007000050a3000,0x00007000051a3000)]
  0x00007ff4fc116000 JavaThread "Cache worker for journal cache (/Users/DREMO/.gradle/caches/journal-1)" [_thread_blocked, id=41731, stack(0x0000700004fa0000,0x00007000050a0000)]
=>0x00007ff4fb9dc800 JavaThread "Daemon worker" [_thread_in_Java, id=43011, stack(0x0000700004b94000,0x0000700004c94000)]
  0x00007ff4fb011800 JavaThread "Daemon periodic checks" [_thread_blocked, id=15875, stack(0x000070000498e000,0x0000700004a8e000)]
  0x00007ff4fc897000 JavaThread "Daemon" [_thread_blocked, id=15363, stack(0x0000700004788000,0x0000700004888000)]
  0x00007ff4fb07f800 JavaThread "Incoming local TCP Connector on port 50144" [_thread_in_native, id=15107, stack(0x0000700004685000,0x0000700004785000)]
  0x00007ff4fc693800 JavaThread "Daemon health stats" [_thread_blocked, id=17155, stack(0x0000700004582000,0x0000700004682000)]
  0x00007ff4fb83b800 JavaThread "Service Thread" daemon [_thread_blocked, id=14339, stack(0x000070000437c000,0x000070000447c000)]
  0x00007ff4fc81f000 JavaThread "C1 CompilerThread2" daemon [_thread_blocked, id=17667, stack(0x0000700004279000,0x0000700004379000)]
  0x00007ff4fb00e000 JavaThread "C2 CompilerThread1" daemon [_thread_in_native, id=18179, stack(0x0000700004176000,0x0000700004276000)]
  0x00007ff4fb00c800 JavaThread "C2 CompilerThread0" daemon [_thread_in_native, id=13827, stack(0x0000700004073000,0x0000700004173000)]
  0x00007ff4fb033000 JavaThread "Signal Dispatcher" daemon [_thread_blocked, id=18695, stack(0x0000700003f70000,0x0000700004070000)]
  0x00007ff4fb82e800 JavaThread "Finalizer" daemon [_thread_blocked, id=20739, stack(0x0000700003dea000,0x0000700003eea000)]
  0x00007ff4fc016800 JavaThread "Reference Handler" daemon [_thread_blocked, id=11523, stack(0x0000700003ce7000,0x0000700003de7000)]
  0x00007ff4fb802800 JavaThread "main" [_thread_blocked, id=9987, stack(0x00007000036d5000,0x00007000037d5000)]

Other Threads:
  0x00007ff4fb003800 VMThread [stack: 0x0000700003be4000,0x0000700003ce4000] [id=11267]
  0x00007ff4fb83c000 WatcherThread [stack: 0x000070000447f000,0x000070000457f000] [id=14595]

VM state:not at safepoint (normal execution)

VM Mutex/Monitor currently owned by a thread: None

heap address: 0x0000000740000000, size: 2048 MB, Compressed Oops mode: Zero based, Oop shift amount: 3
Narrow klass base: 0x0000000000000000, Narrow klass shift: 3
Compressed class space size: 1073741824 Address: 0x00000007c0000000

Heap:
 PSYoungGen      total 305152K, used 14762K [0x0000000795580000, 0x00000007aab80000, 0x00000007c0000000)
  eden space 266240K, 5% used [0x0000000795580000,0x00000007963ea9a0,0x00000007a5980000)
  from space 38912K, 0% used [0x00000007a8580000,0x00000007a8580000,0x00000007aab80000)
  to   space 41984K, 0% used [0x00000007a5980000,0x00000007a5980000,0x00000007a8280000)
 ParOldGen       total 226816K, used 56091K [0x0000000740000000, 0x000000074dd80000, 0x0000000795580000)
  object space 226816K, 24% used [0x0000000740000000,0x00000007436c6f90,0x000000074dd80000)
 Metaspace       used 93792K, capacity 98316K, committed 98856K, reserved 1134592K
  class space    used 12281K, capacity 13209K, committed 13360K, reserved 1048576K

Card table byte_map: [0x0000000103e78000,0x0000000104279000] byte_map_base: 0x0000000100478000

Marking Bits: (ParMarkBitMap*) 0x00000001034273f8
 Begin Bits: [0x0000000104524000, 0x0000000106524000)
 End Bits:   [0x0000000106524000, 0x0000000108524000)

Polling page: 0x00000001022c5000

CodeCache: size=245760Kb used=36189Kb max_used=36198Kb free=209570Kb
 bounds [0x000000010d5b3000, 0x000000010f973000, 0x000000011c5b3000]
 total_blobs=12629 nmethods=11633 adapters=908
 compilation: enabled

Compilation events (10 events):
Event: 137.803 Thread 0x00007ff4fc81f000 13938       1       org.gradle.internal.action.DefaultConfigurableRule::isCacheable (5 bytes)
Event: 137.804 Thread 0x00007ff4fc81f000 nmethod 13938 0x000000010e9d6990 code [0x000000010e9d6ae0, 0x000000010e9d6bf0]
Event: 137.815 Thread 0x00007ff4fc81f000 13942       3       org.gradle.internal.service.scopes.AbstractPluginServiceRegistry::registerProjectServices (1 bytes)
Event: 137.815 Thread 0x00007ff4fc81f000 nmethod 13942 0x000000010f2d6690 code [0x000000010f2d67e0, 0x000000010f2d6930]
Event: 137.815 Thread 0x00007ff4fc81f000 13941       3       org.gradle.internal.extensibility.ExtensibleDynamicObject::updateDelegates (149 bytes)
Event: 137.817 Thread 0x00007ff4fc81f000 nmethod 13941 0x000000010f2d5110 code [0x000000010f2d5300, 0x000000010f2d62b8]
Event: 137.821 Thread 0x00007ff4fc81f000 13944       3       com.google.common.base.Equivalence::equals (4 bytes)
Event: 137.822 Thread 0x00007ff4fc81f000 nmethod 13944 0x000000010e9d6690 code [0x000000010e9d67e0, 0x000000010e9d6910]
Event: 137.822 Thread 0x00007ff4fc81f000 13943       3       com.google.common.cache.CacheBuilder::getKeyStrength (14 bytes)
Event: 137.822 Thread 0x00007ff4fc81f000 nmethod 13943 0x000000010f2d4bd0 code [0x000000010f2d4d40, 0x000000010f2d5030]

GC Heap History (10 events):
Event: 28.874 GC heap before
{Heap before GC invocations=16 (full 3):
 PSYoungGen      total 227328K, used 227314K [0x0000000795580000, 0x00000007a5b00000, 0x00000007c0000000)
  eden space 204800K, 100% used [0x0000000795580000,0x00000007a1d80000,0x00000007a1d80000)
  from space 22528K, 99% used [0x00000007a3900000,0x00000007a4efcb20,0x00000007a4f00000)
  to   space 28160K, 0% used [0x00000007a1d80000,0x00000007a1d80000,0x00000007a3900000)
 ParOldGen       total 152064K, used 43281K [0x0000000740000000, 0x0000000749480000, 0x0000000795580000)
  object space 152064K, 28% used [0x0000000740000000,0x0000000742a44710,0x0000000749480000)
 Metaspace       used 76148K, capacity 79330K, committed 79640K, reserved 1118208K
  class space    used 10014K, capacity 10711K, committed 10800K, reserved 1048576K
Event: 28.936 GC heap after
Heap after GC invocations=16 (full 3):
 PSYoungGen      total 232960K, used 28128K [0x0000000795580000, 0x00000007a8680000, 0x00000007c0000000)
  eden space 204800K, 0% used [0x0000000795580000,0x0000000795580000,0x00000007a1d80000)
  from space 28160K, 99% used [0x00000007a1d80000,0x00000007a38f8318,0x00000007a3900000)
  to   space 35328K, 0% used [0x00000007a6400000,0x00000007a6400000,0x00000007a8680000)
 ParOldGen       total 152064K, used 50986K [0x0000000740000000, 0x0000000749480000, 0x0000000795580000)
  object space 152064K, 33% used [0x0000000740000000,0x00000007431ca808,0x0000000749480000)
 Metaspace       used 76148K, capacity 79330K, committed 79640K, reserved 1118208K
  class space    used 10014K, capacity 10711K, committed 10800K, reserved 1048576K
}
Event: 102.937 GC heap before
{Heap before GC invocations=17 (full 3):
 PSYoungGen      total 232960K, used 232928K [0x0000000795580000, 0x00000007a8680000, 0x00000007c0000000)
  eden space 204800K, 100% used [0x0000000795580000,0x00000007a1d80000,0x00000007a1d80000)
  from space 28160K, 99% used [0x00000007a1d80000,0x00000007a38f8318,0x00000007a3900000)
  to   space 35328K, 0% used [0x00000007a6400000,0x00000007a6400000,0x00000007a8680000)
 ParOldGen       total 152064K, used 50986K [0x0000000740000000, 0x0000000749480000, 0x0000000795580000)
  object space 152064K, 33% used [0x0000000740000000,0x00000007431ca808,0x0000000749480000)
 Metaspace       used 85748K, capacity 89560K, committed 89880K, reserved 1126400K
  class space    used 11237K, capacity 12015K, committed 12080K, reserved 1048576K
Event: 103.059 GC heap after
Heap after GC invocations=17 (full 3):
 PSYoungGen      total 266752K, used 22493K [0x0000000795580000, 0x00000007a8280000, 0x00000007c0000000)
  eden space 235520K, 0% used [0x0000000795580000,0x0000000795580000,0x00000007a3b80000)
  from space 31232K, 72% used [0x00000007a6400000,0x00000007a79f7520,0x00000007a8280000)
  to   space 36352K, 0% used [0x00000007a3b80000,0x00000007a3b80000,0x00000007a5f00000)
 ParOldGen       total 152064K, used 65913K [0x0000000740000000, 0x0000000749480000, 0x0000000795580000)
  object space 152064K, 43% used [0x0000000740000000,0x000000074405e748,0x0000000749480000)
 Metaspace       used 85748K, capacity 89560K, committed 89880K, reserved 1126400K
  class space    used 11237K, capacity 12015K, committed 12080K, reserved 1048576K
}
Event: 110.618 GC heap before
{Heap before GC invocations=18 (full 3):
 PSYoungGen      total 266752K, used 258013K [0x0000000795580000, 0x00000007a8280000, 0x00000007c0000000)
  eden space 235520K, 100% used [0x0000000795580000,0x00000007a3b80000,0x00000007a3b80000)
  from space 31232K, 72% used [0x00000007a6400000,0x00000007a79f7520,0x00000007a8280000)
  to   space 36352K, 0% used [0x00000007a3b80000,0x00000007a3b80000,0x00000007a5f00000)
 ParOldGen       total 152064K, used 65913K [0x0000000740000000, 0x0000000749480000, 0x0000000795580000)
  object space 152064K, 43% used [0x0000000740000000,0x000000074405e748,0x0000000749480000)
 Metaspace       used 93747K, capacity 98472K, committed 98600K, reserved 1134592K
  class space    used 12310K, capacity 13247K, committed 13360K, reserved 1048576K
Event: 110.720 GC heap after
Heap after GC invocations=18 (full 3):
 PSYoungGen      total 271872K, used 32826K [0x0000000795580000, 0x00000007aad00000, 0x00000007c0000000)
  eden space 235520K, 0% used [0x0000000795580000,0x0000000795580000,0x00000007a3b80000)
  from space 36352K, 90% used [0x00000007a3b80000,0x00000007a5b8e900,0x00000007a5f00000)
  to   space 40448K, 0% used [0x00000007a8580000,0x00000007a8580000,0x00000007aad00000)
 ParOldGen       total 152064K, used 65921K [0x0000000740000000, 0x0000000749480000, 0x0000000795580000)
  object space 152064K, 43% used [0x0000000740000000,0x0000000744060748,0x0000000749480000)
 Metaspace       used 93747K, capacity 98472K, committed 98600K, reserved 1134592K
  class space    used 12310K, capacity 13247K, committed 13360K, reserved 1048576K
}
Event: 131.450 GC heap before
{Heap before GC invocations=19 (full 3):
 PSYoungGen      total 271872K, used 41379K [0x0000000795580000, 0x00000007aad00000, 0x00000007c0000000)
  eden space 235520K, 3% used [0x0000000795580000,0x0000000795dda510,0x00000007a3b80000)
  from space 36352K, 90% used [0x00000007a3b80000,0x00000007a5b8e900,0x00000007a5f00000)
  to   space 40448K, 0% used [0x00000007a8580000,0x00000007a8580000,0x00000007aad00000)
 ParOldGen       total 152064K, used 65921K [0x0000000740000000, 0x0000000749480000, 0x0000000795580000)
  object space 152064K, 43% used [0x0000000740000000,0x0000000744060748,0x0000000749480000)
 Metaspace       used 93771K, capacity 98484K, committed 98600K, reserved 1134592K
  class space    used 12311K, capacity 13249K, committed 13360K, reserved 1048576K
Event: 131.523 GC heap after
Heap after GC invocations=19 (full 3):
 PSYoungGen      total 305152K, used 27661K [0x0000000795580000, 0x00000007aab80000, 0x00000007c0000000)
  eden space 266240K, 0% used [0x0000000795580000,0x0000000795580000,0x00000007a5980000)
  from space 38912K, 71% used [0x00000007a8580000,0x00000007aa083468,0x00000007aab80000)
  to   space 41984K, 0% used [0x00000007a5980000,0x00000007a5980000,0x00000007a8280000)
 ParOldGen       total 152064K, used 65921K [0x0000000740000000, 0x0000000749480000, 0x0000000795580000)
  object space 152064K, 43% used [0x0000000740000000,0x0000000744060748,0x0000000749480000)
 Metaspace       used 93771K, capacity 98484K, committed 98600K, reserved 1134592K
  class space    used 12311K, capacity 13249K, committed 13360K, reserved 1048576K
}
Event: 131.523 GC heap before
{Heap before GC invocations=20 (full 4):
 PSYoungGen      total 305152K, used 27661K [0x0000000795580000, 0x00000007aab80000, 0x00000007c0000000)
  eden space 266240K, 0% used [0x0000000795580000,0x0000000795580000,0x00000007a5980000)
  from space 38912K, 71% used [0x00000007a8580000,0x00000007aa083468,0x00000007aab80000)
  to   space 41984K, 0% used [0x00000007a5980000,0x00000007a5980000,0x00000007a8280000)
 ParOldGen       total 152064K, used 65921K [0x0000000740000000, 0x0000000749480000, 0x0000000795580000)
  object space 152064K, 43% used [0x0000000740000000,0x0000000744060748,0x0000000749480000)
 Metaspace       used 93771K, capacity 98484K, committed 98600K, reserved 1134592K
  class space    used 12311K, capacity 13249K, committed 13360K, reserved 1048576K
Event: 132.052 GC heap after
Heap after GC invocations=20 (full 4):
 PSYoungGen      total 305152K, used 0K [0x0000000795580000, 0x00000007aab80000, 0x00000007c0000000)
  eden space 266240K, 0% used [0x0000000795580000,0x0000000795580000,0x00000007a5980000)
  from space 38912K, 0% used [0x00000007a8580000,0x00000007a8580000,0x00000007aab80000)
  to   space 41984K, 0% used [0x00000007a5980000,0x00000007a5980000,0x00000007a8280000)
 ParOldGen       total 226816K, used 56091K [0x0000000740000000, 0x000000074dd80000, 0x0000000795580000)
  object space 226816K, 24% used [0x0000000740000000,0x00000007436c6f90,0x000000074dd80000)
 Metaspace       used 93583K, capacity 97984K, committed 98600K, reserved 1134592K
  class space    used 12254K, capacity 13155K, committed 13360K, reserved 1048576K
}

Deoptimization events (10 events):
Event: 110.424 Thread 0x00007ff4fb9dc800 Uncommon trap: reason=bimorphic action=maybe_recompile pc=0x000000010f8a7650 method=com.google.common.cache.LocalCache$Segment.get(Ljava/lang/Object;I)Ljava/lang/Object; @ 44
Event: 110.425 Thread 0x00007ff4fb9dc800 Uncommon trap: reason=unstable_if action=reinterpret pc=0x000000010de394d0 method=java.lang.reflect.Proxy.isProxyClass(Ljava/lang/Class;)Z @ 6
Event: 110.447 Thread 0x00007ff4fb9dc800 Uncommon trap: reason=bimorphic action=maybe_recompile pc=0x000000010f8a775c method=com.google.common.cache.LocalCache$Segment.getEntry(Ljava/lang/Object;I)Lcom/google/common/cache/ReferenceEntry; @ 62
Event: 110.455 Thread 0x00007ff4fb9dc800 Uncommon trap: reason=bimorphic action=maybe_recompile pc=0x000000010f8a775c method=com.google.common.cache.LocalCache$Segment.getEntry(Ljava/lang/Object;I)Lcom/google/common/cache/ReferenceEntry; @ 62
Event: 110.456 Thread 0x00007ff4fb9dc800 Uncommon trap: reason=bimorphic action=maybe_recompile pc=0x000000010f8add7c method=com.google.common.cache.LocalCache$Segment.getEntry(Ljava/lang/Object;I)Lcom/google/common/cache/ReferenceEntry; @ 62
Event: 110.461 Thread 0x00007ff4fb9dc800 Uncommon trap: reason=bimorphic action=maybe_recompile pc=0x000000010eaec964 method=com.google.common.cache.LocalCache$Segment.getEntry(Ljava/lang/Object;I)Lcom/google/common/cache/ReferenceEntry; @ 62
Event: 137.705 Thread 0x00007ff4fb9dc800 Uncommon trap: reason=array_check action=maybe_recompile pc=0x000000010f6c815c method=com.google.common.collect.ImmutableSet.construct(I[Ljava/lang/Object;)Lcom/google/common/collect/ImmutableSet; @ 122
Event: 137.715 Thread 0x00007ff4fb9dc800 Uncommon trap: reason=array_check action=maybe_recompile pc=0x000000010f6c815c method=com.google.common.collect.ImmutableSet.construct(I[Ljava/lang/Object;)Lcom/google/common/collect/ImmutableSet; @ 122
Event: 137.725 Thread 0x00007ff4fb9dc800 Uncommon trap: reason=array_check action=maybe_recompile pc=0x000000010f6c815c method=com.google.common.collect.ImmutableSet.construct(I[Ljava/lang/Object;)Lcom/google/common/collect/ImmutableSet; @ 122
Event: 137.741 Thread 0x00007ff4fb9dc800 Uncommon trap: reason=array_check action=maybe_recompile pc=0x000000010f6c815c method=com.google.common.collect.ImmutableSet.construct(I[Ljava/lang/Object;)Lcom/google/common/collect/ImmutableSet; @ 122

Classes redefined (0 events):
No events

Internal exceptions (10 events):
Event: 110.727 Thread 0x00007ff502588800 Exception <a 'java/lang/NoSuchMethodError': <clinit>> (0x00000007959de128) thrown at [/Volumes/Android/buildbot/src/googleplex-android/openjdk/out/hotspot/src/share/vm/prims/jni.cpp, line 1615]
Event: 137.715 Thread 0x00007ff4fb9dc800 Exception <a 'java/lang/NoSuchMethodError': <clinit>> (0x0000000795c08308) thrown at [/Volumes/Android/buildbot/src/googleplex-android/openjdk/out/hotspot/src/share/vm/prims/jni.cpp, line 1615]
Event: 137.725 Thread 0x00007ff4fb9dc800 Exception <a 'java/lang/NoSuchMethodError': <clinit>> (0x0000000795c5dd90) thrown at [/Volumes/Android/buildbot/src/googleplex-android/openjdk/out/hotspot/src/share/vm/prims/jni.cpp, line 1615]
Event: 137.757 Thread 0x00007ff4fb9dc800 Exception <a 'java/lang/NoSuchMethodError': <clinit>> (0x0000000795d7cb38) thrown at [/Volumes/Android/buildbot/src/googleplex-android/openjdk/out/hotspot/src/share/vm/prims/jni.cpp, line 1615]
Event: 137.758 Thread 0x00007ff4fb9dc800 Exception <a 'java/lang/NoSuchMethodError': <clinit>> (0x0000000795d80b78) thrown at [/Volumes/Android/buildbot/src/googleplex-android/openjdk/out/hotspot/src/share/vm/prims/jni.cpp, line 1615]
Event: 137.758 Thread 0x00007ff4fb9dc800 Exception <a 'java/lang/NoSuchMethodError': <clinit>> (0x0000000795d824b0) thrown at [/Volumes/Android/buildbot/src/googleplex-android/openjdk/out/hotspot/src/share/vm/prims/jni.cpp, line 1615]
Event: 137.758 Thread 0x00007ff4fb9dc800 Exception <a 'java/lang/NoSuchMethodError': <clinit>> (0x0000000795d83960) thrown at [/Volumes/Android/buildbot/src/googleplex-android/openjdk/out/hotspot/src/share/vm/prims/jni.cpp, line 1615]
Event: 137.758 Thread 0x00007ff4fb9dc800 Exception <a 'java/lang/NoSuchMethodError': <clinit>> (0x0000000795d85060) thrown at [/Volumes/Android/buildbot/src/googleplex-android/openjdk/out/hotspot/src/share/vm/prims/jni.cpp, line 1615]
Event: 137.758 Thread 0x00007ff4fb9dc800 Exception <a 'java/lang/NoSuchMethodError': <clinit>> (0x0000000795d86610) thrown at [/Volumes/Android/buildbot/src/googleplex-android/openjdk/out/hotspot/src/share/vm/prims/jni.cpp, line 1615]
Event: 137.758 Thread 0x00007ff4fb9dc800 Exception <a 'java/lang/NoSuchMethodError': <clinit>> (0x0000000795d87a60) thrown at [/Volumes/Android/buildbot/src/googleplex-android/openjdk/out/hotspot/src/share/vm/prims/jni.cpp, line 1615]

Events (10 events):
Event: 137.743 loading class org/gradle/tooling/internal/consumer/versioning/VersionDetails$R35VersionDetails
Event: 137.743 loading class org/gradle/tooling/internal/consumer/versioning/VersionDetails$R35VersionDetails done
Event: 137.744 loading class org/gradle/tooling/internal/consumer/versioning/VersionDetails$R28VersionDetails
Event: 137.744 loading class org/gradle/tooling/internal/consumer/versioning/VersionDetails$R28VersionDetails done
Event: 137.745 loading class org/gradle/tooling/internal/consumer/versioning/VersionDetails$R26VersionDetails
Event: 137.745 loading class org/gradle/tooling/internal/consumer/versioning/VersionDetails$R26VersionDetails done
Event: 137.747 loading class org/gradle/util/GradleVersion
Event: 137.747 loading class org/gradle/util/GradleVersion done
Event: 137.788 Thread 0x00007ff4ffe1f800 Thread added: 0x00007ff4ffe1f800
Event: 137.791 Thread 0x00007ff500f49800 Thread added: 0x00007ff500f49800


Dynamic libraries:
0x00007fff3c2a4000 	/System/Library/Frameworks/Cocoa.framework/Versions/A/Cocoa
0x00007fff488f4000 	/System/Library/Frameworks/Security.framework/Versions/A/Security
0x00007fff3aee2000 	/System/Library/Frameworks/ApplicationServices.framework/Versions/A/ApplicationServices
0x00007fff648b4000 	/usr/lib/libz.1.dylib
0x00007fff62762000 	/usr/lib/libSystem.B.dylib
0x00007fff3ca65000 	/System/Library/Frameworks/CoreFoundation.framework/Versions/A/CoreFoundation
0x00007fff3ebe1000 	/System/Library/Frameworks/Foundation.framework/Versions/C/Foundation
0x00007fff63e9d000 	/usr/lib/libobjc.A.dylib
0x00007fff3a032000 	/System/Library/Frameworks/AppKit.framework/Versions/C/AppKit
0x00007fff3c61c000 	/System/Library/Frameworks/CoreData.framework/Versions/A/CoreData
0x00007fff5c015000 	/System/Library/PrivateFrameworks/RemoteViewServices.framework/Versions/A/RemoteViewServices
0x00007fff60793000 	/System/Library/PrivateFrameworks/UIFoundation.framework/Versions/A/UIFoundation
0x00007fff50e0d000 	/System/Library/PrivateFrameworks/DFRFoundation.framework/Versions/A/DFRFoundation
0x00007fff41252000 	/System/Library/Frameworks/Metal.framework/Versions/A/Metal
0x00007fff50faa000 	/System/Library/PrivateFrameworks/DesktopServicesPriv.framework/Versions/A/DesktopServicesPriv
0x00007fff633ea000 	/usr/lib/libenergytrace.dylib
0x00007fff5e7fd000 	/System/Library/PrivateFrameworks/SkyLight.framework/Versions/A/SkyLight
0x00007fff3cf03000 	/System/Library/Frameworks/CoreGraphics.framework/Versions/A/CoreGraphics
0x00007fff6275d000 	/usr/lib/libScreenReader.dylib
0x00007fff38d44000 	/System/Library/Frameworks/Accelerate.framework/Versions/A/Accelerate
0x00007fff3f35c000 	/System/Library/Frameworks/IOSurface.framework/Versions/A/IOSurface
0x00007fff3b42d000 	/System/Library/Frameworks/AudioToolbox.framework/Versions/A/AudioToolbox
0x00007fff3b6bd000 	/System/Library/Frameworks/AudioUnit.framework/Versions/A/AudioUnit
0x00007fff50ea5000 	/System/Library/PrivateFrameworks/DataDetectorsCore.framework/Versions/A/DataDetectorsCore
0x00007fff3bd97000 	/System/Library/Frameworks/Carbon.framework/Versions/A/Frameworks/HIToolbox.framework/Versions/A/HIToolbox
0x00007fff63544000 	/usr/lib/libicucore.A.dylib
0x00007fff47e6f000 	/System/Library/Frameworks/QuartzCore.framework/Versions/A/QuartzCore
0x00007fff5da9e000 	/System/Library/PrivateFrameworks/SignpostNotification.framework/Versions/A/SignpostNotification
0x00007fff3c17d000 	/System/Library/Frameworks/Carbon.framework/Versions/A/Frameworks/SpeechRecognition.framework/Versions/A/SpeechRecognition
0x00007fff62940000 	/usr/lib/libauto.dylib
0x00007fff647a3000 	/usr/lib/libxml2.2.dylib
0x00007fff50a5d000 	/System/Library/PrivateFrameworks/CoreUI.framework/Versions/A/CoreUI
0x00007fff3c4f8000 	/System/Library/Frameworks/CoreAudio.framework/Versions/A/CoreAudio
0x00007fff3ea1b000 	/System/Library/Frameworks/DiskArbitration.framework/Versions/A/DiskArbitration
0x00007fff637b8000 	/usr/lib/liblangid.dylib
0x00007fff58519000 	/System/Library/PrivateFrameworks/MultitouchSupport.framework/Versions/A/MultitouchSupport
0x00007fff3f2bf000 	/System/Library/Frameworks/IOKit.framework/Versions/A/IOKit
0x00007fff623ec000 	/usr/lib/libDiagnosticMessagesClient.dylib
0x00007fff3dbf8000 	/System/Library/Frameworks/CoreServices.framework/Versions/A/CoreServices
0x00007fff5a051000 	/System/Library/PrivateFrameworks/PerformanceAnalysis.framework/Versions/A/PerformanceAnalysis
0x00007fff4700c000 	/System/Library/Frameworks/OpenGL.framework/Versions/A/OpenGL
0x00007fff3c2b2000 	/System/Library/Frameworks/ColorSync.framework/Versions/A/ColorSync
0x00007fff3d534000 	/System/Library/Frameworks/CoreImage.framework/Versions/A/CoreImage
0x00007fff3e589000 	/System/Library/Frameworks/CoreText.framework/Versions/A/CoreText
0x00007fff3f3ba000 	/System/Library/Frameworks/ImageIO.framework/Versions/A/ImageIO
0x00007fff4d707000 	/System/Library/PrivateFrameworks/Backup.framework/Versions/A/Backup
0x00007fff6280e000 	/usr/lib/libarchive.2.dylib
0x00007fff3b9e0000 	/System/Library/Frameworks/CFNetwork.framework/Versions/A/CFNetwork
0x00007fff49087000 	/System/Library/Frameworks/SystemConfiguration.framework/Versions/A/SystemConfiguration
0x00007fff62315000 	/usr/lib/libCRFSuite.dylib
0x00007fff62a1a000 	/usr/lib/libc++.1.dylib
0x00007fff62a71000 	/usr/lib/libc++abi.dylib
0x00007fff64962000 	/usr/lib/system/libcache.dylib
0x00007fff64967000 	/usr/lib/system/libcommonCrypto.dylib
0x00007fff64972000 	/usr/lib/system/libcompiler_rt.dylib
0x00007fff6497a000 	/usr/lib/system/libcopyfile.dylib
0x00007fff64984000 	/usr/lib/system/libcorecrypto.dylib
0x00007fff64a91000 	/usr/lib/system/libdispatch.dylib
0x00007fff64acb000 	/usr/lib/system/libdyld.dylib
0x00007fff64ae9000 	/usr/lib/system/libkeymgr.dylib
0x00007fff64af7000 	/usr/lib/system/liblaunch.dylib
0x00007fff64af8000 	/usr/lib/system/libmacho.dylib
0x00007fff64afd000 	/usr/lib/system/libquarantine.dylib
0x00007fff64b00000 	/usr/lib/system/libremovefile.dylib
0x00007fff64b02000 	/usr/lib/system/libsystem_asl.dylib
0x00007fff64b1a000 	/usr/lib/system/libsystem_blocks.dylib
0x00007fff64b1b000 	/usr/lib/system/libsystem_c.dylib
0x00007fff64ba5000 	/usr/lib/system/libsystem_configuration.dylib
0x00007fff64ba9000 	/usr/lib/system/libsystem_coreservices.dylib
0x00007fff64bad000 	/usr/lib/system/libsystem_darwin.dylib
0x00007fff64baf000 	/usr/lib/system/libsystem_dnssd.dylib
0x00007fff64bb6000 	/usr/lib/system/libsystem_info.dylib
0x00007fff64c27000 	/usr/lib/system/libsystem_m.dylib
0x00007fff64c73000 	/usr/lib/system/libsystem_malloc.dylib
0x00007fff64c93000 	/usr/lib/system/libsystem_network.dylib
0x00007fff64dc4000 	/usr/lib/system/libsystem_networkextension.dylib
0x00007fff64dcf000 	/usr/lib/system/libsystem_notify.dylib
0x00007fff64ded000 	/usr/lib/system/libsystem_sandbox.dylib
0x00007fff64df1000 	/usr/lib/system/libsystem_secinit.dylib
0x00007fff64c00000 	/usr/lib/system/libsystem_kernel.dylib
0x00007fff64dd9000 	/usr/lib/system/libsystem_platform.dylib
0x00007fff64de1000 	/usr/lib/system/libsystem_pthread.dylib
0x00007fff64df3000 	/usr/lib/system/libsystem_symptoms.dylib
0x00007fff64dfb000 	/usr/lib/system/libsystem_trace.dylib
0x00007fff64e11000 	/usr/lib/system/libunwind.dylib
0x00007fff64e17000 	/usr/lib/system/libxpc.dylib
0x00007fff62228000 	/usr/lib/closure/libclosured.dylib
0x00007fff629fb000 	/usr/lib/libbsm.0.dylib
0x00007fff64aea000 	/usr/lib/system/libkxld.dylib
0x00007fff62626000 	/usr/lib/libOpenScriptingUtil.dylib
0x00007fff62d6a000 	/usr/lib/libcoretls.dylib
0x00007fff62d83000 	/usr/lib/libcoretls_cfhelpers.dylib
0x00007fff642a1000 	/usr/lib/libpam.2.dylib
0x00007fff643cc000 	/usr/lib/libsqlite3.dylib
0x00007fff64792000 	/usr/lib/libxar.1.dylib
0x00007fff62a0c000 	/usr/lib/libbz2.1.0.dylib
0x00007fff637ba000 	/usr/lib/liblzma.5.dylib
0x00007fff63c9b000 	/usr/lib/libnetwork.dylib
0x00007fff627f7000 	/usr/lib/libapple_nghttp2.dylib
0x00007fff642a8000 	/usr/lib/libpcap.A.dylib
0x00007fff62941000 	/usr/lib/libboringssl.dylib
0x00007fff6472d000 	/usr/lib/libusrtcp.dylib
0x00007fff627f6000 	/usr/lib/libapple_crypto.dylib
0x00007fff3df7b000 	/System/Library/Frameworks/CoreServices.framework/Versions/A/Frameworks/FSEvents.framework/Versions/A/FSEvents
0x00007fff3dc6e000 	/System/Library/Frameworks/CoreServices.framework/Versions/A/Frameworks/CarbonCore.framework/Versions/A/CarbonCore
0x00007fff3e143000 	/System/Library/Frameworks/CoreServices.framework/Versions/A/Frameworks/Metadata.framework/Versions/A/Metadata
0x00007fff3e1f4000 	/System/Library/Frameworks/CoreServices.framework/Versions/A/Frameworks/OSServices.framework/Versions/A/OSServices
0x00007fff3e255000 	/System/Library/Frameworks/CoreServices.framework/Versions/A/Frameworks/SearchKit.framework/Versions/A/SearchKit
0x00007fff3dbf9000 	/System/Library/Frameworks/CoreServices.framework/Versions/A/Frameworks/AE.framework/Versions/A/AE
0x00007fff3df84000 	/System/Library/Frameworks/CoreServices.framework/Versions/A/Frameworks/LaunchServices.framework/Versions/A/LaunchServices
0x00007fff3df46000 	/System/Library/Frameworks/CoreServices.framework/Versions/A/Frameworks/DictionaryServices.framework/Versions/A/DictionaryServices
0x00007fff3e2c4000 	/System/Library/Frameworks/CoreServices.framework/Versions/A/Frameworks/SharedFileList.framework/Versions/A/SharedFileList
0x00007fff42488000 	/System/Library/Frameworks/NetFS.framework/Versions/A/NetFS
0x00007fff587aa000 	/System/Library/PrivateFrameworks/NetAuth.framework/Versions/A/NetAuth
0x00007fff620bf000 	/System/Library/PrivateFrameworks/login.framework/Versions/A/Frameworks/loginsupport.framework/Versions/A/loginsupport
0x00007fff60410000 	/System/Library/PrivateFrameworks/TCC.framework/Versions/A/TCC
0x00007fff6389b000 	/usr/lib/libmecabra.dylib
0x00007fff3aee3000 	/System/Library/Frameworks/ApplicationServices.framework/Versions/A/Frameworks/ATS.framework/Versions/A/ATS
0x00007fff3b292000 	/System/Library/Frameworks/ApplicationServices.framework/Versions/A/Frameworks/ColorSyncLegacy.framework/Versions/A/ColorSyncLegacy
0x00007fff3b336000 	/System/Library/Frameworks/ApplicationServices.framework/Versions/A/Frameworks/HIServices.framework/Versions/A/HIServices
0x00007fff3b389000 	/System/Library/Frameworks/ApplicationServices.framework/Versions/A/Frameworks/LangAnalysis.framework/Versions/A/LangAnalysis
0x00007fff3b398000 	/System/Library/Frameworks/ApplicationServices.framework/Versions/A/Frameworks/PrintCore.framework/Versions/A/PrintCore
0x00007fff3b3e5000 	/System/Library/Frameworks/ApplicationServices.framework/Versions/A/Frameworks/QD.framework/Versions/A/QD
0x00007fff3b420000 	/System/Library/Frameworks/ApplicationServices.framework/Versions/A/Frameworks/SpeechSynthesis.framework/Versions/A/SpeechSynthesis
0x00007fff3c981000 	/System/Library/Frameworks/CoreDisplay.framework/Versions/A/CoreDisplay
0x00007fff38d5d000 	/System/Library/Frameworks/Accelerate.framework/Versions/A/Frameworks/vImage.framework/Versions/A/vImage
0x00007fff39d3e000 	/System/Library/Frameworks/Accelerate.framework/Versions/A/Frameworks/vecLib.framework/Versions/A/vecLib
0x00007fff39b13000 	/System/Library/Frameworks/Accelerate.framework/Versions/A/Frameworks/vecLib.framework/Versions/A/libvDSP.dylib
0x00007fff3964d000 	/System/Library/Frameworks/Accelerate.framework/Versions/A/Frameworks/vecLib.framework/Versions/A/libBNNS.dylib
0x00007fff39a79000 	/System/Library/Frameworks/Accelerate.framework/Versions/A/Frameworks/vecLib.framework/Versions/A/libQuadrature.dylib
0x00007fff39c87000 	/System/Library/Frameworks/Accelerate.framework/Versions/A/Frameworks/vecLib.framework/Versions/A/libvMisc.dylib
0x00007fff39688000 	/System/Library/Frameworks/Accelerate.framework/Versions/A/Frameworks/vecLib.framework/Versions/A/libLAPACK.dylib
0x00007fff394ac000 	/System/Library/Frameworks/Accelerate.framework/Versions/A/Frameworks/vecLib.framework/Versions/A/libBLAS.dylib
0x00007fff39a62000 	/System/Library/Frameworks/Accelerate.framework/Versions/A/Frameworks/vecLib.framework/Versions/A/libLinearAlgebra.dylib
0x00007fff39a7f000 	/System/Library/Frameworks/Accelerate.framework/Versions/A/Frameworks/vecLib.framework/Versions/A/libSparse.dylib
0x00007fff39b00000 	/System/Library/Frameworks/Accelerate.framework/Versions/A/Frameworks/vecLib.framework/Versions/A/libSparseBLAS.dylib
0x00007fff555e4000 	/System/Library/PrivateFrameworks/GPUWrangler.framework/Versions/A/GPUWrangler
0x00007fff56d78000 	/System/Library/PrivateFrameworks/IOAccelerator.framework/Versions/A/IOAccelerator
0x00007fff56d83000 	/System/Library/PrivateFrameworks/IOPresentment.framework/Versions/A/IOPresentment
0x00007fff50e1f000 	/System/Library/PrivateFrameworks/DSExternalDisplay.framework/Versions/A/DSExternalDisplay
0x00007fff4648b000 	/System/Library/Frameworks/OpenGL.framework/Versions/A/Libraries/libCoreFSCache.dylib
0x00007fff3e6da000 	/System/Library/Frameworks/CoreVideo.framework/Versions/A/CoreVideo
0x00007fff5635f000 	/System/Library/PrivateFrameworks/GraphVisualizer.framework/Versions/A/GraphVisualizer
0x00007fff41489000 	/System/Library/Frameworks/MetalPerformanceShaders.framework/Versions/A/MetalPerformanceShaders
0x00007fff62424000 	/usr/lib/libFosl_dynamic.dylib
0x00007fff51eee000 	/System/Library/PrivateFrameworks/FaceCore.framework/Versions/A/FaceCore
0x00007fff45286000 	/System/Library/Frameworks/OpenCL.framework/Versions/A/OpenCL
0x00007fff62aa8000 	/usr/lib/libcompression.dylib
0x00007fff3afe2000 	/System/Library/Frameworks/ApplicationServices.framework/Versions/A/Frameworks/ATS.framework/Versions/A/Resources/libFontParser.dylib
0x00007fff3b105000 	/System/Library/Frameworks/ApplicationServices.framework/Versions/A/Frameworks/ATS.framework/Versions/A/Resources/libFontRegistry.dylib
0x00007fff3f626000 	/System/Library/Frameworks/ImageIO.framework/Versions/A/Resources/libJPEG.dylib
0x00007fff3f950000 	/System/Library/Frameworks/ImageIO.framework/Versions/A/Resources/libTIFF.dylib
0x00007fff3f926000 	/System/Library/Frameworks/ImageIO.framework/Versions/A/Resources/libPng.dylib
0x00007fff3f539000 	/System/Library/Frameworks/ImageIO.framework/Versions/A/Resources/libGIF.dylib
0x00007fff3f53e000 	/System/Library/Frameworks/ImageIO.framework/Versions/A/Resources/libJP2.dylib
0x00007fff3f94d000 	/System/Library/Frameworks/ImageIO.framework/Versions/A/Resources/libRadiance.dylib
0x00007fff4ce31000 	/System/Library/PrivateFrameworks/AppleJPEG.framework/Versions/A/AppleJPEG
0x00007fff412f0000 	/System/Library/Frameworks/MetalPerformanceShaders.framework/Frameworks/MPSCore.framework/Versions/A/MPSCore
0x00007fff4130c000 	/System/Library/Frameworks/MetalPerformanceShaders.framework/Frameworks/MPSImage.framework/Versions/A/MPSImage
0x00007fff413a1000 	/System/Library/Frameworks/MetalPerformanceShaders.framework/Frameworks/MPSNeuralNetwork.framework/Versions/A/MPSNeuralNetwork
0x00007fff4137c000 	/System/Library/Frameworks/MetalPerformanceShaders.framework/Frameworks/MPSMatrix.framework/Versions/A/MPSMatrix
0x00007fff5827b000 	/System/Library/PrivateFrameworks/MetalTools.framework/Versions/A/MetalTools
0x00007fff46656000 	/System/Library/Frameworks/OpenGL.framework/Versions/A/Libraries/libGLU.dylib
0x00007fff46496000 	/System/Library/Frameworks/OpenGL.framework/Versions/A/Libraries/libGFXShared.dylib
0x00007fff464a0000 	/System/Library/Frameworks/OpenGL.framework/Versions/A/Libraries/libGL.dylib
0x00007fff464ac000 	/System/Library/Frameworks/OpenGL.framework/Versions/A/Libraries/libGLImage.dylib
0x00007fff46488000 	/System/Library/Frameworks/OpenGL.framework/Versions/A/Libraries/libCVMSPluginSupport.dylib
0x00007fff46491000 	/System/Library/Frameworks/OpenGL.framework/Versions/A/Libraries/libCoreVMClient.dylib
0x00007fff63255000 	/usr/lib/libcups.2.dylib
0x00007fff40857000 	/System/Library/Frameworks/Kerberos.framework/Versions/A/Kerberos
0x00007fff3f019000 	/System/Library/Frameworks/GSS.framework/Versions/A/GSS
0x00007fff6435f000 	/usr/lib/libresolv.9.dylib
0x00007fff63452000 	/usr/lib/libiconv.2.dylib
0x00007fff563f1000 	/System/Library/PrivateFrameworks/Heimdal.framework/Versions/A/Heimdal
0x00007fff63421000 	/usr/lib/libheimdal-asn1.dylib
0x00007fff452fe000 	/System/Library/Frameworks/OpenDirectory.framework/Versions/A/OpenDirectory
0x00007fff4f14a000 	/System/Library/PrivateFrameworks/CommonAuth.framework/Versions/A/CommonAuth
0x00007fff452e1000 	/System/Library/Frameworks/OpenDirectory.framework/Versions/A/Frameworks/CFOpenDirectory.framework/Versions/A/CFOpenDirectory
0x00007fff48c20000 	/System/Library/Frameworks/SecurityFoundation.framework/Versions/A/SecurityFoundation
0x00007fff4bff4000 	/System/Library/PrivateFrameworks/APFS.framework/Versions/A/APFS
0x00007fff6478e000 	/usr/lib/libutil.dylib
0x00007fff4ceb4000 	/System/Library/PrivateFrameworks/AppleSauce.framework/Versions/A/AppleSauce
0x00007fff57560000 	/System/Library/PrivateFrameworks/LinguisticData.framework/Versions/A/LinguisticData
0x00007fff637d4000 	/usr/lib/libmarisa.dylib
0x00007fff5751a000 	/System/Library/PrivateFrameworks/Lexicon.framework/Versions/A/Lexicon
0x00007fff6234f000 	/usr/lib/libChineseTokenizer.dylib
0x00007fff62a97000 	/usr/lib/libcmph.dylib
0x00007fff57424000 	/System/Library/PrivateFrameworks/LanguageModeling.framework/Versions/A/LanguageModeling
0x00007fff4fc67000 	/System/Library/PrivateFrameworks/CoreEmoji.framework/Versions/A/CoreEmoji
0x00007fff48cde000 	/System/Library/Frameworks/ServiceManagement.framework/Versions/A/ServiceManagement
0x00007fff4d6ff000 	/System/Library/PrivateFrameworks/BackgroundTaskManagement.framework/Versions/A/BackgroundTaskManagement
0x00007fff6488b000 	/usr/lib/libxslt.1.dylib
0x00007fff3c0a7000 	/System/Library/Frameworks/Carbon.framework/Versions/A/Frameworks/Ink.framework/Versions/A/Ink
0x00007fff60625000 	/System/Library/PrivateFrameworks/TextureIO.framework/Versions/A/TextureIO
0x00007fff62839000 	/usr/lib/libate.dylib
0x00007fff50d7e000 	/System/Library/PrivateFrameworks/CrashReporterSupport.framework/Versions/A/CrashReporterSupport
0x00007fff5d95e000 	/System/Library/PrivateFrameworks/Sharing.framework/Versions/A/Sharing
0x00007fff57165000 	/System/Library/PrivateFrameworks/IconServices.framework/Versions/A/IconServices
0x00007fff4d32f000 	/System/Library/PrivateFrameworks/AuthKit.framework/Versions/A/AuthKit
0x00007fff4ccb4000 	/System/Library/PrivateFrameworks/Apple80211.framework/Versions/A/Apple80211
0x00007fff50b93000 	/System/Library/PrivateFrameworks/CoreUtils.framework/Versions/A/CoreUtils
0x00007fff3e715000 	/System/Library/Frameworks/CoreWLAN.framework/Versions/A/CoreWLAN
0x00007fff3f15b000 	/System/Library/Frameworks/IOBluetooth.framework/Versions/A/IOBluetooth
0x00007fff5be20000 	/System/Library/PrivateFrameworks/ProtocolBuffer.framework/Versions/A/ProtocolBuffer
0x00007fff58474000 	/System/Library/PrivateFrameworks/MobileKeyBag.framework/Versions/A/MobileKeyBag
0x00007fff5040b000 	/System/Library/PrivateFrameworks/CorePhoneNumbers.framework/Versions/A/CorePhoneNumbers
0x00007fff4cdec000 	/System/Library/PrivateFrameworks/AppleIDAuthSupport.framework/Versions/A/AppleIDAuthSupport
0x00007fff57410000 	/System/Library/PrivateFrameworks/KeychainCircle.framework/Versions/A/KeychainCircle
0x00007fff50d19000 	/System/Library/PrivateFrameworks/CoreWiFi.framework/Versions/A/CoreWiFi
0x00007fff3c5f2000 	/System/Library/Frameworks/CoreBluetooth.framework/Versions/A/CoreBluetooth
0x00007fff50f69000 	/System/Library/PrivateFrameworks/DebugSymbols.framework/Versions/A/DebugSymbols
0x00007fff50949000 	/System/Library/PrivateFrameworks/CoreSymbolication.framework/Versions/A/CoreSymbolication
0x00007fff5fe16000 	/System/Library/PrivateFrameworks/Symbolication.framework/Versions/A/Symbolication
0x00007fff4ccde000 	/System/Library/PrivateFrameworks/AppleFSCompression.framework/Versions/A/AppleFSCompression
0x00007fff5f263000 	/System/Library/PrivateFrameworks/SpeechRecognitionCore.framework/Versions/A/SpeechRecognitionCore
0x0000000102c00000 	/Applications/Android Studio.app/Contents/jre/jdk/Contents/Home/jre/lib/server/libjvm.dylib
0x00007fff6465b000 	/usr/lib/libstdc++.6.0.9.dylib
0x0000000102269000 	/Applications/Android Studio.app/Contents/jre/jdk/Contents/Home/jre/lib/libverify.dylib
0x000000010227b000 	/Applications/Android Studio.app/Contents/jre/jdk/Contents/Home/jre/lib/libjava.dylib
0x000000010230f000 	/Applications/Android Studio.app/Contents/jre/jdk/Contents/Home/jre/lib/libzip.dylib
0x000000010a356000 	/Applications/Android Studio.app/Contents/jre/jdk/Contents/Home/jre/lib/libnio.dylib
0x000000010a371000 	/Applications/Android Studio.app/Contents/jre/jdk/Contents/Home/jre/lib/./libnet.dylib
0x000000010ab68000 	/Users/DREMO/.gradle/native/31/osx-amd64/libnative-platform.dylib
0x000000010af7b000 	/Applications/Android Studio.app/Contents/jre/jdk/Contents/Home/jre/lib/libmanagement.dylib
0x000000010c86f000 	/Applications/Android Studio.app/Contents/jre/jdk/Contents/Home/jre/lib/libawt.dylib
0x000000011e38d000 	/Applications/Android Studio.app/Contents/jre/jdk/Contents/Home/jre/lib/./libmlib_image.dylib
0x00007fff40840000 	/System/Library/Frameworks/JavaVM.framework/Versions/A/Frameworks/JavaNativeFoundation.framework/Versions/A/JavaNativeFoundation
0x00007fff40849000 	/System/Library/Frameworks/JavaVM.framework/Versions/A/Frameworks/JavaRuntimeSupport.framework/Versions/A/JavaRuntimeSupport
0x00007fff40852000 	/System/Library/Frameworks/JavaVM.framework/Versions/A/JavaVM
0x00007fff57326000 	/System/Library/PrivateFrameworks/JavaLaunching.framework/Versions/A/JavaLaunching
0x00007fff3bd92000 	/System/Library/Frameworks/Carbon.framework/Versions/A/Carbon
0x00007fff3bd93000 	/System/Library/Frameworks/Carbon.framework/Versions/A/Frameworks/CommonPanels.framework/Versions/A/CommonPanels
0x00007fff3c09d000 	/System/Library/Frameworks/Carbon.framework/Versions/A/Frameworks/Help.framework/Versions/A/Help
0x00007fff3c0a1000 	/System/Library/Frameworks/Carbon.framework/Versions/A/Frameworks/ImageCapture.framework/Versions/A/ImageCapture
0x00007fff3c13d000 	/System/Library/Frameworks/Carbon.framework/Versions/A/Frameworks/OpenScripting.framework/Versions/A/OpenScripting
0x00007fff3c178000 	/System/Library/Frameworks/Carbon.framework/Versions/A/Frameworks/Print.framework/Versions/A/Print
0x00007fff3c17a000 	/System/Library/Frameworks/Carbon.framework/Versions/A/Frameworks/SecurityHI.framework/Versions/A/SecurityHI
0x000000011d2f2000 	/Applications/Android Studio.app/Contents/jre/jdk/Contents/Home/jre/lib/libawt_lwawt.dylib
0x000000010b464000 	/Applications/Android Studio.app/Contents/jre/jdk/Contents/Home/jre/lib/./libosxapp.dylib
0x00007fff3ebba000 	/System/Library/Frameworks/ExceptionHandling.framework/Versions/A/ExceptionHandling
0x000000010a9a1000 	/private/var/folders/x3/1y1y0hld7278pf2q_l8lm__80000gn/T/native-platform4891337218956325978dir/libnative-platform.dylib

VM Arguments:
jvm_args: -Xmx2048m -Dfile.encoding=UTF-8 -Duser.country=US -Duser.language=en -Duser.variant 
java_command: org.gradle.launcher.daemon.bootstrap.GradleDaemon 6.1.1
java_class_path (initial): /Users/DREMO/.gradle/wrapper/dists/gradle-6.1.1-all/cfmwm155h49vnt3hynmlrsdst/gradle-6.1.1/lib/gradle-launcher-6.1.1.jar
Launcher Type: SUN_STANDARD

Environment Variables:
PATH=/Users/DREMO/Documents/flutter/bin:/usr/bin:/bin:/usr/sbin:/sbin:/usr/local/bin:/Applications/VMware Fusion.app/Contents/Public
SHELL=/bin/bash

Signal Handlers:
SIGSEGV: [libjvm.dylib+0x565c43], sa_mask[0]=11111111011111110111111111111111, sa_flags=SA_ONSTACK|SA_RESTART|SA_SIGINFO
SIGBUS: [libjvm.dylib+0x565c43], sa_mask[0]=11111111011111110111111111111111, sa_flags=SA_RESTART|SA_SIGINFO
SIGFPE: [libjvm.dylib+0x45dd9d], sa_mask[0]=11111111011111110111111111111111, sa_flags=SA_RESTART|SA_SIGINFO
SIGPIPE: [libjvm.dylib+0x45dd9d], sa_mask[0]=11111111011111110111111111111111, sa_flags=SA_RESTART|SA_SIGINFO
SIGXFSZ: [libjvm.dylib+0x45dd9d], sa_mask[0]=11111111011111110111111111111111, sa_flags=SA_RESTART|SA_SIGINFO
SIGILL: [libjvm.dylib+0x45dd9d], sa_mask[0]=11111111011111110111111111111111, sa_flags=SA_RESTART|SA_SIGINFO
SIGUSR1: SIG_DFL, sa_mask[0]=00000000000000000000000000000000, sa_flags=none
SIGUSR2: [libjvm.dylib+0x45e69c], sa_mask[0]=00100000000000000000000000000000, sa_flags=SA_RESTART|SA_SIGINFO
SIGHUP: [libjvm.dylib+0x45c8c1], sa_mask[0]=11111111011111110111111111111111, sa_flags=SA_RESTART|SA_SIGINFO
SIGINT: [libjvm.dylib+0x45c8c1], sa_mask[0]=11111111011111110111111111111111, sa_flags=SA_RESTART|SA_SIGINFO
SIGTERM: [libjvm.dylib+0x45c8c1], sa_mask[0]=11111111011111110111111111111111, sa_flags=SA_RESTART|SA_SIGINFO
SIGQUIT: [libjvm.dylib+0x45c8c1], sa_mask[0]=11111111011111110111111111111111, sa_flags=SA_RESTART|SA_SIGINFO


---------------  S Y S T E M  ---------------

OS:Bsduname:Darwin 17.7.0 Darwin Kernel Version 17.7.0: Wed May 27 17:00:02 PDT 2020; root:xnu-4570.71.80.1~1/RELEASE_X86_64 x86_64
rlimit: STACK 8192k, CORE 0k, NPROC 709, NOFILE 10240, AS infinity
load average:6.78 6.18 5.38

CPU:total 4 (initial active 4) (2 cores per cpu, 2 threads per core) family 6 model 42 stepping 7, cmov, cx8, fxsr, mmx, sse, sse2, sse3, ssse3, sse4.1, sse4.2, popcnt, avx, aes, clmul, ht, tsc, tscinvbit

Memory: 4k page, physical 8388608k(882768k free)

/proc/meminfo:


vm_info: OpenJDK 64-Bit Server VM (25.242-b3-6222593) for bsd-amd64 JRE (1.8.0_242-release-1644-b3-6222593), built by "android-build" with gcc 4.2.1 Compatible Android (5484270 based on r353983c) Clang 9.0.3 (https://android.googlesource.com/toolchain/clang 745b335211bb9eadfa6aa6301f84715cee4b37c5) (https://android.googlesource.com/toolchain/llvm 60cf23e54e46c807513f7a36d0a7b777920b5881)

time: Tue Jun 30 02:11:21 2020
timezone: CST
elapsed time: 137 seconds (0d 0h 2m 17s)

