#
# A fatal error has been detected by the Java Runtime Environment:
#
#  SIGSEGV (0xb) at pc=0x0000000117179b8c, pid=1180, tid=0x000000000000a10f
#
# JRE version: OpenJDK Runtime Environment (8.0_242) (build 1.8.0_242-release-1644-b3-6222593)
# Java VM: OpenJDK 64-Bit Server VM (25.242-b3-6222593 mixed mode bsd-amd64 compressed oops)
# Problematic frame:
# J 16713 C1 org.gradle.api.internal.artifacts.transform.DefaultTransformerInvocationFactory.fireTransformListeners(Lorg/gradle/api/internal/artifacts/transform/Transformer;Lorg/gradle/api/internal/artifacts/transform/TransformationSubject;Ljava/util/function/Supplier;)Lorg/gradle/internal/Try; (52 bytes) @ 0x0000000117179b8c [0x00000001171798c0+0x2cc]
#
# Failed to write core dump. Core dumps have been disabled. To enable core dumping, try "ulimit -c unlimited" before starting Java again
#
# If you would like to submit a bug report, please visit:
#   http://bugreport.java.com/bugreport/crash.jsp
#

---------------  T H R E A D  ---------------

Current thread (0x00007f943ac36000):  JavaThread "Build operations Thread 3" [_thread_in_Java, id=41231, stack(0x0000700011b46000,0x0000700011c46000)]

siginfo: si_signo: 11 (SIGSEGV), si_code: 1 (SEGV_MAPERR), si_addr: 0x00000000fae9f64e

Registers:
RAX=0x00000007a804feb8, RBX=0x0000700011c44000, RCX=0x00000007c09ee7f8, RDX=0x0000000113946000
RSP=0x0000700011c44000, RBP=0x00000007a8043a58, RSI=0x00000000f4aeae4b, RDI=0x00000007a804feb8
R8 =0x00000000e84c3fa0, R9 =0x0000000000000000, R10=0x0000000106031300, R11=0x000000011448f440
R12=0x0000000000000000, R13=0x0000000117179a9c, R14=0x0000700011c43ff8, R15=0x00007f943ac36000
RIP=0x0000000117179b8c, EFLAGS=0x0000000000010206, ERR=0x0000000000000006
  TRAPNO=0x000000000000000e

Top of Stack: (sp=0x0000700011c44000)
0x0000700011c44000:   000000011717a76c 00000007a3d50b50
0x0000700011c44010:   000000074035d218 00000007406a60c0
0x0000700011c44020:   00000007a8044038 00000007a57572a8
0x0000700011c44030:   00000007a5e7e458 00000007a8042450
0x0000700011c44040:   00000007a804feb8 00000007406965a0
0x0000700011c44050:   00000007a80429d8 00000007a8043a18
0x0000700011c44060:   00000007a8043a58 000000011717a854
0x0000700011c44070:   00000007a8042090 00000007a80371c8
0x0000700011c44080:   0000000743ab7db0 00000007406a60c0
0x0000700011c44090:   000000074035d218 00000007a3d50b50
0x0000700011c440a0:   000000074018a3a0 00000007a8034480
0x0000700011c440b0:   00000007a8043f30 00000001f80121d3
0x0000700011c440c0:   0000000740014ed8 00000007c0090e98
0x0000700011c440d0:   00000000f50087a5 0000000115a1452c
0x0000700011c440e0:   00000007a3cd6600 00000001149cc844
0x0000700011c440f0:   00000007a8043f30 00000007a3cd65d0
0x0000700011c44100:   00000007401886c8 0000000116b0d544
0x0000700011c44110:   00007f943ac36000 00000007a8042260
0x0000700011c44120:   00000000f50087e6 000000011580ffa4
0x0000700011c44130:   0000000742c8a2c0 00007f943ac36000
0x0000700011c44140:   00000000139b7f08 0000000112360989
0x0000700011c44150:   00000000f479acc0 0000000115ac15a8
0x0000700011c44160:   00000007c0898440 0000000000000000
0x0000700011c44170:   00000000f479acc0 000000011590d4a0
0x0000700011c44180:   0000000300000004 00007f9400000004
0x0000700011c44190:   00000007a3cd6c98 00000007a3cd6d08
0x0000700011c441a0:   00000007a8043fa8 00000007a3cd6d20
0x0000700011c441b0:   00000007a3cd6c88 00000007e8022ff5
0x0000700011c441c0:   0000000740117fa8 0000000742c8a2c0
0x0000700011c441d0:   f80592770000003e 0000000105c38890
0x0000700011c441e0:   00007f943ac36000 00007f94354adef0
0x0000700011c441f0:   0000000740188680 0000000116168ea4 

Instructions: (pc=0x0000000117179b8c)
0x0000000117179b6c:   ae 68 01 00 00 01 e9 d8 01 00 00 e9 00 00 00 00
0x0000000117179b7c:   48 8b f8 48 89 7c 24 40 48 8b 74 24 28 8b 76 14
0x0000000117179b8c:   48 c1 a6 03 48 3b 06 48 8b d6 48 b9 c0 a0 ba 23
0x0000000117179b9c:   01 00 00 00 8b 52 08 48 c1 e2 03 48 3b 91 a0 01 

Register to memory mapping:

RAX=0x00000007a804feb8 is an oop
org.gradle.internal.Try$Success 
 - klass: 'org/gradle/internal/Try$Success'
RBX=0x0000700011c44000 is pointing into the stack for thread: 0x00007f943ac36000
RCX=0x00000007c09ee7f8 is pointing into metadata
RDX=0x0000000113946000 is pointing into metadata
RSP=0x0000700011c44000 is pointing into the stack for thread: 0x00007f943ac36000
RBP=0x00000007a8043a58 is an oop
org.gradle.internal.operations.DefaultBuildOperationExecutor$CallableBuildOperationWorker 
 - klass: 'org/gradle/internal/operations/DefaultBuildOperationExecutor$CallableBuildOperationWorker'
RSI=0x00000000f4aeae4b is an unknown value
RDI=0x00000007a804feb8 is an oop
org.gradle.internal.Try$Success 
 - klass: 'org/gradle/internal/Try$Success'
R8 =0x00000000e84c3fa0 is an unknown value
R9 =0x0000000000000000 is an unknown value
R10=0x0000000106031300: _ZN19TemplateInterpreter13_active_tableE+0x4000 in /Applications/Android Studio.app/Contents/jre/jdk/Contents/Home/jre/lib/server/libjvm.dylib at 0x0000000105800000
R11=0x000000011448f440 is at entry_point+32 in (nmethod*)0x000000011448f2d0
R12=0x0000000000000000 is an unknown value
R13=0x0000000117179a9c is at entry_point+476 in (nmethod*)0x0000000117179710
R14=0x0000700011c43ff8 is pointing into the stack for thread: 0x00007f943ac36000
R15=0x00007f943ac36000 is a thread


Stack: [0x0000700011b46000,0x0000700011c46000],  sp=0x0000700011c44000,  free space=1016k
Native frames: (J=compiled Java code, j=interpreted, Vv=VM code, C=native code)
J 16713 C1 org.gradle.api.internal.artifacts.transform.DefaultTransformerInvocationFactory.fireTransformListeners(Lorg/gradle/api/internal/artifacts/transform/Transformer;Lorg/gradle/api/internal/artifacts/transform/TransformationSubject;Ljava/util/function/Supplier;)Lorg/gradle/internal/Try; (52 bytes) @ 0x0000000117179b8c [0x00000001171798c0+0x2cc]
J 16709 C1 org.gradle.api.internal.artifacts.transform.DefaultTransformerInvocationFactory$2.call(Lorg/gradle/internal/operations/BuildOperationContext;)Lorg/gradle/internal/Try; (62 bytes) @ 0x000000011717a854 [0x000000011717a2a0+0x5b4]
J 16708 C1 org.gradle.api.internal.artifacts.transform.DefaultTransformerInvocationFactory$2.call(Lorg/gradle/internal/operations/BuildOperationContext;)Ljava/lang/Object; (6 bytes) @ 0x000000011717954c [0x00000001171794c0+0x8c]
J 15629 C2 org.gradle.internal.operations.DefaultBuildOperationExecutor.execute(Lorg/gradle/internal/operations/BuildOperationDescriptor$Builder;Lorg/gradle/internal/operations/DefaultBuildOperationExecutor$BuildOperationState;Lorg/gradle/internal/operations/DefaultBuildOperationExecutor$BuildOperationExecution;)Lorg/gradle/internal/operations/BuildOperation; (111 bytes) @ 0x0000000116e15ba0 [0x0000000116e147c0+0x13e0]
J 6883 C1 org.gradle.internal.operations.DefaultBuildOperationExecutor.call(Lorg/gradle/internal/operations/CallableBuildOperation;)Ljava/lang/Object; (38 bytes) @ 0x0000000115815c7c [0x0000000115815560+0x71c]
J 6882 C1 org.gradle.internal.operations.DelegatingBuildOperationExecutor.call(Lorg/gradle/internal/operations/CallableBuildOperation;)Ljava/lang/Object; (11 bytes) @ 0x000000011581050c [0x0000000115810400+0x10c]
J 16707 C1 org.gradle.api.internal.artifacts.transform.DefaultTransformerInvocationFactory.lambda$doTransform$0(Lorg/gradle/api/internal/artifacts/transform/Transformer;Lorg/gradle/api/internal/artifacts/transform/TransformationSubject;Lorg/gradle/api/internal/artifacts/transform/CachingTransformationWorkspaceProvider;Ljava/io/File;Lorg/gradle/internal/snapshot/CompleteFileSystemLocationSnapshot;Lorg/gradle/api/internal/artifacts/transform/ArtifactTransformDependencies;Lorg/gradle/internal/fingerprint/CurrentFileCollectionFingerprint;Lorg/gradle/internal/fingerprint/FileCollectionFingerprinter;Lorg/gradle/internal/fingerprint/FileCollectionFingerprinter;Ljava/lang/String;Lorg/gradle/api/internal/artifacts/transform/TransformationWorkspaceProvider$TransformationWorkspace;)Lorg/gradle/internal/Try; (40 bytes) @ 0x0000000117178f54 [0x0000000117178d20+0x234]
j  org.gradle.api.internal.artifacts.transform.DefaultTransformerInvocationFactory$$Lambda$461.useWorkspace(Ljava/lang/String;Lorg/gradle/api/internal/artifacts/transform/TransformationWorkspaceProvider$TransformationWorkspace;)Lorg/gradle/internal/Try;+42
J 16701 C1 org.gradle.api.internal.artifacts.transform.ImmutableTransformationWorkspaceProvider.lambda$withWorkspace$0(Lorg/gradle/api/internal/artifacts/transform/TransformationWorkspaceIdentity;Lorg/gradle/api/internal/artifacts/transform/TransformationWorkspaceProvider$TransformationWorkspaceAction;)Lorg/gradle/internal/Try; (66 bytes) @ 0x0000000117173904 [0x00000001171730e0+0x824]
J 16700 C1 org.gradle.api.internal.artifacts.transform.ImmutableTransformationWorkspaceProvider$$Lambda$463.create()Ljava/lang/Object; (16 bytes) @ 0x00000001171703d4 [0x0000000117170340+0x94]
J 5806 C1 org.gradle.cache.internal.LockOnDemandCrossProcessCacheAccess.withFileLock(Lorg/gradle/internal/Factory;)Ljava/lang/Object; (24 bytes) @ 0x0000000115526c1c [0x0000000115526ae0+0x13c]
j  org.gradle.cache.internal.DefaultCacheAccess.withFileLock(Lorg/gradle/internal/Factory;)Ljava/lang/Object;+5
j  org.gradle.cache.internal.DefaultPersistentDirectoryStore.withFileLock(Lorg/gradle/internal/Factory;)Ljava/lang/Object;+5
j  org.gradle.cache.internal.DefaultCacheFactory$ReferenceTrackingCache.withFileLock(Lorg/gradle/internal/Factory;)Ljava/lang/Object;+8
j  org.gradle.api.internal.artifacts.transform.ImmutableTransformationWorkspaceProvider.withWorkspace(Lorg/gradle/api/internal/artifacts/transform/TransformationWorkspaceIdentity;Lorg/gradle/api/internal/artifacts/transform/TransformationWorkspaceProvider$TransformationWorkspaceAction;)Lorg/gradle/internal/Try;+12
J 16716 C1 org.gradle.api.internal.artifacts.transform.AbstractCachingTransformationWorkspaceProvider.lambda$withWorkspace$0(Lorg/gradle/api/internal/artifacts/transform/TransformationWorkspaceIdentity;Lorg/gradle/api/internal/artifacts/transform/TransformationWorkspaceProvider$TransformationWorkspaceAction;)Lorg/gradle/internal/Try; (12 bytes) @ 0x000000011717b60c [0x000000011717b500+0x10c]
j  org.gradle.api.internal.artifacts.transform.AbstractCachingTransformationWorkspaceProvider$$Lambda$462.call()Ljava/lang/Object;+12
J 7074 C1 com.google.common.cache.LocalCache$LocalManualCache$1.load(Ljava/lang/Object;)Ljava/lang/Object; (10 bytes) @ 0x0000000114b597cc [0x0000000114b596c0+0x10c]
J 6480 C1 com.google.common.cache.LocalCache$LoadingValueReference.loadFuture(Ljava/lang/Object;Lcom/google/common/cache/CacheLoader;)Lcom/google/common/util/concurrent/ListenableFuture; (125 bytes) @ 0x0000000115766fa4 [0x0000000115766a20+0x584]
J 5707 C1 com.google.common.cache.LocalCache$Segment.lockedGetOrLoad(Ljava/lang/Object;ILcom/google/common/cache/CacheLoader;)Ljava/lang/Object; (447 bytes) @ 0x00000001154dc344 [0x00000001154d94a0+0x2ea4]
J 15548 C2 com.google.common.cache.LocalCache$Segment.get(Ljava/lang/Object;ILcom/google/common/cache/CacheLoader;)Ljava/lang/Object; (210 bytes) @ 0x0000000116d7bd60 [0x0000000116d7b780+0x5e0]
J 16058 C1 org.gradle.api.internal.artifacts.transform.AbstractCachingTransformationWorkspaceProvider.withWorkspace(Lorg/gradle/api/internal/artifacts/transform/TransformationWorkspaceIdentity;Lorg/gradle/api/internal/artifacts/transform/TransformationWorkspaceProvider$TransformationWorkspaceAction;)Lorg/gradle/internal/Try; (28 bytes) @ 0x0000000116f281f4 [0x0000000116f27740+0xab4]
J 16057 C1 org.gradle.api.internal.artifacts.transform.DefaultTransformerInvocationFactory$1.invoke()Lorg/gradle/internal/Try; (62 bytes) @ 0x0000000116efda2c [0x0000000116efd460+0x5cc]
J 16052 C1 org.gradle.api.internal.artifacts.transform.CacheableInvocation$1.invoke()Lorg/gradle/internal/Try; (17 bytes) @ 0x0000000116f04334 [0x0000000116f04220+0x114]
j  org.gradle.api.internal.artifacts.transform.CacheableInvocation.lambda$flatMap$2(Ljava/util/function/Function;Ljava/lang/Object;)Lorg/gradle/internal/Try;+10
j  org.gradle.api.internal.artifacts.transform.CacheableInvocation$$Lambda$524.apply(Ljava/lang/Object;)Ljava/lang/Object;+5
j  org.gradle.internal.Try$Success.flatMap(Ljava/util/function/Function;)Lorg/gradle/internal/Try;+5
j  org.gradle.api.internal.artifacts.transform.CacheableInvocation.lambda$flatMap$3(Ljava/util/function/Function;)Lorg/gradle/internal/Try;+12
j  org.gradle.api.internal.artifacts.transform.CacheableInvocation$$Lambda$457.get()Ljava/lang/Object;+8
j  org.gradle.api.internal.artifacts.transform.CacheableInvocation$3.invoke()Lorg/gradle/internal/Try;+4
j  org.gradle.api.internal.artifacts.transform.TransformationOperation.run(Lorg/gradle/internal/operations/BuildOperationContext;)V+5
J 15629 C2 org.gradle.internal.operations.DefaultBuildOperationExecutor.execute(Lorg/gradle/internal/operations/BuildOperationDescriptor$Builder;Lorg/gradle/internal/operations/DefaultBuildOperationExecutor$BuildOperationState;Lorg/gradle/internal/operations/DefaultBuildOperationExecutor$BuildOperationExecution;)Lorg/gradle/internal/operations/BuildOperation; (111 bytes) @ 0x0000000116e15c10 [0x0000000116e147c0+0x1450]
J 6836 C1 org.gradle.internal.operations.DefaultBuildOperationExecutor.execute(Lorg/gradle/internal/operations/BuildOperation;Lorg/gradle/internal/operations/BuildOperationWorker;Lorg/gradle/internal/operations/DefaultBuildOperationExecutor$BuildOperationState;)V (27 bytes) @ 0x00000001157f48dc [0x00000001157f4660+0x27c]
J 15868 C1 org.gradle.internal.operations.DefaultBuildOperationQueue$WorkerRunnable$1.create()Ljava/lang/Integer; (38 bytes) @ 0x0000000116e9e134 [0x0000000116e9e040+0xf4]
j  org.gradle.internal.operations.DefaultBuildOperationQueue$WorkerRunnable$1.create()Ljava/lang/Object;+1
J 15963 C1 org.gradle.internal.work.DefaultWorkerLeaseService.withLocks(Ljava/lang/Iterable;Lorg/gradle/internal/Factory;)Ljava/lang/Object; (51 bytes) @ 0x0000000116eb92ac [0x0000000116eb90c0+0x1ec]
j  org.gradle.internal.operations.DefaultBuildOperationQueue$WorkerRunnable.runBatch(Lorg/gradle/internal/operations/BuildOperation;)V+35
J 11453 C1 org.gradle.internal.operations.DefaultBuildOperationQueue$WorkerRunnable.run()V (22 bytes) @ 0x0000000116360aac [0x0000000116360a20+0x8c]
J 10551 C2 org.gradle.internal.concurrent.ManagedExecutorImpl$1.run()V (59 bytes) @ 0x00000001153ffa3c [0x00000001153ff8e0+0x15c]
j  java.util.concurrent.ThreadPoolExecutor.runWorker(Ljava/util/concurrent/ThreadPoolExecutor$Worker;)V+95
j  java.util.concurrent.ThreadPoolExecutor$Worker.run()V+5
j  org.gradle.internal.concurrent.ThreadFactoryImpl$ManagedThreadRunnable.run()V+7
j  java.lang.Thread.run()V+11
v  ~StubRoutines::call_stub
V  [libjvm.dylib+0x2cc647]
V  [libjvm.dylib+0x2cb4a2]
V  [libjvm.dylib+0x2cb680]
V  [libjvm.dylib+0x31bcc4]
V  [libjvm.dylib+0x527e84]
V  [libjvm.dylib+0x527d49]
V  [libjvm.dylib+0x45b9eb]
C  [libsystem_pthread.dylib+0x3661]  _pthread_body+0x154
C  [libsystem_pthread.dylib+0x350d]  _pthread_body+0x0
C  [libsystem_pthread.dylib+0x2bf9]  thread_start+0xd
C  0x0000000000000000


---------------  P R O C E S S  ---------------

Java Threads: ( => current thread )
  0x00007f9438e40800 JavaThread "Cache worker for Build Output Cleanup Cache (/Users/DREMO/AndroidStudioProjects/NewsLify/.gradle/buildOutputCleanup)" [_thread_blocked, id=25871, stack(0x0000700011e4f000,0x0000700011f4f000)]
  0x00007f943306f800 JavaThread "pool-5-thread-1" [_thread_blocked, id=39943, stack(0x0000700011d4c000,0x0000700011e4c000)]
  0x00007f943ac36800 JavaThread "Build operations Thread 4" [_thread_in_Java, id=19219, stack(0x0000700011c49000,0x0000700011d49000)]
=>0x00007f943ac36000 JavaThread "Build operations Thread 3" [_thread_in_Java, id=41231, stack(0x0000700011b46000,0x0000700011c46000)]
  0x00007f943ac35000 JavaThread "Build operations Thread 2" [_thread_in_Java, id=40199, stack(0x0000700011a43000,0x0000700011b43000)]
  0x00007f943a908000 JavaThread "Build operations" [_thread_blocked, id=42511, stack(0x0000700011940000,0x0000700011a40000)]
  0x00007f9438c0c000 JavaThread "Cache worker for cache directory md-rule (/Users/DREMO/.gradle/caches/6.1.1/md-rule)" [_thread_blocked, id=3859, stack(0x000070001173a000,0x000070001183a000)]
  0x00007f94385bc800 JavaThread "Cache worker for cache directory md-supplier (/Users/DREMO/.gradle/caches/6.1.1/md-supplier)" [_thread_blocked, id=26891, stack(0x0000700011637000,0x0000700011737000)]
  0x00007f94375bf800 JavaThread "Cache worker for file hash cache (/Users/DREMO/AndroidStudioProjects/NewsLify/.gradle/6.1.1/fileHashes)" [_thread_blocked, id=41999, stack(0x0000700011534000,0x0000700011634000)]
  0x00007f9438077000 JavaThread "Cache worker for checksums cache (/Users/DREMO/AndroidStudioProjects/NewsLify/.gradle/checksums)" [_thread_blocked, id=26383, stack(0x0000700011431000,0x0000700011531000)]
  0x00007f9434e1a000 JavaThread "Thread-56" [_thread_blocked, id=40719, stack(0x0000700011025000,0x0000700011125000)]
  0x00007f94367a3800 JavaThread "Stdin handler" [_thread_blocked, id=12563, stack(0x0000700010f22000,0x0000700011022000)]
  0x00007f94367bb000 JavaThread "Asynchronous log dispatcher for DefaultDaemonConnection: socket connection from /127.0.0.1:49603 to /127.0.0.1:49786" [_thread_blocked, id=22543, stack(0x0000700010d1c000,0x0000700010e1c000)]
  0x00007f943a8fc000 JavaThread "Cancel handler" [_thread_blocked, id=3343, stack(0x0000700010c19000,0x0000700010d19000)]
  0x00007f943ac15800 JavaThread "Handler for socket connection from /127.0.0.1:49603 to /127.0.0.1:49786" [_thread_in_native, id=43279, stack(0x0000700010a13000,0x0000700010b13000)]
  0x00007f943acc5000 JavaThread "Daemon worker Thread 3" [_thread_in_Java, id=15371, stack(0x0000700010e1f000,0x0000700010f1f000)]
  0x00007f9438291000 JavaThread "Daemon Thread 3" [_thread_blocked, id=22027, stack(0x0000700010b16000,0x0000700010c16000)]
  0x00007f94373b0800 JavaThread "Cache worker for execution history cache (/Users/DREMO/.gradle/caches/6.1.1/executionHistory)" [_thread_blocked, id=41475, stack(0x000070001183d000,0x000070001193d000)]
  0x00007f943350f000 JavaThread "Cache worker for file hash cache (/Users/DREMO/.gradle/caches/6.1.1/fileHashes)" [_thread_blocked, id=24579, stack(0x000070001132e000,0x000070001142e000)]
  0x00007f9432948000 JavaThread "File lock request listener" [_thread_in_native, id=24067, stack(0x000070001122b000,0x000070001132b000)]
  0x00007f9433202800 JavaThread "Cache worker for journal cache (/Users/DREMO/.gradle/caches/journal-1)" [_thread_blocked, id=23555, stack(0x0000700011128000,0x0000700011228000)]
  0x00007f9433874800 JavaThread "Daemon periodic checks" [_thread_blocked, id=14595, stack(0x0000700010910000,0x0000700010a10000)]
  0x00007f9433230000 JavaThread "Incoming local TCP Connector on port 49603" [_thread_in_native, id=16131, stack(0x000070001080d000,0x000070001090d000)]
  0x00007f94335d1000 JavaThread "Daemon health stats" [_thread_blocked, id=14339, stack(0x000070001070a000,0x000070001080a000)]
  0x00007f9433051800 JavaThread "Service Thread" daemon [_thread_blocked, id=13571, stack(0x0000700010504000,0x0000700010604000)]
  0x00007f943304e800 JavaThread "C1 CompilerThread2" daemon [_thread_in_native, id=17155, stack(0x0000700010401000,0x0000700010501000)]
  0x00007f943304c000 JavaThread "C2 CompilerThread1" daemon [_thread_blocked, id=17667, stack(0x00007000102fe000,0x00007000103fe000)]
  0x00007f943304d000 JavaThread "C2 CompilerThread0" daemon [_thread_in_native, id=13315, stack(0x00007000101fb000,0x00007000102fb000)]
  0x00007f943304b800 JavaThread "Signal Dispatcher" daemon [_thread_blocked, id=13063, stack(0x00007000100f8000,0x00007000101f8000)]
  0x00007f9433028000 JavaThread "Finalizer" daemon [_thread_blocked, id=11267, stack(0x000070000ff72000,0x0000700010072000)]
  0x00007f9433025000 JavaThread "Reference Handler" daemon [_thread_blocked, id=20483, stack(0x000070000fe6f000,0x000070000ff6f000)]
  0x00007f9433002000 JavaThread "main" [_thread_blocked, id=6147, stack(0x000070000f85d000,0x000070000f95d000)]

Other Threads:
  0x00007f943301e800 VMThread [stack: 0x000070000fd6c000,0x000070000fe6c000] [id=20995]
  0x00007f9433052000 WatcherThread [stack: 0x0000700010607000,0x0000700010707000] [id=16643]

VM state:not at safepoint (normal execution)

VM Mutex/Monitor currently owned by a thread:  ([mutex/lock_event])
[0x00007f9432510cd0] CodeCache_lock - owner thread: 0x0000000000000000

heap address: 0x0000000740000000, size: 2048 MB, Compressed Oops mode: Zero based, Oop shift amount: 3
Narrow klass base: 0x0000000000000000, Narrow klass shift: 3
Compressed class space size: 1073741824 Address: 0x00000007c0000000

Heap:
 PSYoungGen      total 382976K, used 342071K [0x0000000795580000, 0x00000007af980000, 0x00000007c0000000)
  eden space 346112K, 89% used [0x0000000795580000,0x00000007a82a7b98,0x00000007aa780000)
  from space 36864K, 91% used [0x00000007ad300000,0x00000007af3e63a0,0x00000007af700000)
  to   space 41984K, 0% used [0x00000007aa780000,0x00000007aa780000,0x00000007ad080000)
 ParOldGen       total 122880K, used 63235K [0x0000000740000000, 0x0000000747800000, 0x0000000795580000)
  object space 122880K, 51% used [0x0000000740000000,0x0000000743dc0d90,0x0000000747800000)
 Metaspace       used 93058K, capacity 97280K, committed 97432K, reserved 1134592K
  class space    used 11796K, capacity 12645K, committed 12720K, reserved 1048576K

Card table byte_map: [0x0000000106a78000,0x0000000106e79000] byte_map_base: 0x0000000103078000

Marking Bits: (ParMarkBitMap*) 0x00000001060273f8
 Begin Bits: [0x0000000107124000, 0x0000000109124000)
 End Bits:   [0x0000000109124000, 0x000000010b124000)

Polling page: 0x0000000104e76000

CodeCache: size=245760Kb used=46901Kb max_used=46901Kb free=198858Kb
 bounds [0x000000011438c000, 0x000000011719c000, 0x000000012338c000]
 total_blobs=14530 nmethods=13644 adapters=797
 compilation: enabled

Compilation events (10 events):
Event: 5614.259 Thread 0x00007f943304e800 16720       3       org.gradle.internal.execution.UnitOfWork::skipIfInputsEmpty (4 bytes)
Event: 5614.259 Thread 0x00007f943304e800 nmethod 16720 0x0000000117188050 code [0x00000001171881c0, 0x0000000117188370]
Event: 5614.259 Thread 0x00007f943304e800 16721       3       org.gradle.internal.execution.steps.SkipEmptyWorkStep$$Lambda$468/1577877224::get$Lambda (10 bytes)
Event: 5614.260 Thread 0x00007f943304e800 nmethod 16721 0x0000000117188410 code [0x0000000117188580, 0x00000001171887f0]
Event: 5614.260 Thread 0x00007f943304e800 16722       3       org.gradle.internal.execution.steps.CaptureStateBeforeExecutionStep::execute (45 bytes)
Event: 5614.261 Thread 0x00007f943304e800 nmethod 16722 0x0000000117188910 code [0x0000000117188bc0, 0x0000000117189f08]
Event: 5614.261 Thread 0x00007f943304e800 16723       3       org.gradle.internal.execution.steps.CaptureStateBeforeExecutionStep$$Lambda$472/15601534::<init> (15 bytes)
Event: 5614.262 Thread 0x00007f943304e800 nmethod 16723 0x000000011718a990 code [0x000000011718ab00, 0x000000011718acf0]
Event: 5614.262 Thread 0x00007f943304e800 16724       3       org.gradle.api.internal.artifacts.transform.DefaultTransformerInvocationFactory$TransformerExecution$$Lambda$478/1992403768::get$Lambda (9 bytes)
Event: 5614.262 Thread 0x00007f943304e800 nmethod 16724 0x000000011718ad90 code [0x000000011718af00, 0x000000011718b150]

GC Heap History (10 events):
Event: 5129.159 GC heap before
{Heap before GC invocations=23 (full 3):
 PSYoungGen      total 293888K, used 293870K [0x0000000795580000, 0x00000007a9080000, 0x00000007c0000000)
  eden space 277504K, 100% used [0x0000000795580000,0x00000007a6480000,0x00000007a6480000)
  from space 16384K, 99% used [0x00000007a6480000,0x00000007a747bad8,0x00000007a7480000)
  to   space 21504K, 0% used [0x00000007a7b80000,0x00000007a7b80000,0x00000007a9080000)
 ParOldGen       total 122880K, used 36499K [0x0000000740000000, 0x0000000747800000, 0x0000000795580000)
  object space 122880K, 29% used [0x0000000740000000,0x00000007423a4e28,0x0000000747800000)
 Metaspace       used 74064K, capacity 76508K, committed 76696K, reserved 1116160K
  class space    used 9612K, capacity 10128K, committed 10160K, reserved 1048576K
Event: 5129.190 GC heap after
Heap after GC invocations=23 (full 3):
 PSYoungGen      total 296960K, used 21474K [0x0000000795580000, 0x00000007aad00000, 0x00000007c0000000)
  eden space 275456K, 0% used [0x0000000795580000,0x0000000795580000,0x00000007a6280000)
  from space 21504K, 99% used [0x00000007a7b80000,0x00000007a9078bc0,0x00000007a9080000)
  to   space 25600K, 0% used [0x00000007a6280000,0x00000007a6280000,0x00000007a7b80000)
 ParOldGen       total 122880K, used 37886K [0x0000000740000000, 0x0000000747800000, 0x0000000795580000)
  object space 122880K, 30% used [0x0000000740000000,0x00000007424ffae0,0x0000000747800000)
 Metaspace       used 74064K, capacity 76508K, committed 76696K, reserved 1116160K
  class space    used 9612K, capacity 10128K, committed 10160K, reserved 1048576K
}
Event: 5139.228 GC heap before
{Heap before GC invocations=24 (full 3):
 PSYoungGen      total 296960K, used 296930K [0x0000000795580000, 0x00000007aad00000, 0x00000007c0000000)
  eden space 275456K, 100% used [0x0000000795580000,0x00000007a6280000,0x00000007a6280000)
  from space 21504K, 99% used [0x00000007a7b80000,0x00000007a9078bc0,0x00000007a9080000)
  to   space 25600K, 0% used [0x00000007a6280000,0x00000007a6280000,0x00000007a7b80000)
 ParOldGen       total 122880K, used 37886K [0x0000000740000000, 0x0000000747800000, 0x0000000795580000)
  object space 122880K, 30% used [0x0000000740000000,0x00000007424ffae0,0x0000000747800000)
 Metaspace       used 76067K, capacity 78840K, committed 79128K, reserved 1118208K
  class space    used 9859K, capacity 10416K, committed 10544K, reserved 1048576K
Event: 5139.257 GC heap after
Heap after GC invocations=24 (full 3):
 PSYoungGen      total 301056K, used 25574K [0x0000000795580000, 0x00000007ab580000, 0x00000007c0000000)
  eden space 275456K, 0% used [0x0000000795580000,0x0000000795580000,0x00000007a6280000)
  from space 25600K, 99% used [0x00000007a6280000,0x00000007a7b79a10,0x00000007a7b80000)
  to   space 30720K, 0% used [0x00000007a9780000,0x00000007a9780000,0x00000007ab580000)
 ParOldGen       total 122880K, used 40530K [0x0000000740000000, 0x0000000747800000, 0x0000000795580000)
  object space 122880K, 32% used [0x0000000740000000,0x0000000742794bd8,0x0000000747800000)
 Metaspace       used 76067K, capacity 78840K, committed 79128K, reserved 1118208K
  class space    used 9859K, capacity 10416K, committed 10544K, reserved 1048576K
}
Event: 5141.544 GC heap before
{Heap before GC invocations=25 (full 3):
 PSYoungGen      total 301056K, used 301030K [0x0000000795580000, 0x00000007ab580000, 0x00000007c0000000)
  eden space 275456K, 100% used [0x0000000795580000,0x00000007a6280000,0x00000007a6280000)
  from space 25600K, 99% used [0x00000007a6280000,0x00000007a7b79a10,0x00000007a7b80000)
  to   space 30720K, 0% used [0x00000007a9780000,0x00000007a9780000,0x00000007ab580000)
 ParOldGen       total 122880K, used 40530K [0x0000000740000000, 0x0000000747800000, 0x0000000795580000)
  object space 122880K, 32% used [0x0000000740000000,0x0000000742794bd8,0x0000000747800000)
 Metaspace       used 82058K, capacity 85006K, committed 85272K, reserved 1124352K
  class space    used 10658K, capacity 11251K, committed 11312K, reserved 1048576K
Event: 5141.603 GC heap after
Heap after GC invocations=25 (full 3):
 PSYoungGen      total 324096K, used 30707K [0x0000000795580000, 0x00000007adb80000, 0x00000007c0000000)
  eden space 293376K, 0% used [0x0000000795580000,0x0000000795580000,0x00000007a7400000)
  from space 30720K, 99% used [0x00000007a9780000,0x00000007ab57cff0,0x00000007ab580000)
  to   space 36352K, 0% used [0x00000007a7400000,0x00000007a7400000,0x00000007a9780000)
 ParOldGen       total 122880K, used 41682K [0x0000000740000000, 0x0000000747800000, 0x0000000795580000)
  object space 122880K, 33% used [0x0000000740000000,0x00000007428b4bb0,0x0000000747800000)
 Metaspace       used 82058K, capacity 85006K, committed 85272K, reserved 1124352K
  class space    used 10658K, capacity 11251K, committed 11312K, reserved 1048576K
}
Event: 5145.083 GC heap before
{Heap before GC invocations=26 (full 3):
 PSYoungGen      total 324096K, used 324083K [0x0000000795580000, 0x00000007adb80000, 0x00000007c0000000)
  eden space 293376K, 100% used [0x0000000795580000,0x00000007a7400000,0x00000007a7400000)
  from space 30720K, 99% used [0x00000007a9780000,0x00000007ab57cff0,0x00000007ab580000)
  to   space 36352K, 0% used [0x00000007a7400000,0x00000007a7400000,0x00000007a9780000)
 ParOldGen       total 122880K, used 41682K [0x0000000740000000, 0x0000000747800000, 0x0000000795580000)
  object space 122880K, 33% used [0x0000000740000000,0x00000007428b4bb0,0x0000000747800000)
 Metaspace       used 85460K, capacity 88746K, committed 89112K, reserved 1126400K
  class space    used 11067K, capacity 11687K, committed 11824K, reserved 1048576K
Event: 5145.139 GC heap after
Heap after GC invocations=26 (full 3):
 PSYoungGen      total 329728K, used 20629K [0x0000000795580000, 0x00000007af700000, 0x00000007c0000000)
  eden space 293376K, 0% used [0x0000000795580000,0x0000000795580000,0x00000007a7400000)
  from space 36352K, 56% used [0x00000007a7400000,0x00000007a8825558,0x00000007a9780000)
  to   space 36864K, 0% used [0x00000007ad300000,0x00000007ad300000,0x00000007af700000)
 ParOldGen       total 122880K, used 59736K [0x0000000740000000, 0x0000000747800000, 0x0000000795580000)
  object space 122880K, 48% used [0x0000000740000000,0x0000000743a563b0,0x0000000747800000)
 Metaspace       used 85460K, capacity 88746K, committed 89112K, reserved 1126400K
  class space    used 11067K, capacity 11687K, committed 11824K, reserved 1048576K
}
Event: 5253.901 GC heap before
{Heap before GC invocations=27 (full 3):
 PSYoungGen      total 329728K, used 314005K [0x0000000795580000, 0x00000007af700000, 0x00000007c0000000)
  eden space 293376K, 100% used [0x0000000795580000,0x00000007a7400000,0x00000007a7400000)
  from space 36352K, 56% used [0x00000007a7400000,0x00000007a8825558,0x00000007a9780000)
  to   space 36864K, 0% used [0x00000007ad300000,0x00000007ad300000,0x00000007af700000)
 ParOldGen       total 122880K, used 59736K [0x0000000740000000, 0x0000000747800000, 0x0000000795580000)
  object space 122880K, 48% used [0x0000000740000000,0x0000000743a563b0,0x0000000747800000)
 Metaspace       used 87428K, capacity 90738K, committed 90904K, reserved 1128448K
  class space    used 11326K, capacity 11978K, committed 12080K, reserved 1048576K
Event: 5253.959 GC heap after
Heap after GC invocations=27 (full 3):
 PSYoungGen      total 382976K, used 33688K [0x0000000795580000, 0x00000007af980000, 0x00000007c0000000)
  eden space 346112K, 0% used [0x0000000795580000,0x0000000795580000,0x00000007aa780000)
  from space 36864K, 91% used [0x00000007ad300000,0x00000007af3e63a0,0x00000007af700000)
  to   space 41984K, 0% used [0x00000007aa780000,0x00000007aa780000,0x00000007ad080000)
 ParOldGen       total 122880K, used 63235K [0x0000000740000000, 0x0000000747800000, 0x0000000795580000)
  object space 122880K, 51% used [0x0000000740000000,0x0000000743dc0d90,0x0000000747800000)
 Metaspace       used 87428K, capacity 90738K, committed 90904K, reserved 1128448K
  class space    used 11326K, capacity 11978K, committed 12080K, reserved 1048576K
}

Deoptimization events (10 events):
Event: 5516.366 Thread 0x00007f943acc5000 Uncommon trap: reason=class_check action=maybe_recompile pc=0x0000000115705ec8 method=com.sun.org.apache.xerces.internal.impl.XMLDocumentFragmentScannerImpl.scanDocument(Z)Z @ 117
Event: 5516.396 Thread 0x00007f943acc5000 Uncommon trap: reason=class_check action=maybe_recompile pc=0x0000000114eeeb64 method=java.util.regex.Pattern$BnM.match(Ljava/util/regex/Matcher;ILjava/lang/CharSequence;)Z @ 111
Event: 5516.400 Thread 0x00007f94388a5000 Uncommon trap: reason=unstable_if action=reinterpret pc=0x0000000115c3e370 method=org.gradle.launcher.daemon.server.exec.DaemonConnectionBackedEventConsumer$ForwardEvents.run()V @ 13
Event: 5521.116 Thread 0x00007f943acc5000 Uncommon trap: reason=unstable_if action=reinterpret pc=0x0000000115ec9df4 method=com.esotericsoftware.kryo.io.Input.readString()Ljava/lang/String; @ 38
Event: 5521.530 Thread 0x00007f94381c3000 Uncommon trap: reason=unstable_if action=reinterpret pc=0x000000011580d4f0 method=java.util.concurrent.ConcurrentHashMap.addCount(JI)V @ 168
Event: 5521.530 Thread 0x00007f94362e3000 Uncommon trap: reason=unstable_if action=reinterpret pc=0x000000011580d4f0 method=java.util.concurrent.ConcurrentHashMap.addCount(JI)V @ 168
Event: 5521.588 Thread 0x00007f94362e3000 Uncommon trap: reason=unstable_if action=reinterpret pc=0x00000001150df528 method=java.util.concurrent.locks.ReentrantLock$Sync.nonfairTryAcquire(I)Z @ 19
Event: 5527.740 Thread 0x00007f94362e3000 Uncommon trap: reason=unstable_if action=reinterpret pc=0x000000011591a188 method=org.objectweb.asm.ByteVector.putByteArray([BII)Lorg/objectweb/asm/ByteVector; @ 20
Event: 5607.763 Thread 0x00007f943acc5000 Uncommon trap: reason=class_check action=maybe_recompile pc=0x0000000115cda4e8 method=org.gradle.internal.fingerprint.FingerprintHashingStrategy.appendCollectionToHasherKeepingOrder(Lorg/gradle/internal/hash/Hasher;Ljava/util/Collection;)V @ 22
Event: 5608.078 Thread 0x00007f943acc5000 Uncommon trap: reason=null_check action=make_not_entrant pc=0x0000000116ccc520 method=org.gradle.api.internal.collections.CollectionFilter.filter(Ljava/lang/Object;)Ljava/lang/Object; @ 5

Classes redefined (0 events):
No events

Internal exceptions (10 events):
Event: 5607.612 Thread 0x00007f943acc5000 Exception <a 'java/lang/ClassNotFoundException': sync_studio_tooling5_9rlxpyc9jn4itgbc5ctqgppy4BeanInfo> (0x00000007a44a7f20) thrown at [/Volumes/Android/buildbot/src/googleplex-android/openjdk/out/hotspot/src/share/vm/classfile/systemDictionary.cpp, line
Event: 5607.612 Thread 0x00007f943acc5000 Exception <a 'java/lang/ClassNotFoundException': sync_studio_tooling5_9rlxpyc9jn4itgbc5ctqgppy4Customizer> (0x00000007a44b71d8) thrown at [/Volumes/Android/buildbot/src/googleplex-android/openjdk/out/hotspot/src/share/vm/classfile/systemDictionary.cpp, li
Event: 5607.970 Thread 0x00007f943acc5000 Exception <a 'java/lang/ClassNotFoundException': build_5ym1goo4of2wv8sntyq7a689xBeanInfo> (0x00000007a5637290) thrown at [/Volumes/Android/buildbot/src/googleplex-android/openjdk/out/hotspot/src/share/vm/classfile/systemDictionary.cpp, line 210]
Event: 5607.970 Thread 0x00007f943acc5000 Exception <a 'java/lang/ClassNotFoundException': build_5ym1goo4of2wv8sntyq7a689xCustomizer> (0x00000007a5644760) thrown at [/Volumes/Android/buildbot/src/googleplex-android/openjdk/out/hotspot/src/share/vm/classfile/systemDictionary.cpp, line 210]
Event: 5607.977 Thread 0x00007f943acc5000 Exception <a 'sun/nio/fs/UnixException'> (0x00000007a572fc08) thrown at [/Volumes/Android/buildbot/src/googleplex-android/openjdk/out/hotspot/src/share/vm/prims/jni.cpp, line 710]
Event: 5608.071 Thread 0x00007f943acc5000 Exception <a 'java/lang/ClassNotFoundException': build_5ym1goo4of2wv8sntyq7a689x$_run_closure1$_closure4BeanInfo> (0x00000007a5bd58a8) thrown at [/Volumes/Android/buildbot/src/googleplex-android/openjdk/out/hotspot/src/share/vm/classfile/systemDictionary.
Event: 5608.071 Thread 0x00007f943acc5000 Exception <a 'java/lang/ClassNotFoundException': build_5ym1goo4of2wv8sntyq7a689x$_run_closure1$_closure4Customizer> (0x00000007a5be7fc0) thrown at [/Volumes/Android/buildbot/src/googleplex-android/openjdk/out/hotspot/src/share/vm/classfile/systemDictionar
Event: 5608.073 Thread 0x00007f943acc5000 Exception <a 'java/lang/ClassNotFoundException': build_5ym1goo4of2wv8sntyq7a689x$_run_closure1BeanInfo> (0x00000007a5c10cd8) thrown at [/Volumes/Android/buildbot/src/googleplex-android/openjdk/out/hotspot/src/share/vm/classfile/systemDictionary.cpp, line 
Event: 5608.073 Thread 0x00007f943acc5000 Exception <a 'java/lang/ClassNotFoundException': build_5ym1goo4of2wv8sntyq7a689x$_run_closure1Customizer> (0x00000007a5c22248) thrown at [/Volumes/Android/buildbot/src/googleplex-android/openjdk/out/hotspot/src/share/vm/classfile/systemDictionary.cpp, lin
Event: 5608.078 Thread 0x00007f943acc5000 Implicit null exception at 0x0000000116ccc3c4 to 0x0000000116ccc50d

Events (10 events):
Event: 5614.150 loading class org/gradle/internal/resolve/ModuleVersionResolveException$1
Event: 5614.150 loading class org/gradle/internal/resolve/ModuleVersionResolveException$1 done
Event: 5614.151 loading class org/gradle/api/internal/artifacts/result/DefaultUnresolvedDependencyResult
Event: 5614.151 loading class org/gradle/api/internal/artifacts/result/DefaultUnresolvedDependencyResult done
Event: 5614.199 Executing VM operation: RevokeBias
Event: 5614.200 Executing VM operation: RevokeBias done
Event: 5614.214 Executing VM operation: RevokeBias
Event: 5614.214 Executing VM operation: RevokeBias done
Event: 5614.214 Executing VM operation: RevokeBias
Event: 5614.215 Executing VM operation: RevokeBias done


Dynamic libraries:
0x00007fff3c2a4000 	/System/Library/Frameworks/Cocoa.framework/Versions/A/Cocoa
0x00007fff488f4000 	/System/Library/Frameworks/Security.framework/Versions/A/Security
0x00007fff3aee2000 	/System/Library/Frameworks/ApplicationServices.framework/Versions/A/ApplicationServices
0x00007fff648b4000 	/usr/lib/libz.1.dylib
0x00007fff62762000 	/usr/lib/libSystem.B.dylib
0x00007fff3ca65000 	/System/Library/Frameworks/CoreFoundation.framework/Versions/A/CoreFoundation
0x00007fff3ebe1000 	/System/Library/Frameworks/Foundation.framework/Versions/C/Foundation
0x00007fff63e9d000 	/usr/lib/libobjc.A.dylib
0x00007fff3a032000 	/System/Library/Frameworks/AppKit.framework/Versions/C/AppKit
0x00007fff3c61c000 	/System/Library/Frameworks/CoreData.framework/Versions/A/CoreData
0x00007fff5c015000 	/System/Library/PrivateFrameworks/RemoteViewServices.framework/Versions/A/RemoteViewServices
0x00007fff60793000 	/System/Library/PrivateFrameworks/UIFoundation.framework/Versions/A/UIFoundation
0x00007fff50e0d000 	/System/Library/PrivateFrameworks/DFRFoundation.framework/Versions/A/DFRFoundation
0x00007fff41252000 	/System/Library/Frameworks/Metal.framework/Versions/A/Metal
0x00007fff50faa000 	/System/Library/PrivateFrameworks/DesktopServicesPriv.framework/Versions/A/DesktopServicesPriv
0x00007fff633ea000 	/usr/lib/libenergytrace.dylib
0x00007fff5e7fd000 	/System/Library/PrivateFrameworks/SkyLight.framework/Versions/A/SkyLight
0x00007fff3cf03000 	/System/Library/Frameworks/CoreGraphics.framework/Versions/A/CoreGraphics
0x00007fff6275d000 	/usr/lib/libScreenReader.dylib
0x00007fff38d44000 	/System/Library/Frameworks/Accelerate.framework/Versions/A/Accelerate
0x00007fff3f35c000 	/System/Library/Frameworks/IOSurface.framework/Versions/A/IOSurface
0x00007fff3b42d000 	/System/Library/Frameworks/AudioToolbox.framework/Versions/A/AudioToolbox
0x00007fff3b6bd000 	/System/Library/Frameworks/AudioUnit.framework/Versions/A/AudioUnit
0x00007fff50ea5000 	/System/Library/PrivateFrameworks/DataDetectorsCore.framework/Versions/A/DataDetectorsCore
0x00007fff3bd97000 	/System/Library/Frameworks/Carbon.framework/Versions/A/Frameworks/HIToolbox.framework/Versions/A/HIToolbox
0x00007fff63544000 	/usr/lib/libicucore.A.dylib
0x00007fff47e6f000 	/System/Library/Frameworks/QuartzCore.framework/Versions/A/QuartzCore
0x00007fff5da9e000 	/System/Library/PrivateFrameworks/SignpostNotification.framework/Versions/A/SignpostNotification
0x00007fff3c17d000 	/System/Library/Frameworks/Carbon.framework/Versions/A/Frameworks/SpeechRecognition.framework/Versions/A/SpeechRecognition
0x00007fff62940000 	/usr/lib/libauto.dylib
0x00007fff647a3000 	/usr/lib/libxml2.2.dylib
0x00007fff50a5d000 	/System/Library/PrivateFrameworks/CoreUI.framework/Versions/A/CoreUI
0x00007fff3c4f8000 	/System/Library/Frameworks/CoreAudio.framework/Versions/A/CoreAudio
0x00007fff3ea1b000 	/System/Library/Frameworks/DiskArbitration.framework/Versions/A/DiskArbitration
0x00007fff637b8000 	/usr/lib/liblangid.dylib
0x00007fff58519000 	/System/Library/PrivateFrameworks/MultitouchSupport.framework/Versions/A/MultitouchSupport
0x00007fff3f2bf000 	/System/Library/Frameworks/IOKit.framework/Versions/A/IOKit
0x00007fff623ec000 	/usr/lib/libDiagnosticMessagesClient.dylib
0x00007fff3dbf8000 	/System/Library/Frameworks/CoreServices.framework/Versions/A/CoreServices
0x00007fff5a051000 	/System/Library/PrivateFrameworks/PerformanceAnalysis.framework/Versions/A/PerformanceAnalysis
0x00007fff4700c000 	/System/Library/Frameworks/OpenGL.framework/Versions/A/OpenGL
0x00007fff3c2b2000 	/System/Library/Frameworks/ColorSync.framework/Versions/A/ColorSync
0x00007fff3d534000 	/System/Library/Frameworks/CoreImage.framework/Versions/A/CoreImage
0x00007fff3e589000 	/System/Library/Frameworks/CoreText.framework/Versions/A/CoreText
0x00007fff3f3ba000 	/System/Library/Frameworks/ImageIO.framework/Versions/A/ImageIO
0x00007fff4d707000 	/System/Library/PrivateFrameworks/Backup.framework/Versions/A/Backup
0x00007fff6280e000 	/usr/lib/libarchive.2.dylib
0x00007fff3b9e0000 	/System/Library/Frameworks/CFNetwork.framework/Versions/A/CFNetwork
0x00007fff49087000 	/System/Library/Frameworks/SystemConfiguration.framework/Versions/A/SystemConfiguration
0x00007fff62315000 	/usr/lib/libCRFSuite.dylib
0x00007fff62a1a000 	/usr/lib/libc++.1.dylib
0x00007fff62a71000 	/usr/lib/libc++abi.dylib
0x00007fff64962000 	/usr/lib/system/libcache.dylib
0x00007fff64967000 	/usr/lib/system/libcommonCrypto.dylib
0x00007fff64972000 	/usr/lib/system/libcompiler_rt.dylib
0x00007fff6497a000 	/usr/lib/system/libcopyfile.dylib
0x00007fff64984000 	/usr/lib/system/libcorecrypto.dylib
0x00007fff64a91000 	/usr/lib/system/libdispatch.dylib
0x00007fff64acb000 	/usr/lib/system/libdyld.dylib
0x00007fff64ae9000 	/usr/lib/system/libkeymgr.dylib
0x00007fff64af7000 	/usr/lib/system/liblaunch.dylib
0x00007fff64af8000 	/usr/lib/system/libmacho.dylib
0x00007fff64afd000 	/usr/lib/system/libquarantine.dylib
0x00007fff64b00000 	/usr/lib/system/libremovefile.dylib
0x00007fff64b02000 	/usr/lib/system/libsystem_asl.dylib
0x00007fff64b1a000 	/usr/lib/system/libsystem_blocks.dylib
0x00007fff64b1b000 	/usr/lib/system/libsystem_c.dylib
0x00007fff64ba5000 	/usr/lib/system/libsystem_configuration.dylib
0x00007fff64ba9000 	/usr/lib/system/libsystem_coreservices.dylib
0x00007fff64bad000 	/usr/lib/system/libsystem_darwin.dylib
0x00007fff64baf000 	/usr/lib/system/libsystem_dnssd.dylib
0x00007fff64bb6000 	/usr/lib/system/libsystem_info.dylib
0x00007fff64c27000 	/usr/lib/system/libsystem_m.dylib
0x00007fff64c73000 	/usr/lib/system/libsystem_malloc.dylib
0x00007fff64c93000 	/usr/lib/system/libsystem_network.dylib
0x00007fff64dc4000 	/usr/lib/system/libsystem_networkextension.dylib
0x00007fff64dcf000 	/usr/lib/system/libsystem_notify.dylib
0x00007fff64ded000 	/usr/lib/system/libsystem_sandbox.dylib
0x00007fff64df1000 	/usr/lib/system/libsystem_secinit.dylib
0x00007fff64c00000 	/usr/lib/system/libsystem_kernel.dylib
0x00007fff64dd9000 	/usr/lib/system/libsystem_platform.dylib
0x00007fff64de1000 	/usr/lib/system/libsystem_pthread.dylib
0x00007fff64df3000 	/usr/lib/system/libsystem_symptoms.dylib
0x00007fff64dfb000 	/usr/lib/system/libsystem_trace.dylib
0x00007fff64e11000 	/usr/lib/system/libunwind.dylib
0x00007fff64e17000 	/usr/lib/system/libxpc.dylib
0x00007fff62228000 	/usr/lib/closure/libclosured.dylib
0x00007fff629fb000 	/usr/lib/libbsm.0.dylib
0x00007fff64aea000 	/usr/lib/system/libkxld.dylib
0x00007fff62626000 	/usr/lib/libOpenScriptingUtil.dylib
0x00007fff62d6a000 	/usr/lib/libcoretls.dylib
0x00007fff62d83000 	/usr/lib/libcoretls_cfhelpers.dylib
0x00007fff642a1000 	/usr/lib/libpam.2.dylib
0x00007fff643cc000 	/usr/lib/libsqlite3.dylib
0x00007fff64792000 	/usr/lib/libxar.1.dylib
0x00007fff62a0c000 	/usr/lib/libbz2.1.0.dylib
0x00007fff637ba000 	/usr/lib/liblzma.5.dylib
0x00007fff63c9b000 	/usr/lib/libnetwork.dylib
0x00007fff627f7000 	/usr/lib/libapple_nghttp2.dylib
0x00007fff642a8000 	/usr/lib/libpcap.A.dylib
0x00007fff62941000 	/usr/lib/libboringssl.dylib
0x00007fff6472d000 	/usr/lib/libusrtcp.dylib
0x00007fff627f6000 	/usr/lib/libapple_crypto.dylib
0x00007fff3df7b000 	/System/Library/Frameworks/CoreServices.framework/Versions/A/Frameworks/FSEvents.framework/Versions/A/FSEvents
0x00007fff3dc6e000 	/System/Library/Frameworks/CoreServices.framework/Versions/A/Frameworks/CarbonCore.framework/Versions/A/CarbonCore
0x00007fff3e143000 	/System/Library/Frameworks/CoreServices.framework/Versions/A/Frameworks/Metadata.framework/Versions/A/Metadata
0x00007fff3e1f4000 	/System/Library/Frameworks/CoreServices.framework/Versions/A/Frameworks/OSServices.framework/Versions/A/OSServices
0x00007fff3e255000 	/System/Library/Frameworks/CoreServices.framework/Versions/A/Frameworks/SearchKit.framework/Versions/A/SearchKit
0x00007fff3dbf9000 	/System/Library/Frameworks/CoreServices.framework/Versions/A/Frameworks/AE.framework/Versions/A/AE
0x00007fff3df84000 	/System/Library/Frameworks/CoreServices.framework/Versions/A/Frameworks/LaunchServices.framework/Versions/A/LaunchServices
0x00007fff3df46000 	/System/Library/Frameworks/CoreServices.framework/Versions/A/Frameworks/DictionaryServices.framework/Versions/A/DictionaryServices
0x00007fff3e2c4000 	/System/Library/Frameworks/CoreServices.framework/Versions/A/Frameworks/SharedFileList.framework/Versions/A/SharedFileList
0x00007fff42488000 	/System/Library/Frameworks/NetFS.framework/Versions/A/NetFS
0x00007fff587aa000 	/System/Library/PrivateFrameworks/NetAuth.framework/Versions/A/NetAuth
0x00007fff620bf000 	/System/Library/PrivateFrameworks/login.framework/Versions/A/Frameworks/loginsupport.framework/Versions/A/loginsupport
0x00007fff60410000 	/System/Library/PrivateFrameworks/TCC.framework/Versions/A/TCC
0x00007fff6389b000 	/usr/lib/libmecabra.dylib
0x00007fff3aee3000 	/System/Library/Frameworks/ApplicationServices.framework/Versions/A/Frameworks/ATS.framework/Versions/A/ATS
0x00007fff3b292000 	/System/Library/Frameworks/ApplicationServices.framework/Versions/A/Frameworks/ColorSyncLegacy.framework/Versions/A/ColorSyncLegacy
0x00007fff3b336000 	/System/Library/Frameworks/ApplicationServices.framework/Versions/A/Frameworks/HIServices.framework/Versions/A/HIServices
0x00007fff3b389000 	/System/Library/Frameworks/ApplicationServices.framework/Versions/A/Frameworks/LangAnalysis.framework/Versions/A/LangAnalysis
0x00007fff3b398000 	/System/Library/Frameworks/ApplicationServices.framework/Versions/A/Frameworks/PrintCore.framework/Versions/A/PrintCore
0x00007fff3b3e5000 	/System/Library/Frameworks/ApplicationServices.framework/Versions/A/Frameworks/QD.framework/Versions/A/QD
0x00007fff3b420000 	/System/Library/Frameworks/ApplicationServices.framework/Versions/A/Frameworks/SpeechSynthesis.framework/Versions/A/SpeechSynthesis
0x00007fff3c981000 	/System/Library/Frameworks/CoreDisplay.framework/Versions/A/CoreDisplay
0x00007fff38d5d000 	/System/Library/Frameworks/Accelerate.framework/Versions/A/Frameworks/vImage.framework/Versions/A/vImage
0x00007fff39d3e000 	/System/Library/Frameworks/Accelerate.framework/Versions/A/Frameworks/vecLib.framework/Versions/A/vecLib
0x00007fff39b13000 	/System/Library/Frameworks/Accelerate.framework/Versions/A/Frameworks/vecLib.framework/Versions/A/libvDSP.dylib
0x00007fff3964d000 	/System/Library/Frameworks/Accelerate.framework/Versions/A/Frameworks/vecLib.framework/Versions/A/libBNNS.dylib
0x00007fff39a79000 	/System/Library/Frameworks/Accelerate.framework/Versions/A/Frameworks/vecLib.framework/Versions/A/libQuadrature.dylib
0x00007fff39c87000 	/System/Library/Frameworks/Accelerate.framework/Versions/A/Frameworks/vecLib.framework/Versions/A/libvMisc.dylib
0x00007fff39688000 	/System/Library/Frameworks/Accelerate.framework/Versions/A/Frameworks/vecLib.framework/Versions/A/libLAPACK.dylib
0x00007fff394ac000 	/System/Library/Frameworks/Accelerate.framework/Versions/A/Frameworks/vecLib.framework/Versions/A/libBLAS.dylib
0x00007fff39a62000 	/System/Library/Frameworks/Accelerate.framework/Versions/A/Frameworks/vecLib.framework/Versions/A/libLinearAlgebra.dylib
0x00007fff39a7f000 	/System/Library/Frameworks/Accelerate.framework/Versions/A/Frameworks/vecLib.framework/Versions/A/libSparse.dylib
0x00007fff39b00000 	/System/Library/Frameworks/Accelerate.framework/Versions/A/Frameworks/vecLib.framework/Versions/A/libSparseBLAS.dylib
0x00007fff555e4000 	/System/Library/PrivateFrameworks/GPUWrangler.framework/Versions/A/GPUWrangler
0x00007fff56d78000 	/System/Library/PrivateFrameworks/IOAccelerator.framework/Versions/A/IOAccelerator
0x00007fff56d83000 	/System/Library/PrivateFrameworks/IOPresentment.framework/Versions/A/IOPresentment
0x00007fff50e1f000 	/System/Library/PrivateFrameworks/DSExternalDisplay.framework/Versions/A/DSExternalDisplay
0x00007fff4648b000 	/System/Library/Frameworks/OpenGL.framework/Versions/A/Libraries/libCoreFSCache.dylib
0x00007fff3e6da000 	/System/Library/Frameworks/CoreVideo.framework/Versions/A/CoreVideo
0x00007fff5635f000 	/System/Library/PrivateFrameworks/GraphVisualizer.framework/Versions/A/GraphVisualizer
0x00007fff41489000 	/System/Library/Frameworks/MetalPerformanceShaders.framework/Versions/A/MetalPerformanceShaders
0x00007fff62424000 	/usr/lib/libFosl_dynamic.dylib
0x00007fff51eee000 	/System/Library/PrivateFrameworks/FaceCore.framework/Versions/A/FaceCore
0x00007fff45286000 	/System/Library/Frameworks/OpenCL.framework/Versions/A/OpenCL
0x00007fff62aa8000 	/usr/lib/libcompression.dylib
0x00007fff3afe2000 	/System/Library/Frameworks/ApplicationServices.framework/Versions/A/Frameworks/ATS.framework/Versions/A/Resources/libFontParser.dylib
0x00007fff3b105000 	/System/Library/Frameworks/ApplicationServices.framework/Versions/A/Frameworks/ATS.framework/Versions/A/Resources/libFontRegistry.dylib
0x00007fff3f626000 	/System/Library/Frameworks/ImageIO.framework/Versions/A/Resources/libJPEG.dylib
0x00007fff3f950000 	/System/Library/Frameworks/ImageIO.framework/Versions/A/Resources/libTIFF.dylib
0x00007fff3f926000 	/System/Library/Frameworks/ImageIO.framework/Versions/A/Resources/libPng.dylib
0x00007fff3f539000 	/System/Library/Frameworks/ImageIO.framework/Versions/A/Resources/libGIF.dylib
0x00007fff3f53e000 	/System/Library/Frameworks/ImageIO.framework/Versions/A/Resources/libJP2.dylib
0x00007fff3f94d000 	/System/Library/Frameworks/ImageIO.framework/Versions/A/Resources/libRadiance.dylib
0x00007fff4ce31000 	/System/Library/PrivateFrameworks/AppleJPEG.framework/Versions/A/AppleJPEG
0x00007fff412f0000 	/System/Library/Frameworks/MetalPerformanceShaders.framework/Frameworks/MPSCore.framework/Versions/A/MPSCore
0x00007fff4130c000 	/System/Library/Frameworks/MetalPerformanceShaders.framework/Frameworks/MPSImage.framework/Versions/A/MPSImage
0x00007fff413a1000 	/System/Library/Frameworks/MetalPerformanceShaders.framework/Frameworks/MPSNeuralNetwork.framework/Versions/A/MPSNeuralNetwork
0x00007fff4137c000 	/System/Library/Frameworks/MetalPerformanceShaders.framework/Frameworks/MPSMatrix.framework/Versions/A/MPSMatrix
0x00007fff5827b000 	/System/Library/PrivateFrameworks/MetalTools.framework/Versions/A/MetalTools
0x00007fff46656000 	/System/Library/Frameworks/OpenGL.framework/Versions/A/Libraries/libGLU.dylib
0x00007fff46496000 	/System/Library/Frameworks/OpenGL.framework/Versions/A/Libraries/libGFXShared.dylib
0x00007fff464a0000 	/System/Library/Frameworks/OpenGL.framework/Versions/A/Libraries/libGL.dylib
0x00007fff464ac000 	/System/Library/Frameworks/OpenGL.framework/Versions/A/Libraries/libGLImage.dylib
0x00007fff46488000 	/System/Library/Frameworks/OpenGL.framework/Versions/A/Libraries/libCVMSPluginSupport.dylib
0x00007fff46491000 	/System/Library/Frameworks/OpenGL.framework/Versions/A/Libraries/libCoreVMClient.dylib
0x00007fff63255000 	/usr/lib/libcups.2.dylib
0x00007fff40857000 	/System/Library/Frameworks/Kerberos.framework/Versions/A/Kerberos
0x00007fff3f019000 	/System/Library/Frameworks/GSS.framework/Versions/A/GSS
0x00007fff6435f000 	/usr/lib/libresolv.9.dylib
0x00007fff63452000 	/usr/lib/libiconv.2.dylib
0x00007fff563f1000 	/System/Library/PrivateFrameworks/Heimdal.framework/Versions/A/Heimdal
0x00007fff63421000 	/usr/lib/libheimdal-asn1.dylib
0x00007fff452fe000 	/System/Library/Frameworks/OpenDirectory.framework/Versions/A/OpenDirectory
0x00007fff4f14a000 	/System/Library/PrivateFrameworks/CommonAuth.framework/Versions/A/CommonAuth
0x00007fff452e1000 	/System/Library/Frameworks/OpenDirectory.framework/Versions/A/Frameworks/CFOpenDirectory.framework/Versions/A/CFOpenDirectory
0x00007fff48c20000 	/System/Library/Frameworks/SecurityFoundation.framework/Versions/A/SecurityFoundation
0x00007fff4bff4000 	/System/Library/PrivateFrameworks/APFS.framework/Versions/A/APFS
0x00007fff6478e000 	/usr/lib/libutil.dylib
0x00007fff4ceb4000 	/System/Library/PrivateFrameworks/AppleSauce.framework/Versions/A/AppleSauce
0x00007fff57560000 	/System/Library/PrivateFrameworks/LinguisticData.framework/Versions/A/LinguisticData
0x00007fff637d4000 	/usr/lib/libmarisa.dylib
0x00007fff5751a000 	/System/Library/PrivateFrameworks/Lexicon.framework/Versions/A/Lexicon
0x00007fff6234f000 	/usr/lib/libChineseTokenizer.dylib
0x00007fff62a97000 	/usr/lib/libcmph.dylib
0x00007fff57424000 	/System/Library/PrivateFrameworks/LanguageModeling.framework/Versions/A/LanguageModeling
0x00007fff4fc67000 	/System/Library/PrivateFrameworks/CoreEmoji.framework/Versions/A/CoreEmoji
0x00007fff48cde000 	/System/Library/Frameworks/ServiceManagement.framework/Versions/A/ServiceManagement
0x00007fff4d6ff000 	/System/Library/PrivateFrameworks/BackgroundTaskManagement.framework/Versions/A/BackgroundTaskManagement
0x00007fff6488b000 	/usr/lib/libxslt.1.dylib
0x00007fff3c0a7000 	/System/Library/Frameworks/Carbon.framework/Versions/A/Frameworks/Ink.framework/Versions/A/Ink
0x00007fff60625000 	/System/Library/PrivateFrameworks/TextureIO.framework/Versions/A/TextureIO
0x00007fff62839000 	/usr/lib/libate.dylib
0x00007fff50d7e000 	/System/Library/PrivateFrameworks/CrashReporterSupport.framework/Versions/A/CrashReporterSupport
0x00007fff5d95e000 	/System/Library/PrivateFrameworks/Sharing.framework/Versions/A/Sharing
0x00007fff57165000 	/System/Library/PrivateFrameworks/IconServices.framework/Versions/A/IconServices
0x00007fff4d32f000 	/System/Library/PrivateFrameworks/AuthKit.framework/Versions/A/AuthKit
0x00007fff4ccb4000 	/System/Library/PrivateFrameworks/Apple80211.framework/Versions/A/Apple80211
0x00007fff50b93000 	/System/Library/PrivateFrameworks/CoreUtils.framework/Versions/A/CoreUtils
0x00007fff3e715000 	/System/Library/Frameworks/CoreWLAN.framework/Versions/A/CoreWLAN
0x00007fff3f15b000 	/System/Library/Frameworks/IOBluetooth.framework/Versions/A/IOBluetooth
0x00007fff5be20000 	/System/Library/PrivateFrameworks/ProtocolBuffer.framework/Versions/A/ProtocolBuffer
0x00007fff58474000 	/System/Library/PrivateFrameworks/MobileKeyBag.framework/Versions/A/MobileKeyBag
0x00007fff5040b000 	/System/Library/PrivateFrameworks/CorePhoneNumbers.framework/Versions/A/CorePhoneNumbers
0x00007fff4cdec000 	/System/Library/PrivateFrameworks/AppleIDAuthSupport.framework/Versions/A/AppleIDAuthSupport
0x00007fff57410000 	/System/Library/PrivateFrameworks/KeychainCircle.framework/Versions/A/KeychainCircle
0x00007fff50d19000 	/System/Library/PrivateFrameworks/CoreWiFi.framework/Versions/A/CoreWiFi
0x00007fff3c5f2000 	/System/Library/Frameworks/CoreBluetooth.framework/Versions/A/CoreBluetooth
0x00007fff50f69000 	/System/Library/PrivateFrameworks/DebugSymbols.framework/Versions/A/DebugSymbols
0x00007fff50949000 	/System/Library/PrivateFrameworks/CoreSymbolication.framework/Versions/A/CoreSymbolication
0x00007fff5fe16000 	/System/Library/PrivateFrameworks/Symbolication.framework/Versions/A/Symbolication
0x00007fff4ccde000 	/System/Library/PrivateFrameworks/AppleFSCompression.framework/Versions/A/AppleFSCompression
0x00007fff5f263000 	/System/Library/PrivateFrameworks/SpeechRecognitionCore.framework/Versions/A/SpeechRecognitionCore
0x0000000105800000 	/Applications/Android Studio.app/Contents/jre/jdk/Contents/Home/jre/lib/server/libjvm.dylib
0x00007fff6465b000 	/usr/lib/libstdc++.6.0.9.dylib
0x0000000104e1a000 	/Applications/Android Studio.app/Contents/jre/jdk/Contents/Home/jre/lib/libverify.dylib
0x0000000104e2c000 	/Applications/Android Studio.app/Contents/jre/jdk/Contents/Home/jre/lib/libjava.dylib
0x0000000104ec0000 	/Applications/Android Studio.app/Contents/jre/jdk/Contents/Home/jre/lib/libzip.dylib
0x000000010cf00000 	/Applications/Android Studio.app/Contents/jre/jdk/Contents/Home/jre/lib/libnio.dylib
0x000000010cf1b000 	/Applications/Android Studio.app/Contents/jre/jdk/Contents/Home/jre/lib/./libnet.dylib
0x000000010d69e000 	/Users/DREMO/.gradle/native/31/osx-amd64/libnative-platform.dylib
0x000000010dab0000 	/Applications/Android Studio.app/Contents/jre/jdk/Contents/Home/jre/lib/libmanagement.dylib
0x000000010d70a000 	/Applications/Android Studio.app/Contents/jre/jdk/Contents/Home/jre/lib/libsunec.dylib

VM Arguments:
jvm_args: -Xmx2048m -Dfile.encoding=UTF-8 -Duser.country=US -Duser.language=en -Duser.variant 
java_command: org.gradle.launcher.daemon.bootstrap.GradleDaemon 6.1.1
java_class_path (initial): /Users/DREMO/.gradle/wrapper/dists/gradle-6.1.1-all/cfmwm155h49vnt3hynmlrsdst/gradle-6.1.1/lib/gradle-launcher-6.1.1.jar
Launcher Type: SUN_STANDARD

Environment Variables:
PATH=/Users/DREMO/Documents/flutter/bin:/usr/bin:/bin:/usr/sbin:/sbin:/usr/local/bin:/Applications/VMware Fusion.app/Contents/Public
SHELL=/bin/bash

Signal Handlers:
SIGSEGV: [libjvm.dylib+0x565c43], sa_mask[0]=11111111011111110111111111111111, sa_flags=SA_ONSTACK|SA_RESTART|SA_SIGINFO
SIGBUS: [libjvm.dylib+0x565c43], sa_mask[0]=11111111011111110111111111111111, sa_flags=SA_RESTART|SA_SIGINFO
SIGFPE: [libjvm.dylib+0x45dd9d], sa_mask[0]=11111111011111110111111111111111, sa_flags=SA_RESTART|SA_SIGINFO
SIGPIPE: [libjvm.dylib+0x45dd9d], sa_mask[0]=11111111011111110111111111111111, sa_flags=SA_RESTART|SA_SIGINFO
SIGXFSZ: [libjvm.dylib+0x45dd9d], sa_mask[0]=11111111011111110111111111111111, sa_flags=SA_RESTART|SA_SIGINFO
SIGILL: [libjvm.dylib+0x45dd9d], sa_mask[0]=11111111011111110111111111111111, sa_flags=SA_RESTART|SA_SIGINFO
SIGUSR1: SIG_DFL, sa_mask[0]=00000000000000000000000000000000, sa_flags=none
SIGUSR2: [libjvm.dylib+0x45e69c], sa_mask[0]=00100000000000000000000000000000, sa_flags=SA_RESTART|SA_SIGINFO
SIGHUP: [libjvm.dylib+0x45c8c1], sa_mask[0]=11111111011111110111111111111111, sa_flags=SA_RESTART|SA_SIGINFO
SIGINT: [libjvm.dylib+0x45c8c1], sa_mask[0]=11111111011111110111111111111111, sa_flags=SA_RESTART|SA_SIGINFO
SIGTERM: [libjvm.dylib+0x45c8c1], sa_mask[0]=11111111011111110111111111111111, sa_flags=SA_RESTART|SA_SIGINFO
SIGQUIT: [libjvm.dylib+0x45c8c1], sa_mask[0]=11111111011111110111111111111111, sa_flags=SA_RESTART|SA_SIGINFO


---------------  S Y S T E M  ---------------

OS:Bsduname:Darwin 17.7.0 Darwin Kernel Version 17.7.0: Wed May 27 17:00:02 PDT 2020; root:xnu-4570.71.80.1~1/RELEASE_X86_64 x86_64
rlimit: STACK 8192k, CORE 0k, NPROC 709, NOFILE 10240, AS infinity
load average:1.95 2.28 2.32

CPU:total 4 (initial active 4) (2 cores per cpu, 2 threads per core) family 6 model 42 stepping 7, cmov, cx8, fxsr, mmx, sse, sse2, sse3, ssse3, sse4.1, sse4.2, popcnt, avx, aes, clmul, ht, tsc, tscinvbit

Memory: 4k page, physical 8388608k(29116k free)

/proc/meminfo:


vm_info: OpenJDK 64-Bit Server VM (25.242-b3-6222593) for bsd-amd64 JRE (1.8.0_242-release-1644-b3-6222593), built by "android-build" with gcc 4.2.1 Compatible Android (5484270 based on r353983c) Clang 9.0.3 (https://android.googlesource.com/toolchain/clang 745b335211bb9eadfa6aa6301f84715cee4b37c5) (https://android.googlesource.com/toolchain/llvm 60cf23e54e46c807513f7a36d0a7b777920b5881)

time: Tue Jun 30 00:55:54 2020
timezone: CST
elapsed time: 5614 seconds (0d 1h 33m 34s)

