#
# A fatal error has been detected by the Java Runtime Environment:
#
#  SIGSEGV (0xb) at pc=0x000000010328199c, pid=2842, tid=0x0000000000001f07
#
# JRE version: OpenJDK Runtime Environment (8.0_242) (build 1.8.0_242-release-1644-b3-6222593)
# Java VM: OpenJDK 64-Bit Server VM (25.242-b3-6222593 mixed mode bsd-amd64 compressed oops)
# Problematic frame:
# V  [libjvm.dylib+0x48199c]
#
# Failed to write core dump. Core dumps have been disabled. To enable core dumping, try "ulimit -c unlimited" before starting Java again
#
# If you would like to submit a bug report, please visit:
#   http://bugreport.java.com/bugreport/crash.jsp
#

---------------  T H R E A D  ---------------

Current thread (0x00007f94fb80a800):  GCTaskThread [stack: 0x000070000509e000,0x000070000519e000] [id=7943]

siginfo: si_signo: 11 (SIGSEGV), si_code: 1 (SEGV_MAPERR), si_addr: 0x0000000000000008

Registers:
RAX=0x00000001036112d8, RBX=0x0000000740830038, RCX=0x0000000000004103, RDX=0x0000000000106001
RSP=0x000070000519dbe0, RBP=0x000070000519dc00, RSI=0x000000074283002c, RDI=0x0000000000000000
R8 =0x0000000000000050, R9 =0x0000000103621ffb, R10=0x0000000106877c00, R11=0x0000000000000010
R12=0x00007f94fb708960, R13=0x00000007c0001868, R14=0x00007f94fb708960, R15=0x0000000742830020
RIP=0x000000010328199c, EFLAGS=0x0000000000010246, ERR=0x0000000000000004
  TRAPNO=0x000000000000000e

Top of Stack: (sp=0x000070000519dbe0)
0x000070000519dbe0:   0000000000000001 000000074283002c
0x000070000519dbf0:   0000000742830030 0000000742830020
0x000070000519dc00:   000070000519dc50 0000000103097b33
0x000070000519dc10:   00000007429a0ed8 0000000000000000
0x000070000519dc20:   00000007c0001870 00007f94fb7089a0
0x000070000519dc30:   00007f94fb706770 00007f94fb708960
0x000070000519dc40:   00000001036112d8 00007f94fb708968
0x000070000519dc50:   000070000519dd00 000000010328f904
0x000070000519dc60:   0000000742830020 0000000000000000
0x000070000519dc70:   000000600519dd00 00007f94fb7089e8
0x000070000519dc80:   00007f94fb40c001 0000000103621f01
0x000070000519dc90:   0000700006c6ea48 00007f94fb7089a0
0x000070000519dca0:   00007f94fb708a20 0000000100000000
0x000070000519dcb0:   0000700006c6eab0 0000700006c6ea48
0x000070000519dcc0:   000070000519dd90 000070000519dd58
0x000070000519dcd0:   00007f94fb80a800 00007f94fb708960
0x000070000519dce0:   00007f94fb706770 00000001033cd8cd
0x000070000519dcf0:   00007f94fb706770 0000000000000001
0x000070000519dd00:   000070000519ddc0 0000000103280bfc
0x000070000519dd10:   00007f94fb40b1b8 00007f94fb40b420
0x000070000519dd20:   00007f94fb40b450 00007f94fb40b460
0x000070000519dd30:   00007f94fb40b838 00000000000003d8
0x000070000519dd40:   00000001035f8378 0000000103239100
0x000070000519dd50:   00007f94fb708960 00000001035f10c8
0x000070000519dd60:   0000000103622200 000070000519dd40
0x000070000519dd70:   00000001035f10b0 0000000103059100
0x000070000519dd80:   000070000519dd40 00007f94fb40b101
0x000070000519dd90:   00000001035f1128 0000000103059100
0x000070000519dda0:   000070000519dd40 00007f94fb40b200
0x000070000519ddb0:   00007f94fb80a800 0000000000000000
0x000070000519ddc0:   000070000519dea0 000000010305a011
0x000070000519ddd0:   0000000103622100 00007f94fb80a800 

Instructions: (pc=0x000000010328199c)
0x000000010328197c:   00 8a 10 84 d2 74 15 8b 7b 08 48 8d 05 4b f9 38
0x000000010328198c:   00 8a 48 08 48 d3 e7 48 03 38 eb 04 48 8b 7b 08
0x000000010328199c:   8b 47 08 85 c0 7e 09 a8 01 75 09 c1 e8 03 eb 45
0x00000001032819ac:   85 c0 78 0e 48 8b 07 48 89 de ff 90 e8 00 00 00 

Register to memory mapping:

RAX=0x00000001036112d8: _ZN8Universe13_narrow_klassE+0 in /Applications/Android Studio.app/Contents/jre/jdk/Contents/Home/jre/lib/server/libjvm.dylib at 0x0000000102e00000
RBX=0x0000000740830038 is pointing into object: 0x0000000740830028
java.util.concurrent.ConcurrentHashMap$Node 
 - klass: 'java/util/concurrent/ConcurrentHashMap$Node'
RCX=0x0000000000004103 is an unknown value
RDX=0x0000000000106001 is an unknown value
RSP=0x000070000519dbe0 is an unknown value
RBP=0x000070000519dc00 is an unknown value
RSI=0x000000074283002c is pointing into object: 0x0000000742830020
java.lang.String 
 - klass: 'java/lang/String'
RDI=0x0000000000000000 is an unknown value
R8 =0x0000000000000050 is an unknown value
R9 =0x0000000103621ffb: AssumeMP+0 in /Applications/Android Studio.app/Contents/jre/jdk/Contents/Home/jre/lib/server/libjvm.dylib at 0x0000000102e00000
R10=0x0000000106877c00 is an unknown value
R11=0x0000000000000010 is an unknown value
R12=0x00007f94fb708960 is an unknown value
R13=0x00000007c0001868 is pointing into metadata
R14=0x00007f94fb708960 is an unknown value
R15=0x0000000742830020 is an oop
java.lang.String 
 - klass: 'java/lang/String'


Stack: [0x000070000509e000,0x000070000519e000],  sp=0x000070000519dbe0,  free space=1022k
Native frames: (J=compiled Java code, j=interpreted, Vv=VM code, C=native code)
V  [libjvm.dylib+0x48199c]
V  [libjvm.dylib+0x297b33]
V  [libjvm.dylib+0x48f904]
V  [libjvm.dylib+0x480bfc]
V  [libjvm.dylib+0x25a011]
V  [libjvm.dylib+0x45b9eb]
C  [libsystem_pthread.dylib+0x3661]  _pthread_body+0x154
C  [libsystem_pthread.dylib+0x350d]  _pthread_body+0x0
C  [libsystem_pthread.dylib+0x2bf9]  thread_start+0xd


---------------  P R O C E S S  ---------------

Java Threads: ( => current thread )
  0x00007f95016f7000 JavaThread "Cache worker for file hash cache (/Users/DREMO/AndroidStudioProjects/NewsLify/.gradle/6.1.1/fileHashes)" [_thread_blocked, id=15903, stack(0x0000700006c72000,0x0000700006d72000)]
  0x00007f95015d3800 JavaThread "Cache worker for checksums cache (/Users/DREMO/AndroidStudioProjects/NewsLify/.gradle/checksums)" [_thread_blocked, id=42783, stack(0x0000700006b6f000,0x0000700006c6f000)]
  0x00007f9501017000 JavaThread "Thread-158" [_thread_blocked, id=33555, stack(0x0000700006763000,0x0000700006863000)]
  0x00007f94fd460000 JavaThread "Stdin handler" [_thread_blocked, id=35335, stack(0x0000700006660000,0x0000700006760000)]
  0x00007f9500a72800 JavaThread "Asynchronous log dispatcher for DefaultDaemonConnection: socket connection from /127.0.0.1:50002 to /127.0.0.1:50092" [_thread_blocked, id=35847, stack(0x000070000655d000,0x000070000665d000)]
  0x00007f94ff682800 JavaThread "Daemon worker Thread 3" [_thread_blocked, id=31751, stack(0x000070000645a000,0x000070000655a000)]
  0x00007f9500306000 JavaThread "Cancel handler" [_thread_blocked, id=44807, stack(0x0000700006357000,0x0000700006457000)]
  0x00007f9502a61000 JavaThread "Handler for socket connection from /127.0.0.1:50002 to /127.0.0.1:50092" [_thread_in_native, id=25611, stack(0x0000700006151000,0x0000700006251000)]
  0x00007f94fc7ee800 JavaThread "Daemon Thread 3" [_thread_blocked, id=15115, stack(0x000070000604e000,0x000070000614e000)]
  0x00007f9502a66000 JavaThread "RMI Reaper" [_thread_blocked, id=30211, stack(0x00007000085bd000,0x00007000086bd000)]
  0x00007f95010a1800 JavaThread "RMI TCP Accept-0" daemon [_thread_in_native, id=34307, stack(0x00007000084ba000,0x00007000085ba000)]
  0x00007f95008bf000 JavaThread "GC Daemon" daemon [_thread_blocked, id=34563, stack(0x00007000083b7000,0x00007000084b7000)]
  0x00007f9502cb4800 JavaThread "RMI RenewClean-[127.0.0.1:17967,org.jetbrains.kotlin.daemon.common.LoopbackNetworkInterface$ClientLoopbackSocketFactory@778ae109]" daemon [_thread_blocked, id=27911, stack(0x00007000082b4000,0x00007000083b4000)]
  0x00007f94ff0e6800 JavaThread "RMI Scheduler(0)" daemon [_thread_blocked, id=34823, stack(0x0000700007ea8000,0x0000700007fa8000)]
  0x00007f9502a32000 JavaThread "Cache worker for file content cache (/Users/DREMO/.gradle/caches/6.1.1/fileContent)" [_thread_blocked, id=38147, stack(0x0000700007793000,0x0000700007893000)]
  0x00007f94fb8a0800 JavaThread "Memory manager" [_thread_blocked, id=38403, stack(0x0000700007690000,0x0000700007790000)]
  0x00007f94fb943000 JavaThread "Cache worker for execution history cache (/Users/DREMO/.gradle/caches/6.1.1/executionHistory)" [_thread_blocked, id=24835, stack(0x0000700006f7b000,0x000070000707b000)]
  0x00007f94fccfb800 JavaThread "Cache worker for file hash cache (/Users/DREMO/.gradle/caches/6.1.1/fileHashes)" [_thread_blocked, id=23555, stack(0x0000700006a6c000,0x0000700006b6c000)]
  0x00007f94fc210800 JavaThread "File lock request listener" [_thread_in_native, id=23299, stack(0x0000700006969000,0x0000700006a69000)]
  0x00007f94fd0de000 JavaThread "Cache worker for journal cache (/Users/DREMO/.gradle/caches/journal-1)" [_thread_blocked, id=41475, stack(0x0000700006866000,0x0000700006966000)]
  0x00007f94fb810800 JavaThread "Daemon periodic checks" [_thread_blocked, id=21763, stack(0x0000700006254000,0x0000700006354000)]
  0x00007f94fcf9b800 JavaThread "Incoming local TCP Connector on port 50002" [_thread_in_native, id=16387, stack(0x0000700005f4b000,0x000070000604b000)]
  0x00007f94fd0d7800 JavaThread "Daemon health stats" [_thread_blocked, id=16899, stack(0x0000700005e48000,0x0000700005f48000)]
  0x00007f94fd007800 JavaThread "Service Thread" daemon [_thread_blocked, id=14083, stack(0x0000700005c42000,0x0000700005d42000)]
  0x00007f94fb80f000 JavaThread "C1 CompilerThread2" daemon [_thread_blocked, id=17411, stack(0x0000700005b3f000,0x0000700005c3f000)]
  0x00007f94fc829000 JavaThread "C2 CompilerThread1" daemon [_thread_blocked, id=17667, stack(0x0000700005a3c000,0x0000700005b3c000)]
  0x00007f94fc827000 JavaThread "C2 CompilerThread0" daemon [_thread_blocked, id=18179, stack(0x0000700005939000,0x0000700005a39000)]
  0x00007f94fc033000 JavaThread "Signal Dispatcher" daemon [_thread_blocked, id=18691, stack(0x0000700005836000,0x0000700005936000)]
  0x00007f94fc01a000 JavaThread "Finalizer" daemon [_thread_blocked, id=11779, stack(0x00007000056b0000,0x00007000057b0000)]
  0x00007f94fb802800 JavaThread "Reference Handler" daemon [_thread_blocked, id=11267, stack(0x00007000055ad000,0x00007000056ad000)]
  0x00007f94fc000000 JavaThread "main" [_thread_blocked, id=10243, stack(0x0000700004f9b000,0x000070000509b000)]

Other Threads:
  0x00007f94fc014000 VMThread [stack: 0x00007000054aa000,0x00007000055aa000] [id=20995]
  0x00007f94fc01e000 WatcherThread [stack: 0x0000700005d45000,0x0000700005e45000] [id=14595]

=>0x00007f94fb80a800 (exited) GCTaskThread [stack: 0x000070000509e000,0x000070000519e000] [id=7943]

VM state:at safepoint (normal execution)

VM Mutex/Monitor currently owned by a thread:  ([mutex/lock_event])
[0x00007f94fb405270] Threads_lock - owner thread: 0x00007f94fc014000
[0x00007f94fb405770] Heap_lock - owner thread: 0x00007f94ff682800

heap address: 0x0000000740000000, size: 2048 MB, Compressed Oops mode: Zero based, Oop shift amount: 3
Narrow klass base: 0x0000000000000000, Narrow klass shift: 3
Compressed class space size: 1073741824 Address: 0x00000007c0000000

Heap:
 PSYoungGen      total 319488K, used 31321K [0x0000000795580000, 0x00000007acc00000, 0x00000007c0000000)
  eden space 264704K, 0% used [0x0000000795580000,0x0000000795580000,0x00000007a5800000)
  from space 54784K, 57% used [0x00000007a9680000,0x00000007ab516530,0x00000007acc00000)
  to   space 59392K, 0% used [0x00000007a5800000,0x00000007a5800000,0x00000007a9200000)
 ParOldGen       total 156160K, used 70734K [0x0000000740000000, 0x0000000749880000, 0x0000000795580000)
  object space 156160K, 45% used [0x0000000740000000,0x0000000744513980,0x0000000749880000)
 Metaspace       used 93510K, capacity 98506K, committed 98600K, reserved 1134592K
  class space    used 12183K, capacity 13176K, committed 13184K, reserved 1048576K

Card table byte_map: [0x000000010412b000,0x000000010452c000] byte_map_base: 0x000000010072b000

Marking Bits: (ParMarkBitMap*) 0x00000001036273f8
 Begin Bits: [0x00000001047d7000, 0x00000001067d7000)
 End Bits:   [0x00000001067d7000, 0x00000001087d7000)

Polling page: 0x00000001025f8000

CodeCache: size=245760Kb used=42260Kb max_used=42375Kb free=203499Kb
 bounds [0x0000000110025000, 0x00000001129c5000, 0x000000011f025000]
 total_blobs=14299 nmethods=13416 adapters=795
 compilation: enabled

Compilation events (10 events):
Event: 462.655 Thread 0x00007f94fb80f000 16036       3       java.net.URI::getFragment (30 bytes)
Event: 462.655 Thread 0x00007f94fb80f000 nmethod 16036 0x0000000111e6e410 code [0x0000000111e6e580, 0x0000000111e6e7c8]
Event: 462.656 Thread 0x00007f94fb80f000 16037       3       java.io.File::<init> (198 bytes)
Event: 462.660 Thread 0x00007f94fb80f000 nmethod 16037 0x00000001123e1450 code [0x00000001123e17c0, 0x00000001123e35a8]
Event: 462.660 Thread 0x00007f94fc827000 16039       4       java.lang.reflect.Field::<init> (44 bytes)
Event: 462.661 Thread 0x00007f94fb80f000 16038       3       java.io.UnixFileSystem::fromURIPath (33 bytes)
Event: 462.662 Thread 0x00007f94fc827000 nmethod 16039 0x00000001123dfa10 code [0x00000001123dfb60, 0x00000001123dfc18]
Event: 462.662 Thread 0x00007f94fb80f000 nmethod 16038 0x00000001125bbc10 code [0x00000001125bbdc0, 0x00000001125bc3f8]
Event: 462.662 Thread 0x00007f94fb80f000 16040       1       java.io.ObjectStreamClass::access$000 (5 bytes)
Event: 462.662 Thread 0x00007f94fb80f000 nmethod 16040 0x00000001125bb950 code [0x00000001125bbaa0, 0x00000001125bbb90]

GC Heap History (10 events):
Event: 167.031 GC heap after
Heap after GC invocations=17 (full 3):
 PSYoungGen      total 252928K, used 32248K [0x0000000795580000, 0x00000007a8a00000, 0x00000007c0000000)
  eden space 220672K, 0% used [0x0000000795580000,0x0000000795580000,0x00000007a2d00000)
  from space 32256K, 99% used [0x00000007a5480000,0x00000007a73fe0e8,0x00000007a7400000)
  to   space 40448K, 0% used [0x00000007a2d00000,0x00000007a2d00000,0x00000007a5480000)
 ParOldGen       total 156160K, used 49663K [0x0000000740000000, 0x0000000749880000, 0x0000000795580000)
  object space 156160K, 31% used [0x0000000740000000,0x000000074307fcc0,0x0000000749880000)
 Metaspace       used 87888K, capacity 92116K, committed 92416K, reserved 1128448K
  class space    used 11595K, capacity 12452K, committed 12544K, reserved 1048576K
}
Event: 209.948 GC heap before
{Heap before GC invocations=18 (full 3):
 PSYoungGen      total 252928K, used 252920K [0x0000000795580000, 0x00000007a8a00000, 0x00000007c0000000)
  eden space 220672K, 100% used [0x0000000795580000,0x00000007a2d00000,0x00000007a2d00000)
  from space 32256K, 99% used [0x00000007a5480000,0x00000007a73fe0e8,0x00000007a7400000)
  to   space 40448K, 0% used [0x00000007a2d00000,0x00000007a2d00000,0x00000007a5480000)
 ParOldGen       total 156160K, used 49663K [0x0000000740000000, 0x0000000749880000, 0x0000000795580000)
  object space 156160K, 31% used [0x0000000740000000,0x000000074307fcc0,0x0000000749880000)
 Metaspace       used 91877K, capacity 96458K, committed 96512K, reserved 1132544K
  class space    used 12074K, capacity 13006K, committed 13056K, reserved 1048576K
Event: 210.020 GC heap after
Heap after GC invocations=18 (full 3):
 PSYoungGen      total 261120K, used 40443K [0x0000000795580000, 0x00000007ab200000, 0x00000007c0000000)
  eden space 220672K, 0% used [0x0000000795580000,0x0000000795580000,0x00000007a2d00000)
  from space 40448K, 99% used [0x00000007a2d00000,0x00000007a547eec8,0x00000007a5480000)
  to   space 50688K, 0% used [0x00000007a8080000,0x00000007a8080000,0x00000007ab200000)
 ParOldGen       total 156160K, used 60217K [0x0000000740000000, 0x0000000749880000, 0x0000000795580000)
  object space 156160K, 38% used [0x0000000740000000,0x0000000743ace5b0,0x0000000749880000)
 Metaspace       used 91877K, capacity 96458K, committed 96512K, reserved 1132544K
  class space    used 12074K, capacity 13006K, committed 13056K, reserved 1048576K
}
Event: 255.208 GC heap before
{Heap before GC invocations=19 (full 3):
 PSYoungGen      total 261120K, used 261115K [0x0000000795580000, 0x00000007ab200000, 0x00000007c0000000)
  eden space 220672K, 100% used [0x0000000795580000,0x00000007a2d00000,0x00000007a2d00000)
  from space 40448K, 99% used [0x00000007a2d00000,0x00000007a547eec8,0x00000007a5480000)
  to   space 50688K, 0% used [0x00000007a8080000,0x00000007a8080000,0x00000007ab200000)
 ParOldGen       total 156160K, used 60217K [0x0000000740000000, 0x0000000749880000, 0x0000000795580000)
  object space 156160K, 38% used [0x0000000740000000,0x0000000743ace5b0,0x0000000749880000)
 Metaspace       used 92927K, capacity 97756K, committed 97920K, reserved 1134592K
  class space    used 12154K, capacity 13137K, committed 13184K, reserved 1048576K
Event: 255.304 GC heap after
Heap after GC invocations=19 (full 3):
 PSYoungGen      total 300544K, used 40917K [0x0000000795580000, 0x00000007ab580000, 0x00000007c0000000)
  eden space 249856K, 0% used [0x0000000795580000,0x0000000795580000,0x00000007a4980000)
  from space 50688K, 80% used [0x00000007a8080000,0x00000007aa875410,0x00000007ab200000)
  to   space 55296K, 0% used [0x00000007a4980000,0x00000007a4980000,0x00000007a7f80000)
 ParOldGen       total 156160K, used 70718K [0x0000000740000000, 0x0000000749880000, 0x0000000795580000)
  object space 156160K, 45% used [0x0000000740000000,0x000000074450f980,0x0000000749880000)
 Metaspace       used 92927K, capacity 97756K, committed 97920K, reserved 1134592K
  class space    used 12154K, capacity 13137K, committed 13184K, reserved 1048576K
}
Event: 295.616 GC heap before
{Heap before GC invocations=20 (full 3):
 PSYoungGen      total 300544K, used 290773K [0x0000000795580000, 0x00000007ab580000, 0x00000007c0000000)
  eden space 249856K, 100% used [0x0000000795580000,0x00000007a4980000,0x00000007a4980000)
  from space 50688K, 80% used [0x00000007a8080000,0x00000007aa875410,0x00000007ab200000)
  to   space 55296K, 0% used [0x00000007a4980000,0x00000007a4980000,0x00000007a7f80000)
 ParOldGen       total 156160K, used 70718K [0x0000000740000000, 0x0000000749880000, 0x0000000795580000)
  object space 156160K, 45% used [0x0000000740000000,0x000000074450f980,0x0000000749880000)
 Metaspace       used 93301K, capacity 98250K, committed 98432K, reserved 1134592K
  class space    used 12171K, capacity 13162K, committed 13184K, reserved 1048576K
Event: 295.671 GC heap after
Heap after GC invocations=20 (full 3):
 PSYoungGen      total 305152K, used 44661K [0x0000000795580000, 0x00000007ad180000, 0x00000007c0000000)
  eden space 249856K, 0% used [0x0000000795580000,0x0000000795580000,0x00000007a4980000)
  from space 55296K, 80% used [0x00000007a4980000,0x00000007a751d430,0x00000007a7f80000)
  to   space 60416K, 0% used [0x00000007a9680000,0x00000007a9680000,0x00000007ad180000)
 ParOldGen       total 156160K, used 70726K [0x0000000740000000, 0x0000000749880000, 0x0000000795580000)
  object space 156160K, 45% used [0x0000000740000000,0x0000000744511980,0x0000000749880000)
 Metaspace       used 93301K, capacity 98250K, committed 98432K, reserved 1134592K
  class space    used 12171K, capacity 13162K, committed 13184K, reserved 1048576K
}
Event: 462.668 GC heap before
{Heap before GC invocations=21 (full 3):
 PSYoungGen      total 305152K, used 149994K [0x0000000795580000, 0x00000007ad180000, 0x00000007c0000000)
  eden space 249856K, 42% used [0x0000000795580000,0x000000079bc5d4a8,0x00000007a4980000)
  from space 55296K, 80% used [0x00000007a4980000,0x00000007a751d430,0x00000007a7f80000)
  to   space 60416K, 0% used [0x00000007a9680000,0x00000007a9680000,0x00000007ad180000)
 ParOldGen       total 156160K, used 70726K [0x0000000740000000, 0x0000000749880000, 0x0000000795580000)
  object space 156160K, 45% used [0x0000000740000000,0x0000000744511980,0x0000000749880000)
 Metaspace       used 93510K, capacity 98506K, committed 98600K, reserved 1134592K
  class space    used 12183K, capacity 13176K, committed 13184K, reserved 1048576K
Event: 462.710 GC heap after
Heap after GC invocations=21 (full 3):
 PSYoungGen      total 319488K, used 31321K [0x0000000795580000, 0x00000007acc00000, 0x00000007c0000000)
  eden space 264704K, 0% used [0x0000000795580000,0x0000000795580000,0x00000007a5800000)
  from space 54784K, 57% used [0x00000007a9680000,0x00000007ab516530,0x00000007acc00000)
  to   space 59392K, 0% used [0x00000007a5800000,0x00000007a5800000,0x00000007a9200000)
 ParOldGen       total 156160K, used 70734K [0x0000000740000000, 0x0000000749880000, 0x0000000795580000)
  object space 156160K, 45% used [0x0000000740000000,0x0000000744513980,0x0000000749880000)
 Metaspace       used 93510K, capacity 98506K, committed 98600K, reserved 1134592K
  class space    used 12183K, capacity 13176K, committed 13184K, reserved 1048576K
}
Event: 462.710 GC heap before
{Heap before GC invocations=22 (full 4):
 PSYoungGen      total 319488K, used 31321K [0x0000000795580000, 0x00000007acc00000, 0x00000007c0000000)
  eden space 264704K, 0% used [0x0000000795580000,0x0000000795580000,0x00000007a5800000)
  from space 54784K, 57% used [0x00000007a9680000,0x00000007ab516530,0x00000007acc00000)
  to   space 59392K, 0% used [0x00000007a5800000,0x00000007a5800000,0x00000007a9200000)
 ParOldGen       total 156160K, used 70734K [0x0000000740000000, 0x0000000749880000, 0x0000000795580000)
  object space 156160K, 45% used [0x0000000740000000,0x0000000744513980,0x0000000749880000)
 Metaspace       used 93510K, capacity 98506K, committed 98600K, reserved 1134592K
  class space    used 12183K, capacity 13176K, committed 13184K, reserved 1048576K

Deoptimization events (10 events):
Event: 295.188 Thread 0x00007f9501017000 Uncommon trap: reason=unstable_if action=reinterpret pc=0x0000000111819c68 method=com.esotericsoftware.kryo.io.Output.writeVarLong(JZ)I @ 55
Event: 296.147 Thread 0x00007f94fd460000 Uncommon trap: reason=array_check action=maybe_recompile pc=0x0000000110a6a5e4 method=java.util.ComparableTimSort.binarySort([Ljava/lang/Object;III)V @ 193
Event: 296.147 Thread 0x00007f94fd460000 Uncommon trap: reason=array_check action=maybe_recompile pc=0x0000000110a6a5e4 method=java.util.ComparableTimSort.binarySort([Ljava/lang/Object;III)V @ 193
Event: 296.231 Thread 0x00007f94fec4e800 Uncommon trap: reason=array_check action=maybe_recompile pc=0x0000000110a6a5e4 method=java.util.ComparableTimSort.binarySort([Ljava/lang/Object;III)V @ 193
Event: 296.231 Thread 0x00007f94fec4e800 Uncommon trap: reason=array_check action=maybe_recompile pc=0x0000000110cda99c method=java.util.TimSort.binarySort([Ljava/lang/Object;IIILjava/util/Comparator;)V @ 215
Event: 296.236 Thread 0x00007f94ff885800 Uncommon trap: reason=array_check action=maybe_recompile pc=0x0000000110a6a5e4 method=java.util.ComparableTimSort.binarySort([Ljava/lang/Object;III)V @ 193
Event: 296.237 Thread 0x00007f94ff885800 Uncommon trap: reason=array_check action=maybe_recompile pc=0x0000000110cda99c method=java.util.TimSort.binarySort([Ljava/lang/Object;IIILjava/util/Comparator;)V @ 215
Event: 296.251 Thread 0x00007f94fffef800 Uncommon trap: reason=array_check action=maybe_recompile pc=0x0000000110cda99c method=java.util.TimSort.binarySort([Ljava/lang/Object;IIILjava/util/Comparator;)V @ 215
Event: 296.261 Thread 0x00007f94ff86b800 Uncommon trap: reason=array_check action=maybe_recompile pc=0x0000000110cda99c method=java.util.TimSort.binarySort([Ljava/lang/Object;IIILjava/util/Comparator;)V @ 215
Event: 462.635 Thread 0x00007f9502a61000 Uncommon trap: reason=class_check action=maybe_recompile pc=0x0000000111fe62a0 method=java.lang.reflect.Array.newInstance(Ljava/lang/Class;I)Ljava/lang/Object; @ 2

Classes redefined (0 events):
No events

Internal exceptions (10 events):
Event: 296.379 Thread 0x00007f94ff215800 Exception <a 'sun/nio/fs/UnixException'> (0x000000079a109630) thrown at [/Volumes/Android/buildbot/src/googleplex-android/openjdk/out/hotspot/src/share/vm/prims/jni.cpp, line 710]
Event: 296.379 Thread 0x00007f94ff215800 Exception <a 'sun/nio/fs/UnixException'> (0x000000079a10a758) thrown at [/Volumes/Android/buildbot/src/googleplex-android/openjdk/out/hotspot/src/share/vm/prims/jni.cpp, line 710]
Event: 296.518 Thread 0x00007f94ff215800 Exception <a 'sun/nio/fs/UnixException'> (0x000000079ab54558) thrown at [/Volumes/Android/buildbot/src/googleplex-android/openjdk/out/hotspot/src/share/vm/prims/jni.cpp, line 710]
Event: 296.518 Thread 0x00007f94ff215800 Exception <a 'sun/nio/fs/UnixException'> (0x000000079ab556b8) thrown at [/Volumes/Android/buildbot/src/googleplex-android/openjdk/out/hotspot/src/share/vm/prims/jni.cpp, line 710]
Event: 296.520 Thread 0x00007f94fffef800 Exception <a 'sun/nio/fs/UnixException'> (0x000000079ab841b8) thrown at [/Volumes/Android/buildbot/src/googleplex-android/openjdk/out/hotspot/src/share/vm/prims/jni.cpp, line 710]
Event: 390.051 Thread 0x00007f9502cb4800 Exception <a 'java/net/ConnectException'> (0x000000079b84f338) thrown at [/Volumes/Android/buildbot/src/googleplex-android/openjdk/out/hotspot/src/share/vm/prims/jni.cpp, line 710]
Event: 390.066 Thread 0x00007f9502cb4800 Exception <a 'java/net/ConnectException'> (0x000000079b84fc68) thrown at [/Volumes/Android/buildbot/src/googleplex-android/openjdk/out/hotspot/src/share/vm/prims/jni.cpp, line 710]
Event: 390.078 Thread 0x00007f9502cb4800 Exception <a 'java/net/ConnectException'> (0x000000079b850598) thrown at [/Volumes/Android/buildbot/src/googleplex-android/openjdk/out/hotspot/src/share/vm/prims/jni.cpp, line 710]
Event: 462.661 Thread 0x00007f94ff682800 Exception <a 'java/lang/NoSuchMethodError': <clinit>> (0x000000079bb82588) thrown at [/Volumes/Android/buildbot/src/googleplex-android/openjdk/out/hotspot/src/share/vm/prims/jni.cpp, line 1615]
Event: 462.665 Thread 0x00007f94ff682800 Exception <a 'java/lang/NoSuchMethodError': <clinit>> (0x000000079bbf4ed8) thrown at [/Volumes/Android/buildbot/src/googleplex-android/openjdk/out/hotspot/src/share/vm/prims/jni.cpp, line 1615]

Events (10 events):
Event: 462.666 loading class org/gradle/tooling/model/BuildModel done
Event: 462.667 loading class org/jetbrains/plugins/gradle/model/ProjectImportModelProvider$ProjectModelConsumer
Event: 462.667 loading class org/jetbrains/plugins/gradle/model/ProjectImportModelProvider$ProjectModelConsumer done
Event: 462.667 loading class org/gradle/tooling/model/Model
Event: 462.667 loading class org/gradle/tooling/model/Model done
Event: 462.667 loading class com/intellij/openapi/externalSystem/model/ExternalSystemException
Event: 462.667 loading class com/intellij/openapi/externalSystem/model/ExternalSystemException done
Event: 462.668 loading class org/jetbrains/plugins/gradle/model/ProjectImportModelProvider$BuildModelConsumer
Event: 462.668 loading class org/jetbrains/plugins/gradle/model/ProjectImportModelProvider$BuildModelConsumer done
Event: 462.668 Executing VM operation: CollectForMetadataAllocation


Dynamic libraries:
0x00007fff3c2a4000 	/System/Library/Frameworks/Cocoa.framework/Versions/A/Cocoa
0x00007fff488f4000 	/System/Library/Frameworks/Security.framework/Versions/A/Security
0x00007fff3aee2000 	/System/Library/Frameworks/ApplicationServices.framework/Versions/A/ApplicationServices
0x00007fff648b4000 	/usr/lib/libz.1.dylib
0x00007fff62762000 	/usr/lib/libSystem.B.dylib
0x00007fff3ca65000 	/System/Library/Frameworks/CoreFoundation.framework/Versions/A/CoreFoundation
0x00007fff3ebe1000 	/System/Library/Frameworks/Foundation.framework/Versions/C/Foundation
0x00007fff63e9d000 	/usr/lib/libobjc.A.dylib
0x00007fff3a032000 	/System/Library/Frameworks/AppKit.framework/Versions/C/AppKit
0x00007fff3c61c000 	/System/Library/Frameworks/CoreData.framework/Versions/A/CoreData
0x00007fff5c015000 	/System/Library/PrivateFrameworks/RemoteViewServices.framework/Versions/A/RemoteViewServices
0x00007fff60793000 	/System/Library/PrivateFrameworks/UIFoundation.framework/Versions/A/UIFoundation
0x00007fff50e0d000 	/System/Library/PrivateFrameworks/DFRFoundation.framework/Versions/A/DFRFoundation
0x00007fff41252000 	/System/Library/Frameworks/Metal.framework/Versions/A/Metal
0x00007fff50faa000 	/System/Library/PrivateFrameworks/DesktopServicesPriv.framework/Versions/A/DesktopServicesPriv
0x00007fff633ea000 	/usr/lib/libenergytrace.dylib
0x00007fff5e7fd000 	/System/Library/PrivateFrameworks/SkyLight.framework/Versions/A/SkyLight
0x00007fff3cf03000 	/System/Library/Frameworks/CoreGraphics.framework/Versions/A/CoreGraphics
0x00007fff6275d000 	/usr/lib/libScreenReader.dylib
0x00007fff38d44000 	/System/Library/Frameworks/Accelerate.framework/Versions/A/Accelerate
0x00007fff3f35c000 	/System/Library/Frameworks/IOSurface.framework/Versions/A/IOSurface
0x00007fff3b42d000 	/System/Library/Frameworks/AudioToolbox.framework/Versions/A/AudioToolbox
0x00007fff3b6bd000 	/System/Library/Frameworks/AudioUnit.framework/Versions/A/AudioUnit
0x00007fff50ea5000 	/System/Library/PrivateFrameworks/DataDetectorsCore.framework/Versions/A/DataDetectorsCore
0x00007fff3bd97000 	/System/Library/Frameworks/Carbon.framework/Versions/A/Frameworks/HIToolbox.framework/Versions/A/HIToolbox
0x00007fff63544000 	/usr/lib/libicucore.A.dylib
0x00007fff47e6f000 	/System/Library/Frameworks/QuartzCore.framework/Versions/A/QuartzCore
0x00007fff5da9e000 	/System/Library/PrivateFrameworks/SignpostNotification.framework/Versions/A/SignpostNotification
0x00007fff3c17d000 	/System/Library/Frameworks/Carbon.framework/Versions/A/Frameworks/SpeechRecognition.framework/Versions/A/SpeechRecognition
0x00007fff62940000 	/usr/lib/libauto.dylib
0x00007fff647a3000 	/usr/lib/libxml2.2.dylib
0x00007fff50a5d000 	/System/Library/PrivateFrameworks/CoreUI.framework/Versions/A/CoreUI
0x00007fff3c4f8000 	/System/Library/Frameworks/CoreAudio.framework/Versions/A/CoreAudio
0x00007fff3ea1b000 	/System/Library/Frameworks/DiskArbitration.framework/Versions/A/DiskArbitration
0x00007fff637b8000 	/usr/lib/liblangid.dylib
0x00007fff58519000 	/System/Library/PrivateFrameworks/MultitouchSupport.framework/Versions/A/MultitouchSupport
0x00007fff3f2bf000 	/System/Library/Frameworks/IOKit.framework/Versions/A/IOKit
0x00007fff623ec000 	/usr/lib/libDiagnosticMessagesClient.dylib
0x00007fff3dbf8000 	/System/Library/Frameworks/CoreServices.framework/Versions/A/CoreServices
0x00007fff5a051000 	/System/Library/PrivateFrameworks/PerformanceAnalysis.framework/Versions/A/PerformanceAnalysis
0x00007fff4700c000 	/System/Library/Frameworks/OpenGL.framework/Versions/A/OpenGL
0x00007fff3c2b2000 	/System/Library/Frameworks/ColorSync.framework/Versions/A/ColorSync
0x00007fff3d534000 	/System/Library/Frameworks/CoreImage.framework/Versions/A/CoreImage
0x00007fff3e589000 	/System/Library/Frameworks/CoreText.framework/Versions/A/CoreText
0x00007fff3f3ba000 	/System/Library/Frameworks/ImageIO.framework/Versions/A/ImageIO
0x00007fff4d707000 	/System/Library/PrivateFrameworks/Backup.framework/Versions/A/Backup
0x00007fff6280e000 	/usr/lib/libarchive.2.dylib
0x00007fff3b9e0000 	/System/Library/Frameworks/CFNetwork.framework/Versions/A/CFNetwork
0x00007fff49087000 	/System/Library/Frameworks/SystemConfiguration.framework/Versions/A/SystemConfiguration
0x00007fff62315000 	/usr/lib/libCRFSuite.dylib
0x00007fff62a1a000 	/usr/lib/libc++.1.dylib
0x00007fff62a71000 	/usr/lib/libc++abi.dylib
0x00007fff64962000 	/usr/lib/system/libcache.dylib
0x00007fff64967000 	/usr/lib/system/libcommonCrypto.dylib
0x00007fff64972000 	/usr/lib/system/libcompiler_rt.dylib
0x00007fff6497a000 	/usr/lib/system/libcopyfile.dylib
0x00007fff64984000 	/usr/lib/system/libcorecrypto.dylib
0x00007fff64a91000 	/usr/lib/system/libdispatch.dylib
0x00007fff64acb000 	/usr/lib/system/libdyld.dylib
0x00007fff64ae9000 	/usr/lib/system/libkeymgr.dylib
0x00007fff64af7000 	/usr/lib/system/liblaunch.dylib
0x00007fff64af8000 	/usr/lib/system/libmacho.dylib
0x00007fff64afd000 	/usr/lib/system/libquarantine.dylib
0x00007fff64b00000 	/usr/lib/system/libremovefile.dylib
0x00007fff64b02000 	/usr/lib/system/libsystem_asl.dylib
0x00007fff64b1a000 	/usr/lib/system/libsystem_blocks.dylib
0x00007fff64b1b000 	/usr/lib/system/libsystem_c.dylib
0x00007fff64ba5000 	/usr/lib/system/libsystem_configuration.dylib
0x00007fff64ba9000 	/usr/lib/system/libsystem_coreservices.dylib
0x00007fff64bad000 	/usr/lib/system/libsystem_darwin.dylib
0x00007fff64baf000 	/usr/lib/system/libsystem_dnssd.dylib
0x00007fff64bb6000 	/usr/lib/system/libsystem_info.dylib
0x00007fff64c27000 	/usr/lib/system/libsystem_m.dylib
0x00007fff64c73000 	/usr/lib/system/libsystem_malloc.dylib
0x00007fff64c93000 	/usr/lib/system/libsystem_network.dylib
0x00007fff64dc4000 	/usr/lib/system/libsystem_networkextension.dylib
0x00007fff64dcf000 	/usr/lib/system/libsystem_notify.dylib
0x00007fff64ded000 	/usr/lib/system/libsystem_sandbox.dylib
0x00007fff64df1000 	/usr/lib/system/libsystem_secinit.dylib
0x00007fff64c00000 	/usr/lib/system/libsystem_kernel.dylib
0x00007fff64dd9000 	/usr/lib/system/libsystem_platform.dylib
0x00007fff64de1000 	/usr/lib/system/libsystem_pthread.dylib
0x00007fff64df3000 	/usr/lib/system/libsystem_symptoms.dylib
0x00007fff64dfb000 	/usr/lib/system/libsystem_trace.dylib
0x00007fff64e11000 	/usr/lib/system/libunwind.dylib
0x00007fff64e17000 	/usr/lib/system/libxpc.dylib
0x00007fff62228000 	/usr/lib/closure/libclosured.dylib
0x00007fff629fb000 	/usr/lib/libbsm.0.dylib
0x00007fff64aea000 	/usr/lib/system/libkxld.dylib
0x00007fff62626000 	/usr/lib/libOpenScriptingUtil.dylib
0x00007fff62d6a000 	/usr/lib/libcoretls.dylib
0x00007fff62d83000 	/usr/lib/libcoretls_cfhelpers.dylib
0x00007fff642a1000 	/usr/lib/libpam.2.dylib
0x00007fff643cc000 	/usr/lib/libsqlite3.dylib
0x00007fff64792000 	/usr/lib/libxar.1.dylib
0x00007fff62a0c000 	/usr/lib/libbz2.1.0.dylib
0x00007fff637ba000 	/usr/lib/liblzma.5.dylib
0x00007fff63c9b000 	/usr/lib/libnetwork.dylib
0x00007fff627f7000 	/usr/lib/libapple_nghttp2.dylib
0x00007fff642a8000 	/usr/lib/libpcap.A.dylib
0x00007fff62941000 	/usr/lib/libboringssl.dylib
0x00007fff6472d000 	/usr/lib/libusrtcp.dylib
0x00007fff627f6000 	/usr/lib/libapple_crypto.dylib
0x00007fff3df7b000 	/System/Library/Frameworks/CoreServices.framework/Versions/A/Frameworks/FSEvents.framework/Versions/A/FSEvents
0x00007fff3dc6e000 	/System/Library/Frameworks/CoreServices.framework/Versions/A/Frameworks/CarbonCore.framework/Versions/A/CarbonCore
0x00007fff3e143000 	/System/Library/Frameworks/CoreServices.framework/Versions/A/Frameworks/Metadata.framework/Versions/A/Metadata
0x00007fff3e1f4000 	/System/Library/Frameworks/CoreServices.framework/Versions/A/Frameworks/OSServices.framework/Versions/A/OSServices
0x00007fff3e255000 	/System/Library/Frameworks/CoreServices.framework/Versions/A/Frameworks/SearchKit.framework/Versions/A/SearchKit
0x00007fff3dbf9000 	/System/Library/Frameworks/CoreServices.framework/Versions/A/Frameworks/AE.framework/Versions/A/AE
0x00007fff3df84000 	/System/Library/Frameworks/CoreServices.framework/Versions/A/Frameworks/LaunchServices.framework/Versions/A/LaunchServices
0x00007fff3df46000 	/System/Library/Frameworks/CoreServices.framework/Versions/A/Frameworks/DictionaryServices.framework/Versions/A/DictionaryServices
0x00007fff3e2c4000 	/System/Library/Frameworks/CoreServices.framework/Versions/A/Frameworks/SharedFileList.framework/Versions/A/SharedFileList
0x00007fff42488000 	/System/Library/Frameworks/NetFS.framework/Versions/A/NetFS
0x00007fff587aa000 	/System/Library/PrivateFrameworks/NetAuth.framework/Versions/A/NetAuth
0x00007fff620bf000 	/System/Library/PrivateFrameworks/login.framework/Versions/A/Frameworks/loginsupport.framework/Versions/A/loginsupport
0x00007fff60410000 	/System/Library/PrivateFrameworks/TCC.framework/Versions/A/TCC
0x00007fff6389b000 	/usr/lib/libmecabra.dylib
0x00007fff3aee3000 	/System/Library/Frameworks/ApplicationServices.framework/Versions/A/Frameworks/ATS.framework/Versions/A/ATS
0x00007fff3b292000 	/System/Library/Frameworks/ApplicationServices.framework/Versions/A/Frameworks/ColorSyncLegacy.framework/Versions/A/ColorSyncLegacy
0x00007fff3b336000 	/System/Library/Frameworks/ApplicationServices.framework/Versions/A/Frameworks/HIServices.framework/Versions/A/HIServices
0x00007fff3b389000 	/System/Library/Frameworks/ApplicationServices.framework/Versions/A/Frameworks/LangAnalysis.framework/Versions/A/LangAnalysis
0x00007fff3b398000 	/System/Library/Frameworks/ApplicationServices.framework/Versions/A/Frameworks/PrintCore.framework/Versions/A/PrintCore
0x00007fff3b3e5000 	/System/Library/Frameworks/ApplicationServices.framework/Versions/A/Frameworks/QD.framework/Versions/A/QD
0x00007fff3b420000 	/System/Library/Frameworks/ApplicationServices.framework/Versions/A/Frameworks/SpeechSynthesis.framework/Versions/A/SpeechSynthesis
0x00007fff3c981000 	/System/Library/Frameworks/CoreDisplay.framework/Versions/A/CoreDisplay
0x00007fff38d5d000 	/System/Library/Frameworks/Accelerate.framework/Versions/A/Frameworks/vImage.framework/Versions/A/vImage
0x00007fff39d3e000 	/System/Library/Frameworks/Accelerate.framework/Versions/A/Frameworks/vecLib.framework/Versions/A/vecLib
0x00007fff39b13000 	/System/Library/Frameworks/Accelerate.framework/Versions/A/Frameworks/vecLib.framework/Versions/A/libvDSP.dylib
0x00007fff3964d000 	/System/Library/Frameworks/Accelerate.framework/Versions/A/Frameworks/vecLib.framework/Versions/A/libBNNS.dylib
0x00007fff39a79000 	/System/Library/Frameworks/Accelerate.framework/Versions/A/Frameworks/vecLib.framework/Versions/A/libQuadrature.dylib
0x00007fff39c87000 	/System/Library/Frameworks/Accelerate.framework/Versions/A/Frameworks/vecLib.framework/Versions/A/libvMisc.dylib
0x00007fff39688000 	/System/Library/Frameworks/Accelerate.framework/Versions/A/Frameworks/vecLib.framework/Versions/A/libLAPACK.dylib
0x00007fff394ac000 	/System/Library/Frameworks/Accelerate.framework/Versions/A/Frameworks/vecLib.framework/Versions/A/libBLAS.dylib
0x00007fff39a62000 	/System/Library/Frameworks/Accelerate.framework/Versions/A/Frameworks/vecLib.framework/Versions/A/libLinearAlgebra.dylib
0x00007fff39a7f000 	/System/Library/Frameworks/Accelerate.framework/Versions/A/Frameworks/vecLib.framework/Versions/A/libSparse.dylib
0x00007fff39b00000 	/System/Library/Frameworks/Accelerate.framework/Versions/A/Frameworks/vecLib.framework/Versions/A/libSparseBLAS.dylib
0x00007fff555e4000 	/System/Library/PrivateFrameworks/GPUWrangler.framework/Versions/A/GPUWrangler
0x00007fff56d78000 	/System/Library/PrivateFrameworks/IOAccelerator.framework/Versions/A/IOAccelerator
0x00007fff56d83000 	/System/Library/PrivateFrameworks/IOPresentment.framework/Versions/A/IOPresentment
0x00007fff50e1f000 	/System/Library/PrivateFrameworks/DSExternalDisplay.framework/Versions/A/DSExternalDisplay
0x00007fff4648b000 	/System/Library/Frameworks/OpenGL.framework/Versions/A/Libraries/libCoreFSCache.dylib
0x00007fff3e6da000 	/System/Library/Frameworks/CoreVideo.framework/Versions/A/CoreVideo
0x00007fff5635f000 	/System/Library/PrivateFrameworks/GraphVisualizer.framework/Versions/A/GraphVisualizer
0x00007fff41489000 	/System/Library/Frameworks/MetalPerformanceShaders.framework/Versions/A/MetalPerformanceShaders
0x00007fff62424000 	/usr/lib/libFosl_dynamic.dylib
0x00007fff51eee000 	/System/Library/PrivateFrameworks/FaceCore.framework/Versions/A/FaceCore
0x00007fff45286000 	/System/Library/Frameworks/OpenCL.framework/Versions/A/OpenCL
0x00007fff62aa8000 	/usr/lib/libcompression.dylib
0x00007fff3afe2000 	/System/Library/Frameworks/ApplicationServices.framework/Versions/A/Frameworks/ATS.framework/Versions/A/Resources/libFontParser.dylib
0x00007fff3b105000 	/System/Library/Frameworks/ApplicationServices.framework/Versions/A/Frameworks/ATS.framework/Versions/A/Resources/libFontRegistry.dylib
0x00007fff3f626000 	/System/Library/Frameworks/ImageIO.framework/Versions/A/Resources/libJPEG.dylib
0x00007fff3f950000 	/System/Library/Frameworks/ImageIO.framework/Versions/A/Resources/libTIFF.dylib
0x00007fff3f926000 	/System/Library/Frameworks/ImageIO.framework/Versions/A/Resources/libPng.dylib
0x00007fff3f539000 	/System/Library/Frameworks/ImageIO.framework/Versions/A/Resources/libGIF.dylib
0x00007fff3f53e000 	/System/Library/Frameworks/ImageIO.framework/Versions/A/Resources/libJP2.dylib
0x00007fff3f94d000 	/System/Library/Frameworks/ImageIO.framework/Versions/A/Resources/libRadiance.dylib
0x00007fff4ce31000 	/System/Library/PrivateFrameworks/AppleJPEG.framework/Versions/A/AppleJPEG
0x00007fff412f0000 	/System/Library/Frameworks/MetalPerformanceShaders.framework/Frameworks/MPSCore.framework/Versions/A/MPSCore
0x00007fff4130c000 	/System/Library/Frameworks/MetalPerformanceShaders.framework/Frameworks/MPSImage.framework/Versions/A/MPSImage
0x00007fff413a1000 	/System/Library/Frameworks/MetalPerformanceShaders.framework/Frameworks/MPSNeuralNetwork.framework/Versions/A/MPSNeuralNetwork
0x00007fff4137c000 	/System/Library/Frameworks/MetalPerformanceShaders.framework/Frameworks/MPSMatrix.framework/Versions/A/MPSMatrix
0x00007fff5827b000 	/System/Library/PrivateFrameworks/MetalTools.framework/Versions/A/MetalTools
0x00007fff46656000 	/System/Library/Frameworks/OpenGL.framework/Versions/A/Libraries/libGLU.dylib
0x00007fff46496000 	/System/Library/Frameworks/OpenGL.framework/Versions/A/Libraries/libGFXShared.dylib
0x00007fff464a0000 	/System/Library/Frameworks/OpenGL.framework/Versions/A/Libraries/libGL.dylib
0x00007fff464ac000 	/System/Library/Frameworks/OpenGL.framework/Versions/A/Libraries/libGLImage.dylib
0x00007fff46488000 	/System/Library/Frameworks/OpenGL.framework/Versions/A/Libraries/libCVMSPluginSupport.dylib
0x00007fff46491000 	/System/Library/Frameworks/OpenGL.framework/Versions/A/Libraries/libCoreVMClient.dylib
0x00007fff63255000 	/usr/lib/libcups.2.dylib
0x00007fff40857000 	/System/Library/Frameworks/Kerberos.framework/Versions/A/Kerberos
0x00007fff3f019000 	/System/Library/Frameworks/GSS.framework/Versions/A/GSS
0x00007fff6435f000 	/usr/lib/libresolv.9.dylib
0x00007fff63452000 	/usr/lib/libiconv.2.dylib
0x00007fff563f1000 	/System/Library/PrivateFrameworks/Heimdal.framework/Versions/A/Heimdal
0x00007fff63421000 	/usr/lib/libheimdal-asn1.dylib
0x00007fff452fe000 	/System/Library/Frameworks/OpenDirectory.framework/Versions/A/OpenDirectory
0x00007fff4f14a000 	/System/Library/PrivateFrameworks/CommonAuth.framework/Versions/A/CommonAuth
0x00007fff452e1000 	/System/Library/Frameworks/OpenDirectory.framework/Versions/A/Frameworks/CFOpenDirectory.framework/Versions/A/CFOpenDirectory
0x00007fff48c20000 	/System/Library/Frameworks/SecurityFoundation.framework/Versions/A/SecurityFoundation
0x00007fff4bff4000 	/System/Library/PrivateFrameworks/APFS.framework/Versions/A/APFS
0x00007fff6478e000 	/usr/lib/libutil.dylib
0x00007fff4ceb4000 	/System/Library/PrivateFrameworks/AppleSauce.framework/Versions/A/AppleSauce
0x00007fff57560000 	/System/Library/PrivateFrameworks/LinguisticData.framework/Versions/A/LinguisticData
0x00007fff637d4000 	/usr/lib/libmarisa.dylib
0x00007fff5751a000 	/System/Library/PrivateFrameworks/Lexicon.framework/Versions/A/Lexicon
0x00007fff6234f000 	/usr/lib/libChineseTokenizer.dylib
0x00007fff62a97000 	/usr/lib/libcmph.dylib
0x00007fff57424000 	/System/Library/PrivateFrameworks/LanguageModeling.framework/Versions/A/LanguageModeling
0x00007fff4fc67000 	/System/Library/PrivateFrameworks/CoreEmoji.framework/Versions/A/CoreEmoji
0x00007fff48cde000 	/System/Library/Frameworks/ServiceManagement.framework/Versions/A/ServiceManagement
0x00007fff4d6ff000 	/System/Library/PrivateFrameworks/BackgroundTaskManagement.framework/Versions/A/BackgroundTaskManagement
0x00007fff6488b000 	/usr/lib/libxslt.1.dylib
0x00007fff3c0a7000 	/System/Library/Frameworks/Carbon.framework/Versions/A/Frameworks/Ink.framework/Versions/A/Ink
0x00007fff60625000 	/System/Library/PrivateFrameworks/TextureIO.framework/Versions/A/TextureIO
0x00007fff62839000 	/usr/lib/libate.dylib
0x00007fff50d7e000 	/System/Library/PrivateFrameworks/CrashReporterSupport.framework/Versions/A/CrashReporterSupport
0x00007fff5d95e000 	/System/Library/PrivateFrameworks/Sharing.framework/Versions/A/Sharing
0x00007fff57165000 	/System/Library/PrivateFrameworks/IconServices.framework/Versions/A/IconServices
0x00007fff4d32f000 	/System/Library/PrivateFrameworks/AuthKit.framework/Versions/A/AuthKit
0x00007fff4ccb4000 	/System/Library/PrivateFrameworks/Apple80211.framework/Versions/A/Apple80211
0x00007fff50b93000 	/System/Library/PrivateFrameworks/CoreUtils.framework/Versions/A/CoreUtils
0x00007fff3e715000 	/System/Library/Frameworks/CoreWLAN.framework/Versions/A/CoreWLAN
0x00007fff3f15b000 	/System/Library/Frameworks/IOBluetooth.framework/Versions/A/IOBluetooth
0x00007fff5be20000 	/System/Library/PrivateFrameworks/ProtocolBuffer.framework/Versions/A/ProtocolBuffer
0x00007fff58474000 	/System/Library/PrivateFrameworks/MobileKeyBag.framework/Versions/A/MobileKeyBag
0x00007fff5040b000 	/System/Library/PrivateFrameworks/CorePhoneNumbers.framework/Versions/A/CorePhoneNumbers
0x00007fff4cdec000 	/System/Library/PrivateFrameworks/AppleIDAuthSupport.framework/Versions/A/AppleIDAuthSupport
0x00007fff57410000 	/System/Library/PrivateFrameworks/KeychainCircle.framework/Versions/A/KeychainCircle
0x00007fff50d19000 	/System/Library/PrivateFrameworks/CoreWiFi.framework/Versions/A/CoreWiFi
0x00007fff3c5f2000 	/System/Library/Frameworks/CoreBluetooth.framework/Versions/A/CoreBluetooth
0x00007fff50f69000 	/System/Library/PrivateFrameworks/DebugSymbols.framework/Versions/A/DebugSymbols
0x00007fff50949000 	/System/Library/PrivateFrameworks/CoreSymbolication.framework/Versions/A/CoreSymbolication
0x00007fff5fe16000 	/System/Library/PrivateFrameworks/Symbolication.framework/Versions/A/Symbolication
0x00007fff4ccde000 	/System/Library/PrivateFrameworks/AppleFSCompression.framework/Versions/A/AppleFSCompression
0x00007fff5f263000 	/System/Library/PrivateFrameworks/SpeechRecognitionCore.framework/Versions/A/SpeechRecognitionCore
0x0000000102e00000 	/Applications/Android Studio.app/Contents/jre/jdk/Contents/Home/jre/lib/server/libjvm.dylib
0x00007fff6465b000 	/usr/lib/libstdc++.6.0.9.dylib
0x0000000103cb8000 	/Applications/Android Studio.app/Contents/jre/jdk/Contents/Home/jre/lib/libverify.dylib
0x0000000103cca000 	/Applications/Android Studio.app/Contents/jre/jdk/Contents/Home/jre/lib/libjava.dylib
0x0000000103d5c000 	/Applications/Android Studio.app/Contents/jre/jdk/Contents/Home/jre/lib/libzip.dylib
0x000000010a6da000 	/Applications/Android Studio.app/Contents/jre/jdk/Contents/Home/jre/lib/libnio.dylib
0x000000010a6f5000 	/Applications/Android Studio.app/Contents/jre/jdk/Contents/Home/jre/lib/./libnet.dylib
0x000000010afde000 	/Users/DREMO/.gradle/native/31/osx-amd64/libnative-platform.dylib
0x000000010b30b000 	/Applications/Android Studio.app/Contents/jre/jdk/Contents/Home/jre/lib/libmanagement.dylib
0x000000010ad1d000 	/private/var/folders/x3/1y1y0hld7278pf2q_l8lm__80000gn/T/native-platform7508677439301778542dir/libnative-platform.dylib

VM Arguments:
jvm_args: -Xmx2048m -Dfile.encoding=UTF-8 -Duser.country=US -Duser.language=en -Duser.variant 
java_command: org.gradle.launcher.daemon.bootstrap.GradleDaemon 6.1.1
java_class_path (initial): /Users/DREMO/.gradle/wrapper/dists/gradle-6.1.1-all/cfmwm155h49vnt3hynmlrsdst/gradle-6.1.1/lib/gradle-launcher-6.1.1.jar
Launcher Type: SUN_STANDARD

Environment Variables:
PATH=/Users/DREMO/Documents/flutter/bin:/usr/bin:/bin:/usr/sbin:/sbin:/usr/local/bin:/Applications/VMware Fusion.app/Contents/Public
SHELL=/bin/bash

Signal Handlers:
SIGSEGV: [libjvm.dylib+0x565c43], sa_mask[0]=11111111011111110111111111111111, sa_flags=SA_ONSTACK|SA_RESTART|SA_SIGINFO
SIGBUS: [libjvm.dylib+0x565c43], sa_mask[0]=11111111011111110111111111111111, sa_flags=SA_RESTART|SA_SIGINFO
SIGFPE: [libjvm.dylib+0x45dd9d], sa_mask[0]=11111111011111110111111111111111, sa_flags=SA_RESTART|SA_SIGINFO
SIGPIPE: [libjvm.dylib+0x45dd9d], sa_mask[0]=11111111011111110111111111111111, sa_flags=SA_RESTART|SA_SIGINFO
SIGXFSZ: [libjvm.dylib+0x45dd9d], sa_mask[0]=11111111011111110111111111111111, sa_flags=SA_RESTART|SA_SIGINFO
SIGILL: [libjvm.dylib+0x45dd9d], sa_mask[0]=11111111011111110111111111111111, sa_flags=SA_RESTART|SA_SIGINFO
SIGUSR1: SIG_DFL, sa_mask[0]=00000000000000000000000000000000, sa_flags=none
SIGUSR2: [libjvm.dylib+0x45e69c], sa_mask[0]=00100000000000000000000000000000, sa_flags=SA_RESTART|SA_SIGINFO
SIGHUP: [libjvm.dylib+0x45c8c1], sa_mask[0]=11111111011111110111111111111111, sa_flags=SA_RESTART|SA_SIGINFO
SIGINT: [libjvm.dylib+0x45c8c1], sa_mask[0]=11111111011111110111111111111111, sa_flags=SA_RESTART|SA_SIGINFO
SIGTERM: [libjvm.dylib+0x45c8c1], sa_mask[0]=11111111011111110111111111111111, sa_flags=SA_RESTART|SA_SIGINFO
SIGQUIT: [libjvm.dylib+0x45c8c1], sa_mask[0]=11111111011111110111111111111111, sa_flags=SA_RESTART|SA_SIGINFO


---------------  S Y S T E M  ---------------

OS:Bsduname:Darwin 17.7.0 Darwin Kernel Version 17.7.0: Wed May 27 17:00:02 PDT 2020; root:xnu-4570.71.80.1~1/RELEASE_X86_64 x86_64
rlimit: STACK 8192k, CORE 0k, NPROC 709, NOFILE 10240, AS infinity
load average:4.01 4.42 4.26

CPU:total 4 (initial active 4) (2 cores per cpu, 2 threads per core) family 6 model 42 stepping 7, cmov, cx8, fxsr, mmx, sse, sse2, sse3, ssse3, sse4.1, sse4.2, popcnt, avx, aes, clmul, ht, tsc, tscinvbit

Memory: 4k page, physical 8388608k(736252k free)

/proc/meminfo:


vm_info: OpenJDK 64-Bit Server VM (25.242-b3-6222593) for bsd-amd64 JRE (1.8.0_242-release-1644-b3-6222593), built by "android-build" with gcc 4.2.1 Compatible Android (5484270 based on r353983c) Clang 9.0.3 (https://android.googlesource.com/toolchain/clang 745b335211bb9eadfa6aa6301f84715cee4b37c5) (https://android.googlesource.com/toolchain/llvm 60cf23e54e46c807513f7a36d0a7b777920b5881)

time: Tue Jun 30 02:00:05 2020
timezone: CST
elapsed time: 462 seconds (0d 0h 7m 42s)

